[[0;33m*[0m] Mon Sep 30 22:55:10 CEST 2024 - EMBA main container emba_emba_run_464c39b9e120 monitoring through [0;33mdocker logs emba_emba_run_464c39b9e120 -f[0m.
[[0;33m*[0m] Mon Sep 30 22:55:10 CEST 2024 - EMBA quest container emba_emba_quest_run_8e563d4ad383 monitoring through [0;33mdocker logs emba_emba_quest_run_8e563d4ad383 -f[0m.
[[0;35m![0m][0;35m Mon Sep 30 22:55:15 CEST 2024 - Pre-checking phase started on Mon Sep 30 22:55:15 CEST 2024
    [0mFirmware binary path: /firmware[0m
[[0;33m*[0m] Mon Sep 30 22:55:15 CEST 2024 - P02_firmware_bin_file_check starting
[[0;33m*[0m] Mon Sep 30 22:55:15 CEST 2024 - Quest container finished
[[0;33m*[0m] Mon Sep 30 22:55:18 CEST 2024 - P02_firmware_bin_file_check finished
[[0;33m*[0m] Mon Sep 30 22:55:18 CEST 2024 - P40_dji_extractor starting
[[0;33m*[0m] Mon Sep 30 22:55:19 CEST 2024 - P40_DJI_extractor finished
[[0;33m*[0m] Mon Sep 30 22:55:19 CEST 2024 - P55_unblob_extractor starting
[[0;33m*[0m] Mon Sep 30 22:56:18 CEST 2024 - P55_unblob_extractor finished
[[0;33m*[0m] Mon Sep 30 22:56:19 CEST 2024 - P60_deep_extractor starting
[[0;33m*[0m] Mon Sep 30 22:56:19 CEST 2024 - P60_deep_extractor finished
[[0;33m*[0m] Mon Sep 30 22:56:19 CEST 2024 - P61_binwalk_extractor starting
[[0;33m*[0m] Mon Sep 30 22:56:19 CEST 2024 - P61_binwalk_extractor finished
[[0;33m*[0m] Mon Sep 30 22:56:19 CEST 2024 - P65_package_extractor starting
[[0;33m*[0m] Mon Sep 30 22:56:20 CEST 2024 - P65_package_extractor finished
[[0;33m*[0m] Mon Sep 30 22:56:20 CEST 2024 - P99_prepare_analyzer starting
[[0;33m*[0m] Mon Sep 30 22:56:57 CEST 2024 - P99_prepare_analyzer finished
[[0;35m![0m][0;35m Mon Sep 30 22:56:58 CEST 2024 - Pre-checking phase ended on Mon Sep 30 22:56:58 CEST 2024 and took about 0 days and 00:01:48 
[0m
[[0;35m![0m][0;35m Mon Sep 30 22:56:58 CEST 2024 - Testing phase started on Mon Sep 30 22:56:58 CEST 2024
    [0mFirmware path: /logs/firmware[0m
[[0;33m*[0m] Mon Sep 30 22:56:59 CEST 2024 - S26_kernel_vuln_verifier starting
[[0;33m*[0m] Mon Sep 30 22:56:59 CEST 2024 - S24_kernel_bin_identifier starting
[[0;33m*[0m] Mon Sep 30 22:56:59 CEST 2024 - S12_binary_protection starting
[[0;33m*[0m] Mon Sep 30 22:56:59 CEST 2024 - S09_firmware_base_version_check starting
[[0;33m*[0m] Mon Sep 30 22:58:17 CEST 2024 - S24_kernel_bin_identifier finished
[[0;33m*[0m] Mon Sep 30 22:58:18 CEST 2024 - S02_uefi_fwhunt starting
[[0;33m*[0m] Mon Sep 30 22:58:18 CEST 2024 - S26_kernel_vuln_verifier finished
[[0;33m*[0m] Mon Sep 30 22:58:19 CEST 2024 - S03_firmware_bin_base_analyzer starting
[[0;33m*[0m] Mon Sep 30 22:58:20 CEST 2024 - S02_UEFI_FwHunt finished
[[0;33m*[0m] Mon Sep 30 22:58:21 CEST 2024 - S05_firmware_details starting
[[0;33m*[0m] Mon Sep 30 22:58:36 CEST 2024 - S05_firmware_details finished
[[0;33m*[0m] Mon Sep 30 22:58:38 CEST 2024 - S06_distribution_identification starting
[[0;33m*[0m] Mon Sep 30 22:58:47 CEST 2024 - S06_distribution_identification finished
[[0;33m*[0m] Mon Sep 30 22:58:49 CEST 2024 - S07_bootloader_check starting
[[0;33m*[0m] Mon Sep 30 22:59:04 CEST 2024 - S03_firmware_bin_base_analyzer finished
[[0;33m*[0m] Mon Sep 30 22:59:05 CEST 2024 - S08_package_mgmt_extractor starting
[[0;33m*[0m] Mon Sep 30 22:59:07 CEST 2024 - S08_package_mgmt_extractor finished
[[0;33m*[0m] Mon Sep 30 22:59:08 CEST 2024 - S10_binaries_basic_check not executed - blacklist triggered 
[[0;33m*[0m] Mon Sep 30 22:59:09 CEST 2024 - S13_weak_func_check starting
[[0;33m*[0m] Mon Sep 30 22:59:26 CEST 2024 - S07_bootloader_check finished
[[0;33m*[0m] Mon Sep 30 22:59:27 CEST 2024 - S14_weak_func_radare_check starting
[[0;33m*[0m] Mon Sep 30 23:07:52 CEST 2024 - S12_binary_protection finished
[[0;33m*[0m] Mon Sep 30 23:07:53 CEST 2024 - S15_radare_decompile_checks not executed - blacklist triggered 
[[0;33m*[0m] Mon Sep 30 23:07:53 CEST 2024 - S16_ghidra_decompile_checks starting
[[0;33m*[0m] Mon Sep 30 23:19:29 CEST 2024 - S13_weak_func_check finished
[[0;33m*[0m] Mon Sep 30 23:19:30 CEST 2024 - S17_cwe_checker starting
[[0;33m*[0m] Mon Sep 30 23:26:15 CEST 2024 - S14_weak_func_radare_check finished
[[0;33m*[0m] Mon Sep 30 23:26:16 CEST 2024 - S18_capa_checker starting
[[0;33m*[0m] Mon Sep 30 23:35:07 CEST 2024 - S18_capa_checker finished
[[0;33m*[0m] Mon Sep 30 23:35:09 CEST 2024 - S19_apk_check starting
[[0;33m*[0m] Mon Sep 30 23:35:11 CEST 2024 - S19_apk_check finished
[[0;33m*[0m] Mon Sep 30 23:35:13 CEST 2024 - S20_shell_check starting
[[0;33m*[0m] Mon Sep 30 23:38:16 CEST 2024 - S20_shell_check finished
[[0;33m*[0m] Mon Sep 30 23:38:17 CEST 2024 - S21_python_check starting
[[0;33m*[0m] Mon Sep 30 23:38:21 CEST 2024 - S21_python_check finished
[[0;33m*[0m] Mon Sep 30 23:38:23 CEST 2024 - S22_php_check starting
[[0;33m*[0m] Mon Sep 30 23:39:26 CEST 2024 - S22_php_check finished
[[0;33m*[0m] Mon Sep 30 23:39:27 CEST 2024 - S23_lua_check starting
[[0;33m*[0m] Mon Sep 30 23:39:54 CEST 2024 - S23_lua_check finished
[[0;33m*[0m] Mon Sep 30 23:39:55 CEST 2024 - S25_kernel_check starting
[[0;33m*[0m] Mon Sep 30 23:41:38 CEST 2024 - S25_kernel_check finished
[[0;33m*[0m] Mon Sep 30 23:41:40 CEST 2024 - S27_perl_check starting
[[0;33m*[0m] Mon Sep 30 23:42:07 CEST 2024 - S27_perl_check finished
[[0;33m*[0m] Mon Sep 30 23:42:09 CEST 2024 - S35_http_file_check starting
[[0;33m*[0m] Mon Sep 30 23:48:45 CEST 2024 - S35_http_file_check finished
[[0;33m*[0m] Mon Sep 30 23:48:46 CEST 2024 - S36_lighttpd starting
[[0;33m*[0m] Mon Sep 30 23:48:50 CEST 2024 - S36_lighttpd finished
[[0;33m*[0m] Mon Sep 30 23:48:51 CEST 2024 - S40_weak_perm_check starting
[[0;33m*[0m] Mon Sep 30 23:49:01 CEST 2024 - S40_weak_perm_check finished
[[0;33m*[0m] Mon Sep 30 23:49:02 CEST 2024 - S45_pass_file_check starting
[[0;33m*[0m] Mon Sep 30 23:49:13 CEST 2024 - S45_pass_file_check finished
[[0;33m*[0m] Mon Sep 30 23:49:15 CEST 2024 - S50_authentication_check starting
[[0;33m*[0m] Mon Sep 30 23:49:48 CEST 2024 - S50_authentication_check finished
[[0;33m*[0m] Mon Sep 30 23:49:49 CEST 2024 - S55_history_file_check starting
[[0;33m*[0m] Mon Sep 30 23:49:53 CEST 2024 - S55_history_file_check finished
[[0;33m*[0m] Mon Sep 30 23:49:54 CEST 2024 - S60_cert_file_check starting
[[0;33m*[0m] Mon Sep 30 23:54:10 CEST 2024 - S17_cwe_checker finished
[[0;33m*[0m] Mon Sep 30 23:54:12 CEST 2024 - S65_config_file_check starting
[[0;33m*[0m] Mon Sep 30 23:54:31 CEST 2024 - S65_config_file_check finished
[[0;33m*[0m] Mon Sep 30 23:54:32 CEST 2024 - S75_network_check starting
[[0;33m*[0m] Mon Sep 30 23:54:38 CEST 2024 - S75_network_check finished
[[0;33m*[0m] Mon Sep 30 23:54:39 CEST 2024 - S80_cronjob_check starting
[[0;33m*[0m] Mon Sep 30 23:54:42 CEST 2024 - S80_cronjob_check finished
[[0;33m*[0m] Mon Sep 30 23:54:44 CEST 2024 - S85_ssh_check starting
[[0;33m*[0m] Mon Sep 30 23:54:50 CEST 2024 - S85_ssh_check finished
[[0;33m*[0m] Mon Sep 30 23:54:52 CEST 2024 - S90_mail_check starting
[[0;33m*[0m] Mon Sep 30 23:54:55 CEST 2024 - S90_mail_check finished
[[0;33m*[0m] Mon Sep 30 23:54:56 CEST 2024 - S95_interesting_files_check starting
[[0;33m*[0m] Mon Sep 30 23:55:10 CEST 2024 - S95_interesting_files_check finished
[[0;33m*[0m] Mon Sep 30 23:55:12 CEST 2024 - S99_grepit not executed - blacklist triggered 
[[0;33m*[0m] Mon Sep 30 23:55:13 CEST 2024 - S100_command_inj_check starting
[[0;33m*[0m] Mon Sep 30 23:56:30 CEST 2024 - S60_cert_file_check finished
[[0;33m*[0m] Mon Sep 30 23:56:31 CEST 2024 - S106_deep_key_search starting
[[0;33m*[0m] Mon Sep 30 23:56:35 CEST 2024 - S106_deep_key_search finished
[[0;33m*[0m] Mon Sep 30 23:56:36 CEST 2024 - S107_deep_password_search starting
[[0;33m*[0m] Mon Sep 30 23:57:04 CEST 2024 - S107_deep_password_search finished
[[0;33m*[0m] Mon Sep 30 23:57:05 CEST 2024 - S108_stacs_password_search starting
[[0;33m*[0m] Mon Sep 30 23:57:23 CEST 2024 - S108_stacs_password_search finished
[[0;33m*[0m] Mon Sep 30 23:57:24 CEST 2024 - S109_jtr_local_pw_cracking starting
[[0;33m*[0m] Mon Sep 30 23:57:28 CEST 2024 - S109_jtr_local_pw_cracking finished
[[0;33m*[0m] Mon Sep 30 23:57:28 CEST 2024 - S110_yara_check not executed - blacklist triggered 
[[0;33m*[0m] Mon Sep 30 23:57:29 CEST 2024 - S115_usermode_emulator starting
[[0;33m*[0m] Mon Sep 30 23:59:40 CEST 2024 - S100_command_inj_check finished
[[0;33m*[0m] Mon Sep 30 23:59:41 CEST 2024 - S116_qemu_version_detection starting
[[0;33m*[0m] Tue Oct  1 00:17:51 CEST 2024 - S115_usermode_emulator finished
[[0;33m*[0m] Tue Oct  1 00:17:52 CEST 2024 - S118_busybox_verifier starting
[[0;33m*[0m] Tue Oct  1 00:18:59 CEST 2024 - S16_ghidra_decompile_checks finished
[[0;33m*[0m] Tue Oct  1 00:21:11 CEST 2024 - S116_qemu_version_detection finished
[[0;33m*[0m] Tue Oct  1 00:37:43 CEST 2024 - S09_firmware_base_version_check finished
[[0;33m*[0m] Tue Oct  1 00:39:41 CEST 2024 - S118_busybox_verifier finished
[[0;35m![0m][0;35m Tue Oct  1 00:39:41 CEST 2024 - Testing phase ended on Tue Oct  1 00:39:41 CEST 2024 and took about 0 days and 01:44:31 
[0m
[[0;35m![0m][0;35m Tue Oct  1 00:39:41 CEST 2024 - Reporting phase started on Tue Oct  1 00:39:41 CEST 2024
[0m
[[0;33m*[0m] Tue Oct  1 00:39:41 CEST 2024 - F02_toolchain starting
[[0;33m*[0m] Tue Oct  1 00:39:44 CEST 2024 - F02_toolchain finished
[[0;33m*[0m] Tue Oct  1 00:39:44 CEST 2024 - F05_qs_resolver starting
[[0;33m*[0m] Tue Oct  1 00:39:55 CEST 2024 - F05_qs_resolver finished
[[0;33m*[0m] Tue Oct  1 00:39:55 CEST 2024 - F10_license_summary starting
[[0;33m*[0m] Tue Oct  1 00:40:00 CEST 2024 - F10_license_summary finished
[[0;33m*[0m] Tue Oct  1 00:40:00 CEST 2024 - F20_vul_aggregator starting
[[0;33m*[0m] Tue Oct  1 00:40:00 CEST 2024 - F20_vul_aggregator finished
[[0;33m*[0m] Tue Oct  1 00:40:00 CEST 2024 - F21_cyclonedx_sbom starting
[[0;33m*[0m] Tue Oct  1 00:40:00 CEST 2024 - F21_cyclonedx_sbom finished
[[0;33m*[0m] Tue Oct  1 00:40:01 CEST 2024 - F50_base_aggregator starting
[[0;33m*[0m] Tue Oct  1 00:40:03 CEST 2024 - F50_base_aggregator finished
[[0;35m![0m][0;35m Tue Oct  1 00:40:05 CEST 2024 - Test ended on Tue Oct  1 00:40:05 CEST 2024 and took about 0 days and 01:44:55 
[0m
[[0;33m*[0m] Tue Oct  1 00:40:08 CEST 2024 - Access the web-report with [0;33mfirefox /home/kali/log/html-report/index.html[0m
[[0;35m![0m][0;35m Tue Oct  1 00:40:08 CEST 2024 - Test ended on Tue Oct  1 00:40:08 CEST 2024 and took about 0 days and 01:45:05 
[0m
