[
  {
    "name": "CWE134",
    "version": "0.1",
    "addresses": [
      "00400b48"
    ],
    "tids": [
      "instr_00400b48_6"
    ],
    "symbols": [
      "sprintf"
    ],
    "other": [],
    "description": "(Externally Controlled Format String) Potential externally controlled format string for call to sprintf at 00400b48"
  },
  {
    "name": "CWE252",
    "version": "0.1",
    "addresses": [
      "00400b5c",
      "00400b68"
    ],
    "tids": [
      "instr_00400b5c_6",
      "instr_00400b68_3"
    ],
    "symbols": [
      "system"
    ],
    "other": [
      [
        "reason=empty_state"
      ]
    ],
    "description": "(Unchecked Return Value) There is no check of the return value of 00400b5c (system)."
  },
  {
    "name": "CWE476",
    "version": "0.2",
    "addresses": [
      "00400b6c"
    ],
    "tids": [
      "instr_00400b6c_3"
    ],
    "symbols": [],
    "other": [],
    "description": "(NULL Pointer Dereference) Memory access at 00400b6c may result in a NULL dereference"
  },
  {
    "name": "CWE476",
    "version": "0.2",
    "addresses": [
      "00400b9c"
    ],
    "tids": [
      "instr_00400b9c_3"
    ],
    "symbols": [],
    "other": [],
    "description": "(NULL Pointer Dereference) Memory access at 00400b9c may result in a NULL dereference"
  },
  {
    "name": "CWE676",
    "version": "0.1",
    "addresses": [
      "00400948"
    ],
    "tids": [
      "instr_00400948_7"
    ],
    "symbols": [
      "main"
    ],
    "other": [
      [
        "dangerous_function",
        "memset"
      ]
    ],
    "description": "(Use of Potentially Dangerous Function) main (00400948) -> memset"
  },
  {
    "name": "CWE676",
    "version": "0.1",
    "addresses": [
      "00400968"
    ],
    "tids": [
      "instr_00400968_7"
    ],
    "symbols": [
      "main"
    ],
    "other": [
      [
        "dangerous_function",
        "memset"
      ]
    ],
    "description": "(Use of Potentially Dangerous Function) main (00400968) -> memset"
  },
  {
    "name": "CWE676",
    "version": "0.1",
    "addresses": [
      "00400988"
    ],
    "tids": [
      "instr_00400988_7"
    ],
    "symbols": [
      "main"
    ],
    "other": [
      [
        "dangerous_function",
        "memset"
      ]
    ],
    "description": "(Use of Potentially Dangerous Function) main (00400988) -> memset"
  },
  {
    "name": "CWE676",
    "version": "0.1",
    "addresses": [
      "00400a40"
    ],
    "tids": [
      "instr_00400a40_7"
    ],
    "symbols": [
      "main"
    ],
    "other": [
      [
        "dangerous_function",
        "memset"
      ]
    ],
    "description": "(Use of Potentially Dangerous Function) main (00400a40) -> memset"
  },
  {
    "name": "CWE676",
    "version": "0.1",
    "addresses": [
      "00400a90"
    ],
    "tids": [
      "instr_00400a90_7"
    ],
    "symbols": [
      "main"
    ],
    "other": [
      [
        "dangerous_function",
        "memset"
      ]
    ],
    "description": "(Use of Potentially Dangerous Function) main (00400a90) -> memset"
  },
  {
    "name": "CWE676",
    "version": "0.1",
    "addresses": [
      "00400aec"
    ],
    "tids": [
      "instr_00400aec_7"
    ],
    "symbols": [
      "main"
    ],
    "other": [
      [
        "dangerous_function",
        "strlen"
      ]
    ],
    "description": "(Use of Potentially Dangerous Function) main (00400aec) -> strlen"
  },
  {
    "name": "CWE676",
    "version": "0.1",
    "addresses": [
      "00400b48"
    ],
    "tids": [
      "instr_00400b48_6"
    ],
    "symbols": [
      "main"
    ],
    "other": [
      [
        "dangerous_function",
        "sprintf"
      ]
    ],
    "description": "(Use of Potentially Dangerous Function) main (00400b48) -> sprintf"
  }
]