[
  {
    "name": "CWE252",
    "version": "0.1",
    "addresses": [
      "00401210",
      "00401220"
    ],
    "tids": [
      "instr_00401210_7",
      "instr_00401220_7"
    ],
    "symbols": [
      "write"
    ],
    "other": [
      [
        "reason=empty_state"
      ]
    ],
    "description": "(Unchecked Return Value) There is no check of the return value of 00401210 (write)."
  },
  {
    "name": "CWE252",
    "version": "0.1",
    "addresses": [
      "004016fc",
      "0040273c"
    ],
    "tids": [
      "instr_004016fc_7",
      "instr_0040273c_3"
    ],
    "symbols": [
      "system"
    ],
    "other": [
      [
        "reason=empty_state"
      ]
    ],
    "description": "(Unchecked Return Value) There is no check of the return value of 004016fc (system)."
  },
  {
    "name": "CWE467",
    "version": "0.2",
    "addresses": [
      "00402664"
    ],
    "tids": [
      "instr_00402664_7"
    ],
    "symbols": [],
    "other": [],
    "description": "(Use of sizeof on a Pointer Type) sizeof on pointer at 00402664 (strncmp)."
  },
  {
    "name": "CWE676",
    "version": "0.1",
    "addresses": [
      "00400f8c"
    ],
    "tids": [
      "instr_00400f8c_7"
    ],
    "symbols": [
      "FUN_00400f50"
    ],
    "other": [
      [
        "dangerous_function",
        "memset"
      ]
    ],
    "description": "(Use of Potentially Dangerous Function) FUN_00400f50 (00400f8c) -> memset"
  },
  {
    "name": "CWE676",
    "version": "0.1",
    "addresses": [
      "00401154"
    ],
    "tids": [
      "instr_00401154_7"
    ],
    "symbols": [
      "FUN_00401120"
    ],
    "other": [
      [
        "dangerous_function",
        "sprintf"
      ]
    ],
    "description": "(Use of Potentially Dangerous Function) FUN_00401120 (00401154) -> sprintf"
  },
  {
    "name": "CWE676",
    "version": "0.1",
    "addresses": [
      "004011e8"
    ],
    "tids": [
      "instr_004011e8_7"
    ],
    "symbols": [
      "FUN_00401120"
    ],
    "other": [
      [
        "dangerous_function",
        "sprintf"
      ]
    ],
    "description": "(Use of Potentially Dangerous Function) FUN_00401120 (004011e8) -> sprintf"
  },
  {
    "name": "CWE676",
    "version": "0.1",
    "addresses": [
      "004011f8"
    ],
    "tids": [
      "instr_004011f8_7"
    ],
    "symbols": [
      "FUN_00401120"
    ],
    "other": [
      [
        "dangerous_function",
        "strlen"
      ]
    ],
    "description": "(Use of Potentially Dangerous Function) FUN_00401120 (004011f8) -> strlen"
  },
  {
    "name": "CWE676",
    "version": "0.1",
    "addresses": [
      "00401774"
    ],
    "tids": [
      "instr_00401774_7"
    ],
    "symbols": [
      "FUN_0040172c"
    ],
    "other": [
      [
        "dangerous_function",
        "memset"
      ]
    ],
    "description": "(Use of Potentially Dangerous Function) FUN_0040172c (00401774) -> memset"
  },
  {
    "name": "CWE676",
    "version": "0.1",
    "addresses": [
      "004017a4"
    ],
    "tids": [
      "instr_004017a4_7"
    ],
    "symbols": [
      "FUN_0040172c"
    ],
    "other": [
      [
        "dangerous_function",
        "memset"
      ]
    ],
    "description": "(Use of Potentially Dangerous Function) FUN_0040172c (004017a4) -> memset"
  },
  {
    "name": "CWE676",
    "version": "0.1",
    "addresses": [
      "004017fc"
    ],
    "tids": [
      "instr_004017fc_7"
    ],
    "symbols": [
      "FUN_0040172c"
    ],
    "other": [
      [
        "dangerous_function",
        "memset"
      ]
    ],
    "description": "(Use of Potentially Dangerous Function) FUN_0040172c (004017fc) -> memset"
  },
  {
    "name": "CWE676",
    "version": "0.1",
    "addresses": [
      "00401834"
    ],
    "tids": [
      "instr_00401834_7"
    ],
    "symbols": [
      "FUN_0040172c"
    ],
    "other": [
      [
        "dangerous_function",
        "strncpy"
      ]
    ],
    "description": "(Use of Potentially Dangerous Function) FUN_0040172c (00401834) -> strncpy"
  },
  {
    "name": "CWE676",
    "version": "0.1",
    "addresses": [
      "0040184c"
    ],
    "tids": [
      "instr_0040184c_7"
    ],
    "symbols": [
      "FUN_0040172c"
    ],
    "other": [
      [
        "dangerous_function",
        "memset"
      ]
    ],
    "description": "(Use of Potentially Dangerous Function) FUN_0040172c (0040184c) -> memset"
  },
  {
    "name": "CWE676",
    "version": "0.1",
    "addresses": [
      "004018cc"
    ],
    "tids": [
      "instr_004018cc_7"
    ],
    "symbols": [
      "FUN_0040172c"
    ],
    "other": [
      [
        "dangerous_function",
        "sprintf"
      ]
    ],
    "description": "(Use of Potentially Dangerous Function) FUN_0040172c (004018cc) -> sprintf"
  },
  {
    "name": "CWE676",
    "version": "0.1",
    "addresses": [
      "00401a9c"
    ],
    "tids": [
      "instr_00401a9c_7"
    ],
    "symbols": [
      "FUN_0040172c"
    ],
    "other": [
      [
        "dangerous_function",
        "memset"
      ]
    ],
    "description": "(Use of Potentially Dangerous Function) FUN_0040172c (00401a9c) -> memset"
  },
  {
    "name": "CWE676",
    "version": "0.1",
    "addresses": [
      "00401ad0"
    ],
    "tids": [
      "instr_00401ad0_7"
    ],
    "symbols": [
      "FUN_0040172c"
    ],
    "other": [
      [
        "dangerous_function",
        "strncpy"
      ]
    ],
    "description": "(Use of Potentially Dangerous Function) FUN_0040172c (00401ad0) -> strncpy"
  },
  {
    "name": "CWE676",
    "version": "0.1",
    "addresses": [
      "00401ae8"
    ],
    "tids": [
      "instr_00401ae8_7"
    ],
    "symbols": [
      "FUN_0040172c"
    ],
    "other": [
      [
        "dangerous_function",
        "memset"
      ]
    ],
    "description": "(Use of Potentially Dangerous Function) FUN_0040172c (00401ae8) -> memset"
  },
  {
    "name": "CWE676",
    "version": "0.1",
    "addresses": [
      "00401b1c"
    ],
    "tids": [
      "instr_00401b1c_7"
    ],
    "symbols": [
      "FUN_0040172c"
    ],
    "other": [
      [
        "dangerous_function",
        "strncpy"
      ]
    ],
    "description": "(Use of Potentially Dangerous Function) FUN_0040172c (00401b1c) -> strncpy"
  },
  {
    "name": "CWE676",
    "version": "0.1",
    "addresses": [
      "00401b34"
    ],
    "tids": [
      "instr_00401b34_7"
    ],
    "symbols": [
      "FUN_0040172c"
    ],
    "other": [
      [
        "dangerous_function",
        "memset"
      ]
    ],
    "description": "(Use of Potentially Dangerous Function) FUN_0040172c (00401b34) -> memset"
  },
  {
    "name": "CWE676",
    "version": "0.1",
    "addresses": [
      "00401b6c"
    ],
    "tids": [
      "instr_00401b6c_7"
    ],
    "symbols": [
      "FUN_0040172c"
    ],
    "other": [
      [
        "dangerous_function",
        "strncpy"
      ]
    ],
    "description": "(Use of Potentially Dangerous Function) FUN_0040172c (00401b6c) -> strncpy"
  },
  {
    "name": "CWE676",
    "version": "0.1",
    "addresses": [
      "00401fd8"
    ],
    "tids": [
      "instr_00401fd8_7"
    ],
    "symbols": [
      "FUN_00401df4"
    ],
    "other": [
      [
        "dangerous_function",
        "strncpy"
      ]
    ],
    "description": "(Use of Potentially Dangerous Function) FUN_00401df4 (00401fd8) -> strncpy"
  },
  {
    "name": "CWE676",
    "version": "0.1",
    "addresses": [
      "004021c4"
    ],
    "tids": [
      "instr_004021c4_7"
    ],
    "symbols": [
      "FUN_00402198"
    ],
    "other": [
      [
        "dangerous_function",
        "sprintf"
      ]
    ],
    "description": "(Use of Potentially Dangerous Function) FUN_00402198 (004021c4) -> sprintf"
  },
  {
    "name": "CWE676",
    "version": "0.1",
    "addresses": [
      "00402308"
    ],
    "tids": [
      "instr_00402308_7"
    ],
    "symbols": [
      "main"
    ],
    "other": [
      [
        "dangerous_function",
        "strncpy"
      ]
    ],
    "description": "(Use of Potentially Dangerous Function) main (00402308) -> strncpy"
  },
  {
    "name": "CWE676",
    "version": "0.1",
    "addresses": [
      "00402528"
    ],
    "tids": [
      "instr_00402528_7"
    ],
    "symbols": [
      "main"
    ],
    "other": [
      [
        "dangerous_function",
        "memset"
      ]
    ],
    "description": "(Use of Potentially Dangerous Function) main (00402528) -> memset"
  },
  {
    "name": "CWE676",
    "version": "0.1",
    "addresses": [
      "004026a0"
    ],
    "tids": [
      "instr_004026a0_7"
    ],
    "symbols": [
      "main"
    ],
    "other": [
      [
        "dangerous_function",
        "memcmp"
      ]
    ],
    "description": "(Use of Potentially Dangerous Function) main (004026a0) -> memcmp"
  },
  {
    "name": "CWE676",
    "version": "0.1",
    "addresses": [
      "0040270c"
    ],
    "tids": [
      "instr_0040270c_7"
    ],
    "symbols": [
      "main"
    ],
    "other": [
      [
        "dangerous_function",
        "memcmp"
      ]
    ],
    "description": "(Use of Potentially Dangerous Function) main (0040270c) -> memcmp"
  },
  {
    "name": "CWE787",
    "version": "0.3",
    "addresses": [
      "004013d4"
    ],
    "tids": [
      "instr_004013d4_3"
    ],
    "symbols": [],
    "other": [
      [
        "For the object ID sub_004013d0 @ sp:i32 access to the offset 4 (size 4) may overflow the upper object bound of 0.",
        "Relevant callgraph TIDs: [sub_004013d0]"
      ]
    ],
    "description": "(Out-of-bounds Write) Memory write at 004013d4 may be out of bounds."
  }
]