[
  {
    "name": "CWE252",
    "version": "0.1",
    "addresses": [
      "00401158",
      "00401cc0"
    ],
    "tids": [
      "instr_00401158_6",
      "instr_00401cc0_6"
    ],
    "symbols": [
      "atoi"
    ],
    "other": [
      [
        "reason=isolated_returns_no_reg_taint"
      ]
    ],
    "description": "(Unchecked Return Value) There is no check of the return value of 00401158 (atoi)."
  },
  {
    "name": "CWE252",
    "version": "0.1",
    "addresses": [
      "00401240",
      "00401270"
    ],
    "tids": [
      "instr_00401240_7",
      "instr_00401270_7"
    ],
    "symbols": [
      "system"
    ],
    "other": [
      [
        "reason=empty_state"
      ]
    ],
    "description": "(Unchecked Return Value) There is no check of the return value of 00401240 (system)."
  },
  {
    "name": "CWE252",
    "version": "0.1",
    "addresses": [
      "0040125c",
      "00401270"
    ],
    "tids": [
      "instr_0040125c_7",
      "instr_00401270_7"
    ],
    "symbols": [
      "system"
    ],
    "other": [
      [
        "reason=empty_state"
      ]
    ],
    "description": "(Unchecked Return Value) There is no check of the return value of 0040125c (system)."
  },
  {
    "name": "CWE252",
    "version": "0.1",
    "addresses": [
      "00401284",
      "00401294"
    ],
    "tids": [
      "instr_00401284_7",
      "instr_00401294_7"
    ],
    "symbols": [
      "system"
    ],
    "other": [
      [
        "reason=empty_state"
      ]
    ],
    "description": "(Unchecked Return Value) There is no check of the return value of 00401284 (system)."
  },
  {
    "name": "CWE332",
    "version": "0.1",
    "addresses": [],
    "tids": [],
    "symbols": [],
    "other": [],
    "description": "(Insufficient Entropy in PRNG) program uses rand without calling srand before"
  },
  {
    "name": "CWE467",
    "version": "0.2",
    "addresses": [
      "004013b4"
    ],
    "tids": [
      "instr_004013b4_7"
    ],
    "symbols": [],
    "other": [],
    "description": "(Use of sizeof on a Pointer Type) sizeof on pointer at 004013b4 (strncpy)."
  },
  {
    "name": "CWE476",
    "version": "0.3",
    "addresses": [
      "004011b4",
      "00401218"
    ],
    "tids": [
      "instr_004011b4_6",
      "instr_00401218_7"
    ],
    "symbols": [
      "tmpfile"
    ],
    "other": [],
    "description": "(NULL Pointer Dereference) There is no check if the return value is NULL at 004011b4 (tmpfile)."
  },
  {
    "name": "CWE676",
    "version": "0.1",
    "addresses": [
      "004010d4"
    ],
    "tids": [
      "instr_004010d4_7"
    ],
    "symbols": [
      "main"
    ],
    "other": [
      [
        "dangerous_function",
        "memset"
      ]
    ],
    "description": "(Use of Potentially Dangerous Function) main (004010d4) -> memset"
  },
  {
    "name": "CWE676",
    "version": "0.1",
    "addresses": [
      "00401294"
    ],
    "tids": [
      "instr_00401294_7"
    ],
    "symbols": [
      "main"
    ],
    "other": [
      [
        "dangerous_function",
        "strlen"
      ]
    ],
    "description": "(Use of Potentially Dangerous Function) main (00401294) -> strlen"
  },
  {
    "name": "CWE676",
    "version": "0.1",
    "addresses": [
      "0040139c"
    ],
    "tids": [
      "instr_0040139c_7"
    ],
    "symbols": [
      "main"
    ],
    "other": [
      [
        "dangerous_function",
        "memset"
      ]
    ],
    "description": "(Use of Potentially Dangerous Function) main (0040139c) -> memset"
  },
  {
    "name": "CWE676",
    "version": "0.1",
    "addresses": [
      "004013b4"
    ],
    "tids": [
      "instr_004013b4_7"
    ],
    "symbols": [
      "main"
    ],
    "other": [
      [
        "dangerous_function",
        "strncpy"
      ]
    ],
    "description": "(Use of Potentially Dangerous Function) main (004013b4) -> strncpy"
  },
  {
    "name": "CWE676",
    "version": "0.1",
    "addresses": [
      "004013d0"
    ],
    "tids": [
      "instr_004013d0_7"
    ],
    "symbols": [
      "main"
    ],
    "other": [
      [
        "dangerous_function",
        "strncpy"
      ]
    ],
    "description": "(Use of Potentially Dangerous Function) main (004013d0) -> strncpy"
  },
  {
    "name": "CWE676",
    "version": "0.1",
    "addresses": [
      "004013ec"
    ],
    "tids": [
      "instr_004013ec_7"
    ],
    "symbols": [
      "main"
    ],
    "other": [
      [
        "dangerous_function",
        "strncpy"
      ]
    ],
    "description": "(Use of Potentially Dangerous Function) main (004013ec) -> strncpy"
  },
  {
    "name": "CWE676",
    "version": "0.1",
    "addresses": [
      "00401408"
    ],
    "tids": [
      "instr_00401408_7"
    ],
    "symbols": [
      "main"
    ],
    "other": [
      [
        "dangerous_function",
        "strncpy"
      ]
    ],
    "description": "(Use of Potentially Dangerous Function) main (00401408) -> strncpy"
  },
  {
    "name": "CWE676",
    "version": "0.1",
    "addresses": [
      "00401424"
    ],
    "tids": [
      "instr_00401424_7"
    ],
    "symbols": [
      "main"
    ],
    "other": [
      [
        "dangerous_function",
        "strncpy"
      ]
    ],
    "description": "(Use of Potentially Dangerous Function) main (00401424) -> strncpy"
  },
  {
    "name": "CWE676",
    "version": "0.1",
    "addresses": [
      "00401440"
    ],
    "tids": [
      "instr_00401440_7"
    ],
    "symbols": [
      "main"
    ],
    "other": [
      [
        "dangerous_function",
        "strncpy"
      ]
    ],
    "description": "(Use of Potentially Dangerous Function) main (00401440) -> strncpy"
  },
  {
    "name": "CWE676",
    "version": "0.1",
    "addresses": [
      "0040145c"
    ],
    "tids": [
      "instr_0040145c_7"
    ],
    "symbols": [
      "main"
    ],
    "other": [
      [
        "dangerous_function",
        "strncpy"
      ]
    ],
    "description": "(Use of Potentially Dangerous Function) main (0040145c) -> strncpy"
  },
  {
    "name": "CWE676",
    "version": "0.1",
    "addresses": [
      "0040159c"
    ],
    "tids": [
      "instr_0040159c_7"
    ],
    "symbols": [
      "main"
    ],
    "other": [
      [
        "dangerous_function",
        "strlen"
      ]
    ],
    "description": "(Use of Potentially Dangerous Function) main (0040159c) -> strlen"
  },
  {
    "name": "CWE676",
    "version": "0.1",
    "addresses": [
      "00401c14"
    ],
    "tids": [
      "instr_00401c14_7"
    ],
    "symbols": [
      "main"
    ],
    "other": [
      [
        "dangerous_function",
        "strlen"
      ]
    ],
    "description": "(Use of Potentially Dangerous Function) main (00401c14) -> strlen"
  },
  {
    "name": "CWE676",
    "version": "0.1",
    "addresses": [
      "00401d38"
    ],
    "tids": [
      "instr_00401d38_7"
    ],
    "symbols": [
      "FUN_00401cd0"
    ],
    "other": [
      [
        "dangerous_function",
        "strncpy"
      ]
    ],
    "description": "(Use of Potentially Dangerous Function) FUN_00401cd0 (00401d38) -> strncpy"
  },
  {
    "name": "CWE676",
    "version": "0.1",
    "addresses": [
      "00402360"
    ],
    "tids": [
      "instr_00402360_7"
    ],
    "symbols": [
      "FUN_00402294"
    ],
    "other": [
      [
        "dangerous_function",
        "snprintf"
      ]
    ],
    "description": "(Use of Potentially Dangerous Function) FUN_00402294 (00402360) -> snprintf"
  }
]