[
  {
    "name": "CWE252",
    "version": "0.1",
    "addresses": [
      "00401ce4",
      "00401cf4"
    ],
    "tids": [
      "instr_00401ce4_7",
      "instr_00401cf4_7"
    ],
    "symbols": [
      "write"
    ],
    "other": [
      [
        "reason=empty_state"
      ]
    ],
    "description": "(Unchecked Return Value) There is no check of the return value of 00401ce4 (write)."
  },
  {
    "name": "CWE252",
    "version": "0.1",
    "addresses": [
      "00401e04",
      "00402888"
    ],
    "tids": [
      "instr_00401e04_7",
      "instr_00402888_3"
    ],
    "symbols": [
      "system"
    ],
    "other": [
      [
        "reason=empty_state"
      ]
    ],
    "description": "(Unchecked Return Value) There is no check of the return value of 00401e04 (system)."
  },
  {
    "name": "CWE252",
    "version": "0.1",
    "addresses": [
      "00401e04",
      "004037ec"
    ],
    "tids": [
      "instr_00401e04_7",
      "instr_004037ec_7"
    ],
    "symbols": [
      "system"
    ],
    "other": [
      [
        "reason=empty_state"
      ]
    ],
    "description": "(Unchecked Return Value) There is no check of the return value of 00401e04 (system)."
  },
  {
    "name": "CWE252",
    "version": "0.1",
    "addresses": [
      "00401e04",
      "00403944"
    ],
    "tids": [
      "instr_00401e04_7",
      "instr_00403944_7"
    ],
    "symbols": [
      "system"
    ],
    "other": [
      [
        "reason=empty_state"
      ]
    ],
    "description": "(Unchecked Return Value) There is no check of the return value of 00401e04 (system)."
  },
  {
    "name": "CWE252",
    "version": "0.1",
    "addresses": [
      "00401e04",
      "00403acc"
    ],
    "tids": [
      "instr_00401e04_7",
      "instr_00403acc_3"
    ],
    "symbols": [
      "system"
    ],
    "other": [
      [
        "reason=empty_state"
      ]
    ],
    "description": "(Unchecked Return Value) There is no check of the return value of 00401e04 (system)."
  },
  {
    "name": "CWE252",
    "version": "0.1",
    "addresses": [
      "00401e04",
      "00403ae8"
    ],
    "tids": [
      "instr_00401e04_7",
      "instr_00403ae8_1"
    ],
    "symbols": [
      "system"
    ],
    "other": [
      [
        "reason=empty_state"
      ]
    ],
    "description": "(Unchecked Return Value) There is no check of the return value of 00401e04 (system)."
  },
  {
    "name": "CWE252",
    "version": "0.1",
    "addresses": [
      "00401e5c",
      "004023c4"
    ],
    "tids": [
      "instr_00401e5c_7",
      "instr_004023c4_7"
    ],
    "symbols": [
      "system"
    ],
    "other": [
      [
        "reason=empty_state"
      ]
    ],
    "description": "(Unchecked Return Value) There is no check of the return value of 00401e5c (system)."
  },
  {
    "name": "CWE252",
    "version": "0.1",
    "addresses": [
      "00401e5c",
      "004025b8"
    ],
    "tids": [
      "instr_00401e5c_7",
      "instr_004025b8_0"
    ],
    "symbols": [
      "system"
    ],
    "other": [
      [
        "reason=empty_state"
      ]
    ],
    "description": "(Unchecked Return Value) There is no check of the return value of 00401e5c (system)."
  },
  {
    "name": "CWE252",
    "version": "0.1",
    "addresses": [
      "00401e5c",
      "00402888"
    ],
    "tids": [
      "instr_00401e5c_7",
      "instr_00402888_3"
    ],
    "symbols": [
      "system"
    ],
    "other": [
      [
        "reason=empty_state"
      ]
    ],
    "description": "(Unchecked Return Value) There is no check of the return value of 00401e5c (system)."
  },
  {
    "name": "CWE252",
    "version": "0.1",
    "addresses": [
      "00401e5c",
      "00402b14"
    ],
    "tids": [
      "instr_00401e5c_7",
      "instr_00402b14_7"
    ],
    "symbols": [
      "system"
    ],
    "other": [
      [
        "reason=empty_state"
      ]
    ],
    "description": "(Unchecked Return Value) There is no check of the return value of 00401e5c (system)."
  },
  {
    "name": "CWE252",
    "version": "0.1",
    "addresses": [
      "00401e5c",
      "00403694"
    ],
    "tids": [
      "instr_00401e5c_7",
      "instr_00403694_3"
    ],
    "symbols": [
      "system"
    ],
    "other": [
      [
        "reason=empty_state"
      ]
    ],
    "description": "(Unchecked Return Value) There is no check of the return value of 00401e5c (system)."
  },
  {
    "name": "CWE252",
    "version": "0.1",
    "addresses": [
      "00401e5c",
      "00403800"
    ],
    "tids": [
      "instr_00401e5c_7",
      "instr_00403800_7"
    ],
    "symbols": [
      "system"
    ],
    "other": [
      [
        "reason=empty_state"
      ]
    ],
    "description": "(Unchecked Return Value) There is no check of the return value of 00401e5c (system)."
  },
  {
    "name": "CWE252",
    "version": "0.1",
    "addresses": [
      "00401e5c",
      "00403958"
    ],
    "tids": [
      "instr_00401e5c_7",
      "instr_00403958_7"
    ],
    "symbols": [
      "system"
    ],
    "other": [
      [
        "reason=empty_state"
      ]
    ],
    "description": "(Unchecked Return Value) There is no check of the return value of 00401e5c (system)."
  },
  {
    "name": "CWE252",
    "version": "0.1",
    "addresses": [
      "00401e5c",
      "004039d4"
    ],
    "tids": [
      "instr_00401e5c_7",
      "instr_004039d4_7"
    ],
    "symbols": [
      "system"
    ],
    "other": [
      [
        "reason=empty_state"
      ]
    ],
    "description": "(Unchecked Return Value) There is no check of the return value of 00401e5c (system)."
  },
  {
    "name": "CWE252",
    "version": "0.1",
    "addresses": [
      "00401e5c",
      "00403eac"
    ],
    "tids": [
      "instr_00401e5c_7",
      "instr_00403eac_7"
    ],
    "symbols": [
      "system"
    ],
    "other": [
      [
        "reason=empty_state"
      ]
    ],
    "description": "(Unchecked Return Value) There is no check of the return value of 00401e5c (system)."
  },
  {
    "name": "CWE252",
    "version": "0.1",
    "addresses": [
      "00401e5c",
      "00403f30"
    ],
    "tids": [
      "instr_00401e5c_7",
      "instr_00403f30_7"
    ],
    "symbols": [
      "system"
    ],
    "other": [
      [
        "reason=empty_state"
      ]
    ],
    "description": "(Unchecked Return Value) There is no check of the return value of 00401e5c (system)."
  },
  {
    "name": "CWE252",
    "version": "0.1",
    "addresses": [
      "00401e5c",
      "00403f6c"
    ],
    "tids": [
      "instr_00401e5c_7",
      "instr_00403f6c_7"
    ],
    "symbols": [
      "system"
    ],
    "other": [
      [
        "reason=empty_state"
      ]
    ],
    "description": "(Unchecked Return Value) There is no check of the return value of 00401e5c (system)."
  },
  {
    "name": "CWE252",
    "version": "0.1",
    "addresses": [
      "00401e5c",
      "00403fac"
    ],
    "tids": [
      "instr_00401e5c_7",
      "instr_00403fac_7"
    ],
    "symbols": [
      "system"
    ],
    "other": [
      [
        "reason=empty_state"
      ]
    ],
    "description": "(Unchecked Return Value) There is no check of the return value of 00401e5c (system)."
  },
  {
    "name": "CWE252",
    "version": "0.1",
    "addresses": [
      "00401e5c",
      "00403fe0"
    ],
    "tids": [
      "instr_00401e5c_7",
      "instr_00403fe0_3"
    ],
    "symbols": [
      "system"
    ],
    "other": [
      [
        "reason=empty_state"
      ]
    ],
    "description": "(Unchecked Return Value) There is no check of the return value of 00401e5c (system)."
  },
  {
    "name": "CWE252",
    "version": "0.1",
    "addresses": [
      "00401e5c",
      "0040405c"
    ],
    "tids": [
      "instr_00401e5c_7",
      "instr_0040405c_6"
    ],
    "symbols": [
      "system"
    ],
    "other": [
      [
        "reason=empty_state"
      ]
    ],
    "description": "(Unchecked Return Value) There is no check of the return value of 00401e5c (system)."
  },
  {
    "name": "CWE252",
    "version": "0.1",
    "addresses": [
      "00401e5c",
      "00404108"
    ],
    "tids": [
      "instr_00401e5c_7",
      "instr_00404108_7"
    ],
    "symbols": [
      "system"
    ],
    "other": [
      [
        "reason=empty_state"
      ]
    ],
    "description": "(Unchecked Return Value) There is no check of the return value of 00401e5c (system)."
  },
  {
    "name": "CWE252",
    "version": "0.1",
    "addresses": [
      "00401f20",
      "00402888"
    ],
    "tids": [
      "instr_00401f20_7",
      "instr_00402888_3"
    ],
    "symbols": [
      "system"
    ],
    "other": [
      [
        "reason=empty_state"
      ]
    ],
    "description": "(Unchecked Return Value) There is no check of the return value of 00401f20 (system)."
  },
  {
    "name": "CWE252",
    "version": "0.1",
    "addresses": [
      "00402138",
      "00402888"
    ],
    "tids": [
      "instr_00402138_7",
      "instr_00402888_3"
    ],
    "symbols": [
      "system"
    ],
    "other": [
      [
        "reason=empty_state"
      ]
    ],
    "description": "(Unchecked Return Value) There is no check of the return value of 00402138 (system)."
  },
  {
    "name": "CWE252",
    "version": "0.1",
    "addresses": [
      "004021dc",
      "004021ec"
    ],
    "tids": [
      "instr_004021dc_7",
      "instr_004021ec_6"
    ],
    "symbols": [
      "system"
    ],
    "other": [
      [
        "reason=empty_state"
      ]
    ],
    "description": "(Unchecked Return Value) There is no check of the return value of 004021dc (system)."
  },
  {
    "name": "CWE252",
    "version": "0.1",
    "addresses": [
      "00402354",
      "00402364"
    ],
    "tids": [
      "instr_00402354_7",
      "instr_00402364_6"
    ],
    "symbols": [
      "system"
    ],
    "other": [
      [
        "reason=empty_state"
      ]
    ],
    "description": "(Unchecked Return Value) There is no check of the return value of 00402354 (system)."
  },
  {
    "name": "CWE252",
    "version": "0.1",
    "addresses": [
      "0040253c",
      "0040254c"
    ],
    "tids": [
      "instr_0040253c_7",
      "instr_0040254c_7"
    ],
    "symbols": [
      "system"
    ],
    "other": [
      [
        "reason=empty_state"
      ]
    ],
    "description": "(Unchecked Return Value) There is no check of the return value of 0040253c (system)."
  },
  {
    "name": "CWE252",
    "version": "0.1",
    "addresses": [
      "00402a90",
      "00402888"
    ],
    "tids": [
      "instr_00402a90_7",
      "instr_00402888_3"
    ],
    "symbols": [
      "system"
    ],
    "other": [
      [
        "reason=empty_state"
      ]
    ],
    "description": "(Unchecked Return Value) There is no check of the return value of 00402a90 (system)."
  },
  {
    "name": "CWE252",
    "version": "0.1",
    "addresses": [
      "00403634",
      "00403644"
    ],
    "tids": [
      "instr_00403634_7",
      "instr_00403644_1"
    ],
    "symbols": [
      "system"
    ],
    "other": [
      [
        "reason=empty_state"
      ]
    ],
    "description": "(Unchecked Return Value) There is no check of the return value of 00403634 (system)."
  },
  {
    "name": "CWE252",
    "version": "0.1",
    "addresses": [
      "004037c8",
      "004037d8"
    ],
    "tids": [
      "instr_004037c8_7",
      "instr_004037d8_6"
    ],
    "symbols": [
      "system"
    ],
    "other": [
      [
        "reason=empty_state"
      ]
    ],
    "description": "(Unchecked Return Value) There is no check of the return value of 004037c8 (system)."
  },
  {
    "name": "CWE252",
    "version": "0.1",
    "addresses": [
      "00403814",
      "00403828"
    ],
    "tids": [
      "instr_00403814_7",
      "instr_00403828_7"
    ],
    "symbols": [
      "system"
    ],
    "other": [
      [
        "reason=empty_state"
      ]
    ],
    "description": "(Unchecked Return Value) There is no check of the return value of 00403814 (system)."
  },
  {
    "name": "CWE252",
    "version": "0.1",
    "addresses": [
      "004038e4",
      "004038f4"
    ],
    "tids": [
      "instr_004038e4_7",
      "instr_004038f4_2"
    ],
    "symbols": [
      "system"
    ],
    "other": [
      [
        "reason=empty_state"
      ]
    ],
    "description": "(Unchecked Return Value) There is no check of the return value of 004038e4 (system)."
  },
  {
    "name": "CWE252",
    "version": "0.1",
    "addresses": [
      "0040396c",
      "00403980"
    ],
    "tids": [
      "instr_0040396c_7",
      "instr_00403980_7"
    ],
    "symbols": [
      "system"
    ],
    "other": [
      [
        "reason=empty_state"
      ]
    ],
    "description": "(Unchecked Return Value) There is no check of the return value of 0040396c (system)."
  },
  {
    "name": "CWE252",
    "version": "0.1",
    "addresses": [
      "00403980",
      "004039a4"
    ],
    "tids": [
      "instr_00403980_7",
      "instr_004039a4_1"
    ],
    "symbols": [
      "system"
    ],
    "other": [
      [
        "reason=empty_state"
      ]
    ],
    "description": "(Unchecked Return Value) There is no check of the return value of 00403980 (system)."
  },
  {
    "name": "CWE252",
    "version": "0.1",
    "addresses": [
      "00403a40",
      "00403a50"
    ],
    "tids": [
      "instr_00403a40_7",
      "instr_00403a50_7"
    ],
    "symbols": [
      "system"
    ],
    "other": [
      [
        "reason=empty_state"
      ]
    ],
    "description": "(Unchecked Return Value) There is no check of the return value of 00403a40 (system)."
  },
  {
    "name": "CWE252",
    "version": "0.1",
    "addresses": [
      "00403eac",
      "00403eb8"
    ],
    "tids": [
      "instr_00403eac_7",
      "instr_00403eb8_3"
    ],
    "symbols": [
      "system"
    ],
    "other": [
      [
        "reason=empty_state"
      ]
    ],
    "description": "(Unchecked Return Value) There is no check of the return value of 00403eac (system)."
  },
  {
    "name": "CWE252",
    "version": "0.1",
    "addresses": [
      "00403f30",
      "00403f3c"
    ],
    "tids": [
      "instr_00403f30_7",
      "instr_00403f3c_3"
    ],
    "symbols": [
      "system"
    ],
    "other": [
      [
        "reason=empty_state"
      ]
    ],
    "description": "(Unchecked Return Value) There is no check of the return value of 00403f30 (system)."
  },
  {
    "name": "CWE252",
    "version": "0.1",
    "addresses": [
      "00403f88",
      "00403f9c"
    ],
    "tids": [
      "instr_00403f88_7",
      "instr_00403f9c_7"
    ],
    "symbols": [
      "system"
    ],
    "other": [
      [
        "reason=empty_state"
      ]
    ],
    "description": "(Unchecked Return Value) There is no check of the return value of 00403f88 (system)."
  },
  {
    "name": "CWE252",
    "version": "0.1",
    "addresses": [
      "004040b0",
      "004040c8"
    ],
    "tids": [
      "instr_004040b0_7",
      "instr_004040c8_6"
    ],
    "symbols": [
      "system"
    ],
    "other": [
      [
        "reason=empty_state"
      ]
    ],
    "description": "(Unchecked Return Value) There is no check of the return value of 004040b0 (system)."
  },
  {
    "name": "CWE252",
    "version": "0.1",
    "addresses": [
      "004040b0",
      "004040e0"
    ],
    "tids": [
      "instr_004040b0_7",
      "instr_004040e0_6"
    ],
    "symbols": [
      "system"
    ],
    "other": [
      [
        "reason=empty_state"
      ]
    ],
    "description": "(Unchecked Return Value) There is no check of the return value of 004040b0 (system)."
  },
  {
    "name": "CWE676",
    "version": "0.1",
    "addresses": [
      "00401cbc"
    ],
    "tids": [
      "instr_00401cbc_7"
    ],
    "symbols": [
      "main"
    ],
    "other": [
      [
        "dangerous_function",
        "sprintf"
      ]
    ],
    "description": "(Use of Potentially Dangerous Function) main (00401cbc) -> sprintf"
  },
  {
    "name": "CWE676",
    "version": "0.1",
    "addresses": [
      "00401ccc"
    ],
    "tids": [
      "instr_00401ccc_7"
    ],
    "symbols": [
      "main"
    ],
    "other": [
      [
        "dangerous_function",
        "strlen"
      ]
    ],
    "description": "(Use of Potentially Dangerous Function) main (00401ccc) -> strlen"
  },
  {
    "name": "CWE676",
    "version": "0.1",
    "addresses": [
      "00401e4c"
    ],
    "tids": [
      "instr_00401e4c_7"
    ],
    "symbols": [
      "LEDcontrol"
    ],
    "other": [
      [
        "dangerous_function",
        "sprintf"
      ]
    ],
    "description": "(Use of Potentially Dangerous Function) LEDcontrol (00401e4c) -> sprintf"
  },
  {
    "name": "CWE676",
    "version": "0.1",
    "addresses": [
      "00402ff8"
    ],
    "tids": [
      "instr_00402ff8_7"
    ],
    "symbols": [
      "DaulBandSiteScan"
    ],
    "other": [
      [
        "dangerous_function",
        "memset"
      ]
    ],
    "description": "(Use of Potentially Dangerous Function) DaulBandSiteScan (00402ff8) -> memset"
  },
  {
    "name": "CWE676",
    "version": "0.1",
    "addresses": [
      "0040305c"
    ],
    "tids": [
      "instr_0040305c_7"
    ],
    "symbols": [
      "DaulBandSiteScan"
    ],
    "other": [
      [
        "dangerous_function",
        "strcpy"
      ]
    ],
    "description": "(Use of Potentially Dangerous Function) DaulBandSiteScan (0040305c) -> strcpy"
  },
  {
    "name": "CWE676",
    "version": "0.1",
    "addresses": [
      "00403234"
    ],
    "tids": [
      "instr_00403234_7"
    ],
    "symbols": [
      "setWlanDrv"
    ],
    "other": [
      [
        "dangerous_function",
        "strlen"
      ]
    ],
    "description": "(Use of Potentially Dangerous Function) setWlanDrv (00403234) -> strlen"
  },
  {
    "name": "CWE782",
    "version": "0.1",
    "addresses": [
      "00401908"
    ],
    "tids": [
      "instr_00401908_7"
    ],
    "symbols": [
      "FUN_004018a4"
    ],
    "other": [],
    "description": "(Exposed IOCTL with Insufficient Access Control) Program uses ioctl at FUN_004018a4 (00401908). Be sure to double check the program and the corresponding driver."
  }
]