[
  {
    "name": "CWE134",
    "version": "0.1",
    "addresses": [
      "00405f08"
    ],
    "tids": [
      "instr_00405f08_7"
    ],
    "symbols": [
      "sprintf"
    ],
    "other": [],
    "description": "(Externally Controlled Format String) Potential externally controlled format string for call to sprintf at 00405f08"
  },
  {
    "name": "CWE134",
    "version": "0.1",
    "addresses": [
      "00406ecc"
    ],
    "tids": [
      "instr_00406ecc_7"
    ],
    "symbols": [
      "printf"
    ],
    "other": [],
    "description": "(Externally Controlled Format String) Potential externally controlled format string for call to printf at 00406ecc"
  },
  {
    "name": "CWE134",
    "version": "0.1",
    "addresses": [
      "0040734c"
    ],
    "tids": [
      "instr_0040734c_7"
    ],
    "symbols": [
      "sprintf"
    ],
    "other": [],
    "description": "(Externally Controlled Format String) Potential externally controlled format string for call to sprintf at 0040734c"
  },
  {
    "name": "CWE134",
    "version": "0.1",
    "addresses": [
      "004074e4"
    ],
    "tids": [
      "instr_004074e4_7"
    ],
    "symbols": [
      "sprintf"
    ],
    "other": [],
    "description": "(Externally Controlled Format String) Potential externally controlled format string for call to sprintf at 004074e4"
  },
  {
    "name": "CWE134",
    "version": "0.1",
    "addresses": [
      "0040783c"
    ],
    "tids": [
      "instr_0040783c_7"
    ],
    "symbols": [
      "sprintf"
    ],
    "other": [],
    "description": "(Externally Controlled Format String) Potential externally controlled format string for call to sprintf at 0040783c"
  },
  {
    "name": "CWE134",
    "version": "0.1",
    "addresses": [
      "004078d8"
    ],
    "tids": [
      "instr_004078d8_7"
    ],
    "symbols": [
      "sprintf"
    ],
    "other": [],
    "description": "(Externally Controlled Format String) Potential externally controlled format string for call to sprintf at 004078d8"
  },
  {
    "name": "CWE134",
    "version": "0.1",
    "addresses": [
      "00407a04"
    ],
    "tids": [
      "instr_00407a04_7"
    ],
    "symbols": [
      "sprintf"
    ],
    "other": [],
    "description": "(Externally Controlled Format String) Potential externally controlled format string for call to sprintf at 00407a04"
  },
  {
    "name": "CWE134",
    "version": "0.1",
    "addresses": [
      "00407e38"
    ],
    "tids": [
      "instr_00407e38_7"
    ],
    "symbols": [
      "sprintf"
    ],
    "other": [],
    "description": "(Externally Controlled Format String) Potential externally controlled format string for call to sprintf at 00407e38"
  },
  {
    "name": "CWE134",
    "version": "0.1",
    "addresses": [
      "00408a38"
    ],
    "tids": [
      "instr_00408a38_7"
    ],
    "symbols": [
      "sprintf"
    ],
    "other": [],
    "description": "(Externally Controlled Format String) Potential externally controlled format string for call to sprintf at 00408a38"
  },
  {
    "name": "CWE190",
    "version": "0.1",
    "addresses": [
      "00403b24"
    ],
    "tids": [
      "instr_00403b24_10"
    ],
    "symbols": [
      "malloc"
    ],
    "other": [],
    "description": "(Integer Overflow or Wraparound) Potential overflow due to multiplication before call to malloc at 00403b24"
  },
  {
    "name": "CWE190",
    "version": "0.1",
    "addresses": [
      "0040448c"
    ],
    "tids": [
      "instr_0040448c_7"
    ],
    "symbols": [
      "calloc"
    ],
    "other": [],
    "description": "(Integer Overflow or Wraparound) Potential overflow due to multiplication before call to calloc at 0040448c"
  },
  {
    "name": "CWE190",
    "version": "0.1",
    "addresses": [
      "0040448c"
    ],
    "tids": [
      "instr_0040448c_7"
    ],
    "symbols": [
      "calloc"
    ],
    "other": [],
    "description": "(Integer Overflow or Wraparound) Potential overflow due to multiplication before call to calloc at 0040448c"
  },
  {
    "name": "CWE190",
    "version": "0.1",
    "addresses": [
      "00404a24"
    ],
    "tids": [
      "instr_00404a24_7"
    ],
    "symbols": [
      "malloc"
    ],
    "other": [],
    "description": "(Integer Overflow or Wraparound) Potential overflow due to multiplication before call to malloc at 00404a24"
  },
  {
    "name": "CWE190",
    "version": "0.1",
    "addresses": [
      "00408128"
    ],
    "tids": [
      "instr_00408128_7"
    ],
    "symbols": [
      "malloc"
    ],
    "other": [],
    "description": "(Integer Overflow or Wraparound) Potential overflow due to multiplication before call to malloc at 00408128"
  },
  {
    "name": "CWE215",
    "version": "0.2",
    "addresses": [],
    "tids": [],
    "symbols": [],
    "other": [],
    "description": "(Information Exposure Through Debug Information) The binary contains debug symbols."
  },
  {
    "name": "CWE476",
    "version": "0.2",
    "addresses": [
      "00401618"
    ],
    "tids": [
      "instr_00401618_3"
    ],
    "symbols": [],
    "other": [],
    "description": "(NULL Pointer Dereference) Memory access at 00401618 may result in a NULL dereference"
  },
  {
    "name": "CWE476",
    "version": "0.2",
    "addresses": [
      "004028f0"
    ],
    "tids": [
      "instr_004028f0_3"
    ],
    "symbols": [],
    "other": [],
    "description": "(NULL Pointer Dereference) Memory access at 004028f0 may result in a NULL dereference"
  },
  {
    "name": "CWE476",
    "version": "0.2",
    "addresses": [
      "00402b7c"
    ],
    "tids": [
      "instr_00402b7c_3"
    ],
    "symbols": [],
    "other": [],
    "description": "(NULL Pointer Dereference) Memory access at 00402b7c may result in a NULL dereference"
  },
  {
    "name": "CWE476",
    "version": "0.2",
    "addresses": [
      "0040a534"
    ],
    "tids": [
      "instr_0040a534_3"
    ],
    "symbols": [],
    "other": [],
    "description": "(NULL Pointer Dereference) Memory access at 0040a534 may result in a NULL dereference"
  },
  {
    "name": "CWE476",
    "version": "0.2",
    "addresses": [
      "0040a54c"
    ],
    "tids": [
      "instr_0040a54c_3"
    ],
    "symbols": [],
    "other": [],
    "description": "(NULL Pointer Dereference) Memory access at 0040a54c may result in a NULL dereference"
  },
  {
    "name": "CWE476",
    "version": "0.2",
    "addresses": [
      "0040a600"
    ],
    "tids": [
      "instr_0040a600_3"
    ],
    "symbols": [],
    "other": [],
    "description": "(NULL Pointer Dereference) Memory access at 0040a600 may result in a NULL dereference"
  },
  {
    "name": "CWE476",
    "version": "0.2",
    "addresses": [
      "0040a618"
    ],
    "tids": [
      "instr_0040a618_3"
    ],
    "symbols": [],
    "other": [],
    "description": "(NULL Pointer Dereference) Memory access at 0040a618 may result in a NULL dereference"
  },
  {
    "name": "CWE476",
    "version": "0.3",
    "addresses": [
      "0040a23c",
      "0040a258"
    ],
    "tids": [
      "instr_0040a23c_6",
      "instr_0040a258_7"
    ],
    "symbols": [
      "malloc"
    ],
    "other": [],
    "description": "(NULL Pointer Dereference) There is no check if the return value is NULL at 0040a23c (malloc)."
  },
  {
    "name": "CWE676",
    "version": "0.1",
    "addresses": [
      "00403b48"
    ],
    "tids": [
      "instr_00403b48_7"
    ],
    "symbols": [
      "format"
    ],
    "other": [
      [
        "dangerous_function",
        "memset"
      ]
    ],
    "description": "(Use of Potentially Dangerous Function) format (00403b48) -> memset"
  },
  {
    "name": "CWE676",
    "version": "0.1",
    "addresses": [
      "004045f4"
    ],
    "tids": [
      "instr_004045f4_7"
    ],
    "symbols": [
      "ubigen_init_ec_hdr"
    ],
    "other": [
      [
        "dangerous_function",
        "memset"
      ]
    ],
    "description": "(Use of Potentially Dangerous Function) ubigen_init_ec_hdr (004045f4) -> memset"
  },
  {
    "name": "CWE676",
    "version": "0.1",
    "addresses": [
      "004047b0"
    ],
    "tids": [
      "instr_004047b0_7"
    ],
    "symbols": [
      "ubigen_init_vid_hdr"
    ],
    "other": [
      [
        "dangerous_function",
        "memset"
      ]
    ],
    "description": "(Use of Potentially Dangerous Function) ubigen_init_vid_hdr (004047b0) -> memset"
  },
  {
    "name": "CWE676",
    "version": "0.1",
    "addresses": [
      "00404a44"
    ],
    "tids": [
      "instr_00404a44_7"
    ],
    "symbols": [
      "ubigen_write_layout_vol"
    ],
    "other": [
      [
        "dangerous_function",
        "memset"
      ]
    ],
    "description": "(Use of Potentially Dangerous Function) ubigen_write_layout_vol (00404a44) -> memset"
  },
  {
    "name": "CWE676",
    "version": "0.1",
    "addresses": [
      "00404a64"
    ],
    "tids": [
      "instr_00404a64_7"
    ],
    "symbols": [
      "ubigen_write_layout_vol"
    ],
    "other": [
      [
        "dangerous_function",
        "memcpy"
      ]
    ],
    "description": "(Use of Potentially Dangerous Function) ubigen_write_layout_vol (00404a64) -> memcpy"
  },
  {
    "name": "CWE676",
    "version": "0.1",
    "addresses": [
      "00404a90"
    ],
    "tids": [
      "instr_00404a90_7"
    ],
    "symbols": [
      "ubigen_write_layout_vol"
    ],
    "other": [
      [
        "dangerous_function",
        "memset"
      ]
    ],
    "description": "(Use of Potentially Dangerous Function) ubigen_write_layout_vol (00404a90) -> memset"
  },
  {
    "name": "CWE676",
    "version": "0.1",
    "addresses": [
      "00405ba4"
    ],
    "tids": [
      "instr_00405ba4_7"
    ],
    "symbols": [
      "read_positive_ll"
    ],
    "other": [
      [
        "dangerous_function",
        "sscanf"
      ]
    ],
    "description": "(Use of Potentially Dangerous Function) read_positive_ll (00405ba4) -> sscanf"
  },
  {
    "name": "CWE676",
    "version": "0.1",
    "addresses": [
      "00405edc"
    ],
    "tids": [
      "instr_00405edc_7"
    ],
    "symbols": [
      "dev_read_int"
    ],
    "other": [
      [
        "dangerous_function",
        "strlen"
      ]
    ],
    "description": "(Use of Potentially Dangerous Function) dev_read_int (00405edc) -> strlen"
  },
  {
    "name": "CWE676",
    "version": "0.1",
    "addresses": [
      "00405f08"
    ],
    "tids": [
      "instr_00405f08_7"
    ],
    "symbols": [
      "dev_read_int"
    ],
    "other": [
      [
        "dangerous_function",
        "sprintf"
      ]
    ],
    "description": "(Use of Potentially Dangerous Function) dev_read_int (00405f08) -> sprintf"
  },
  {
    "name": "CWE676",
    "version": "0.1",
    "addresses": [
      "00405f70"
    ],
    "tids": [
      "instr_00405f70_7"
    ],
    "symbols": [
      "mkpath"
    ],
    "other": [
      [
        "dangerous_function",
        "strlen"
      ]
    ],
    "description": "(Use of Potentially Dangerous Function) mkpath (00405f70) -> strlen"
  },
  {
    "name": "CWE676",
    "version": "0.1",
    "addresses": [
      "00405f88"
    ],
    "tids": [
      "instr_00405f88_7"
    ],
    "symbols": [
      "mkpath"
    ],
    "other": [
      [
        "dangerous_function",
        "strlen"
      ]
    ],
    "description": "(Use of Potentially Dangerous Function) mkpath (00405f88) -> strlen"
  },
  {
    "name": "CWE676",
    "version": "0.1",
    "addresses": [
      "00405fc4"
    ],
    "tids": [
      "instr_00405fc4_7"
    ],
    "symbols": [
      "mkpath"
    ],
    "other": [
      [
        "dangerous_function",
        "memcpy"
      ]
    ],
    "description": "(Use of Potentially Dangerous Function) mkpath (00405fc4) -> memcpy"
  },
  {
    "name": "CWE676",
    "version": "0.1",
    "addresses": [
      "00405ff8"
    ],
    "tids": [
      "instr_00405ff8_7"
    ],
    "symbols": [
      "mkpath"
    ],
    "other": [
      [
        "dangerous_function",
        "memcpy"
      ]
    ],
    "description": "(Use of Potentially Dangerous Function) mkpath (00405ff8) -> memcpy"
  },
  {
    "name": "CWE676",
    "version": "0.1",
    "addresses": [
      "004060fc"
    ],
    "tids": [
      "instr_004060fc_7"
    ],
    "symbols": [
      "read_major"
    ],
    "other": [
      [
        "dangerous_function",
        "sscanf"
      ]
    ],
    "description": "(Use of Potentially Dangerous Function) read_major (004060fc) -> sscanf"
  },
  {
    "name": "CWE676",
    "version": "0.1",
    "addresses": [
      "00406860"
    ],
    "tids": [
      "instr_00406860_10"
    ],
    "symbols": [
      "ubi_get_info"
    ],
    "other": [
      [
        "dangerous_function",
        "memset"
      ]
    ],
    "description": "(Use of Potentially Dangerous Function) ubi_get_info (00406860) -> memset"
  },
  {
    "name": "CWE676",
    "version": "0.1",
    "addresses": [
      "004068fc"
    ],
    "tids": [
      "instr_004068fc_6"
    ],
    "symbols": [
      "ubi_get_info"
    ],
    "other": [
      [
        "dangerous_function",
        "strlen"
      ]
    ],
    "description": "(Use of Potentially Dangerous Function) ubi_get_info (004068fc) -> strlen"
  },
  {
    "name": "CWE676",
    "version": "0.1",
    "addresses": [
      "00406924"
    ],
    "tids": [
      "instr_00406924_6"
    ],
    "symbols": [
      "ubi_get_info"
    ],
    "other": [
      [
        "dangerous_function",
        "sscanf"
      ]
    ],
    "description": "(Use of Potentially Dangerous Function) ubi_get_info (00406924) -> sscanf"
  },
  {
    "name": "CWE676",
    "version": "0.1",
    "addresses": [
      "00407320"
    ],
    "tids": [
      "instr_00407320_7"
    ],
    "symbols": [
      "dev_get_major"
    ],
    "other": [
      [
        "dangerous_function",
        "strlen"
      ]
    ],
    "description": "(Use of Potentially Dangerous Function) dev_get_major (00407320) -> strlen"
  },
  {
    "name": "CWE676",
    "version": "0.1",
    "addresses": [
      "0040734c"
    ],
    "tids": [
      "instr_0040734c_7"
    ],
    "symbols": [
      "dev_get_major"
    ],
    "other": [
      [
        "dangerous_function",
        "sprintf"
      ]
    ],
    "description": "(Use of Potentially Dangerous Function) dev_get_major (0040734c) -> sprintf"
  },
  {
    "name": "CWE676",
    "version": "0.1",
    "addresses": [
      "00407380"
    ],
    "tids": [
      "instr_00407380_7"
    ],
    "symbols": [
      "dev_get_major"
    ],
    "other": [
      [
        "dangerous_function",
        "sscanf"
      ]
    ],
    "description": "(Use of Potentially Dangerous Function) dev_get_major (00407380) -> sscanf"
  },
  {
    "name": "CWE676",
    "version": "0.1",
    "addresses": [
      "004074b8"
    ],
    "tids": [
      "instr_004074b8_7"
    ],
    "symbols": [
      "dev_read_data"
    ],
    "other": [
      [
        "dangerous_function",
        "strlen"
      ]
    ],
    "description": "(Use of Potentially Dangerous Function) dev_read_data (004074b8) -> strlen"
  },
  {
    "name": "CWE676",
    "version": "0.1",
    "addresses": [
      "004074e4"
    ],
    "tids": [
      "instr_004074e4_7"
    ],
    "symbols": [
      "dev_read_data"
    ],
    "other": [
      [
        "dangerous_function",
        "sprintf"
      ]
    ],
    "description": "(Use of Potentially Dangerous Function) dev_read_data (004074e4) -> sprintf"
  },
  {
    "name": "CWE676",
    "version": "0.1",
    "addresses": [
      "004075a8"
    ],
    "tids": [
      "instr_004075a8_7"
    ],
    "symbols": [
      "read_pos_ll"
    ],
    "other": [
      [
        "dangerous_function",
        "sscanf"
      ]
    ],
    "description": "(Use of Potentially Dangerous Function) read_pos_ll (004075a8) -> sscanf"
  },
  {
    "name": "CWE676",
    "version": "0.1",
    "addresses": [
      "00407810"
    ],
    "tids": [
      "instr_00407810_7"
    ],
    "symbols": [
      "dev_read_pos_ll"
    ],
    "other": [
      [
        "dangerous_function",
        "strlen"
      ]
    ],
    "description": "(Use of Potentially Dangerous Function) dev_read_pos_ll (00407810) -> strlen"
  },
  {
    "name": "CWE676",
    "version": "0.1",
    "addresses": [
      "0040783c"
    ],
    "tids": [
      "instr_0040783c_7"
    ],
    "symbols": [
      "dev_read_pos_ll"
    ],
    "other": [
      [
        "dangerous_function",
        "sprintf"
      ]
    ],
    "description": "(Use of Potentially Dangerous Function) dev_read_pos_ll (0040783c) -> sprintf"
  },
  {
    "name": "CWE676",
    "version": "0.1",
    "addresses": [
      "004078ac"
    ],
    "tids": [
      "instr_004078ac_7"
    ],
    "symbols": [
      "dev_read_pos_int"
    ],
    "other": [
      [
        "dangerous_function",
        "strlen"
      ]
    ],
    "description": "(Use of Potentially Dangerous Function) dev_read_pos_int (004078ac) -> strlen"
  },
  {
    "name": "CWE676",
    "version": "0.1",
    "addresses": [
      "004078d8"
    ],
    "tids": [
      "instr_004078d8_7"
    ],
    "symbols": [
      "dev_read_pos_int"
    ],
    "other": [
      [
        "dangerous_function",
        "sprintf"
      ]
    ],
    "description": "(Use of Potentially Dangerous Function) dev_read_pos_int (004078d8) -> sprintf"
  },
  {
    "name": "CWE676",
    "version": "0.1",
    "addresses": [
      "004079d8"
    ],
    "tids": [
      "instr_004079d8_7"
    ],
    "symbols": [
      "dev_read_hex_int"
    ],
    "other": [
      [
        "dangerous_function",
        "strlen"
      ]
    ],
    "description": "(Use of Potentially Dangerous Function) dev_read_hex_int (004079d8) -> strlen"
  },
  {
    "name": "CWE676",
    "version": "0.1",
    "addresses": [
      "00407a04"
    ],
    "tids": [
      "instr_00407a04_7"
    ],
    "symbols": [
      "dev_read_hex_int"
    ],
    "other": [
      [
        "dangerous_function",
        "sprintf"
      ]
    ],
    "description": "(Use of Potentially Dangerous Function) dev_read_hex_int (00407a04) -> sprintf"
  },
  {
    "name": "CWE676",
    "version": "0.1",
    "addresses": [
      "00407a74"
    ],
    "tids": [
      "instr_00407a74_7"
    ],
    "symbols": [
      "dev_read_hex_int"
    ],
    "other": [
      [
        "dangerous_function",
        "sscanf"
      ]
    ],
    "description": "(Use of Potentially Dangerous Function) dev_read_hex_int (00407a74) -> sscanf"
  },
  {
    "name": "CWE676",
    "version": "0.1",
    "addresses": [
      "00407d5c"
    ],
    "tids": [
      "instr_00407d5c_10"
    ],
    "symbols": [
      "sysfs_is_supported"
    ],
    "other": [
      [
        "dangerous_function",
        "strlen"
      ]
    ],
    "description": "(Use of Potentially Dangerous Function) sysfs_is_supported (00407d5c) -> strlen"
  },
  {
    "name": "CWE676",
    "version": "0.1",
    "addresses": [
      "00407dc4"
    ],
    "tids": [
      "instr_00407dc4_6"
    ],
    "symbols": [
      "sysfs_is_supported"
    ],
    "other": [
      [
        "dangerous_function",
        "strlen"
      ]
    ],
    "description": "(Use of Potentially Dangerous Function) sysfs_is_supported (00407dc4) -> strlen"
  },
  {
    "name": "CWE676",
    "version": "0.1",
    "addresses": [
      "00407dec"
    ],
    "tids": [
      "instr_00407dec_6"
    ],
    "symbols": [
      "sysfs_is_supported"
    ],
    "other": [
      [
        "dangerous_function",
        "sscanf"
      ]
    ],
    "description": "(Use of Potentially Dangerous Function) sysfs_is_supported (00407dec) -> sscanf"
  },
  {
    "name": "CWE676",
    "version": "0.1",
    "addresses": [
      "00407e38"
    ],
    "tids": [
      "instr_00407e38_7"
    ],
    "symbols": [
      "sysfs_is_supported"
    ],
    "other": [
      [
        "dangerous_function",
        "sprintf"
      ]
    ],
    "description": "(Use of Potentially Dangerous Function) sysfs_is_supported (00407e38) -> sprintf"
  },
  {
    "name": "CWE676",
    "version": "0.1",
    "addresses": [
      "00408214"
    ],
    "tids": [
      "instr_00408214_7"
    ],
    "symbols": [
      "mkpath"
    ],
    "other": [
      [
        "dangerous_function",
        "strlen"
      ]
    ],
    "description": "(Use of Potentially Dangerous Function) mkpath (00408214) -> strlen"
  },
  {
    "name": "CWE676",
    "version": "0.1",
    "addresses": [
      "0040822c"
    ],
    "tids": [
      "instr_0040822c_7"
    ],
    "symbols": [
      "mkpath"
    ],
    "other": [
      [
        "dangerous_function",
        "strlen"
      ]
    ],
    "description": "(Use of Potentially Dangerous Function) mkpath (0040822c) -> strlen"
  },
  {
    "name": "CWE676",
    "version": "0.1",
    "addresses": [
      "00408258"
    ],
    "tids": [
      "instr_00408258_7"
    ],
    "symbols": [
      "mkpath"
    ],
    "other": [
      [
        "dangerous_function",
        "memcpy"
      ]
    ],
    "description": "(Use of Potentially Dangerous Function) mkpath (00408258) -> memcpy"
  },
  {
    "name": "CWE676",
    "version": "0.1",
    "addresses": [
      "00408288"
    ],
    "tids": [
      "instr_00408288_7"
    ],
    "symbols": [
      "mkpath"
    ],
    "other": [
      [
        "dangerous_function",
        "memcpy"
      ]
    ],
    "description": "(Use of Potentially Dangerous Function) mkpath (00408288) -> memcpy"
  },
  {
    "name": "CWE676",
    "version": "0.1",
    "addresses": [
      "0040835c"
    ],
    "tids": [
      "instr_0040835c_6"
    ],
    "symbols": [
      "mtd_get_info"
    ],
    "other": [
      [
        "dangerous_function",
        "strlen"
      ]
    ],
    "description": "(Use of Potentially Dangerous Function) mtd_get_info (0040835c) -> strlen"
  },
  {
    "name": "CWE676",
    "version": "0.1",
    "addresses": [
      "00408384"
    ],
    "tids": [
      "instr_00408384_6"
    ],
    "symbols": [
      "mtd_get_info"
    ],
    "other": [
      [
        "dangerous_function",
        "sscanf"
      ]
    ],
    "description": "(Use of Potentially Dangerous Function) mtd_get_info (00408384) -> sscanf"
  },
  {
    "name": "CWE676",
    "version": "0.1",
    "addresses": [
      "00408a08"
    ],
    "tids": [
      "instr_00408a08_10"
    ],
    "symbols": [
      "mtd_dev_present"
    ],
    "other": [
      [
        "dangerous_function",
        "strlen"
      ]
    ],
    "description": "(Use of Potentially Dangerous Function) mtd_dev_present (00408a08) -> strlen"
  },
  {
    "name": "CWE676",
    "version": "0.1",
    "addresses": [
      "00408a38"
    ],
    "tids": [
      "instr_00408a38_7"
    ],
    "symbols": [
      "mtd_dev_present"
    ],
    "other": [
      [
        "dangerous_function",
        "sprintf"
      ]
    ],
    "description": "(Use of Potentially Dangerous Function) mtd_dev_present (00408a38) -> sprintf"
  },
  {
    "name": "CWE676",
    "version": "0.1",
    "addresses": [
      "00408ae0"
    ],
    "tids": [
      "instr_00408ae0_7"
    ],
    "symbols": [
      "mtd_get_info"
    ],
    "other": [
      [
        "dangerous_function",
        "memset"
      ]
    ],
    "description": "(Use of Potentially Dangerous Function) mtd_get_info (00408ae0) -> memset"
  },
  {
    "name": "CWE676",
    "version": "0.1",
    "addresses": [
      "00408b74"
    ],
    "tids": [
      "instr_00408b74_10"
    ],
    "symbols": [
      "mtd_get_dev_info1"
    ],
    "other": [
      [
        "dangerous_function",
        "memset"
      ]
    ],
    "description": "(Use of Potentially Dangerous Function) mtd_get_dev_info1 (00408b74) -> memset"
  },
  {
    "name": "CWE676",
    "version": "0.1",
    "addresses": [
      "0040a258"
    ],
    "tids": [
      "instr_0040a258_7"
    ],
    "symbols": [
      "mtd_write"
    ],
    "other": [
      [
        "dangerous_function",
        "memcpy"
      ]
    ],
    "description": "(Use of Potentially Dangerous Function) mtd_write (0040a258) -> memcpy"
  },
  {
    "name": "CWE676",
    "version": "0.1",
    "addresses": [
      "0040a2ac"
    ],
    "tids": [
      "instr_0040a2ac_7"
    ],
    "symbols": [
      "mtd_write"
    ],
    "other": [
      [
        "dangerous_function",
        "memcpy"
      ]
    ],
    "description": "(Use of Potentially Dangerous Function) mtd_write (0040a2ac) -> memcpy"
  },
  {
    "name": "CWE676",
    "version": "0.1",
    "addresses": [
      "0040a3c0"
    ],
    "tids": [
      "instr_0040a3c0_7"
    ],
    "symbols": [
      "mtd_write"
    ],
    "other": [
      [
        "dangerous_function",
        "memcpy"
      ]
    ],
    "description": "(Use of Potentially Dangerous Function) mtd_write (0040a3c0) -> memcpy"
  },
  {
    "name": "CWE676",
    "version": "0.1",
    "addresses": [
      "0040a570"
    ],
    "tids": [
      "instr_0040a570_7"
    ],
    "symbols": [
      "mtd_torture"
    ],
    "other": [
      [
        "dangerous_function",
        "memset"
      ]
    ],
    "description": "(Use of Potentially Dangerous Function) mtd_torture (0040a570) -> memset"
  },
  {
    "name": "CWE676",
    "version": "0.1",
    "addresses": [
      "0040a5bc"
    ],
    "tids": [
      "instr_0040a5bc_8"
    ],
    "symbols": [
      "mtd_torture"
    ],
    "other": [
      [
        "dangerous_function",
        "memset"
      ]
    ],
    "description": "(Use of Potentially Dangerous Function) mtd_torture (0040a5bc) -> memset"
  },
  {
    "name": "CWE676",
    "version": "0.1",
    "addresses": [
      "0040a7c8"
    ],
    "tids": [
      "instr_0040a7c8_7"
    ],
    "symbols": [
      "proc_parse_start"
    ],
    "other": [
      [
        "dangerous_function",
        "memcmp"
      ]
    ],
    "description": "(Use of Potentially Dangerous Function) proc_parse_start (0040a7c8) -> memcmp"
  },
  {
    "name": "CWE676",
    "version": "0.1",
    "addresses": [
      "0040a9f8"
    ],
    "tids": [
      "instr_0040a9f8_7"
    ],
    "symbols": [
      "proc_parse_next"
    ],
    "other": [
      [
        "dangerous_function",
        "sscanf"
      ]
    ],
    "description": "(Use of Potentially Dangerous Function) proc_parse_next (0040a9f8) -> sscanf"
  },
  {
    "name": "CWE676",
    "version": "0.1",
    "addresses": [
      "0040aa90"
    ],
    "tids": [
      "instr_0040aa90_7"
    ],
    "symbols": [
      "proc_parse_next"
    ],
    "other": [
      [
        "dangerous_function",
        "memcpy"
      ]
    ],
    "description": "(Use of Potentially Dangerous Function) proc_parse_next (0040aa90) -> memcpy"
  },
  {
    "name": "CWE676",
    "version": "0.1",
    "addresses": [
      "0040ad2c"
    ],
    "tids": [
      "instr_0040ad2c_7"
    ],
    "symbols": [
      "legacy_get_dev_info"
    ],
    "other": [
      [
        "dangerous_function",
        "memset"
      ]
    ],
    "description": "(Use of Potentially Dangerous Function) legacy_get_dev_info (0040ad2c) -> memset"
  },
  {
    "name": "CWE676",
    "version": "0.1",
    "addresses": [
      "0040b060"
    ],
    "tids": [
      "instr_0040b060_7"
    ],
    "symbols": [
      "legacy_get_dev_info"
    ],
    "other": [
      [
        "dangerous_function",
        "strcpy"
      ]
    ],
    "description": "(Use of Potentially Dangerous Function) legacy_get_dev_info (0040b060) -> strcpy"
  },
  {
    "name": "CWE676",
    "version": "0.1",
    "addresses": [
      "0040b48c"
    ],
    "tids": [
      "instr_0040b48c_7"
    ],
    "symbols": [
      "legacy_get_dev_info1"
    ],
    "other": [
      [
        "dangerous_function",
        "sprintf"
      ]
    ],
    "description": "(Use of Potentially Dangerous Function) legacy_get_dev_info1 (0040b48c) -> sprintf"
  },
  {
    "name": "CWE676",
    "version": "0.1",
    "addresses": [
      "0040c7d4"
    ],
    "tids": [
      "instr_0040c7d4_7"
    ],
    "symbols": [
      "_fpadd_parts"
    ],
    "other": [
      [
        "dangerous_function",
        "memcpy"
      ]
    ],
    "description": "(Use of Potentially Dangerous Function) _fpadd_parts (0040c7d4) -> memcpy"
  },
  {
    "name": "CWE782",
    "version": "0.1",
    "addresses": [
      "004091f8"
    ],
    "tids": [
      "instr_004091f8_7"
    ],
    "symbols": [
      "mtd_erase"
    ],
    "other": [],
    "description": "(Exposed IOCTL with Insufficient Access Control) Program uses ioctl at mtd_erase (004091f8). Be sure to double check the program and the corresponding driver."
  },
  {
    "name": "CWE782",
    "version": "0.1",
    "addresses": [
      "0040928c"
    ],
    "tids": [
      "instr_0040928c_7"
    ],
    "symbols": [
      "mtd_erase"
    ],
    "other": [],
    "description": "(Exposed IOCTL with Insufficient Access Control) Program uses ioctl at mtd_erase (0040928c). Be sure to double check the program and the corresponding driver."
  },
  {
    "name": "CWE782",
    "version": "0.1",
    "addresses": [
      "004094e0"
    ],
    "tids": [
      "instr_004094e0_10"
    ],
    "symbols": [
      "mtd_is_bad"
    ],
    "other": [],
    "description": "(Exposed IOCTL with Insufficient Access Control) Program uses ioctl at mtd_is_bad (004094e0). Be sure to double check the program and the corresponding driver."
  },
  {
    "name": "CWE782",
    "version": "0.1",
    "addresses": [
      "00409628"
    ],
    "tids": [
      "instr_00409628_10"
    ],
    "symbols": [
      "mtd_mark_bad"
    ],
    "other": [],
    "description": "(Exposed IOCTL with Insufficient Access Control) Program uses ioctl at mtd_mark_bad (00409628). Be sure to double check the program and the corresponding driver."
  },
  {
    "name": "CWE782",
    "version": "0.1",
    "addresses": [
      "00409a90"
    ],
    "tids": [
      "instr_00409a90_7"
    ],
    "symbols": [
      "do_oob_op"
    ],
    "other": [],
    "description": "(Exposed IOCTL with Insufficient Access Control) Program uses ioctl at do_oob_op (00409a90). Be sure to double check the program and the corresponding driver."
  },
  {
    "name": "CWE782",
    "version": "0.1",
    "addresses": [
      "00409bb8"
    ],
    "tids": [
      "instr_00409bb8_7"
    ],
    "symbols": [
      "do_oob_op"
    ],
    "other": [],
    "description": "(Exposed IOCTL with Insufficient Access Control) Program uses ioctl at do_oob_op (00409bb8). Be sure to double check the program and the corresponding driver."
  },
  {
    "name": "CWE782",
    "version": "0.1",
    "addresses": [
      "00409f8c"
    ],
    "tids": [
      "instr_00409f8c_7"
    ],
    "symbols": [
      "mtd_write"
    ],
    "other": [],
    "description": "(Exposed IOCTL with Insufficient Access Control) Program uses ioctl at mtd_write (00409f8c). Be sure to double check the program and the corresponding driver."
  },
  {
    "name": "CWE782",
    "version": "0.1",
    "addresses": [
      "0040a220"
    ],
    "tids": [
      "instr_0040a220_7"
    ],
    "symbols": [
      "mtd_write"
    ],
    "other": [],
    "description": "(Exposed IOCTL with Insufficient Access Control) Program uses ioctl at mtd_write (0040a220). Be sure to double check the program and the corresponding driver."
  },
  {
    "name": "CWE782",
    "version": "0.1",
    "addresses": [
      "0040adc0"
    ],
    "tids": [
      "instr_0040adc0_7"
    ],
    "symbols": [
      "legacy_get_dev_info"
    ],
    "other": [],
    "description": "(Exposed IOCTL with Insufficient Access Control) Program uses ioctl at legacy_get_dev_info (0040adc0). Be sure to double check the program and the corresponding driver."
  },
  {
    "name": "CWE782",
    "version": "0.1",
    "addresses": [
      "0040ade0"
    ],
    "tids": [
      "instr_0040ade0_7"
    ],
    "symbols": [
      "legacy_get_dev_info"
    ],
    "other": [],
    "description": "(Exposed IOCTL with Insufficient Access Control) Program uses ioctl at legacy_get_dev_info (0040ade0). Be sure to double check the program and the corresponding driver."
  },
  {
    "name": "CWE787",
    "version": "0.3",
    "addresses": [
      "00402d98"
    ],
    "tids": [
      "instr_00402d98_3"
    ],
    "symbols": [],
    "other": [
      [
        "For the object ID sub_00402d40 @ sp:i32 access to the offset 0 (size 4) may overflow the upper object bound of 0.",
        "Relevant callgraph TIDs: [sub_00402d40]"
      ]
    ],
    "description": "(Out-of-bounds Write) Memory write at 00402d98 may be out of bounds."
  },
  {
    "name": "CWE787",
    "version": "0.3",
    "addresses": [
      "00404e14"
    ],
    "tids": [
      "instr_00404e14_3"
    ],
    "symbols": [],
    "other": [
      [
        "For the object ID sub_00404dc8 @ sp:i32 access to the offset 8 (size 4) may overflow the upper object bound of 0.",
        "Relevant callgraph TIDs: [sub_00404dc8]"
      ]
    ],
    "description": "(Out-of-bounds Write) Memory write at 00404e14 may be out of bounds."
  }
]