[
  {
    "name": "CWE252",
    "version": "0.1",
    "addresses": [
      "00400b18",
      "00400b30"
    ],
    "tids": [
      "instr_00400b18_7",
      "instr_00400b30_7"
    ],
    "symbols": [
      "system"
    ],
    "other": [
      [
        "reason=empty_state"
      ]
    ],
    "description": "(Unchecked Return Value) There is no check of the return value of 00400b18 (system)."
  },
  {
    "name": "CWE252",
    "version": "0.1",
    "addresses": [
      "00400c70",
      "00400c88"
    ],
    "tids": [
      "instr_00400c70_7",
      "instr_00400c88_7"
    ],
    "symbols": [
      "system"
    ],
    "other": [
      [
        "reason=empty_state"
      ]
    ],
    "description": "(Unchecked Return Value) There is no check of the return value of 00400c70 (system)."
  },
  {
    "name": "CWE467",
    "version": "0.2",
    "addresses": [
      "00400ca0"
    ],
    "tids": [
      "instr_00400ca0_7"
    ],
    "symbols": [],
    "other": [],
    "description": "(Use of sizeof on a Pointer Type) sizeof on pointer at 00400ca0 (memcmp)."
  },
  {
    "name": "CWE676",
    "version": "0.1",
    "addresses": [
      "00400ca0"
    ],
    "tids": [
      "instr_00400ca0_7"
    ],
    "symbols": [
      "FUN_00400c2c"
    ],
    "other": [
      [
        "dangerous_function",
        "memcmp"
      ]
    ],
    "description": "(Use of Potentially Dangerous Function) FUN_00400c2c (00400ca0) -> memcmp"
  }
]