[
  {
    "name": "CWE252",
    "version": "0.1",
    "addresses": [
      "00400b44",
      "00400b4c"
    ],
    "tids": [
      "instr_00400b44_7",
      "instr_00400b4c_0"
    ],
    "symbols": [
      "system"
    ],
    "other": [
      [
        "reason=empty_state"
      ]
    ],
    "description": "(Unchecked Return Value) There is no check of the return value of 00400b44 (system)."
  },
  {
    "name": "CWE252",
    "version": "0.1",
    "addresses": [
      "00400d64",
      "00400d74"
    ],
    "tids": [
      "instr_00400d64_7",
      "instr_00400d74_7"
    ],
    "symbols": [
      "system"
    ],
    "other": [
      [
        "reason=empty_state"
      ]
    ],
    "description": "(Unchecked Return Value) There is no check of the return value of 00400d64 (system)."
  },
  {
    "name": "CWE252",
    "version": "0.1",
    "addresses": [
      "00400f2c",
      "00400f34"
    ],
    "tids": [
      "instr_00400f2c_7",
      "instr_00400f34_0"
    ],
    "symbols": [
      "system"
    ],
    "other": [
      [
        "reason=empty_state"
      ]
    ],
    "description": "(Unchecked Return Value) There is no check of the return value of 00400f2c (system)."
  },
  {
    "name": "CWE252",
    "version": "0.1",
    "addresses": [
      "00400f6c",
      "00400f74"
    ],
    "tids": [
      "instr_00400f6c_7",
      "instr_00400f74_0"
    ],
    "symbols": [
      "system"
    ],
    "other": [
      [
        "reason=empty_state"
      ]
    ],
    "description": "(Unchecked Return Value) There is no check of the return value of 00400f6c (system)."
  },
  {
    "name": "CWE676",
    "version": "0.1",
    "addresses": [
      "00400acc"
    ],
    "tids": [
      "instr_00400acc_7"
    ],
    "symbols": [
      "FUN_00400a6c"
    ],
    "other": [
      [
        "dangerous_function",
        "memset"
      ]
    ],
    "description": "(Use of Potentially Dangerous Function) FUN_00400a6c (00400acc) -> memset"
  },
  {
    "name": "CWE676",
    "version": "0.1",
    "addresses": [
      "00400b34"
    ],
    "tids": [
      "instr_00400b34_7"
    ],
    "symbols": [
      "FUN_00400a6c"
    ],
    "other": [
      [
        "dangerous_function",
        "sprintf"
      ]
    ],
    "description": "(Use of Potentially Dangerous Function) FUN_00400a6c (00400b34) -> sprintf"
  }
]