[
  {
    "name": "CWE134",
    "version": "0.1",
    "addresses": [
      "004021a4"
    ],
    "tids": [
      "instr_004021a4_6"
    ],
    "symbols": [
      "printf"
    ],
    "other": [],
    "description": "(Externally Controlled Format String) Potential externally controlled format string for call to printf at 004021a4"
  },
  {
    "name": "CWE134",
    "version": "0.1",
    "addresses": [
      "00403414"
    ],
    "tids": [
      "instr_00403414_7"
    ],
    "symbols": [
      "printf"
    ],
    "other": [],
    "description": "(Externally Controlled Format String) Potential externally controlled format string for call to printf at 00403414"
  },
  {
    "name": "CWE134",
    "version": "0.1",
    "addresses": [
      "0040347c"
    ],
    "tids": [
      "instr_0040347c_7"
    ],
    "symbols": [
      "printf"
    ],
    "other": [],
    "description": "(Externally Controlled Format String) Potential externally controlled format string for call to printf at 0040347c"
  },
  {
    "name": "CWE134",
    "version": "0.1",
    "addresses": [
      "004034f8"
    ],
    "tids": [
      "instr_004034f8_7"
    ],
    "symbols": [
      "printf"
    ],
    "other": [],
    "description": "(Externally Controlled Format String) Potential externally controlled format string for call to printf at 004034f8"
  },
  {
    "name": "CWE134",
    "version": "0.1",
    "addresses": [
      "004035f4"
    ],
    "tids": [
      "instr_004035f4_7"
    ],
    "symbols": [
      "printf"
    ],
    "other": [],
    "description": "(Externally Controlled Format String) Potential externally controlled format string for call to printf at 004035f4"
  },
  {
    "name": "CWE134",
    "version": "0.1",
    "addresses": [
      "0040365c"
    ],
    "tids": [
      "instr_0040365c_6"
    ],
    "symbols": [
      "printf"
    ],
    "other": [],
    "description": "(Externally Controlled Format String) Potential externally controlled format string for call to printf at 0040365c"
  },
  {
    "name": "CWE134",
    "version": "0.1",
    "addresses": [
      "004036b0"
    ],
    "tids": [
      "instr_004036b0_6"
    ],
    "symbols": [
      "printf"
    ],
    "other": [],
    "description": "(Externally Controlled Format String) Potential externally controlled format string for call to printf at 004036b0"
  },
  {
    "name": "CWE134",
    "version": "0.1",
    "addresses": [
      "0040374c"
    ],
    "tids": [
      "instr_0040374c_6"
    ],
    "symbols": [
      "printf"
    ],
    "other": [],
    "description": "(Externally Controlled Format String) Potential externally controlled format string for call to printf at 0040374c"
  },
  {
    "name": "CWE134",
    "version": "0.1",
    "addresses": [
      "004037c0"
    ],
    "tids": [
      "instr_004037c0_6"
    ],
    "symbols": [
      "printf"
    ],
    "other": [],
    "description": "(Externally Controlled Format String) Potential externally controlled format string for call to printf at 004037c0"
  },
  {
    "name": "CWE134",
    "version": "0.1",
    "addresses": [
      "00403854"
    ],
    "tids": [
      "instr_00403854_6"
    ],
    "symbols": [
      "printf"
    ],
    "other": [],
    "description": "(Externally Controlled Format String) Potential externally controlled format string for call to printf at 00403854"
  },
  {
    "name": "CWE134",
    "version": "0.1",
    "addresses": [
      "00403960"
    ],
    "tids": [
      "instr_00403960_6"
    ],
    "symbols": [
      "printf"
    ],
    "other": [],
    "description": "(Externally Controlled Format String) Potential externally controlled format string for call to printf at 00403960"
  },
  {
    "name": "CWE134",
    "version": "0.1",
    "addresses": [
      "00403a0c"
    ],
    "tids": [
      "instr_00403a0c_6"
    ],
    "symbols": [
      "printf"
    ],
    "other": [],
    "description": "(Externally Controlled Format String) Potential externally controlled format string for call to printf at 00403a0c"
  },
  {
    "name": "CWE252",
    "version": "0.1",
    "addresses": [
      "004012f8",
      "00401300"
    ],
    "tids": [
      "instr_004012f8_7",
      "instr_00401300_0"
    ],
    "symbols": [
      "sscanf"
    ],
    "other": [
      [
        "reason=empty_state"
      ]
    ],
    "description": "(Unchecked Return Value) There is no check of the return value of 004012f8 (sscanf)."
  },
  {
    "name": "CWE252",
    "version": "0.1",
    "addresses": [
      "00401404",
      "00401424"
    ],
    "tids": [
      "instr_00401404_7",
      "instr_00401424_0"
    ],
    "symbols": [
      "sscanf"
    ],
    "other": [
      [
        "reason=empty_state"
      ]
    ],
    "description": "(Unchecked Return Value) There is no check of the return value of 00401404 (sscanf)."
  },
  {
    "name": "CWE252",
    "version": "0.1",
    "addresses": [
      "00401538",
      "00401540"
    ],
    "tids": [
      "instr_00401538_7",
      "instr_00401540_0"
    ],
    "symbols": [
      "sscanf"
    ],
    "other": [
      [
        "reason=empty_state"
      ]
    ],
    "description": "(Unchecked Return Value) There is no check of the return value of 00401538 (sscanf)."
  },
  {
    "name": "CWE252",
    "version": "0.1",
    "addresses": [
      "00402060",
      "0040207c"
    ],
    "tids": [
      "instr_00402060_7",
      "instr_0040207c_7"
    ],
    "symbols": [
      "fgets"
    ],
    "other": [
      [
        "reason=empty_state"
      ]
    ],
    "description": "(Unchecked Return Value) There is no check of the return value of 00402060 (fgets)."
  },
  {
    "name": "CWE252",
    "version": "0.1",
    "addresses": [
      "004020d0",
      "004021c0"
    ],
    "tids": [
      "instr_004020d0_7",
      "instr_004021c0_1"
    ],
    "symbols": [
      "setsid"
    ],
    "other": [
      [
        "reason=empty_state"
      ]
    ],
    "description": "(Unchecked Return Value) There is no check of the return value of 004020d0 (setsid)."
  },
  {
    "name": "CWE252",
    "version": "0.1",
    "addresses": [
      "004022a4",
      "004022b8"
    ],
    "tids": [
      "instr_004022a4_7",
      "instr_004022b8_7"
    ],
    "symbols": [
      "lockf"
    ],
    "other": [
      [
        "reason=empty_state"
      ]
    ],
    "description": "(Unchecked Return Value) There is no check of the return value of 004022a4 (lockf)."
  },
  {
    "name": "CWE252",
    "version": "0.1",
    "addresses": [
      "00402354",
      "00402364"
    ],
    "tids": [
      "instr_00402354_7",
      "instr_00402364_7"
    ],
    "symbols": [
      "lockf"
    ],
    "other": [
      [
        "reason=empty_state"
      ]
    ],
    "description": "(Unchecked Return Value) There is no check of the return value of 00402354 (lockf)."
  },
  {
    "name": "CWE252",
    "version": "0.1",
    "addresses": [
      "00402f58",
      "00402f6c"
    ],
    "tids": [
      "instr_00402f58_7",
      "instr_00402f6c_3"
    ],
    "symbols": [
      "sscanf"
    ],
    "other": [
      [
        "reason=empty_state"
      ]
    ],
    "description": "(Unchecked Return Value) There is no check of the return value of 00402f58 (sscanf)."
  },
  {
    "name": "CWE252",
    "version": "0.1",
    "addresses": [
      "00402fbc",
      "00402fd0"
    ],
    "tids": [
      "instr_00402fbc_7",
      "instr_00402fd0_3"
    ],
    "symbols": [
      "sscanf"
    ],
    "other": [
      [
        "reason=empty_state"
      ]
    ],
    "description": "(Unchecked Return Value) There is no check of the return value of 00402fbc (sscanf)."
  },
  {
    "name": "CWE252",
    "version": "0.1",
    "addresses": [
      "0040301c",
      "00403030"
    ],
    "tids": [
      "instr_0040301c_7",
      "instr_00403030_3"
    ],
    "symbols": [
      "sscanf"
    ],
    "other": [
      [
        "reason=empty_state"
      ]
    ],
    "description": "(Unchecked Return Value) There is no check of the return value of 0040301c (sscanf)."
  },
  {
    "name": "CWE252",
    "version": "0.1",
    "addresses": [
      "0040307c",
      "00403090"
    ],
    "tids": [
      "instr_0040307c_7",
      "instr_00403090_3"
    ],
    "symbols": [
      "sscanf"
    ],
    "other": [
      [
        "reason=empty_state"
      ]
    ],
    "description": "(Unchecked Return Value) There is no check of the return value of 0040307c (sscanf)."
  },
  {
    "name": "CWE252",
    "version": "0.1",
    "addresses": [
      "004030b0",
      "004030c4"
    ],
    "tids": [
      "instr_004030b0_7",
      "instr_004030c4_7"
    ],
    "symbols": [
      "sscanf"
    ],
    "other": [
      [
        "reason=empty_state"
      ]
    ],
    "description": "(Unchecked Return Value) There is no check of the return value of 004030b0 (sscanf)."
  },
  {
    "name": "CWE252",
    "version": "0.1",
    "addresses": [
      "004030dc",
      "004030f0"
    ],
    "tids": [
      "instr_004030dc_7",
      "instr_004030f0_7"
    ],
    "symbols": [
      "sscanf"
    ],
    "other": [
      [
        "reason=empty_state"
      ]
    ],
    "description": "(Unchecked Return Value) There is no check of the return value of 004030dc (sscanf)."
  },
  {
    "name": "CWE252",
    "version": "0.1",
    "addresses": [
      "00403108",
      "00403118"
    ],
    "tids": [
      "instr_00403108_7",
      "instr_00403118_7"
    ],
    "symbols": [
      "sscanf"
    ],
    "other": [
      [
        "reason=empty_state"
      ]
    ],
    "description": "(Unchecked Return Value) There is no check of the return value of 00403108 (sscanf)."
  },
  {
    "name": "CWE467",
    "version": "0.2",
    "addresses": [
      "004012bc"
    ],
    "tids": [
      "instr_004012bc_7"
    ],
    "symbols": [],
    "other": [],
    "description": "(Use of sizeof on a Pointer Type) sizeof on pointer at 004012bc (strncmp)."
  },
  {
    "name": "CWE467",
    "version": "0.2",
    "addresses": [
      "00401384"
    ],
    "tids": [
      "instr_00401384_7"
    ],
    "symbols": [],
    "other": [],
    "description": "(Use of sizeof on a Pointer Type) sizeof on pointer at 00401384 (strncmp)."
  },
  {
    "name": "CWE467",
    "version": "0.2",
    "addresses": [
      "0040145c"
    ],
    "tids": [
      "instr_0040145c_7"
    ],
    "symbols": [],
    "other": [],
    "description": "(Use of sizeof on a Pointer Type) sizeof on pointer at 0040145c (strncmp)."
  },
  {
    "name": "CWE467",
    "version": "0.2",
    "addresses": [
      "004020fc"
    ],
    "tids": [
      "instr_004020fc_7"
    ],
    "symbols": [],
    "other": [],
    "description": "(Use of sizeof on a Pointer Type) sizeof on pointer at 004020fc (strncmp)."
  },
  {
    "name": "CWE467",
    "version": "0.2",
    "addresses": [
      "00402180"
    ],
    "tids": [
      "instr_00402180_7"
    ],
    "symbols": [],
    "other": [],
    "description": "(Use of sizeof on a Pointer Type) sizeof on pointer at 00402180 (strncmp)."
  },
  {
    "name": "CWE467",
    "version": "0.2",
    "addresses": [
      "00403f28"
    ],
    "tids": [
      "instr_00403f28_7"
    ],
    "symbols": [],
    "other": [],
    "description": "(Use of sizeof on a Pointer Type) sizeof on pointer at 00403f28 (strncmp)."
  },
  {
    "name": "CWE467",
    "version": "0.2",
    "addresses": [
      "0040483c"
    ],
    "tids": [
      "instr_0040483c_7"
    ],
    "symbols": [],
    "other": [],
    "description": "(Use of sizeof on a Pointer Type) sizeof on pointer at 0040483c (strncmp)."
  },
  {
    "name": "CWE467",
    "version": "0.2",
    "addresses": [
      "00404e74"
    ],
    "tids": [
      "instr_00404e74_7"
    ],
    "symbols": [],
    "other": [],
    "description": "(Use of sizeof on a Pointer Type) sizeof on pointer at 00404e74 (strncmp)."
  },
  {
    "name": "CWE476",
    "version": "0.3",
    "addresses": [
      "00402f24",
      "00402f3c"
    ],
    "tids": [
      "instr_00402f24_7",
      "instr_00402f3c_7"
    ],
    "symbols": [
      "strchr"
    ],
    "other": [],
    "description": "(NULL Pointer Dereference) There is no check if the return value is NULL at 00402f24 (strchr)."
  },
  {
    "name": "CWE476",
    "version": "0.3",
    "addresses": [
      "00402f3c",
      "00402f58"
    ],
    "tids": [
      "instr_00402f3c_7",
      "instr_00402f58_7"
    ],
    "symbols": [
      "strtok"
    ],
    "other": [],
    "description": "(NULL Pointer Dereference) There is no check if the return value is NULL at 00402f3c (strtok)."
  },
  {
    "name": "CWE476",
    "version": "0.3",
    "addresses": [
      "00402f74",
      "00402f8c"
    ],
    "tids": [
      "instr_00402f74_10",
      "instr_00402f8c_7"
    ],
    "symbols": [
      "strtok"
    ],
    "other": [],
    "description": "(NULL Pointer Dereference) There is no check if the return value is NULL at 00402f74 (strtok)."
  },
  {
    "name": "CWE476",
    "version": "0.3",
    "addresses": [
      "00402fd8",
      "00402ff0"
    ],
    "tids": [
      "instr_00402fd8_10",
      "instr_00402ff0_7"
    ],
    "symbols": [
      "strtok"
    ],
    "other": [],
    "description": "(NULL Pointer Dereference) There is no check if the return value is NULL at 00402fd8 (strtok)."
  },
  {
    "name": "CWE476",
    "version": "0.3",
    "addresses": [
      "00403038",
      "00403050"
    ],
    "tids": [
      "instr_00403038_10",
      "instr_00403050_7"
    ],
    "symbols": [
      "strtok"
    ],
    "other": [],
    "description": "(NULL Pointer Dereference) There is no check if the return value is NULL at 00403038 (strtok)."
  },
  {
    "name": "CWE476",
    "version": "0.3",
    "addresses": [
      "00403098",
      "004030b0"
    ],
    "tids": [
      "instr_00403098_10",
      "instr_004030b0_7"
    ],
    "symbols": [
      "strtok"
    ],
    "other": [],
    "description": "(NULL Pointer Dereference) There is no check if the return value is NULL at 00403098 (strtok)."
  },
  {
    "name": "CWE476",
    "version": "0.3",
    "addresses": [
      "004030c4",
      "004030dc"
    ],
    "tids": [
      "instr_004030c4_7",
      "instr_004030dc_7"
    ],
    "symbols": [
      "strtok"
    ],
    "other": [],
    "description": "(NULL Pointer Dereference) There is no check if the return value is NULL at 004030c4 (strtok)."
  },
  {
    "name": "CWE476",
    "version": "0.3",
    "addresses": [
      "004030f0",
      "00403108"
    ],
    "tids": [
      "instr_004030f0_7",
      "instr_00403108_7"
    ],
    "symbols": [
      "strtok"
    ],
    "other": [],
    "description": "(NULL Pointer Dereference) There is no check if the return value is NULL at 004030f0 (strtok)."
  },
  {
    "name": "CWE476",
    "version": "0.3",
    "addresses": [
      "00406934",
      "00406950"
    ],
    "tids": [
      "instr_00406934_7",
      "instr_00406950_3"
    ],
    "symbols": [
      "malloc"
    ],
    "other": [],
    "description": "(NULL Pointer Dereference) There is no check if the return value is NULL at 00406934 (malloc)."
  },
  {
    "name": "CWE676",
    "version": "0.1",
    "addresses": [
      "004012f8"
    ],
    "tids": [
      "instr_004012f8_7"
    ],
    "symbols": [
      "FUN_00401210"
    ],
    "other": [
      [
        "dangerous_function",
        "sscanf"
      ]
    ],
    "description": "(Use of Potentially Dangerous Function) FUN_00401210 (004012f8) -> sscanf"
  },
  {
    "name": "CWE676",
    "version": "0.1",
    "addresses": [
      "00401404"
    ],
    "tids": [
      "instr_00401404_7"
    ],
    "symbols": [
      "FUN_00401210"
    ],
    "other": [
      [
        "dangerous_function",
        "sscanf"
      ]
    ],
    "description": "(Use of Potentially Dangerous Function) FUN_00401210 (00401404) -> sscanf"
  },
  {
    "name": "CWE676",
    "version": "0.1",
    "addresses": [
      "004014d4"
    ],
    "tids": [
      "instr_004014d4_7"
    ],
    "symbols": [
      "FUN_00401210"
    ],
    "other": [
      [
        "dangerous_function",
        "strcpy"
      ]
    ],
    "description": "(Use of Potentially Dangerous Function) FUN_00401210 (004014d4) -> strcpy"
  },
  {
    "name": "CWE676",
    "version": "0.1",
    "addresses": [
      "00401504"
    ],
    "tids": [
      "instr_00401504_7"
    ],
    "symbols": [
      "FUN_00401210"
    ],
    "other": [
      [
        "dangerous_function",
        "strcpy"
      ]
    ],
    "description": "(Use of Potentially Dangerous Function) FUN_00401210 (00401504) -> strcpy"
  },
  {
    "name": "CWE676",
    "version": "0.1",
    "addresses": [
      "00401538"
    ],
    "tids": [
      "instr_00401538_7"
    ],
    "symbols": [
      "FUN_00401210"
    ],
    "other": [
      [
        "dangerous_function",
        "sscanf"
      ]
    ],
    "description": "(Use of Potentially Dangerous Function) FUN_00401210 (00401538) -> sscanf"
  },
  {
    "name": "CWE676",
    "version": "0.1",
    "addresses": [
      "004016f8"
    ],
    "tids": [
      "instr_004016f8_7"
    ],
    "symbols": [
      "FUN_00401650"
    ],
    "other": [
      [
        "dangerous_function",
        "memset"
      ]
    ],
    "description": "(Use of Potentially Dangerous Function) FUN_00401650 (004016f8) -> memset"
  },
  {
    "name": "CWE676",
    "version": "0.1",
    "addresses": [
      "004018a8"
    ],
    "tids": [
      "instr_004018a8_7"
    ],
    "symbols": [
      "FUN_00401650"
    ],
    "other": [
      [
        "dangerous_function",
        "sprintf"
      ]
    ],
    "description": "(Use of Potentially Dangerous Function) FUN_00401650 (004018a8) -> sprintf"
  },
  {
    "name": "CWE676",
    "version": "0.1",
    "addresses": [
      "004018ec"
    ],
    "tids": [
      "instr_004018ec_7"
    ],
    "symbols": [
      "FUN_00401650"
    ],
    "other": [
      [
        "dangerous_function",
        "sprintf"
      ]
    ],
    "description": "(Use of Potentially Dangerous Function) FUN_00401650 (004018ec) -> sprintf"
  },
  {
    "name": "CWE676",
    "version": "0.1",
    "addresses": [
      "00401a24"
    ],
    "tids": [
      "instr_00401a24_7"
    ],
    "symbols": [
      "FUN_00401650"
    ],
    "other": [
      [
        "dangerous_function",
        "sprintf"
      ]
    ],
    "description": "(Use of Potentially Dangerous Function) FUN_00401650 (00401a24) -> sprintf"
  },
  {
    "name": "CWE676",
    "version": "0.1",
    "addresses": [
      "00401a48"
    ],
    "tids": [
      "instr_00401a48_7"
    ],
    "symbols": [
      "FUN_00401650"
    ],
    "other": [
      [
        "dangerous_function",
        "sprintf"
      ]
    ],
    "description": "(Use of Potentially Dangerous Function) FUN_00401650 (00401a48) -> sprintf"
  },
  {
    "name": "CWE676",
    "version": "0.1",
    "addresses": [
      "00401b1c"
    ],
    "tids": [
      "instr_00401b1c_7"
    ],
    "symbols": [
      "FUN_00401650"
    ],
    "other": [
      [
        "dangerous_function",
        "sprintf"
      ]
    ],
    "description": "(Use of Potentially Dangerous Function) FUN_00401650 (00401b1c) -> sprintf"
  },
  {
    "name": "CWE676",
    "version": "0.1",
    "addresses": [
      "00401b40"
    ],
    "tids": [
      "instr_00401b40_7"
    ],
    "symbols": [
      "FUN_00401650"
    ],
    "other": [
      [
        "dangerous_function",
        "sprintf"
      ]
    ],
    "description": "(Use of Potentially Dangerous Function) FUN_00401650 (00401b40) -> sprintf"
  },
  {
    "name": "CWE676",
    "version": "0.1",
    "addresses": [
      "00401b64"
    ],
    "tids": [
      "instr_00401b64_7"
    ],
    "symbols": [
      "FUN_00401650"
    ],
    "other": [
      [
        "dangerous_function",
        "sprintf"
      ]
    ],
    "description": "(Use of Potentially Dangerous Function) FUN_00401650 (00401b64) -> sprintf"
  },
  {
    "name": "CWE676",
    "version": "0.1",
    "addresses": [
      "0040207c"
    ],
    "tids": [
      "instr_0040207c_7"
    ],
    "symbols": [
      "main"
    ],
    "other": [
      [
        "dangerous_function",
        "sscanf"
      ]
    ],
    "description": "(Use of Potentially Dangerous Function) main (0040207c) -> sscanf"
  },
  {
    "name": "CWE676",
    "version": "0.1",
    "addresses": [
      "00402158"
    ],
    "tids": [
      "instr_00402158_7"
    ],
    "symbols": [
      "main"
    ],
    "other": [
      [
        "dangerous_function",
        "strcpy"
      ]
    ],
    "description": "(Use of Potentially Dangerous Function) main (00402158) -> strcpy"
  },
  {
    "name": "CWE676",
    "version": "0.1",
    "addresses": [
      "004023e0"
    ],
    "tids": [
      "instr_004023e0_7"
    ],
    "symbols": [
      "main"
    ],
    "other": [
      [
        "dangerous_function",
        "sprintf"
      ]
    ],
    "description": "(Use of Potentially Dangerous Function) main (004023e0) -> sprintf"
  },
  {
    "name": "CWE676",
    "version": "0.1",
    "addresses": [
      "004024d0"
    ],
    "tids": [
      "instr_004024d0_7"
    ],
    "symbols": [
      "main"
    ],
    "other": [
      [
        "dangerous_function",
        "sprintf"
      ]
    ],
    "description": "(Use of Potentially Dangerous Function) main (004024d0) -> sprintf"
  },
  {
    "name": "CWE676",
    "version": "0.1",
    "addresses": [
      "0040256c"
    ],
    "tids": [
      "instr_0040256c_7"
    ],
    "symbols": [
      "main"
    ],
    "other": [
      [
        "dangerous_function",
        "sprintf"
      ]
    ],
    "description": "(Use of Potentially Dangerous Function) main (0040256c) -> sprintf"
  },
  {
    "name": "CWE676",
    "version": "0.1",
    "addresses": [
      "00402694"
    ],
    "tids": [
      "instr_00402694_7"
    ],
    "symbols": [
      "main"
    ],
    "other": [
      [
        "dangerous_function",
        "sprintf"
      ]
    ],
    "description": "(Use of Potentially Dangerous Function) main (00402694) -> sprintf"
  },
  {
    "name": "CWE676",
    "version": "0.1",
    "addresses": [
      "004029c4"
    ],
    "tids": [
      "instr_004029c4_7"
    ],
    "symbols": [
      "FUN_00402978"
    ],
    "other": [
      [
        "dangerous_function",
        "memset"
      ]
    ],
    "description": "(Use of Potentially Dangerous Function) FUN_00402978 (004029c4) -> memset"
  },
  {
    "name": "CWE676",
    "version": "0.1",
    "addresses": [
      "004029dc"
    ],
    "tids": [
      "instr_004029dc_7"
    ],
    "symbols": [
      "FUN_00402978"
    ],
    "other": [
      [
        "dangerous_function",
        "strncpy"
      ]
    ],
    "description": "(Use of Potentially Dangerous Function) FUN_00402978 (004029dc) -> strncpy"
  },
  {
    "name": "CWE676",
    "version": "0.1",
    "addresses": [
      "00402a10"
    ],
    "tids": [
      "instr_00402a10_7"
    ],
    "symbols": [
      "FUN_00402978"
    ],
    "other": [
      [
        "dangerous_function",
        "strcpy"
      ]
    ],
    "description": "(Use of Potentially Dangerous Function) FUN_00402978 (00402a10) -> strcpy"
  },
  {
    "name": "CWE676",
    "version": "0.1",
    "addresses": [
      "00402a50"
    ],
    "tids": [
      "instr_00402a50_7"
    ],
    "symbols": [
      "FUN_00402978"
    ],
    "other": [
      [
        "dangerous_function",
        "strncpy"
      ]
    ],
    "description": "(Use of Potentially Dangerous Function) FUN_00402978 (00402a50) -> strncpy"
  },
  {
    "name": "CWE676",
    "version": "0.1",
    "addresses": [
      "00402aa0"
    ],
    "tids": [
      "instr_00402aa0_7"
    ],
    "symbols": [
      "FUN_00402978"
    ],
    "other": [
      [
        "dangerous_function",
        "strncpy"
      ]
    ],
    "description": "(Use of Potentially Dangerous Function) FUN_00402978 (00402aa0) -> strncpy"
  },
  {
    "name": "CWE676",
    "version": "0.1",
    "addresses": [
      "00402af0"
    ],
    "tids": [
      "instr_00402af0_7"
    ],
    "symbols": [
      "FUN_00402978"
    ],
    "other": [
      [
        "dangerous_function",
        "strncpy"
      ]
    ],
    "description": "(Use of Potentially Dangerous Function) FUN_00402978 (00402af0) -> strncpy"
  },
  {
    "name": "CWE676",
    "version": "0.1",
    "addresses": [
      "00402b50"
    ],
    "tids": [
      "instr_00402b50_7"
    ],
    "symbols": [
      "FUN_00402978"
    ],
    "other": [
      [
        "dangerous_function",
        "strncpy"
      ]
    ],
    "description": "(Use of Potentially Dangerous Function) FUN_00402978 (00402b50) -> strncpy"
  },
  {
    "name": "CWE676",
    "version": "0.1",
    "addresses": [
      "00402ba8"
    ],
    "tids": [
      "instr_00402ba8_7"
    ],
    "symbols": [
      "FUN_00402978"
    ],
    "other": [
      [
        "dangerous_function",
        "strncpy"
      ]
    ],
    "description": "(Use of Potentially Dangerous Function) FUN_00402978 (00402ba8) -> strncpy"
  },
  {
    "name": "CWE676",
    "version": "0.1",
    "addresses": [
      "00402be4"
    ],
    "tids": [
      "instr_00402be4_7"
    ],
    "symbols": [
      "FUN_00402978"
    ],
    "other": [
      [
        "dangerous_function",
        "memcpy"
      ]
    ],
    "description": "(Use of Potentially Dangerous Function) FUN_00402978 (00402be4) -> memcpy"
  },
  {
    "name": "CWE676",
    "version": "0.1",
    "addresses": [
      "00402c00"
    ],
    "tids": [
      "instr_00402c00_7"
    ],
    "symbols": [
      "FUN_00402978"
    ],
    "other": [
      [
        "dangerous_function",
        "strncpy"
      ]
    ],
    "description": "(Use of Potentially Dangerous Function) FUN_00402978 (00402c00) -> strncpy"
  },
  {
    "name": "CWE676",
    "version": "0.1",
    "addresses": [
      "00402c60"
    ],
    "tids": [
      "instr_00402c60_7"
    ],
    "symbols": [
      "FUN_00402978"
    ],
    "other": [
      [
        "dangerous_function",
        "strncpy"
      ]
    ],
    "description": "(Use of Potentially Dangerous Function) FUN_00402978 (00402c60) -> strncpy"
  },
  {
    "name": "CWE676",
    "version": "0.1",
    "addresses": [
      "00402cb0"
    ],
    "tids": [
      "instr_00402cb0_7"
    ],
    "symbols": [
      "FUN_00402978"
    ],
    "other": [
      [
        "dangerous_function",
        "strncpy"
      ]
    ],
    "description": "(Use of Potentially Dangerous Function) FUN_00402978 (00402cb0) -> strncpy"
  },
  {
    "name": "CWE676",
    "version": "0.1",
    "addresses": [
      "00402d00"
    ],
    "tids": [
      "instr_00402d00_7"
    ],
    "symbols": [
      "FUN_00402978"
    ],
    "other": [
      [
        "dangerous_function",
        "strncpy"
      ]
    ],
    "description": "(Use of Potentially Dangerous Function) FUN_00402978 (00402d00) -> strncpy"
  },
  {
    "name": "CWE676",
    "version": "0.1",
    "addresses": [
      "00402d50"
    ],
    "tids": [
      "instr_00402d50_7"
    ],
    "symbols": [
      "FUN_00402978"
    ],
    "other": [
      [
        "dangerous_function",
        "strncpy"
      ]
    ],
    "description": "(Use of Potentially Dangerous Function) FUN_00402978 (00402d50) -> strncpy"
  },
  {
    "name": "CWE676",
    "version": "0.1",
    "addresses": [
      "00402da8"
    ],
    "tids": [
      "instr_00402da8_7"
    ],
    "symbols": [
      "FUN_00402978"
    ],
    "other": [
      [
        "dangerous_function",
        "strncpy"
      ]
    ],
    "description": "(Use of Potentially Dangerous Function) FUN_00402978 (00402da8) -> strncpy"
  },
  {
    "name": "CWE676",
    "version": "0.1",
    "addresses": [
      "00402dfc"
    ],
    "tids": [
      "instr_00402dfc_7"
    ],
    "symbols": [
      "FUN_00402978"
    ],
    "other": [
      [
        "dangerous_function",
        "strncpy"
      ]
    ],
    "description": "(Use of Potentially Dangerous Function) FUN_00402978 (00402dfc) -> strncpy"
  },
  {
    "name": "CWE676",
    "version": "0.1",
    "addresses": [
      "00402e4c"
    ],
    "tids": [
      "instr_00402e4c_7"
    ],
    "symbols": [
      "FUN_00402978"
    ],
    "other": [
      [
        "dangerous_function",
        "strncpy"
      ]
    ],
    "description": "(Use of Potentially Dangerous Function) FUN_00402978 (00402e4c) -> strncpy"
  },
  {
    "name": "CWE676",
    "version": "0.1",
    "addresses": [
      "00402ee0"
    ],
    "tids": [
      "instr_00402ee0_7"
    ],
    "symbols": [
      "FUN_00402978"
    ],
    "other": [
      [
        "dangerous_function",
        "strlen"
      ]
    ],
    "description": "(Use of Potentially Dangerous Function) FUN_00402978 (00402ee0) -> strlen"
  },
  {
    "name": "CWE676",
    "version": "0.1",
    "addresses": [
      "00402f3c"
    ],
    "tids": [
      "instr_00402f3c_7"
    ],
    "symbols": [
      "FUN_00402978"
    ],
    "other": [
      [
        "dangerous_function",
        "strtok"
      ]
    ],
    "description": "(Use of Potentially Dangerous Function) FUN_00402978 (00402f3c) -> strtok"
  },
  {
    "name": "CWE676",
    "version": "0.1",
    "addresses": [
      "00402f58"
    ],
    "tids": [
      "instr_00402f58_7"
    ],
    "symbols": [
      "FUN_00402978"
    ],
    "other": [
      [
        "dangerous_function",
        "sscanf"
      ]
    ],
    "description": "(Use of Potentially Dangerous Function) FUN_00402978 (00402f58) -> sscanf"
  },
  {
    "name": "CWE676",
    "version": "0.1",
    "addresses": [
      "00402f74"
    ],
    "tids": [
      "instr_00402f74_10"
    ],
    "symbols": [
      "FUN_00402978"
    ],
    "other": [
      [
        "dangerous_function",
        "strtok"
      ]
    ],
    "description": "(Use of Potentially Dangerous Function) FUN_00402978 (00402f74) -> strtok"
  },
  {
    "name": "CWE676",
    "version": "0.1",
    "addresses": [
      "00402fbc"
    ],
    "tids": [
      "instr_00402fbc_7"
    ],
    "symbols": [
      "FUN_00402978"
    ],
    "other": [
      [
        "dangerous_function",
        "sscanf"
      ]
    ],
    "description": "(Use of Potentially Dangerous Function) FUN_00402978 (00402fbc) -> sscanf"
  },
  {
    "name": "CWE676",
    "version": "0.1",
    "addresses": [
      "00402fd8"
    ],
    "tids": [
      "instr_00402fd8_10"
    ],
    "symbols": [
      "FUN_00402978"
    ],
    "other": [
      [
        "dangerous_function",
        "strtok"
      ]
    ],
    "description": "(Use of Potentially Dangerous Function) FUN_00402978 (00402fd8) -> strtok"
  },
  {
    "name": "CWE676",
    "version": "0.1",
    "addresses": [
      "0040301c"
    ],
    "tids": [
      "instr_0040301c_7"
    ],
    "symbols": [
      "FUN_00402978"
    ],
    "other": [
      [
        "dangerous_function",
        "sscanf"
      ]
    ],
    "description": "(Use of Potentially Dangerous Function) FUN_00402978 (0040301c) -> sscanf"
  },
  {
    "name": "CWE676",
    "version": "0.1",
    "addresses": [
      "00403038"
    ],
    "tids": [
      "instr_00403038_10"
    ],
    "symbols": [
      "FUN_00402978"
    ],
    "other": [
      [
        "dangerous_function",
        "strtok"
      ]
    ],
    "description": "(Use of Potentially Dangerous Function) FUN_00402978 (00403038) -> strtok"
  },
  {
    "name": "CWE676",
    "version": "0.1",
    "addresses": [
      "0040307c"
    ],
    "tids": [
      "instr_0040307c_7"
    ],
    "symbols": [
      "FUN_00402978"
    ],
    "other": [
      [
        "dangerous_function",
        "sscanf"
      ]
    ],
    "description": "(Use of Potentially Dangerous Function) FUN_00402978 (0040307c) -> sscanf"
  },
  {
    "name": "CWE676",
    "version": "0.1",
    "addresses": [
      "00403098"
    ],
    "tids": [
      "instr_00403098_10"
    ],
    "symbols": [
      "FUN_00402978"
    ],
    "other": [
      [
        "dangerous_function",
        "strtok"
      ]
    ],
    "description": "(Use of Potentially Dangerous Function) FUN_00402978 (00403098) -> strtok"
  },
  {
    "name": "CWE676",
    "version": "0.1",
    "addresses": [
      "004030b0"
    ],
    "tids": [
      "instr_004030b0_7"
    ],
    "symbols": [
      "FUN_00402978"
    ],
    "other": [
      [
        "dangerous_function",
        "sscanf"
      ]
    ],
    "description": "(Use of Potentially Dangerous Function) FUN_00402978 (004030b0) -> sscanf"
  },
  {
    "name": "CWE676",
    "version": "0.1",
    "addresses": [
      "004030c4"
    ],
    "tids": [
      "instr_004030c4_7"
    ],
    "symbols": [
      "FUN_00402978"
    ],
    "other": [
      [
        "dangerous_function",
        "strtok"
      ]
    ],
    "description": "(Use of Potentially Dangerous Function) FUN_00402978 (004030c4) -> strtok"
  },
  {
    "name": "CWE676",
    "version": "0.1",
    "addresses": [
      "004030dc"
    ],
    "tids": [
      "instr_004030dc_7"
    ],
    "symbols": [
      "FUN_00402978"
    ],
    "other": [
      [
        "dangerous_function",
        "sscanf"
      ]
    ],
    "description": "(Use of Potentially Dangerous Function) FUN_00402978 (004030dc) -> sscanf"
  },
  {
    "name": "CWE676",
    "version": "0.1",
    "addresses": [
      "004030f0"
    ],
    "tids": [
      "instr_004030f0_7"
    ],
    "symbols": [
      "FUN_00402978"
    ],
    "other": [
      [
        "dangerous_function",
        "strtok"
      ]
    ],
    "description": "(Use of Potentially Dangerous Function) FUN_00402978 (004030f0) -> strtok"
  },
  {
    "name": "CWE676",
    "version": "0.1",
    "addresses": [
      "00403108"
    ],
    "tids": [
      "instr_00403108_7"
    ],
    "symbols": [
      "FUN_00402978"
    ],
    "other": [
      [
        "dangerous_function",
        "sscanf"
      ]
    ],
    "description": "(Use of Potentially Dangerous Function) FUN_00402978 (00403108) -> sscanf"
  },
  {
    "name": "CWE676",
    "version": "0.1",
    "addresses": [
      "00403cd8"
    ],
    "tids": [
      "instr_00403cd8_7"
    ],
    "symbols": [
      "FUN_00403bb8"
    ],
    "other": [
      [
        "dangerous_function",
        "strncpy"
      ]
    ],
    "description": "(Use of Potentially Dangerous Function) FUN_00403bb8 (00403cd8) -> strncpy"
  },
  {
    "name": "CWE676",
    "version": "0.1",
    "addresses": [
      "00403e4c"
    ],
    "tids": [
      "instr_00403e4c_7"
    ],
    "symbols": [
      "FUN_00403bb8"
    ],
    "other": [
      [
        "dangerous_function",
        "strncpy"
      ]
    ],
    "description": "(Use of Potentially Dangerous Function) FUN_00403bb8 (00403e4c) -> strncpy"
  },
  {
    "name": "CWE676",
    "version": "0.1",
    "addresses": [
      "00403e6c"
    ],
    "tids": [
      "instr_00403e6c_7"
    ],
    "symbols": [
      "FUN_00403bb8"
    ],
    "other": [
      [
        "dangerous_function",
        "sscanf"
      ]
    ],
    "description": "(Use of Potentially Dangerous Function) FUN_00403bb8 (00403e6c) -> sscanf"
  },
  {
    "name": "CWE676",
    "version": "0.1",
    "addresses": [
      "00403f70"
    ],
    "tids": [
      "instr_00403f70_7"
    ],
    "symbols": [
      "FUN_00403bb8"
    ],
    "other": [
      [
        "dangerous_function",
        "sscanf"
      ]
    ],
    "description": "(Use of Potentially Dangerous Function) FUN_00403bb8 (00403f70) -> sscanf"
  },
  {
    "name": "CWE676",
    "version": "0.1",
    "addresses": [
      "004040f8"
    ],
    "tids": [
      "instr_004040f8_7"
    ],
    "symbols": [
      "FUN_00403bb8"
    ],
    "other": [
      [
        "dangerous_function",
        "strncpy"
      ]
    ],
    "description": "(Use of Potentially Dangerous Function) FUN_00403bb8 (004040f8) -> strncpy"
  },
  {
    "name": "CWE676",
    "version": "0.1",
    "addresses": [
      "00404144"
    ],
    "tids": [
      "instr_00404144_7"
    ],
    "symbols": [
      "FUN_00403bb8"
    ],
    "other": [
      [
        "dangerous_function",
        "strlen"
      ]
    ],
    "description": "(Use of Potentially Dangerous Function) FUN_00403bb8 (00404144) -> strlen"
  },
  {
    "name": "CWE676",
    "version": "0.1",
    "addresses": [
      "0040418c"
    ],
    "tids": [
      "instr_0040418c_7"
    ],
    "symbols": [
      "FUN_00403bb8"
    ],
    "other": [
      [
        "dangerous_function",
        "strncpy"
      ]
    ],
    "description": "(Use of Potentially Dangerous Function) FUN_00403bb8 (0040418c) -> strncpy"
  },
  {
    "name": "CWE676",
    "version": "0.1",
    "addresses": [
      "004041a4"
    ],
    "tids": [
      "instr_004041a4_7"
    ],
    "symbols": [
      "FUN_00403bb8"
    ],
    "other": [
      [
        "dangerous_function",
        "strlen"
      ]
    ],
    "description": "(Use of Potentially Dangerous Function) FUN_00403bb8 (004041a4) -> strlen"
  },
  {
    "name": "CWE676",
    "version": "0.1",
    "addresses": [
      "00404204"
    ],
    "tids": [
      "instr_00404204_10"
    ],
    "symbols": [
      "FUN_00403bb8"
    ],
    "other": [
      [
        "dangerous_function",
        "strcpy"
      ]
    ],
    "description": "(Use of Potentially Dangerous Function) FUN_00403bb8 (00404204) -> strcpy"
  },
  {
    "name": "CWE676",
    "version": "0.1",
    "addresses": [
      "00404224"
    ],
    "tids": [
      "instr_00404224_10"
    ],
    "symbols": [
      "FUN_00403bb8"
    ],
    "other": [
      [
        "dangerous_function",
        "strtok"
      ]
    ],
    "description": "(Use of Potentially Dangerous Function) FUN_00403bb8 (00404224) -> strtok"
  },
  {
    "name": "CWE676",
    "version": "0.1",
    "addresses": [
      "00404244"
    ],
    "tids": [
      "instr_00404244_7"
    ],
    "symbols": [
      "FUN_00403bb8"
    ],
    "other": [
      [
        "dangerous_function",
        "sscanf"
      ]
    ],
    "description": "(Use of Potentially Dangerous Function) FUN_00403bb8 (00404244) -> sscanf"
  },
  {
    "name": "CWE676",
    "version": "0.1",
    "addresses": [
      "0040427c"
    ],
    "tids": [
      "instr_0040427c_10"
    ],
    "symbols": [
      "FUN_00403bb8"
    ],
    "other": [
      [
        "dangerous_function",
        "strlen"
      ]
    ],
    "description": "(Use of Potentially Dangerous Function) FUN_00403bb8 (0040427c) -> strlen"
  },
  {
    "name": "CWE676",
    "version": "0.1",
    "addresses": [
      "0040429c"
    ],
    "tids": [
      "instr_0040429c_7"
    ],
    "symbols": [
      "FUN_00403bb8"
    ],
    "other": [
      [
        "dangerous_function",
        "strtok"
      ]
    ],
    "description": "(Use of Potentially Dangerous Function) FUN_00403bb8 (0040429c) -> strtok"
  },
  {
    "name": "CWE676",
    "version": "0.1",
    "addresses": [
      "00404324"
    ],
    "tids": [
      "instr_00404324_7"
    ],
    "symbols": [
      "FUN_00403bb8"
    ],
    "other": [
      [
        "dangerous_function",
        "sscanf"
      ]
    ],
    "description": "(Use of Potentially Dangerous Function) FUN_00403bb8 (00404324) -> sscanf"
  },
  {
    "name": "CWE676",
    "version": "0.1",
    "addresses": [
      "004045bc"
    ],
    "tids": [
      "instr_004045bc_7"
    ],
    "symbols": [
      "FUN_00403bb8"
    ],
    "other": [
      [
        "dangerous_function",
        "strncpy"
      ]
    ],
    "description": "(Use of Potentially Dangerous Function) FUN_00403bb8 (004045bc) -> strncpy"
  },
  {
    "name": "CWE676",
    "version": "0.1",
    "addresses": [
      "004045d8"
    ],
    "tids": [
      "instr_004045d8_7"
    ],
    "symbols": [
      "FUN_00403bb8"
    ],
    "other": [
      [
        "dangerous_function",
        "strlen"
      ]
    ],
    "description": "(Use of Potentially Dangerous Function) FUN_00403bb8 (004045d8) -> strlen"
  },
  {
    "name": "CWE676",
    "version": "0.1",
    "addresses": [
      "00404638"
    ],
    "tids": [
      "instr_00404638_7"
    ],
    "symbols": [
      "FUN_00403bb8"
    ],
    "other": [
      [
        "dangerous_function",
        "strcpy"
      ]
    ],
    "description": "(Use of Potentially Dangerous Function) FUN_00403bb8 (00404638) -> strcpy"
  },
  {
    "name": "CWE676",
    "version": "0.1",
    "addresses": [
      "00404664"
    ],
    "tids": [
      "instr_00404664_7"
    ],
    "symbols": [
      "FUN_00403bb8"
    ],
    "other": [
      [
        "dangerous_function",
        "sscanf"
      ]
    ],
    "description": "(Use of Potentially Dangerous Function) FUN_00403bb8 (00404664) -> sscanf"
  },
  {
    "name": "CWE676",
    "version": "0.1",
    "addresses": [
      "004046a8"
    ],
    "tids": [
      "instr_004046a8_10"
    ],
    "symbols": [
      "FUN_00403bb8"
    ],
    "other": [
      [
        "dangerous_function",
        "strlen"
      ]
    ],
    "description": "(Use of Potentially Dangerous Function) FUN_00403bb8 (004046a8) -> strlen"
  },
  {
    "name": "CWE676",
    "version": "0.1",
    "addresses": [
      "0040487c"
    ],
    "tids": [
      "instr_0040487c_10"
    ],
    "symbols": [
      "FUN_00403bb8"
    ],
    "other": [
      [
        "dangerous_function",
        "strlen"
      ]
    ],
    "description": "(Use of Potentially Dangerous Function) FUN_00403bb8 (0040487c) -> strlen"
  },
  {
    "name": "CWE676",
    "version": "0.1",
    "addresses": [
      "004048c8"
    ],
    "tids": [
      "instr_004048c8_10"
    ],
    "symbols": [
      "FUN_00403bb8"
    ],
    "other": [
      [
        "dangerous_function",
        "strlen"
      ]
    ],
    "description": "(Use of Potentially Dangerous Function) FUN_00403bb8 (004048c8) -> strlen"
  },
  {
    "name": "CWE676",
    "version": "0.1",
    "addresses": [
      "00404a68"
    ],
    "tids": [
      "instr_00404a68_7"
    ],
    "symbols": [
      "FUN_00403bb8"
    ],
    "other": [
      [
        "dangerous_function",
        "strncpy"
      ]
    ],
    "description": "(Use of Potentially Dangerous Function) FUN_00403bb8 (00404a68) -> strncpy"
  },
  {
    "name": "CWE676",
    "version": "0.1",
    "addresses": [
      "00404a88"
    ],
    "tids": [
      "instr_00404a88_7"
    ],
    "symbols": [
      "FUN_00403bb8"
    ],
    "other": [
      [
        "dangerous_function",
        "sscanf"
      ]
    ],
    "description": "(Use of Potentially Dangerous Function) FUN_00403bb8 (00404a88) -> sscanf"
  },
  {
    "name": "CWE676",
    "version": "0.1",
    "addresses": [
      "00404dc0"
    ],
    "tids": [
      "instr_00404dc0_7"
    ],
    "symbols": [
      "FUN_00403bb8"
    ],
    "other": [
      [
        "dangerous_function",
        "strncpy"
      ]
    ],
    "description": "(Use of Potentially Dangerous Function) FUN_00403bb8 (00404dc0) -> strncpy"
  },
  {
    "name": "CWE676",
    "version": "0.1",
    "addresses": [
      "00404de0"
    ],
    "tids": [
      "instr_00404de0_7"
    ],
    "symbols": [
      "FUN_00403bb8"
    ],
    "other": [
      [
        "dangerous_function",
        "sscanf"
      ]
    ],
    "description": "(Use of Potentially Dangerous Function) FUN_00403bb8 (00404de0) -> sscanf"
  },
  {
    "name": "CWE676",
    "version": "0.1",
    "addresses": [
      "00404fa0"
    ],
    "tids": [
      "instr_00404fa0_7"
    ],
    "symbols": [
      "FUN_00403bb8"
    ],
    "other": [
      [
        "dangerous_function",
        "strncpy"
      ]
    ],
    "description": "(Use of Potentially Dangerous Function) FUN_00403bb8 (00404fa0) -> strncpy"
  },
  {
    "name": "CWE676",
    "version": "0.1",
    "addresses": [
      "00404fc0"
    ],
    "tids": [
      "instr_00404fc0_7"
    ],
    "symbols": [
      "FUN_00403bb8"
    ],
    "other": [
      [
        "dangerous_function",
        "sscanf"
      ]
    ],
    "description": "(Use of Potentially Dangerous Function) FUN_00403bb8 (00404fc0) -> sscanf"
  },
  {
    "name": "CWE676",
    "version": "0.1",
    "addresses": [
      "0040509c"
    ],
    "tids": [
      "instr_0040509c_7"
    ],
    "symbols": [
      "FUN_00403bb8"
    ],
    "other": [
      [
        "dangerous_function",
        "sscanf"
      ]
    ],
    "description": "(Use of Potentially Dangerous Function) FUN_00403bb8 (0040509c) -> sscanf"
  },
  {
    "name": "CWE676",
    "version": "0.1",
    "addresses": [
      "00405280"
    ],
    "tids": [
      "instr_00405280_7"
    ],
    "symbols": [
      "FUN_00403bb8"
    ],
    "other": [
      [
        "dangerous_function",
        "strncpy"
      ]
    ],
    "description": "(Use of Potentially Dangerous Function) FUN_00403bb8 (00405280) -> strncpy"
  },
  {
    "name": "CWE676",
    "version": "0.1",
    "addresses": [
      "004053a0"
    ],
    "tids": [
      "instr_004053a0_10"
    ],
    "symbols": [
      "FUN_00403bb8"
    ],
    "other": [
      [
        "dangerous_function",
        "sscanf"
      ]
    ],
    "description": "(Use of Potentially Dangerous Function) FUN_00403bb8 (004053a0) -> sscanf"
  },
  {
    "name": "CWE676",
    "version": "0.1",
    "addresses": [
      "00405934"
    ],
    "tids": [
      "instr_00405934_10"
    ],
    "symbols": [
      "iw_message"
    ],
    "other": [
      [
        "dangerous_function",
        "vsnprintf"
      ]
    ],
    "description": "(Use of Potentially Dangerous Function) iw_message (00405934) -> vsnprintf"
  },
  {
    "name": "CWE676",
    "version": "0.1",
    "addresses": [
      "00405b94"
    ],
    "tids": [
      "instr_00405b94_7"
    ],
    "symbols": [
      "check_addr_type"
    ],
    "other": [
      [
        "dangerous_function",
        "strncpy"
      ]
    ],
    "description": "(Use of Potentially Dangerous Function) check_addr_type (00405b94) -> strncpy"
  },
  {
    "name": "CWE676",
    "version": "0.1",
    "addresses": [
      "00405bfc"
    ],
    "tids": [
      "instr_00405bfc_7"
    ],
    "symbols": [
      "check_addr_type"
    ],
    "other": [
      [
        "dangerous_function",
        "strncpy"
      ]
    ],
    "description": "(Use of Potentially Dangerous Function) check_addr_type (00405bfc) -> strncpy"
  },
  {
    "name": "CWE676",
    "version": "0.1",
    "addresses": [
      "00405ca0"
    ],
    "tids": [
      "instr_00405ca0_7"
    ],
    "symbols": [
      "FUN_00405c6c"
    ],
    "other": [
      [
        "dangerous_function",
        "strncpy"
      ]
    ],
    "description": "(Use of Potentially Dangerous Function) FUN_00405c6c (00405ca0) -> strncpy"
  },
  {
    "name": "CWE676",
    "version": "0.1",
    "addresses": [
      "00405eac"
    ],
    "tids": [
      "instr_00405eac_7"
    ],
    "symbols": [
      "FUN_00405e2c"
    ],
    "other": [
      [
        "dangerous_function",
        "strcpy"
      ]
    ],
    "description": "(Use of Potentially Dangerous Function) FUN_00405e2c (00405eac) -> strcpy"
  },
  {
    "name": "CWE676",
    "version": "0.1",
    "addresses": [
      "00405f10"
    ],
    "tids": [
      "instr_00405f10_7"
    ],
    "symbols": [
      "FUN_00405e2c"
    ],
    "other": [
      [
        "dangerous_function",
        "memcpy"
      ]
    ],
    "description": "(Use of Potentially Dangerous Function) FUN_00405e2c (00405f10) -> memcpy"
  },
  {
    "name": "CWE676",
    "version": "0.1",
    "addresses": [
      "00405f24"
    ],
    "tids": [
      "instr_00405f24_7"
    ],
    "symbols": [
      "FUN_00405e2c"
    ],
    "other": [
      [
        "dangerous_function",
        "strcpy"
      ]
    ],
    "description": "(Use of Potentially Dangerous Function) FUN_00405e2c (00405f24) -> strcpy"
  },
  {
    "name": "CWE676",
    "version": "0.1",
    "addresses": [
      "00405fec"
    ],
    "tids": [
      "instr_00405fec_7"
    ],
    "symbols": [
      "in_addr"
    ],
    "other": [
      [
        "dangerous_function",
        "memcpy"
      ]
    ],
    "description": "(Use of Potentially Dangerous Function) in_addr (00405fec) -> memcpy"
  },
  {
    "name": "CWE676",
    "version": "0.1",
    "addresses": [
      "0040600c"
    ],
    "tids": [
      "instr_0040600c_10"
    ],
    "symbols": [
      "in_addr"
    ],
    "other": [
      [
        "dangerous_function",
        "strncpy"
      ]
    ],
    "description": "(Use of Potentially Dangerous Function) in_addr (0040600c) -> strncpy"
  },
  {
    "name": "CWE676",
    "version": "0.1",
    "addresses": [
      "00406090"
    ],
    "tids": [
      "instr_00406090_7"
    ],
    "symbols": [
      "in_addr"
    ],
    "other": [
      [
        "dangerous_function",
        "memcpy"
      ]
    ],
    "description": "(Use of Potentially Dangerous Function) in_addr (00406090) -> memcpy"
  },
  {
    "name": "CWE676",
    "version": "0.1",
    "addresses": [
      "00406150"
    ],
    "tids": [
      "instr_00406150_10"
    ],
    "symbols": [
      "pr_ether"
    ],
    "other": [
      [
        "dangerous_function",
        "sprintf"
      ]
    ],
    "description": "(Use of Potentially Dangerous Function) pr_ether (00406150) -> sprintf"
  },
  {
    "name": "CWE676",
    "version": "0.1",
    "addresses": [
      "00406618"
    ],
    "tids": [
      "instr_00406618_7"
    ],
    "symbols": [
      "get_range_info"
    ],
    "other": [
      [
        "dangerous_function",
        "strncpy"
      ]
    ],
    "description": "(Use of Potentially Dangerous Function) get_range_info (00406618) -> strncpy"
  },
  {
    "name": "CWE676",
    "version": "0.1",
    "addresses": [
      "0040665c"
    ],
    "tids": [
      "instr_0040665c_7"
    ],
    "symbols": [
      "get_range_info"
    ],
    "other": [
      [
        "dangerous_function",
        "memcpy"
      ]
    ],
    "description": "(Use of Potentially Dangerous Function) get_range_info (0040665c) -> memcpy"
  },
  {
    "name": "CWE676",
    "version": "0.1",
    "addresses": [
      "0040684c"
    ],
    "tids": [
      "instr_0040684c_10"
    ],
    "symbols": [
      "RegisterPID"
    ],
    "other": [
      [
        "dangerous_function",
        "strncpy"
      ]
    ],
    "description": "(Use of Potentially Dangerous Function) RegisterPID (0040684c) -> strncpy"
  },
  {
    "name": "CWE676",
    "version": "0.1",
    "addresses": [
      "00406924"
    ],
    "tids": [
      "instr_00406924_10"
    ],
    "symbols": [
      "RequestIndication"
    ],
    "other": [
      [
        "dangerous_function",
        "strncpy"
      ]
    ],
    "description": "(Use of Potentially Dangerous Function) RequestIndication (00406924) -> strncpy"
  },
  {
    "name": "CWE676",
    "version": "0.1",
    "addresses": [
      "004069bc"
    ],
    "tids": [
      "instr_004069bc_7"
    ],
    "symbols": [
      "RequestIndication"
    ],
    "other": [
      [
        "dangerous_function",
        "memcpy"
      ]
    ],
    "description": "(Use of Potentially Dangerous Function) RequestIndication (004069bc) -> memcpy"
  },
  {
    "name": "CWE782",
    "version": "0.1",
    "addresses": [
      "004029f4"
    ],
    "tids": [
      "instr_004029f4_7"
    ],
    "symbols": [
      "FUN_00402978"
    ],
    "other": [],
    "description": "(Exposed IOCTL with Insufficient Access Control) Program uses ioctl at FUN_00402978 (004029f4). Be sure to double check the program and the corresponding driver."
  },
  {
    "name": "CWE782",
    "version": "0.1",
    "addresses": [
      "00402a68"
    ],
    "tids": [
      "instr_00402a68_7"
    ],
    "symbols": [
      "FUN_00402978"
    ],
    "other": [],
    "description": "(Exposed IOCTL with Insufficient Access Control) Program uses ioctl at FUN_00402978 (00402a68). Be sure to double check the program and the corresponding driver."
  },
  {
    "name": "CWE782",
    "version": "0.1",
    "addresses": [
      "00402ab8"
    ],
    "tids": [
      "instr_00402ab8_7"
    ],
    "symbols": [
      "FUN_00402978"
    ],
    "other": [],
    "description": "(Exposed IOCTL with Insufficient Access Control) Program uses ioctl at FUN_00402978 (00402ab8). Be sure to double check the program and the corresponding driver."
  },
  {
    "name": "CWE782",
    "version": "0.1",
    "addresses": [
      "00402b18"
    ],
    "tids": [
      "instr_00402b18_10"
    ],
    "symbols": [
      "FUN_00402978"
    ],
    "other": [],
    "description": "(Exposed IOCTL with Insufficient Access Control) Program uses ioctl at FUN_00402978 (00402b18). Be sure to double check the program and the corresponding driver."
  },
  {
    "name": "CWE782",
    "version": "0.1",
    "addresses": [
      "00402b78"
    ],
    "tids": [
      "instr_00402b78_10"
    ],
    "symbols": [
      "FUN_00402978"
    ],
    "other": [],
    "description": "(Exposed IOCTL with Insufficient Access Control) Program uses ioctl at FUN_00402978 (00402b78). Be sure to double check the program and the corresponding driver."
  },
  {
    "name": "CWE782",
    "version": "0.1",
    "addresses": [
      "00402bc0"
    ],
    "tids": [
      "instr_00402bc0_7"
    ],
    "symbols": [
      "FUN_00402978"
    ],
    "other": [],
    "description": "(Exposed IOCTL with Insufficient Access Control) Program uses ioctl at FUN_00402978 (00402bc0). Be sure to double check the program and the corresponding driver."
  },
  {
    "name": "CWE782",
    "version": "0.1",
    "addresses": [
      "00402c28"
    ],
    "tids": [
      "instr_00402c28_10"
    ],
    "symbols": [
      "FUN_00402978"
    ],
    "other": [],
    "description": "(Exposed IOCTL with Insufficient Access Control) Program uses ioctl at FUN_00402978 (00402c28). Be sure to double check the program and the corresponding driver."
  },
  {
    "name": "CWE782",
    "version": "0.1",
    "addresses": [
      "00402c78"
    ],
    "tids": [
      "instr_00402c78_7"
    ],
    "symbols": [
      "FUN_00402978"
    ],
    "other": [],
    "description": "(Exposed IOCTL with Insufficient Access Control) Program uses ioctl at FUN_00402978 (00402c78). Be sure to double check the program and the corresponding driver."
  },
  {
    "name": "CWE782",
    "version": "0.1",
    "addresses": [
      "00402cc8"
    ],
    "tids": [
      "instr_00402cc8_7"
    ],
    "symbols": [
      "FUN_00402978"
    ],
    "other": [],
    "description": "(Exposed IOCTL with Insufficient Access Control) Program uses ioctl at FUN_00402978 (00402cc8). Be sure to double check the program and the corresponding driver."
  },
  {
    "name": "CWE782",
    "version": "0.1",
    "addresses": [
      "00402d18"
    ],
    "tids": [
      "instr_00402d18_7"
    ],
    "symbols": [
      "FUN_00402978"
    ],
    "other": [],
    "description": "(Exposed IOCTL with Insufficient Access Control) Program uses ioctl at FUN_00402978 (00402d18). Be sure to double check the program and the corresponding driver."
  },
  {
    "name": "CWE782",
    "version": "0.1",
    "addresses": [
      "00402d68"
    ],
    "tids": [
      "instr_00402d68_7"
    ],
    "symbols": [
      "FUN_00402978"
    ],
    "other": [],
    "description": "(Exposed IOCTL with Insufficient Access Control) Program uses ioctl at FUN_00402978 (00402d68). Be sure to double check the program and the corresponding driver."
  },
  {
    "name": "CWE782",
    "version": "0.1",
    "addresses": [
      "00402dc4"
    ],
    "tids": [
      "instr_00402dc4_10"
    ],
    "symbols": [
      "FUN_00402978"
    ],
    "other": [],
    "description": "(Exposed IOCTL with Insufficient Access Control) Program uses ioctl at FUN_00402978 (00402dc4). Be sure to double check the program and the corresponding driver."
  },
  {
    "name": "CWE782",
    "version": "0.1",
    "addresses": [
      "00402e14"
    ],
    "tids": [
      "instr_00402e14_7"
    ],
    "symbols": [
      "FUN_00402978"
    ],
    "other": [],
    "description": "(Exposed IOCTL with Insufficient Access Control) Program uses ioctl at FUN_00402978 (00402e14). Be sure to double check the program and the corresponding driver."
  },
  {
    "name": "CWE782",
    "version": "0.1",
    "addresses": [
      "00402e64"
    ],
    "tids": [
      "instr_00402e64_7"
    ],
    "symbols": [
      "FUN_00402978"
    ],
    "other": [],
    "description": "(Exposed IOCTL with Insufficient Access Control) Program uses ioctl at FUN_00402978 (00402e64). Be sure to double check the program and the corresponding driver."
  },
  {
    "name": "CWE782",
    "version": "0.1",
    "addresses": [
      "00403b18"
    ],
    "tids": [
      "instr_00403b18_10"
    ],
    "symbols": [
      "FUN_00403adc"
    ],
    "other": [],
    "description": "(Exposed IOCTL with Insufficient Access Control) Program uses ioctl at FUN_00403adc (00403b18). Be sure to double check the program and the corresponding driver."
  },
  {
    "name": "CWE782",
    "version": "0.1",
    "addresses": [
      "00403df0"
    ],
    "tids": [
      "instr_00403df0_7"
    ],
    "symbols": [
      "FUN_00403bb8"
    ],
    "other": [],
    "description": "(Exposed IOCTL with Insufficient Access Control) Program uses ioctl at FUN_00403bb8 (00403df0). Be sure to double check the program and the corresponding driver."
  },
  {
    "name": "CWE782",
    "version": "0.1",
    "addresses": [
      "00403eb0"
    ],
    "tids": [
      "instr_00403eb0_7"
    ],
    "symbols": [
      "FUN_00403bb8"
    ],
    "other": [],
    "description": "(Exposed IOCTL with Insufficient Access Control) Program uses ioctl at FUN_00403bb8 (00403eb0). Be sure to double check the program and the corresponding driver."
  },
  {
    "name": "CWE782",
    "version": "0.1",
    "addresses": [
      "00403fa0"
    ],
    "tids": [
      "instr_00403fa0_7"
    ],
    "symbols": [
      "FUN_00403bb8"
    ],
    "other": [],
    "description": "(Exposed IOCTL with Insufficient Access Control) Program uses ioctl at FUN_00403bb8 (00403fa0). Be sure to double check the program and the corresponding driver."
  },
  {
    "name": "CWE782",
    "version": "0.1",
    "addresses": [
      "0040409c"
    ],
    "tids": [
      "instr_0040409c_10"
    ],
    "symbols": [
      "FUN_00403bb8"
    ],
    "other": [],
    "description": "(Exposed IOCTL with Insufficient Access Control) Program uses ioctl at FUN_00403bb8 (0040409c). Be sure to double check the program and the corresponding driver."
  },
  {
    "name": "CWE782",
    "version": "0.1",
    "addresses": [
      "00404444"
    ],
    "tids": [
      "instr_00404444_7"
    ],
    "symbols": [
      "FUN_00403bb8"
    ],
    "other": [],
    "description": "(Exposed IOCTL with Insufficient Access Control) Program uses ioctl at FUN_00403bb8 (00404444). Be sure to double check the program and the corresponding driver."
  },
  {
    "name": "CWE782",
    "version": "0.1",
    "addresses": [
      "00404560"
    ],
    "tids": [
      "instr_00404560_10"
    ],
    "symbols": [
      "FUN_00403bb8"
    ],
    "other": [],
    "description": "(Exposed IOCTL with Insufficient Access Control) Program uses ioctl at FUN_00403bb8 (00404560). Be sure to double check the program and the corresponding driver."
  },
  {
    "name": "CWE782",
    "version": "0.1",
    "addresses": [
      "004046c8"
    ],
    "tids": [
      "instr_004046c8_10"
    ],
    "symbols": [
      "FUN_00403bb8"
    ],
    "other": [],
    "description": "(Exposed IOCTL with Insufficient Access Control) Program uses ioctl at FUN_00403bb8 (004046c8). Be sure to double check the program and the corresponding driver."
  },
  {
    "name": "CWE782",
    "version": "0.1",
    "addresses": [
      "004047d4"
    ],
    "tids": [
      "instr_004047d4_7"
    ],
    "symbols": [
      "FUN_00403bb8"
    ],
    "other": [],
    "description": "(Exposed IOCTL with Insufficient Access Control) Program uses ioctl at FUN_00403bb8 (004047d4). Be sure to double check the program and the corresponding driver."
  },
  {
    "name": "CWE782",
    "version": "0.1",
    "addresses": [
      "004048e8"
    ],
    "tids": [
      "instr_004048e8_10"
    ],
    "symbols": [
      "FUN_00403bb8"
    ],
    "other": [],
    "description": "(Exposed IOCTL with Insufficient Access Control) Program uses ioctl at FUN_00403bb8 (004048e8). Be sure to double check the program and the corresponding driver."
  },
  {
    "name": "CWE782",
    "version": "0.1",
    "addresses": [
      "00404a0c"
    ],
    "tids": [
      "instr_00404a0c_7"
    ],
    "symbols": [
      "FUN_00403bb8"
    ],
    "other": [],
    "description": "(Exposed IOCTL with Insufficient Access Control) Program uses ioctl at FUN_00403bb8 (00404a0c). Be sure to double check the program and the corresponding driver."
  },
  {
    "name": "CWE782",
    "version": "0.1",
    "addresses": [
      "00404c30"
    ],
    "tids": [
      "instr_00404c30_7"
    ],
    "symbols": [
      "FUN_00403bb8"
    ],
    "other": [],
    "description": "(Exposed IOCTL with Insufficient Access Control) Program uses ioctl at FUN_00403bb8 (00404c30). Be sure to double check the program and the corresponding driver."
  },
  {
    "name": "CWE782",
    "version": "0.1",
    "addresses": [
      "00404d60"
    ],
    "tids": [
      "instr_00404d60_10"
    ],
    "symbols": [
      "FUN_00403bb8"
    ],
    "other": [],
    "description": "(Exposed IOCTL with Insufficient Access Control) Program uses ioctl at FUN_00403bb8 (00404d60). Be sure to double check the program and the corresponding driver."
  },
  {
    "name": "CWE782",
    "version": "0.1",
    "addresses": [
      "00404e10"
    ],
    "tids": [
      "instr_00404e10_7"
    ],
    "symbols": [
      "FUN_00403bb8"
    ],
    "other": [],
    "description": "(Exposed IOCTL with Insufficient Access Control) Program uses ioctl at FUN_00403bb8 (00404e10). Be sure to double check the program and the corresponding driver."
  },
  {
    "name": "CWE782",
    "version": "0.1",
    "addresses": [
      "00404f40"
    ],
    "tids": [
      "instr_00404f40_10"
    ],
    "symbols": [
      "FUN_00403bb8"
    ],
    "other": [],
    "description": "(Exposed IOCTL with Insufficient Access Control) Program uses ioctl at FUN_00403bb8 (00404f40). Be sure to double check the program and the corresponding driver."
  },
  {
    "name": "CWE782",
    "version": "0.1",
    "addresses": [
      "00404ff0"
    ],
    "tids": [
      "instr_00404ff0_7"
    ],
    "symbols": [
      "FUN_00403bb8"
    ],
    "other": [],
    "description": "(Exposed IOCTL with Insufficient Access Control) Program uses ioctl at FUN_00403bb8 (00404ff0). Be sure to double check the program and the corresponding driver."
  },
  {
    "name": "CWE782",
    "version": "0.1",
    "addresses": [
      "00405134"
    ],
    "tids": [
      "instr_00405134_10"
    ],
    "symbols": [
      "FUN_00403bb8"
    ],
    "other": [],
    "description": "(Exposed IOCTL with Insufficient Access Control) Program uses ioctl at FUN_00403bb8 (00405134). Be sure to double check the program and the corresponding driver."
  },
  {
    "name": "CWE782",
    "version": "0.1",
    "addresses": [
      "00405224"
    ],
    "tids": [
      "instr_00405224_7"
    ],
    "symbols": [
      "FUN_00403bb8"
    ],
    "other": [],
    "description": "(Exposed IOCTL with Insufficient Access Control) Program uses ioctl at FUN_00403bb8 (00405224). Be sure to double check the program and the corresponding driver."
  },
  {
    "name": "CWE782",
    "version": "0.1",
    "addresses": [
      "004055e8"
    ],
    "tids": [
      "instr_004055e8_7"
    ],
    "symbols": [
      "FUN_00403bb8"
    ],
    "other": [],
    "description": "(Exposed IOCTL with Insufficient Access Control) Program uses ioctl at FUN_00403bb8 (004055e8). Be sure to double check the program and the corresponding driver."
  },
  {
    "name": "CWE782",
    "version": "0.1",
    "addresses": [
      "00405bac"
    ],
    "tids": [
      "instr_00405bac_7"
    ],
    "symbols": [
      "check_addr_type"
    ],
    "other": [],
    "description": "(Exposed IOCTL with Insufficient Access Control) Program uses ioctl at check_addr_type (00405bac). Be sure to double check the program and the corresponding driver."
  },
  {
    "name": "CWE782",
    "version": "0.1",
    "addresses": [
      "00405c14"
    ],
    "tids": [
      "instr_00405c14_7"
    ],
    "symbols": [
      "check_addr_type"
    ],
    "other": [],
    "description": "(Exposed IOCTL with Insufficient Access Control) Program uses ioctl at check_addr_type (00405c14). Be sure to double check the program and the corresponding driver."
  },
  {
    "name": "CWE782",
    "version": "0.1",
    "addresses": [
      "00405cc4"
    ],
    "tids": [
      "instr_00405cc4_10"
    ],
    "symbols": [
      "FUN_00405c6c"
    ],
    "other": [],
    "description": "(Exposed IOCTL with Insufficient Access Control) Program uses ioctl at FUN_00405c6c (00405cc4). Be sure to double check the program and the corresponding driver."
  },
  {
    "name": "CWE782",
    "version": "0.1",
    "addresses": [
      "00406024"
    ],
    "tids": [
      "instr_00406024_7"
    ],
    "symbols": [
      "in_addr"
    ],
    "other": [],
    "description": "(Exposed IOCTL with Insufficient Access Control) Program uses ioctl at in_addr (00406024). Be sure to double check the program and the corresponding driver."
  },
  {
    "name": "CWE782",
    "version": "0.1",
    "addresses": [
      "0040663c"
    ],
    "tids": [
      "instr_0040663c_10"
    ],
    "symbols": [
      "get_range_info"
    ],
    "other": [],
    "description": "(Exposed IOCTL with Insufficient Access Control) Program uses ioctl at get_range_info (0040663c). Be sure to double check the program and the corresponding driver."
  },
  {
    "name": "CWE782",
    "version": "0.1",
    "addresses": [
      "00406888"
    ],
    "tids": [
      "instr_00406888_10"
    ],
    "symbols": [
      "RegisterPID"
    ],
    "other": [],
    "description": "(Exposed IOCTL with Insufficient Access Control) Program uses ioctl at RegisterPID (00406888). Be sure to double check the program and the corresponding driver."
  },
  {
    "name": "CWE782",
    "version": "0.1",
    "addresses": [
      "00406964"
    ],
    "tids": [
      "instr_00406964_10"
    ],
    "symbols": [
      "RequestIndication"
    ],
    "other": [],
    "description": "(Exposed IOCTL with Insufficient Access Control) Program uses ioctl at RequestIndication (00406964). Be sure to double check the program and the corresponding driver."
  },
  {
    "name": "CWE787",
    "version": "0.3",
    "addresses": [
      "00402038"
    ],
    "tids": [
      "instr_00402038_3"
    ],
    "symbols": [],
    "other": [
      [
        "For the object ID sub_00401fe8 @ sp:i32 access to the offset 0 (size 4) may overflow the upper object bound of 0.",
        "Relevant callgraph TIDs: [sub_00401fe8]"
      ]
    ],
    "description": "(Out-of-bounds Write) Memory write at 00402038 may be out of bounds."
  },
  {
    "name": "CWE787",
    "version": "0.3",
    "addresses": [
      "00405920"
    ],
    "tids": [
      "instr_00405920_3"
    ],
    "symbols": [],
    "other": [
      [
        "For the object ID sub_004058fc @ sp:i32 access to the offset 8 (size 4) may overflow the upper object bound of 0.",
        "Relevant callgraph TIDs: [sub_004058fc]"
      ]
    ],
    "description": "(Out-of-bounds Write) Memory write at 00405920 may be out of bounds."
  }
]