[
  {
    "name": "CWE134",
    "version": "0.1",
    "addresses": [
      "0041be28"
    ],
    "tids": [
      "instr_0041be28_10"
    ],
    "symbols": [
      "sprintf"
    ],
    "other": [],
    "description": "(Externally Controlled Format String) Potential externally controlled format string for call to sprintf at 0041be28"
  },
  {
    "name": "CWE252",
    "version": "0.1",
    "addresses": [
      "004028f4",
      "00402adc"
    ],
    "tids": [
      "instr_004028f4_7",
      "instr_00402adc_6"
    ],
    "symbols": [
      "atoi"
    ],
    "other": [
      [
        "reason=isolated_returns_no_reg_taint"
      ]
    ],
    "description": "(Unchecked Return Value) There is no check of the return value of 004028f4 (atoi)."
  },
  {
    "name": "CWE252",
    "version": "0.1",
    "addresses": [
      "00402ab4",
      "00402abc"
    ],
    "tids": [
      "instr_00402ab4_7",
      "instr_00402abc_0"
    ],
    "symbols": [
      "system"
    ],
    "other": [
      [
        "reason=empty_state"
      ]
    ],
    "description": "(Unchecked Return Value) There is no check of the return value of 00402ab4 (system)."
  },
  {
    "name": "CWE476",
    "version": "0.2",
    "addresses": [
      "00405148"
    ],
    "tids": [
      "instr_00405148_3"
    ],
    "symbols": [],
    "other": [],
    "description": "(NULL Pointer Dereference) Memory access at 00405148 may result in a NULL dereference"
  },
  {
    "name": "CWE476",
    "version": "0.2",
    "addresses": [
      "00407068"
    ],
    "tids": [
      "instr_00407068_3"
    ],
    "symbols": [],
    "other": [],
    "description": "(NULL Pointer Dereference) Memory access at 00407068 may result in a NULL dereference"
  },
  {
    "name": "CWE476",
    "version": "0.2",
    "addresses": [
      "00407074"
    ],
    "tids": [
      "instr_00407074_3"
    ],
    "symbols": [],
    "other": [],
    "description": "(NULL Pointer Dereference) Memory access at 00407074 may result in a NULL dereference"
  },
  {
    "name": "CWE476",
    "version": "0.2",
    "addresses": [
      "00407364"
    ],
    "tids": [
      "instr_00407364_3_sub_004074f0"
    ],
    "symbols": [],
    "other": [],
    "description": "(NULL Pointer Dereference) Memory access at 00407364 may result in a NULL dereference"
  },
  {
    "name": "CWE476",
    "version": "0.2",
    "addresses": [
      "00407370"
    ],
    "tids": [
      "instr_00407370_3_sub_004074f0"
    ],
    "symbols": [],
    "other": [],
    "description": "(NULL Pointer Dereference) Memory access at 00407370 may result in a NULL dereference"
  },
  {
    "name": "CWE476",
    "version": "0.2",
    "addresses": [
      "00407b30"
    ],
    "tids": [
      "instr_00407b30_3"
    ],
    "symbols": [],
    "other": [],
    "description": "(NULL Pointer Dereference) Memory access at 00407b30 may result in a NULL dereference"
  },
  {
    "name": "CWE476",
    "version": "0.2",
    "addresses": [
      "00407b3c"
    ],
    "tids": [
      "instr_00407b3c_3"
    ],
    "symbols": [],
    "other": [],
    "description": "(NULL Pointer Dereference) Memory access at 00407b3c may result in a NULL dereference"
  },
  {
    "name": "CWE476",
    "version": "0.2",
    "addresses": [
      "0040df90"
    ],
    "tids": [
      "instr_0040df90_3"
    ],
    "symbols": [],
    "other": [],
    "description": "(NULL Pointer Dereference) Memory access at 0040df90 may result in a NULL dereference"
  },
  {
    "name": "CWE476",
    "version": "0.2",
    "addresses": [
      "0040ebb0"
    ],
    "tids": [
      "instr_0040ebb0_3"
    ],
    "symbols": [],
    "other": [],
    "description": "(NULL Pointer Dereference) Memory access at 0040ebb0 may result in a NULL dereference"
  },
  {
    "name": "CWE476",
    "version": "0.2",
    "addresses": [
      "0040f8d4"
    ],
    "tids": [
      "instr_0040f8d4_3"
    ],
    "symbols": [],
    "other": [],
    "description": "(NULL Pointer Dereference) Memory access at 0040f8d4 may result in a NULL dereference"
  },
  {
    "name": "CWE476",
    "version": "0.2",
    "addresses": [
      "0040fe7c"
    ],
    "tids": [
      "instr_0040fe7c_3"
    ],
    "symbols": [],
    "other": [],
    "description": "(NULL Pointer Dereference) Memory access at 0040fe7c may result in a NULL dereference"
  },
  {
    "name": "CWE476",
    "version": "0.2",
    "addresses": [
      "0040fe8c"
    ],
    "tids": [
      "instr_0040fe8c_3"
    ],
    "symbols": [],
    "other": [],
    "description": "(NULL Pointer Dereference) Memory access at 0040fe8c may result in a NULL dereference"
  },
  {
    "name": "CWE476",
    "version": "0.2",
    "addresses": [
      "0040fe90"
    ],
    "tids": [
      "instr_0040fe90_3"
    ],
    "symbols": [],
    "other": [],
    "description": "(NULL Pointer Dereference) Memory access at 0040fe90 may result in a NULL dereference"
  },
  {
    "name": "CWE476",
    "version": "0.2",
    "addresses": [
      "00411668"
    ],
    "tids": [
      "instr_00411668_3"
    ],
    "symbols": [],
    "other": [],
    "description": "(NULL Pointer Dereference) Memory access at 00411668 may result in a NULL dereference"
  },
  {
    "name": "CWE476",
    "version": "0.3",
    "addresses": [
      "00401dd4",
      "00401f28"
    ],
    "tids": [
      "instr_00401dd4_7",
      "instr_00401f28_3"
    ],
    "symbols": [
      "malloc"
    ],
    "other": [],
    "description": "(NULL Pointer Dereference) There is no check if the return value is NULL at 00401dd4 (malloc)."
  },
  {
    "name": "CWE476",
    "version": "0.3",
    "addresses": [
      "00401de8",
      "00402044"
    ],
    "tids": [
      "instr_00401de8_7",
      "instr_00402044_7"
    ],
    "symbols": [
      "malloc"
    ],
    "other": [],
    "description": "(NULL Pointer Dereference) There is no check if the return value is NULL at 00401de8 (malloc)."
  },
  {
    "name": "CWE476",
    "version": "0.3",
    "addresses": [
      "00401e00",
      "0040205c"
    ],
    "tids": [
      "instr_00401e00_7",
      "instr_0040205c_7"
    ],
    "symbols": [
      "malloc"
    ],
    "other": [],
    "description": "(NULL Pointer Dereference) There is no check if the return value is NULL at 00401e00 (malloc)."
  },
  {
    "name": "CWE676",
    "version": "0.1",
    "addresses": [
      "00402044"
    ],
    "tids": [
      "instr_00402044_7"
    ],
    "symbols": [
      "FUN_00401cb0"
    ],
    "other": [
      [
        "dangerous_function",
        "memset"
      ]
    ],
    "description": "(Use of Potentially Dangerous Function) FUN_00401cb0 (00402044) -> memset"
  },
  {
    "name": "CWE676",
    "version": "0.1",
    "addresses": [
      "0040205c"
    ],
    "tids": [
      "instr_0040205c_7"
    ],
    "symbols": [
      "FUN_00401cb0"
    ],
    "other": [
      [
        "dangerous_function",
        "memset"
      ]
    ],
    "description": "(Use of Potentially Dangerous Function) FUN_00401cb0 (0040205c) -> memset"
  },
  {
    "name": "CWE676",
    "version": "0.1",
    "addresses": [
      "0040223c"
    ],
    "tids": [
      "instr_0040223c_7"
    ],
    "symbols": [
      "FUN_00401cb0"
    ],
    "other": [
      [
        "dangerous_function",
        "memset"
      ]
    ],
    "description": "(Use of Potentially Dangerous Function) FUN_00401cb0 (0040223c) -> memset"
  },
  {
    "name": "CWE676",
    "version": "0.1",
    "addresses": [
      "00402254"
    ],
    "tids": [
      "instr_00402254_7"
    ],
    "symbols": [
      "FUN_00401cb0"
    ],
    "other": [
      [
        "dangerous_function",
        "memset"
      ]
    ],
    "description": "(Use of Potentially Dangerous Function) FUN_00401cb0 (00402254) -> memset"
  },
  {
    "name": "CWE676",
    "version": "0.1",
    "addresses": [
      "00402534"
    ],
    "tids": [
      "instr_00402534_7"
    ],
    "symbols": [
      "FUN_00401cb0"
    ],
    "other": [
      [
        "dangerous_function",
        "memcpy"
      ]
    ],
    "description": "(Use of Potentially Dangerous Function) FUN_00401cb0 (00402534) -> memcpy"
  },
  {
    "name": "CWE676",
    "version": "0.1",
    "addresses": [
      "00402938"
    ],
    "tids": [
      "instr_00402938_7"
    ],
    "symbols": [
      "main"
    ],
    "other": [
      [
        "dangerous_function",
        "strcpy"
      ]
    ],
    "description": "(Use of Potentially Dangerous Function) main (00402938) -> strcpy"
  },
  {
    "name": "CWE676",
    "version": "0.1",
    "addresses": [
      "00402948"
    ],
    "tids": [
      "instr_00402948_7"
    ],
    "symbols": [
      "main"
    ],
    "other": [
      [
        "dangerous_function",
        "strlen"
      ]
    ],
    "description": "(Use of Potentially Dangerous Function) main (00402948) -> strlen"
  },
  {
    "name": "CWE676",
    "version": "0.1",
    "addresses": [
      "0040296c"
    ],
    "tids": [
      "instr_0040296c_7"
    ],
    "symbols": [
      "main"
    ],
    "other": [
      [
        "dangerous_function",
        "strlen"
      ]
    ],
    "description": "(Use of Potentially Dangerous Function) main (0040296c) -> strlen"
  },
  {
    "name": "CWE676",
    "version": "0.1",
    "addresses": [
      "004029b4"
    ],
    "tids": [
      "instr_004029b4_7"
    ],
    "symbols": [
      "main"
    ],
    "other": [
      [
        "dangerous_function",
        "strcat"
      ]
    ],
    "description": "(Use of Potentially Dangerous Function) main (004029b4) -> strcat"
  },
  {
    "name": "CWE676",
    "version": "0.1",
    "addresses": [
      "004029c8"
    ],
    "tids": [
      "instr_004029c8_7"
    ],
    "symbols": [
      "main"
    ],
    "other": [
      [
        "dangerous_function",
        "strlen"
      ]
    ],
    "description": "(Use of Potentially Dangerous Function) main (004029c8) -> strlen"
  },
  {
    "name": "CWE676",
    "version": "0.1",
    "addresses": [
      "00402a10"
    ],
    "tids": [
      "instr_00402a10_7"
    ],
    "symbols": [
      "main"
    ],
    "other": [
      [
        "dangerous_function",
        "sprintf"
      ]
    ],
    "description": "(Use of Potentially Dangerous Function) main (00402a10) -> sprintf"
  },
  {
    "name": "CWE676",
    "version": "0.1",
    "addresses": [
      "00402a28"
    ],
    "tids": [
      "instr_00402a28_7"
    ],
    "symbols": [
      "main"
    ],
    "other": [
      [
        "dangerous_function",
        "strlen"
      ]
    ],
    "description": "(Use of Potentially Dangerous Function) main (00402a28) -> strlen"
  },
  {
    "name": "CWE676",
    "version": "0.1",
    "addresses": [
      "00402a58"
    ],
    "tids": [
      "instr_00402a58_7"
    ],
    "symbols": [
      "main"
    ],
    "other": [
      [
        "dangerous_function",
        "strlen"
      ]
    ],
    "description": "(Use of Potentially Dangerous Function) main (00402a58) -> strlen"
  },
  {
    "name": "CWE676",
    "version": "0.1",
    "addresses": [
      "00402aa4"
    ],
    "tids": [
      "instr_00402aa4_7"
    ],
    "symbols": [
      "main"
    ],
    "other": [
      [
        "dangerous_function",
        "sprintf"
      ]
    ],
    "description": "(Use of Potentially Dangerous Function) main (00402aa4) -> sprintf"
  },
  {
    "name": "CWE676",
    "version": "0.1",
    "addresses": [
      "00402ff8"
    ],
    "tids": [
      "instr_00402ff8_7"
    ],
    "symbols": [
      "jpeg_CreateCompress"
    ],
    "other": [
      [
        "dangerous_function",
        "memset"
      ]
    ],
    "description": "(Use of Potentially Dangerous Function) jpeg_CreateCompress (00402ff8) -> memset"
  },
  {
    "name": "CWE676",
    "version": "0.1",
    "addresses": [
      "00403d08"
    ],
    "tids": [
      "instr_00403d08_7"
    ],
    "symbols": [
      "FUN_00403ca0"
    ],
    "other": [
      [
        "dangerous_function",
        "memcpy"
      ]
    ],
    "description": "(Use of Potentially Dangerous Function) FUN_00403ca0 (00403d08) -> memcpy"
  },
  {
    "name": "CWE676",
    "version": "0.1",
    "addresses": [
      "00403d6c"
    ],
    "tids": [
      "instr_00403d6c_7"
    ],
    "symbols": [
      "FUN_00403ca0"
    ],
    "other": [
      [
        "dangerous_function",
        "memcpy"
      ]
    ],
    "description": "(Use of Potentially Dangerous Function) FUN_00403ca0 (00403d6c) -> memcpy"
  },
  {
    "name": "CWE676",
    "version": "0.1",
    "addresses": [
      "00406928"
    ],
    "tids": [
      "instr_00406928_10"
    ],
    "symbols": [
      "jinit_c_prep_controller"
    ],
    "other": [
      [
        "dangerous_function",
        "memcpy"
      ]
    ],
    "description": "(Use of Potentially Dangerous Function) jinit_c_prep_controller (00406928) -> memcpy"
  },
  {
    "name": "CWE676",
    "version": "0.1",
    "addresses": [
      "004092cc"
    ],
    "tids": [
      "instr_004092cc_10"
    ],
    "symbols": [
      "FUN_00409264"
    ],
    "other": [
      [
        "dangerous_function",
        "memcpy"
      ]
    ],
    "description": "(Use of Potentially Dangerous Function) FUN_00409264 (004092cc) -> memcpy"
  },
  {
    "name": "CWE676",
    "version": "0.1",
    "addresses": [
      "00409684"
    ],
    "tids": [
      "instr_00409684_10"
    ],
    "symbols": [
      "FUN_00409264"
    ],
    "other": [
      [
        "dangerous_function",
        "memcpy"
      ]
    ],
    "description": "(Use of Potentially Dangerous Function) FUN_00409264 (00409684) -> memcpy"
  },
  {
    "name": "CWE676",
    "version": "0.1",
    "addresses": [
      "00409d84"
    ],
    "tids": [
      "instr_00409d84_7"
    ],
    "symbols": [
      "jpeg_make_c_derived_tbl"
    ],
    "other": [
      [
        "dangerous_function",
        "memset"
      ]
    ],
    "description": "(Use of Potentially Dangerous Function) jpeg_make_c_derived_tbl (00409d84) -> memset"
  },
  {
    "name": "CWE676",
    "version": "0.1",
    "addresses": [
      "00409fb4"
    ],
    "tids": [
      "instr_00409fb4_7"
    ],
    "symbols": [
      "FUN_00409e4c"
    ],
    "other": [
      [
        "dangerous_function",
        "memset"
      ]
    ],
    "description": "(Use of Potentially Dangerous Function) FUN_00409e4c (00409fb4) -> memset"
  },
  {
    "name": "CWE676",
    "version": "0.1",
    "addresses": [
      "0040a008"
    ],
    "tids": [
      "instr_0040a008_7"
    ],
    "symbols": [
      "FUN_00409e4c"
    ],
    "other": [
      [
        "dangerous_function",
        "memset"
      ]
    ],
    "description": "(Use of Potentially Dangerous Function) FUN_00409e4c (0040a008) -> memset"
  },
  {
    "name": "CWE676",
    "version": "0.1",
    "addresses": [
      "0040a118"
    ],
    "tids": [
      "instr_0040a118_7"
    ],
    "symbols": [
      "jpeg_gen_optimal_table"
    ],
    "other": [
      [
        "dangerous_function",
        "memset"
      ]
    ],
    "description": "(Use of Potentially Dangerous Function) jpeg_gen_optimal_table (0040a118) -> memset"
  },
  {
    "name": "CWE676",
    "version": "0.1",
    "addresses": [
      "0040a130"
    ],
    "tids": [
      "instr_0040a130_7"
    ],
    "symbols": [
      "jpeg_gen_optimal_table"
    ],
    "other": [
      [
        "dangerous_function",
        "memset"
      ]
    ],
    "description": "(Use of Potentially Dangerous Function) jpeg_gen_optimal_table (0040a130) -> memset"
  },
  {
    "name": "CWE676",
    "version": "0.1",
    "addresses": [
      "0040a3a0"
    ],
    "tids": [
      "instr_0040a3a0_10"
    ],
    "symbols": [
      "jpeg_gen_optimal_table"
    ],
    "other": [
      [
        "dangerous_function",
        "memcpy"
      ]
    ],
    "description": "(Use of Potentially Dangerous Function) jpeg_gen_optimal_table (0040a3a0) -> memcpy"
  },
  {
    "name": "CWE676",
    "version": "0.1",
    "addresses": [
      "0040b69c"
    ],
    "tids": [
      "instr_0040b69c_7"
    ],
    "symbols": [
      "FUN_0040b4e4"
    ],
    "other": [
      [
        "dangerous_function",
        "memset"
      ]
    ],
    "description": "(Use of Potentially Dangerous Function) FUN_0040b4e4 (0040b69c) -> memset"
  },
  {
    "name": "CWE676",
    "version": "0.1",
    "addresses": [
      "0040d5c4"
    ],
    "tids": [
      "instr_0040d5c4_7"
    ],
    "symbols": [
      "jpeg_CreateDecompress"
    ],
    "other": [
      [
        "dangerous_function",
        "memset"
      ]
    ],
    "description": "(Use of Potentially Dangerous Function) jpeg_CreateDecompress (0040d5c4) -> memset"
  },
  {
    "name": "CWE676",
    "version": "0.1",
    "addresses": [
      "0040e6c8"
    ],
    "tids": [
      "instr_0040e6c8_10"
    ],
    "symbols": [
      "jinit_master_decompress"
    ],
    "other": [
      [
        "dangerous_function",
        "memset"
      ]
    ],
    "description": "(Use of Potentially Dangerous Function) jinit_master_decompress (0040e6c8) -> memset"
  },
  {
    "name": "CWE676",
    "version": "0.1",
    "addresses": [
      "0040e714"
    ],
    "tids": [
      "instr_0040e714_7"
    ],
    "symbols": [
      "jinit_master_decompress"
    ],
    "other": [
      [
        "dangerous_function",
        "memset"
      ]
    ],
    "description": "(Use of Potentially Dangerous Function) jinit_master_decompress (0040e714) -> memset"
  },
  {
    "name": "CWE676",
    "version": "0.1",
    "addresses": [
      "0040e72c"
    ],
    "tids": [
      "instr_0040e72c_7"
    ],
    "symbols": [
      "jinit_master_decompress"
    ],
    "other": [
      [
        "dangerous_function",
        "memcpy"
      ]
    ],
    "description": "(Use of Potentially Dangerous Function) jinit_master_decompress (0040e72c) -> memcpy"
  },
  {
    "name": "CWE676",
    "version": "0.1",
    "addresses": [
      "0040edec"
    ],
    "tids": [
      "instr_0040edec_7"
    ],
    "symbols": [
      "FUN_0040eb3c"
    ],
    "other": [
      [
        "dangerous_function",
        "memcpy"
      ]
    ],
    "description": "(Use of Potentially Dangerous Function) FUN_0040eb3c (0040edec) -> memcpy"
  },
  {
    "name": "CWE676",
    "version": "0.1",
    "addresses": [
      "00410a6c"
    ],
    "tids": [
      "instr_00410a6c_7"
    ],
    "symbols": [
      "FUN_004106f8"
    ],
    "other": [
      [
        "dangerous_function",
        "memcpy"
      ]
    ],
    "description": "(Use of Potentially Dangerous Function) FUN_004106f8 (00410a6c) -> memcpy"
  },
  {
    "name": "CWE676",
    "version": "0.1",
    "addresses": [
      "00410a88"
    ],
    "tids": [
      "instr_00410a88_7"
    ],
    "symbols": [
      "FUN_004106f8"
    ],
    "other": [
      [
        "dangerous_function",
        "memcpy"
      ]
    ],
    "description": "(Use of Potentially Dangerous Function) FUN_004106f8 (00410a88) -> memcpy"
  },
  {
    "name": "CWE676",
    "version": "0.1",
    "addresses": [
      "00411cfc"
    ],
    "tids": [
      "instr_00411cfc_10"
    ],
    "symbols": [
      "FUN_00411bd0"
    ],
    "other": [
      [
        "dangerous_function",
        "memcpy"
      ]
    ],
    "description": "(Use of Potentially Dangerous Function) FUN_00411bd0 (00411cfc) -> memcpy"
  },
  {
    "name": "CWE676",
    "version": "0.1",
    "addresses": [
      "00412190"
    ],
    "tids": [
      "instr_00412190_10"
    ],
    "symbols": [
      "FUN_00411bd0"
    ],
    "other": [
      [
        "dangerous_function",
        "memcpy"
      ]
    ],
    "description": "(Use of Potentially Dangerous Function) FUN_00411bd0 (00412190) -> memcpy"
  },
  {
    "name": "CWE676",
    "version": "0.1",
    "addresses": [
      "00412518"
    ],
    "tids": [
      "instr_00412518_7"
    ],
    "symbols": [
      "jpeg_make_d_derived_tbl"
    ],
    "other": [
      [
        "dangerous_function",
        "memset"
      ]
    ],
    "description": "(Use of Potentially Dangerous Function) jpeg_make_d_derived_tbl (00412518) -> memset"
  },
  {
    "name": "CWE676",
    "version": "0.1",
    "addresses": [
      "004136f4"
    ],
    "tids": [
      "instr_004136f4_10"
    ],
    "symbols": [
      "FUN_00413630"
    ],
    "other": [
      [
        "dangerous_function",
        "memcpy"
      ]
    ],
    "description": "(Use of Potentially Dangerous Function) FUN_00413630 (004136f4) -> memcpy"
  },
  {
    "name": "CWE676",
    "version": "0.1",
    "addresses": [
      "004138d0"
    ],
    "tids": [
      "instr_004138d0_10"
    ],
    "symbols": [
      "FUN_00413630"
    ],
    "other": [
      [
        "dangerous_function",
        "memcpy"
      ]
    ],
    "description": "(Use of Potentially Dangerous Function) FUN_00413630 (004138d0) -> memcpy"
  },
  {
    "name": "CWE676",
    "version": "0.1",
    "addresses": [
      "00415e78"
    ],
    "tids": [
      "instr_00415e78_7"
    ],
    "symbols": [
      "jinit_inverse_dct"
    ],
    "other": [
      [
        "dangerous_function",
        "memset"
      ]
    ],
    "description": "(Use of Potentially Dangerous Function) jinit_inverse_dct (00415e78) -> memset"
  },
  {
    "name": "CWE676",
    "version": "0.1",
    "addresses": [
      "0041bbc0"
    ],
    "tids": [
      "instr_0041bbc0_7"
    ],
    "symbols": [
      "jcopy_sample_rows"
    ],
    "other": [
      [
        "dangerous_function",
        "memcpy"
      ]
    ],
    "description": "(Use of Potentially Dangerous Function) jcopy_sample_rows (0041bbc0) -> memcpy"
  },
  {
    "name": "CWE676",
    "version": "0.1",
    "addresses": [
      "0041be28"
    ],
    "tids": [
      "instr_0041be28_10"
    ],
    "symbols": [
      "FUN_0041bd10"
    ],
    "other": [
      [
        "dangerous_function",
        "sprintf"
      ]
    ],
    "description": "(Use of Potentially Dangerous Function) FUN_0041bd10 (0041be28) -> sprintf"
  },
  {
    "name": "CWE676",
    "version": "0.1",
    "addresses": [
      "0041c67c"
    ],
    "tids": [
      "instr_0041c67c_7"
    ],
    "symbols": [
      "jinit_memory_mgr"
    ],
    "other": [
      [
        "dangerous_function",
        "sscanf"
      ]
    ],
    "description": "(Use of Potentially Dangerous Function) jinit_memory_mgr (0041c67c) -> sscanf"
  },
  {
    "name": "CWE787",
    "version": "0.3",
    "addresses": [
      "00401cec"
    ],
    "tids": [
      "instr_00401cec_3"
    ],
    "symbols": [],
    "other": [
      [
        "For the object ID sub_00401cb0 @ sp:i32 access to the offset 4 (size 4) may overflow the upper object bound of 0.",
        "Relevant callgraph TIDs: [sub_00401cb0]"
      ]
    ],
    "description": "(Out-of-bounds Write) Memory write at 00401cec may be out of bounds."
  },
  {
    "name": "CWE787",
    "version": "0.3",
    "addresses": [
      "00407864"
    ],
    "tids": [
      "instr_00407864_3"
    ],
    "symbols": [],
    "other": [
      [
        "For the object ID sub_00407820 @ sp:i32 access to the offset 4 (size 4) may overflow the upper object bound of 0.",
        "Relevant callgraph TIDs: [sub_00407820]"
      ]
    ],
    "description": "(Out-of-bounds Write) Memory write at 00407864 may be out of bounds."
  },
  {
    "name": "CWE787",
    "version": "0.3",
    "addresses": [
      "00414a74"
    ],
    "tids": [
      "instr_00414a74_3"
    ],
    "symbols": [],
    "other": [
      [
        "For the object ID sub_00414a30 @ sp:i32 access to the offset 4 (size 4) may overflow the upper object bound of 0.",
        "Relevant callgraph TIDs: [sub_00414a30]"
      ]
    ],
    "description": "(Out-of-bounds Write) Memory write at 00414a74 may be out of bounds."
  },
  {
    "name": "CWE787",
    "version": "0.3",
    "addresses": [
      "0041a4e0"
    ],
    "tids": [
      "instr_0041a4e0_3"
    ],
    "symbols": [],
    "other": [
      [
        "For the object ID sub_0041a49c @ sp:i32 access to the offset 12 (size 4) may overflow the upper object bound of 0.",
        "Relevant callgraph TIDs: [sub_0041a49c]"
      ]
    ],
    "description": "(Out-of-bounds Write) Memory write at 0041a4e0 may be out of bounds."
  }
]