[
  {
    "name": "CWE676",
    "version": "0.1",
    "addresses": [
      "0040129c"
    ],
    "tids": [
      "instr_0040129c_6"
    ],
    "symbols": [
      "main"
    ],
    "other": [
      [
        "dangerous_function",
        "memcpy"
      ]
    ],
    "description": "(Use of Potentially Dangerous Function) main (0040129c) -> memcpy"
  },
  {
    "name": "CWE676",
    "version": "0.1",
    "addresses": [
      "00401ec4"
    ],
    "tids": [
      "instr_00401ec4_6"
    ],
    "symbols": [
      "main"
    ],
    "other": [
      [
        "dangerous_function",
        "sscanf"
      ]
    ],
    "description": "(Use of Potentially Dangerous Function) main (00401ec4) -> sscanf"
  },
  {
    "name": "CWE676",
    "version": "0.1",
    "addresses": [
      "00408220"
    ],
    "tids": [
      "instr_00408220_6"
    ],
    "symbols": [
      "getnext"
    ],
    "other": [
      [
        "dangerous_function",
        "strcpy"
      ]
    ],
    "description": "(Use of Potentially Dangerous Function) getnext (00408220) -> strcpy"
  },
  {
    "name": "CWE676",
    "version": "0.1",
    "addresses": [
      "0040826c"
    ],
    "tids": [
      "instr_0040826c_6"
    ],
    "symbols": [
      "getnext"
    ],
    "other": [
      [
        "dangerous_function",
        "strncpy"
      ]
    ],
    "description": "(Use of Potentially Dangerous Function) getnext (0040826c) -> strncpy"
  },
  {
    "name": "CWE782",
    "version": "0.1",
    "addresses": [
      "00405d28"
    ],
    "tids": [
      "instr_00405d28_6"
    ],
    "symbols": [
      "HwNatDumpDport"
    ],
    "other": [],
    "description": "(Exposed IOCTL with Insufficient Access Control) Program uses ioctl at HwNatDumpDport (00405d28). Be sure to double check the program and the corresponding driver."
  },
  {
    "name": "CWE782",
    "version": "0.1",
    "addresses": [
      "00405e64"
    ],
    "tids": [
      "instr_00405e64_6"
    ],
    "symbols": [
      "HwNatDelEntry"
    ],
    "other": [],
    "description": "(Exposed IOCTL with Insufficient Access Control) Program uses ioctl at HwNatDelEntry (00405e64). Be sure to double check the program and the corresponding driver."
  },
  {
    "name": "CWE782",
    "version": "0.1",
    "addresses": [
      "00405fa0"
    ],
    "tids": [
      "instr_00405fa0_6"
    ],
    "symbols": [
      "HwNatAddEntry"
    ],
    "other": [],
    "description": "(Exposed IOCTL with Insufficient Access Control) Program uses ioctl at HwNatAddEntry (00405fa0). Be sure to double check the program and the corresponding driver."
  },
  {
    "name": "CWE782",
    "version": "0.1",
    "addresses": [
      "004060dc"
    ],
    "tids": [
      "instr_004060dc_6"
    ],
    "symbols": [
      "HwNatTblClear"
    ],
    "other": [],
    "description": "(Exposed IOCTL with Insufficient Access Control) Program uses ioctl at HwNatTblClear (004060dc). Be sure to double check the program and the corresponding driver."
  },
  {
    "name": "CWE782",
    "version": "0.1",
    "addresses": [
      "0040622c"
    ],
    "tids": [
      "instr_0040622c_6"
    ],
    "symbols": [
      "HwNatDumpEntry"
    ],
    "other": [],
    "description": "(Exposed IOCTL with Insufficient Access Control) Program uses ioctl at HwNatDumpEntry (0040622c). Be sure to double check the program and the corresponding driver."
  },
  {
    "name": "CWE782",
    "version": "0.1",
    "addresses": [
      "0040637c"
    ],
    "tids": [
      "instr_0040637c_6"
    ],
    "symbols": [
      "HwNatBindEntry"
    ],
    "other": [],
    "description": "(Exposed IOCTL with Insufficient Access Control) Program uses ioctl at HwNatBindEntry (0040637c). Be sure to double check the program and the corresponding driver."
  },
  {
    "name": "CWE782",
    "version": "0.1",
    "addresses": [
      "004064cc"
    ],
    "tids": [
      "instr_004064cc_6"
    ],
    "symbols": [
      "HwNatUnBindEntry"
    ],
    "other": [],
    "description": "(Exposed IOCTL with Insufficient Access Control) Program uses ioctl at HwNatUnBindEntry (004064cc). Be sure to double check the program and the corresponding driver."
  },
  {
    "name": "CWE782",
    "version": "0.1",
    "addresses": [
      "0040661c"
    ],
    "tids": [
      "instr_0040661c_6"
    ],
    "symbols": [
      "HwNatDropEntry"
    ],
    "other": [],
    "description": "(Exposed IOCTL with Insufficient Access Control) Program uses ioctl at HwNatDropEntry (0040661c). Be sure to double check the program and the corresponding driver."
  },
  {
    "name": "CWE782",
    "version": "0.1",
    "addresses": [
      "0040676c"
    ],
    "tids": [
      "instr_0040676c_6"
    ],
    "symbols": [
      "HwNatInvalidEntry"
    ],
    "other": [],
    "description": "(Exposed IOCTL with Insufficient Access Control) Program uses ioctl at HwNatInvalidEntry (0040676c). Be sure to double check the program and the corresponding driver."
  },
  {
    "name": "CWE782",
    "version": "0.1",
    "addresses": [
      "004068a8"
    ],
    "tids": [
      "instr_004068a8_6"
    ],
    "symbols": [
      "HwNatCacheDumpEntry"
    ],
    "other": [],
    "description": "(Exposed IOCTL with Insufficient Access Control) Program uses ioctl at HwNatCacheDumpEntry (004068a8). Be sure to double check the program and the corresponding driver."
  },
  {
    "name": "CWE782",
    "version": "0.1",
    "addresses": [
      "004069e4"
    ],
    "tids": [
      "instr_004069e4_6"
    ],
    "symbols": [
      "HwNatGetAGCnt"
    ],
    "other": [],
    "description": "(Exposed IOCTL with Insufficient Access Control) Program uses ioctl at HwNatGetAGCnt (004069e4). Be sure to double check the program and the corresponding driver."
  },
  {
    "name": "CWE782",
    "version": "0.1",
    "addresses": [
      "00406b3c"
    ],
    "tids": [
      "instr_00406b3c_6"
    ],
    "symbols": [
      "TFStats_get"
    ],
    "other": [],
    "description": "(Exposed IOCTL with Insufficient Access Control) Program uses ioctl at TFStats_get (00406b3c). Be sure to double check the program and the corresponding driver."
  },
  {
    "name": "CWE782",
    "version": "0.1",
    "addresses": [
      "00406cec"
    ],
    "tids": [
      "instr_00406cec_6"
    ],
    "symbols": [
      "TFStats_clear_all"
    ],
    "other": [],
    "description": "(Exposed IOCTL with Insufficient Access Control) Program uses ioctl at TFStats_clear_all (00406cec). Be sure to double check the program and the corresponding driver."
  },
  {
    "name": "CWE782",
    "version": "0.1",
    "addresses": [
      "00406e9c"
    ],
    "tids": [
      "instr_00406e9c_6"
    ],
    "symbols": [
      "TFStats_get_all"
    ],
    "other": [],
    "description": "(Exposed IOCTL with Insufficient Access Control) Program uses ioctl at TFStats_get_all (00406e9c). Be sure to double check the program and the corresponding driver."
  },
  {
    "name": "CWE782",
    "version": "0.1",
    "addresses": [
      "004073f4"
    ],
    "tids": [
      "instr_004073f4_6"
    ],
    "symbols": [
      "HwNatSetBindThreshold"
    ],
    "other": [],
    "description": "(Exposed IOCTL with Insufficient Access Control) Program uses ioctl at HwNatSetBindThreshold (004073f4). Be sure to double check the program and the corresponding driver."
  },
  {
    "name": "CWE782",
    "version": "0.1",
    "addresses": [
      "00407530"
    ],
    "tids": [
      "instr_00407530_6"
    ],
    "symbols": [
      "HwNatSetMaxEntryRateLimit"
    ],
    "other": [],
    "description": "(Exposed IOCTL with Insufficient Access Control) Program uses ioctl at HwNatSetMaxEntryRateLimit (00407530). Be sure to double check the program and the corresponding driver."
  },
  {
    "name": "CWE782",
    "version": "0.1",
    "addresses": [
      "0040766c"
    ],
    "tids": [
      "instr_0040766c_6"
    ],
    "symbols": [
      "HwNatSetRuleSize"
    ],
    "other": [],
    "description": "(Exposed IOCTL with Insufficient Access Control) Program uses ioctl at HwNatSetRuleSize (0040766c). Be sure to double check the program and the corresponding driver."
  },
  {
    "name": "CWE782",
    "version": "0.1",
    "addresses": [
      "004077a8"
    ],
    "tids": [
      "instr_004077a8_6"
    ],
    "symbols": [
      "HwNatSetKaInterval"
    ],
    "other": [],
    "description": "(Exposed IOCTL with Insufficient Access Control) Program uses ioctl at HwNatSetKaInterval (004077a8). Be sure to double check the program and the corresponding driver."
  },
  {
    "name": "CWE782",
    "version": "0.1",
    "addresses": [
      "004078e4"
    ],
    "tids": [
      "instr_004078e4_6"
    ],
    "symbols": [
      "HwNatSetUnbindLifeTime"
    ],
    "other": [],
    "description": "(Exposed IOCTL with Insufficient Access Control) Program uses ioctl at HwNatSetUnbindLifeTime (004078e4). Be sure to double check the program and the corresponding driver."
  },
  {
    "name": "CWE782",
    "version": "0.1",
    "addresses": [
      "00407a20"
    ],
    "tids": [
      "instr_00407a20_6"
    ],
    "symbols": [
      "HwNatSetBindLifeTime"
    ],
    "other": [],
    "description": "(Exposed IOCTL with Insufficient Access Control) Program uses ioctl at HwNatSetBindLifeTime (00407a20). Be sure to double check the program and the corresponding driver."
  },
  {
    "name": "CWE782",
    "version": "0.1",
    "addresses": [
      "00407b5c"
    ],
    "tids": [
      "instr_00407b5c_6"
    ],
    "symbols": [
      "HwNatSetVID"
    ],
    "other": [],
    "description": "(Exposed IOCTL with Insufficient Access Control) Program uses ioctl at HwNatSetVID (00407b5c). Be sure to double check the program and the corresponding driver."
  },
  {
    "name": "CWE782",
    "version": "0.1",
    "addresses": [
      "00407c98"
    ],
    "tids": [
      "instr_00407c98_6"
    ],
    "symbols": [
      "HwNatSetBindDir"
    ],
    "other": [],
    "description": "(Exposed IOCTL with Insufficient Access Control) Program uses ioctl at HwNatSetBindDir (00407c98). Be sure to double check the program and the corresponding driver."
  },
  {
    "name": "CWE782",
    "version": "0.1",
    "addresses": [
      "00407dd8"
    ],
    "tids": [
      "instr_00407dd8_6"
    ],
    "symbols": [
      "HwNatGetAllEntries"
    ],
    "other": [],
    "description": "(Exposed IOCTL with Insufficient Access Control) Program uses ioctl at HwNatGetAllEntries (00407dd8). Be sure to double check the program and the corresponding driver."
  },
  {
    "name": "CWE782",
    "version": "0.1",
    "addresses": [
      "00407f44"
    ],
    "tids": [
      "instr_00407f44_6"
    ],
    "symbols": [
      "HwNatDebug"
    ],
    "other": [],
    "description": "(Exposed IOCTL with Insufficient Access Control) Program uses ioctl at HwNatDebug (00407f44). Be sure to double check the program and the corresponding driver."
  },
  {
    "name": "CWE782",
    "version": "0.1",
    "addresses": [
      "004080ec"
    ],
    "tids": [
      "instr_004080ec_6"
    ],
    "symbols": [
      "HwNatSwitchDsliteMape"
    ],
    "other": [],
    "description": "(Exposed IOCTL with Insufficient Access Control) Program uses ioctl at HwNatSwitchDsliteMape (004080ec). Be sure to double check the program and the corresponding driver."
  },
  {
    "name": "CWE787",
    "version": "0.3",
    "addresses": [
      "00401270"
    ],
    "tids": [
      "instr_00401270_3"
    ],
    "symbols": [],
    "other": [
      [
        "For the object ID sub_00401234 @ sp:i32 access to the offset 0 (size 4) may overflow the upper object bound of 0.",
        "Relevant callgraph TIDs: [sub_00401234]"
      ]
    ],
    "description": "(Out-of-bounds Write) Memory write at 00401270 may be out of bounds."
  },
  {
    "name": "CWE787",
    "version": "0.3",
    "addresses": [
      "00405dd8"
    ],
    "tids": [
      "instr_00405dd8_3"
    ],
    "symbols": [],
    "other": [
      [
        "For the object ID sub_00405dbc @ sp:i32 access to the offset 0 (size 4) may overflow the upper object bound of 0.",
        "Relevant callgraph TIDs: [sub_00405dbc]"
      ]
    ],
    "description": "(Out-of-bounds Write) Memory write at 00405dd8 may be out of bounds."
  },
  {
    "name": "CWE787",
    "version": "0.3",
    "addresses": [
      "00405f14"
    ],
    "tids": [
      "instr_00405f14_3"
    ],
    "symbols": [],
    "other": [
      [
        "For the object ID sub_00405ef8 @ sp:i32 access to the offset 0 (size 4) may overflow the upper object bound of 0.",
        "Relevant callgraph TIDs: [sub_00405ef8]"
      ]
    ],
    "description": "(Out-of-bounds Write) Memory write at 00405f14 may be out of bounds."
  },
  {
    "name": "CWE787",
    "version": "0.3",
    "addresses": [
      "0040618c"
    ],
    "tids": [
      "instr_0040618c_3"
    ],
    "symbols": [],
    "other": [
      [
        "For the object ID sub_00406170 @ sp:i32 access to the offset 0 (size 4) may overflow the upper object bound of 0.",
        "Relevant callgraph TIDs: [sub_00406170]"
      ]
    ],
    "description": "(Out-of-bounds Write) Memory write at 0040618c may be out of bounds."
  },
  {
    "name": "CWE787",
    "version": "0.3",
    "addresses": [
      "004062dc"
    ],
    "tids": [
      "instr_004062dc_3"
    ],
    "symbols": [],
    "other": [
      [
        "For the object ID sub_004062c0 @ sp:i32 access to the offset 0 (size 4) may overflow the upper object bound of 0.",
        "Relevant callgraph TIDs: [sub_004062c0]"
      ]
    ],
    "description": "(Out-of-bounds Write) Memory write at 004062dc may be out of bounds."
  },
  {
    "name": "CWE787",
    "version": "0.3",
    "addresses": [
      "0040642c"
    ],
    "tids": [
      "instr_0040642c_3"
    ],
    "symbols": [],
    "other": [
      [
        "For the object ID sub_00406410 @ sp:i32 access to the offset 0 (size 4) may overflow the upper object bound of 0.",
        "Relevant callgraph TIDs: [sub_00406410]"
      ]
    ],
    "description": "(Out-of-bounds Write) Memory write at 0040642c may be out of bounds."
  },
  {
    "name": "CWE787",
    "version": "0.3",
    "addresses": [
      "0040657c"
    ],
    "tids": [
      "instr_0040657c_3"
    ],
    "symbols": [],
    "other": [
      [
        "For the object ID sub_00406560 @ sp:i32 access to the offset 0 (size 4) may overflow the upper object bound of 0.",
        "Relevant callgraph TIDs: [sub_00406560]"
      ]
    ],
    "description": "(Out-of-bounds Write) Memory write at 0040657c may be out of bounds."
  },
  {
    "name": "CWE787",
    "version": "0.3",
    "addresses": [
      "004066cc"
    ],
    "tids": [
      "instr_004066cc_3"
    ],
    "symbols": [],
    "other": [
      [
        "For the object ID sub_004066b0 @ sp:i32 access to the offset 0 (size 4) may overflow the upper object bound of 0.",
        "Relevant callgraph TIDs: [sub_004066b0]"
      ]
    ],
    "description": "(Out-of-bounds Write) Memory write at 004066cc may be out of bounds."
  },
  {
    "name": "CWE787",
    "version": "0.3",
    "addresses": [
      "00406958"
    ],
    "tids": [
      "instr_00406958_3"
    ],
    "symbols": [],
    "other": [
      [
        "For the object ID sub_0040693c @ sp:i32 access to the offset 0 (size 4) may overflow the upper object bound of 0.",
        "Relevant callgraph TIDs: [sub_0040693c]"
      ]
    ],
    "description": "(Out-of-bounds Write) Memory write at 00406958 may be out of bounds."
  },
  {
    "name": "CWE787",
    "version": "0.3",
    "addresses": [
      "00406a94"
    ],
    "tids": [
      "instr_00406a94_3"
    ],
    "symbols": [],
    "other": [
      [
        "For the object ID sub_00406a78 @ sp:i32 access to the offset 0 (size 4) may overflow the upper object bound of 0.",
        "Relevant callgraph TIDs: [sub_00406a78]"
      ]
    ],
    "description": "(Out-of-bounds Write) Memory write at 00406a94 may be out of bounds."
  },
  {
    "name": "CWE787",
    "version": "0.3",
    "addresses": [
      "00406c44"
    ],
    "tids": [
      "instr_00406c44_3"
    ],
    "symbols": [],
    "other": [
      [
        "For the object ID sub_00406c28 @ sp:i32 access to the offset 0 (size 4) may overflow the upper object bound of 0.",
        "Relevant callgraph TIDs: [sub_00406c28]"
      ]
    ],
    "description": "(Out-of-bounds Write) Memory write at 00406c44 may be out of bounds."
  },
  {
    "name": "CWE787",
    "version": "0.3",
    "addresses": [
      "00406df4"
    ],
    "tids": [
      "instr_00406df4_3"
    ],
    "symbols": [],
    "other": [
      [
        "For the object ID sub_00406dd8 @ sp:i32 access to the offset 0 (size 4) may overflow the upper object bound of 0.",
        "Relevant callgraph TIDs: [sub_00406dd8]"
      ]
    ],
    "description": "(Out-of-bounds Write) Memory write at 00406df4 may be out of bounds."
  },
  {
    "name": "CWE787",
    "version": "0.3",
    "addresses": [
      "00407368"
    ],
    "tids": [
      "instr_00407368_3"
    ],
    "symbols": [],
    "other": [
      [
        "For the object ID sub_0040734c @ sp:i32 access to the offset 0 (size 4) may overflow the upper object bound of 0.",
        "Relevant callgraph TIDs: [sub_0040734c]"
      ]
    ],
    "description": "(Out-of-bounds Write) Memory write at 00407368 may be out of bounds."
  },
  {
    "name": "CWE787",
    "version": "0.3",
    "addresses": [
      "004074a4"
    ],
    "tids": [
      "instr_004074a4_3"
    ],
    "symbols": [],
    "other": [
      [
        "For the object ID sub_00407488 @ sp:i32 access to the offset 0 (size 4) may overflow the upper object bound of 0.",
        "Relevant callgraph TIDs: [sub_00407488]"
      ]
    ],
    "description": "(Out-of-bounds Write) Memory write at 004074a4 may be out of bounds."
  },
  {
    "name": "CWE787",
    "version": "0.3",
    "addresses": [
      "004075e0"
    ],
    "tids": [
      "instr_004075e0_3"
    ],
    "symbols": [],
    "other": [
      [
        "For the object ID sub_004075c4 @ sp:i32 access to the offset 0 (size 4) may overflow the upper object bound of 0.",
        "Relevant callgraph TIDs: [sub_004075c4]"
      ]
    ],
    "description": "(Out-of-bounds Write) Memory write at 004075e0 may be out of bounds."
  },
  {
    "name": "CWE787",
    "version": "0.3",
    "addresses": [
      "0040771c"
    ],
    "tids": [
      "instr_0040771c_3"
    ],
    "symbols": [],
    "other": [
      [
        "For the object ID sub_00407700 @ sp:i32 access to the offset 0 (size 4) may overflow the upper object bound of 0.",
        "Relevant callgraph TIDs: [sub_00407700]"
      ]
    ],
    "description": "(Out-of-bounds Write) Memory write at 0040771c may be out of bounds."
  },
  {
    "name": "CWE787",
    "version": "0.3",
    "addresses": [
      "00407858"
    ],
    "tids": [
      "instr_00407858_3"
    ],
    "symbols": [],
    "other": [
      [
        "For the object ID sub_0040783c @ sp:i32 access to the offset 0 (size 4) may overflow the upper object bound of 0.",
        "Relevant callgraph TIDs: [sub_0040783c]"
      ]
    ],
    "description": "(Out-of-bounds Write) Memory write at 00407858 may be out of bounds."
  },
  {
    "name": "CWE787",
    "version": "0.3",
    "addresses": [
      "00407994"
    ],
    "tids": [
      "instr_00407994_3"
    ],
    "symbols": [],
    "other": [
      [
        "For the object ID sub_00407978 @ sp:i32 access to the offset 0 (size 4) may overflow the upper object bound of 0.",
        "Relevant callgraph TIDs: [sub_00407978]"
      ]
    ],
    "description": "(Out-of-bounds Write) Memory write at 00407994 may be out of bounds."
  },
  {
    "name": "CWE787",
    "version": "0.3",
    "addresses": [
      "00407ad0"
    ],
    "tids": [
      "instr_00407ad0_3"
    ],
    "symbols": [],
    "other": [
      [
        "For the object ID sub_00407ab4 @ sp:i32 access to the offset 0 (size 4) may overflow the upper object bound of 0.",
        "Relevant callgraph TIDs: [sub_00407ab4]"
      ]
    ],
    "description": "(Out-of-bounds Write) Memory write at 00407ad0 may be out of bounds."
  },
  {
    "name": "CWE787",
    "version": "0.3",
    "addresses": [
      "00407c0c"
    ],
    "tids": [
      "instr_00407c0c_3"
    ],
    "symbols": [],
    "other": [
      [
        "For the object ID sub_00407bf0 @ sp:i32 access to the offset 0 (size 4) may overflow the upper object bound of 0.",
        "Relevant callgraph TIDs: [sub_00407bf0]"
      ]
    ],
    "description": "(Out-of-bounds Write) Memory write at 00407c0c may be out of bounds."
  },
  {
    "name": "CWE787",
    "version": "0.3",
    "addresses": [
      "00407d48"
    ],
    "tids": [
      "instr_00407d48_3"
    ],
    "symbols": [],
    "other": [
      [
        "For the object ID sub_00407d2c @ sp:i32 access to the offset 0 (size 4) may overflow the upper object bound of 0.",
        "Relevant callgraph TIDs: [sub_00407d2c]"
      ]
    ],
    "description": "(Out-of-bounds Write) Memory write at 00407d48 may be out of bounds."
  },
  {
    "name": "CWE787",
    "version": "0.3",
    "addresses": [
      "00407e88"
    ],
    "tids": [
      "instr_00407e88_3"
    ],
    "symbols": [],
    "other": [
      [
        "For the object ID sub_00407e6c @ sp:i32 access to the offset 0 (size 4) may overflow the upper object bound of 0.",
        "Relevant callgraph TIDs: [sub_00407e6c]"
      ]
    ],
    "description": "(Out-of-bounds Write) Memory write at 00407e88 may be out of bounds."
  },
  {
    "name": "CWE787",
    "version": "0.3",
    "addresses": [
      "00407ff4"
    ],
    "tids": [
      "instr_00407ff4_3"
    ],
    "symbols": [],
    "other": [
      [
        "For the object ID sub_00407fd8 @ sp:i32 access to the offset 0 (size 4) may overflow the upper object bound of 0.",
        "Relevant callgraph TIDs: [sub_00407fd8]"
      ]
    ],
    "description": "(Out-of-bounds Write) Memory write at 00407ff4 may be out of bounds."
  },
  {
    "name": "CWE787",
    "version": "0.3",
    "addresses": [
      "0040819c"
    ],
    "tids": [
      "instr_0040819c_3"
    ],
    "symbols": [],
    "other": [
      [
        "For the object ID sub_00408180 @ sp:i32 access to the offset 0 (size 4) may overflow the upper object bound of 0.",
        "Relevant callgraph TIDs: [sub_00408180]"
      ]
    ],
    "description": "(Out-of-bounds Write) Memory write at 0040819c may be out of bounds."
  },
  {
    "name": "CWE787",
    "version": "0.3",
    "addresses": [
      "004082d0"
    ],
    "tids": [
      "instr_004082d0_3"
    ],
    "symbols": [],
    "other": [
      [
        "For the object ID sub_004082b0 @ sp:i32 access to the offset 0 (size 4) may overflow the upper object bound of 0.",
        "Relevant callgraph TIDs: [sub_004082b0]"
      ]
    ],
    "description": "(Out-of-bounds Write) Memory write at 004082d0 may be out of bounds."
  },
  {
    "name": "CWE787",
    "version": "0.3",
    "addresses": [
      "00408420"
    ],
    "tids": [
      "instr_00408420_3"
    ],
    "symbols": [],
    "other": [
      [
        "For the object ID sub_00408404 @ sp:i32 access to the offset 0 (size 4) may overflow the upper object bound of 0.",
        "Relevant callgraph TIDs: [sub_00408404]"
      ]
    ],
    "description": "(Out-of-bounds Write) Memory write at 00408420 may be out of bounds."
  },
  {
    "name": "CWE787",
    "version": "0.3",
    "addresses": [
      "0040858c"
    ],
    "tids": [
      "instr_0040858c_3"
    ],
    "symbols": [],
    "other": [
      [
        "For the object ID sub_00408570 @ sp:i32 access to the offset 0 (size 4) may overflow the upper object bound of 0.",
        "Relevant callgraph TIDs: [sub_00408570]"
      ]
    ],
    "description": "(Out-of-bounds Write) Memory write at 0040858c may be out of bounds."
  },
  {
    "name": "CWE789",
    "version": "0.1",
    "addresses": [
      "00401388"
    ],
    "tids": [
      "instr_00401388_6"
    ],
    "symbols": [],
    "other": [],
    "description": "(Large memory allocation) Potential heap memory exhaustion at 0x00401388"
  }
]