[
  {
    "name": "CWE134",
    "version": "0.1",
    "addresses": [
      "0040205c"
    ],
    "tids": [
      "instr_0040205c_7"
    ],
    "symbols": [
      "sscanf"
    ],
    "other": [],
    "description": "(Externally Controlled Format String) Potential externally controlled format string for call to sscanf at 0040205c"
  },
  {
    "name": "CWE134",
    "version": "0.1",
    "addresses": [
      "00402108"
    ],
    "tids": [
      "instr_00402108_7"
    ],
    "symbols": [
      "printf"
    ],
    "other": [],
    "description": "(Externally Controlled Format String) Potential externally controlled format string for call to printf at 00402108"
  },
  {
    "name": "CWE134",
    "version": "0.1",
    "addresses": [
      "004021c0"
    ],
    "tids": [
      "instr_004021c0_7"
    ],
    "symbols": [
      "printf"
    ],
    "other": [],
    "description": "(Externally Controlled Format String) Potential externally controlled format string for call to printf at 004021c0"
  },
  {
    "name": "CWE134",
    "version": "0.1",
    "addresses": [
      "004033b4"
    ],
    "tids": [
      "instr_004033b4_7"
    ],
    "symbols": [
      "printf"
    ],
    "other": [],
    "description": "(Externally Controlled Format String) Potential externally controlled format string for call to printf at 004033b4"
  },
  {
    "name": "CWE134",
    "version": "0.1",
    "addresses": [
      "004035ac"
    ],
    "tids": [
      "instr_004035ac_7"
    ],
    "symbols": [
      "printf"
    ],
    "other": [],
    "description": "(Externally Controlled Format String) Potential externally controlled format string for call to printf at 004035ac"
  },
  {
    "name": "CWE252",
    "version": "0.1",
    "addresses": [
      "00401f48",
      "004020d8"
    ],
    "tids": [
      "instr_00401f48_6",
      "instr_004020d8_0"
    ],
    "symbols": [
      "atoi"
    ],
    "other": [
      [
        "reason=empty_state"
      ]
    ],
    "description": "(Unchecked Return Value) There is no check of the return value of 00401f48 (atoi)."
  },
  {
    "name": "CWE252",
    "version": "0.1",
    "addresses": [
      "00401f48",
      "004028f8"
    ],
    "tids": [
      "instr_00401f48_6",
      "instr_004028f8_3"
    ],
    "symbols": [
      "atoi"
    ],
    "other": [
      [
        "reason=empty_state"
      ]
    ],
    "description": "(Unchecked Return Value) There is no check of the return value of 00401f48 (atoi)."
  },
  {
    "name": "CWE252",
    "version": "0.1",
    "addresses": [
      "00401f90",
      "00402918"
    ],
    "tids": [
      "instr_00401f90_6",
      "instr_00402918_6"
    ],
    "symbols": [
      "atoi"
    ],
    "other": [
      [
        "reason=isolated_returns_no_reg_taint"
      ]
    ],
    "description": "(Unchecked Return Value) There is no check of the return value of 00401f90 (atoi)."
  },
  {
    "name": "CWE252",
    "version": "0.1",
    "addresses": [
      "00401fb8",
      "00402918"
    ],
    "tids": [
      "instr_00401fb8_6",
      "instr_00402918_6"
    ],
    "symbols": [
      "atoi"
    ],
    "other": [
      [
        "reason=isolated_returns_no_reg_taint"
      ]
    ],
    "description": "(Unchecked Return Value) There is no check of the return value of 00401fb8 (atoi)."
  },
  {
    "name": "CWE252",
    "version": "0.1",
    "addresses": [
      "00401fe4",
      "00402134"
    ],
    "tids": [
      "instr_00401fe4_6",
      "instr_00402134_3"
    ],
    "symbols": [
      "atoi"
    ],
    "other": [
      [
        "reason=empty_state"
      ]
    ],
    "description": "(Unchecked Return Value) There is no check of the return value of 00401fe4 (atoi)."
  },
  {
    "name": "CWE252",
    "version": "0.1",
    "addresses": [
      "00401fe4",
      "00402918"
    ],
    "tids": [
      "instr_00401fe4_6",
      "instr_00402918_6"
    ],
    "symbols": [
      "atoi"
    ],
    "other": [
      [
        "reason=isolated_returns_no_reg_taint"
      ]
    ],
    "description": "(Unchecked Return Value) There is no check of the return value of 00401fe4 (atoi)."
  },
  {
    "name": "CWE252",
    "version": "0.1",
    "addresses": [
      "00402008",
      "00401ee4"
    ],
    "tids": [
      "instr_00402008_6",
      "instr_00401ee4_7"
    ],
    "symbols": [
      "atof"
    ],
    "other": [
      [
        "reason=empty_state"
      ]
    ],
    "description": "(Unchecked Return Value) There is no check of the return value of 00402008 (atof)."
  },
  {
    "name": "CWE476",
    "version": "0.2",
    "addresses": [
      "00401204"
    ],
    "tids": [
      "instr_00401204_3"
    ],
    "symbols": [],
    "other": [],
    "description": "(NULL Pointer Dereference) Memory access at 00401204 may result in a NULL dereference"
  },
  {
    "name": "CWE676",
    "version": "0.1",
    "addresses": [
      "0040205c"
    ],
    "tids": [
      "instr_0040205c_7"
    ],
    "symbols": [
      "main"
    ],
    "other": [
      [
        "dangerous_function",
        "sscanf"
      ]
    ],
    "description": "(Use of Potentially Dangerous Function) main (0040205c) -> sscanf"
  },
  {
    "name": "CWE676",
    "version": "0.1",
    "addresses": [
      "00402588"
    ],
    "tids": [
      "instr_00402588_7"
    ],
    "symbols": [
      "main"
    ],
    "other": [
      [
        "dangerous_function",
        "memcpy"
      ]
    ],
    "description": "(Use of Potentially Dangerous Function) main (00402588) -> memcpy"
  }
]