[
  {
    "name": "CWE476",
    "version": "0.2",
    "addresses": [
      "0040144c"
    ],
    "tids": [
      "instr_0040144c_3"
    ],
    "symbols": [],
    "other": [],
    "description": "(NULL Pointer Dereference) Memory access at 0040144c may result in a NULL dereference"
  },
  {
    "name": "CWE476",
    "version": "0.2",
    "addresses": [
      "00401650"
    ],
    "tids": [
      "instr_00401650_3"
    ],
    "symbols": [],
    "other": [],
    "description": "(NULL Pointer Dereference) Memory access at 00401650 may result in a NULL dereference"
  },
  {
    "name": "CWE476",
    "version": "0.2",
    "addresses": [
      "004016ec"
    ],
    "tids": [
      "instr_004016ec_3"
    ],
    "symbols": [],
    "other": [],
    "description": "(NULL Pointer Dereference) Memory access at 004016ec may result in a NULL dereference"
  },
  {
    "name": "CWE476",
    "version": "0.2",
    "addresses": [
      "00401a3c"
    ],
    "tids": [
      "instr_00401a3c_3"
    ],
    "symbols": [],
    "other": [],
    "description": "(NULL Pointer Dereference) Memory access at 00401a3c may result in a NULL dereference"
  },
  {
    "name": "CWE476",
    "version": "0.2",
    "addresses": [
      "00402410"
    ],
    "tids": [
      "instr_00402410_3"
    ],
    "symbols": [],
    "other": [],
    "description": "(NULL Pointer Dereference) Memory access at 00402410 may result in a NULL dereference"
  },
  {
    "name": "CWE476",
    "version": "0.2",
    "addresses": [
      "00402474"
    ],
    "tids": [
      "instr_00402474_3"
    ],
    "symbols": [],
    "other": [],
    "description": "(NULL Pointer Dereference) Memory access at 00402474 may result in a NULL dereference"
  },
  {
    "name": "CWE476",
    "version": "0.2",
    "addresses": [
      "00402d7c"
    ],
    "tids": [
      "instr_00402d7c_3"
    ],
    "symbols": [],
    "other": [],
    "description": "(NULL Pointer Dereference) Memory access at 00402d7c may result in a NULL dereference"
  },
  {
    "name": "CWE476",
    "version": "0.2",
    "addresses": [
      "00402de0"
    ],
    "tids": [
      "instr_00402de0_3"
    ],
    "symbols": [],
    "other": [],
    "description": "(NULL Pointer Dereference) Memory access at 00402de0 may result in a NULL dereference"
  },
  {
    "name": "CWE476",
    "version": "0.2",
    "addresses": [
      "004039a4"
    ],
    "tids": [
      "instr_004039a4_3"
    ],
    "symbols": [],
    "other": [],
    "description": "(NULL Pointer Dereference) Memory access at 004039a4 may result in a NULL dereference"
  },
  {
    "name": "CWE476",
    "version": "0.2",
    "addresses": [
      "00403a08"
    ],
    "tids": [
      "instr_00403a08_3"
    ],
    "symbols": [],
    "other": [],
    "description": "(NULL Pointer Dereference) Memory access at 00403a08 may result in a NULL dereference"
  },
  {
    "name": "CWE476",
    "version": "0.2",
    "addresses": [
      "0040411c"
    ],
    "tids": [
      "instr_0040411c_3"
    ],
    "symbols": [],
    "other": [],
    "description": "(NULL Pointer Dereference) Memory access at 0040411c may result in a NULL dereference"
  },
  {
    "name": "CWE476",
    "version": "0.2",
    "addresses": [
      "00404180"
    ],
    "tids": [
      "instr_00404180_3"
    ],
    "symbols": [],
    "other": [],
    "description": "(NULL Pointer Dereference) Memory access at 00404180 may result in a NULL dereference"
  },
  {
    "name": "CWE476",
    "version": "0.2",
    "addresses": [
      "00404a70"
    ],
    "tids": [
      "instr_00404a70_3"
    ],
    "symbols": [],
    "other": [],
    "description": "(NULL Pointer Dereference) Memory access at 00404a70 may result in a NULL dereference"
  },
  {
    "name": "CWE476",
    "version": "0.2",
    "addresses": [
      "00404ad4"
    ],
    "tids": [
      "instr_00404ad4_3"
    ],
    "symbols": [],
    "other": [],
    "description": "(NULL Pointer Dereference) Memory access at 00404ad4 may result in a NULL dereference"
  },
  {
    "name": "CWE476",
    "version": "0.2",
    "addresses": [
      "004053d4"
    ],
    "tids": [
      "instr_004053d4_3"
    ],
    "symbols": [],
    "other": [],
    "description": "(NULL Pointer Dereference) Memory access at 004053d4 may result in a NULL dereference"
  },
  {
    "name": "CWE476",
    "version": "0.2",
    "addresses": [
      "00405438"
    ],
    "tids": [
      "instr_00405438_3"
    ],
    "symbols": [],
    "other": [],
    "description": "(NULL Pointer Dereference) Memory access at 00405438 may result in a NULL dereference"
  },
  {
    "name": "CWE476",
    "version": "0.2",
    "addresses": [
      "00405d1c"
    ],
    "tids": [
      "instr_00405d1c_3"
    ],
    "symbols": [],
    "other": [],
    "description": "(NULL Pointer Dereference) Memory access at 00405d1c may result in a NULL dereference"
  },
  {
    "name": "CWE476",
    "version": "0.2",
    "addresses": [
      "00405d80"
    ],
    "tids": [
      "instr_00405d80_3"
    ],
    "symbols": [],
    "other": [],
    "description": "(NULL Pointer Dereference) Memory access at 00405d80 may result in a NULL dereference"
  },
  {
    "name": "CWE476",
    "version": "0.2",
    "addresses": [
      "0040644c"
    ],
    "tids": [
      "instr_0040644c_3"
    ],
    "symbols": [],
    "other": [],
    "description": "(NULL Pointer Dereference) Memory access at 0040644c may result in a NULL dereference"
  },
  {
    "name": "CWE476",
    "version": "0.2",
    "addresses": [
      "004064b0"
    ],
    "tids": [
      "instr_004064b0_3"
    ],
    "symbols": [],
    "other": [],
    "description": "(NULL Pointer Dereference) Memory access at 004064b0 may result in a NULL dereference"
  },
  {
    "name": "CWE476",
    "version": "0.2",
    "addresses": [
      "004089f8"
    ],
    "tids": [
      "instr_004089f8_3"
    ],
    "symbols": [],
    "other": [],
    "description": "(NULL Pointer Dereference) Memory access at 004089f8 may result in a NULL dereference"
  },
  {
    "name": "CWE476",
    "version": "0.2",
    "addresses": [
      "0040929c"
    ],
    "tids": [
      "instr_0040929c_3"
    ],
    "symbols": [],
    "other": [],
    "description": "(NULL Pointer Dereference) Memory access at 0040929c may result in a NULL dereference"
  },
  {
    "name": "CWE476",
    "version": "0.2",
    "addresses": [
      "00409ac8"
    ],
    "tids": [
      "instr_00409ac8_3"
    ],
    "symbols": [],
    "other": [],
    "description": "(NULL Pointer Dereference) Memory access at 00409ac8 may result in a NULL dereference"
  },
  {
    "name": "CWE476",
    "version": "0.2",
    "addresses": [
      "0040a300"
    ],
    "tids": [
      "instr_0040a300_3"
    ],
    "symbols": [],
    "other": [],
    "description": "(NULL Pointer Dereference) Memory access at 0040a300 may result in a NULL dereference"
  },
  {
    "name": "CWE476",
    "version": "0.2",
    "addresses": [
      "0040a6c4"
    ],
    "tids": [
      "instr_0040a6c4_3"
    ],
    "symbols": [],
    "other": [],
    "description": "(NULL Pointer Dereference) Memory access at 0040a6c4 may result in a NULL dereference"
  },
  {
    "name": "CWE476",
    "version": "0.2",
    "addresses": [
      "0040b560"
    ],
    "tids": [
      "instr_0040b560_3"
    ],
    "symbols": [],
    "other": [],
    "description": "(NULL Pointer Dereference) Memory access at 0040b560 may result in a NULL dereference"
  },
  {
    "name": "CWE476",
    "version": "0.2",
    "addresses": [
      "0040b5c4"
    ],
    "tids": [
      "instr_0040b5c4_3"
    ],
    "symbols": [],
    "other": [],
    "description": "(NULL Pointer Dereference) Memory access at 0040b5c4 may result in a NULL dereference"
  },
  {
    "name": "CWE476",
    "version": "0.2",
    "addresses": [
      "0040b8f8"
    ],
    "tids": [
      "instr_0040b8f8_3"
    ],
    "symbols": [],
    "other": [],
    "description": "(NULL Pointer Dereference) Memory access at 0040b8f8 may result in a NULL dereference"
  },
  {
    "name": "CWE476",
    "version": "0.2",
    "addresses": [
      "0040d55c"
    ],
    "tids": [
      "instr_0040d55c_3"
    ],
    "symbols": [],
    "other": [],
    "description": "(NULL Pointer Dereference) Memory access at 0040d55c may result in a NULL dereference"
  },
  {
    "name": "CWE476",
    "version": "0.2",
    "addresses": [
      "0040d9f4"
    ],
    "tids": [
      "instr_0040d9f4_3"
    ],
    "symbols": [],
    "other": [],
    "description": "(NULL Pointer Dereference) Memory access at 0040d9f4 may result in a NULL dereference"
  },
  {
    "name": "CWE476",
    "version": "0.2",
    "addresses": [
      "0040dc04"
    ],
    "tids": [
      "instr_0040dc04_3"
    ],
    "symbols": [],
    "other": [],
    "description": "(NULL Pointer Dereference) Memory access at 0040dc04 may result in a NULL dereference"
  },
  {
    "name": "CWE476",
    "version": "0.2",
    "addresses": [
      "0040dd58"
    ],
    "tids": [
      "instr_0040dd58_3"
    ],
    "symbols": [],
    "other": [],
    "description": "(NULL Pointer Dereference) Memory access at 0040dd58 may result in a NULL dereference"
  },
  {
    "name": "CWE676",
    "version": "0.1",
    "addresses": [
      "00401ffc"
    ],
    "tids": [
      "instr_00401ffc_6"
    ],
    "symbols": [
      "getnext"
    ],
    "other": [
      [
        "dangerous_function",
        "strcpy"
      ]
    ],
    "description": "(Use of Potentially Dangerous Function) getnext (00401ffc) -> strcpy"
  },
  {
    "name": "CWE676",
    "version": "0.1",
    "addresses": [
      "00402048"
    ],
    "tids": [
      "instr_00402048_6"
    ],
    "symbols": [
      "getnext"
    ],
    "other": [
      [
        "dangerous_function",
        "strncpy"
      ]
    ],
    "description": "(Use of Potentially Dangerous Function) getnext (00402048) -> strncpy"
  },
  {
    "name": "CWE676",
    "version": "0.1",
    "addresses": [
      "004022bc"
    ],
    "tids": [
      "instr_004022bc_6"
    ],
    "symbols": [
      "ip_to_str"
    ],
    "other": [
      [
        "dangerous_function",
        "sprintf"
      ]
    ],
    "description": "(Use of Potentially Dangerous Function) ip_to_str (004022bc) -> sprintf"
  },
  {
    "name": "CWE676",
    "version": "0.1",
    "addresses": [
      "00402384"
    ],
    "tids": [
      "instr_00402384_6"
    ],
    "symbols": [
      "acl_dip_meter"
    ],
    "other": [
      [
        "dangerous_function",
        "strlen"
      ]
    ],
    "description": "(Use of Potentially Dangerous Function) acl_dip_meter (00402384) -> strlen"
  },
  {
    "name": "CWE676",
    "version": "0.1",
    "addresses": [
      "00402cf0"
    ],
    "tids": [
      "instr_00402cf0_6"
    ],
    "symbols": [
      "acl_dip_trtcm"
    ],
    "other": [
      [
        "dangerous_function",
        "strlen"
      ]
    ],
    "description": "(Use of Potentially Dangerous Function) acl_dip_trtcm (00402cf0) -> strlen"
  },
  {
    "name": "CWE676",
    "version": "0.1",
    "addresses": [
      "00403918"
    ],
    "tids": [
      "instr_00403918_6"
    ],
    "symbols": [
      "acl_ethertype"
    ],
    "other": [
      [
        "dangerous_function",
        "strlen"
      ]
    ],
    "description": "(Use of Potentially Dangerous Function) acl_ethertype (00403918) -> strlen"
  },
  {
    "name": "CWE676",
    "version": "0.1",
    "addresses": [
      "00404090"
    ],
    "tids": [
      "instr_00404090_6"
    ],
    "symbols": [
      "acl_dip_modify"
    ],
    "other": [
      [
        "dangerous_function",
        "strlen"
      ]
    ],
    "description": "(Use of Potentially Dangerous Function) acl_dip_modify (00404090) -> strlen"
  },
  {
    "name": "CWE676",
    "version": "0.1",
    "addresses": [
      "004049e4"
    ],
    "tids": [
      "instr_004049e4_6"
    ],
    "symbols": [
      "acl_dip_pppoe"
    ],
    "other": [
      [
        "dangerous_function",
        "strlen"
      ]
    ],
    "description": "(Use of Potentially Dangerous Function) acl_dip_pppoe (004049e4) -> strlen"
  },
  {
    "name": "CWE676",
    "version": "0.1",
    "addresses": [
      "00405348"
    ],
    "tids": [
      "instr_00405348_6"
    ],
    "symbols": [
      "acl_dip_add"
    ],
    "other": [
      [
        "dangerous_function",
        "strlen"
      ]
    ],
    "description": "(Use of Potentially Dangerous Function) acl_dip_add (00405348) -> strlen"
  },
  {
    "name": "CWE676",
    "version": "0.1",
    "addresses": [
      "00405c90"
    ],
    "tids": [
      "instr_00405c90_6"
    ],
    "symbols": [
      "acl_l4_add"
    ],
    "other": [
      [
        "dangerous_function",
        "strlen"
      ]
    ],
    "description": "(Use of Potentially Dangerous Function) acl_l4_add (00405c90) -> strlen"
  },
  {
    "name": "CWE676",
    "version": "0.1",
    "addresses": [
      "004063c0"
    ],
    "tids": [
      "instr_004063c0_6"
    ],
    "symbols": [
      "acl_sp_add"
    ],
    "other": [
      [
        "dangerous_function",
        "strlen"
      ]
    ],
    "description": "(Use of Potentially Dangerous Function) acl_sp_add (004063c0) -> strlen"
  },
  {
    "name": "CWE676",
    "version": "0.1",
    "addresses": [
      "004070f0"
    ],
    "tids": [
      "instr_004070f0_6"
    ],
    "symbols": [
      "dip_add"
    ],
    "other": [
      [
        "dangerous_function",
        "strlen"
      ]
    ],
    "description": "(Use of Potentially Dangerous Function) dip_add (004070f0) -> strlen"
  },
  {
    "name": "CWE676",
    "version": "0.1",
    "addresses": [
      "00407d14"
    ],
    "tids": [
      "instr_00407d14_6"
    ],
    "symbols": [
      "sip_add"
    ],
    "other": [
      [
        "dangerous_function",
        "strlen"
      ]
    ],
    "description": "(Use of Potentially Dangerous Function) sip_add (00407d14) -> strlen"
  },
  {
    "name": "CWE676",
    "version": "0.1",
    "addresses": [
      "00408a54"
    ],
    "tids": [
      "instr_00408a54_6"
    ],
    "symbols": [
      "table_add"
    ],
    "other": [
      [
        "dangerous_function",
        "strlen"
      ]
    ],
    "description": "(Use of Potentially Dangerous Function) table_add (00408a54) -> strlen"
  },
  {
    "name": "CWE676",
    "version": "0.1",
    "addresses": [
      "00408ac4"
    ],
    "tids": [
      "instr_00408ac4_6"
    ],
    "symbols": [
      "table_add"
    ],
    "other": [
      [
        "dangerous_function",
        "strncpy"
      ]
    ],
    "description": "(Use of Potentially Dangerous Function) table_add (00408ac4) -> strncpy"
  },
  {
    "name": "CWE676",
    "version": "0.1",
    "addresses": [
      "00408b78"
    ],
    "tids": [
      "instr_00408b78_6"
    ],
    "symbols": [
      "table_add"
    ],
    "other": [
      [
        "dangerous_function",
        "strncpy"
      ]
    ],
    "description": "(Use of Potentially Dangerous Function) table_add (00408b78) -> strncpy"
  },
  {
    "name": "CWE676",
    "version": "0.1",
    "addresses": [
      "00408cf8"
    ],
    "tids": [
      "instr_00408cf8_6"
    ],
    "symbols": [
      "table_add"
    ],
    "other": [
      [
        "dangerous_function",
        "strlen"
      ]
    ],
    "description": "(Use of Potentially Dangerous Function) table_add (00408cf8) -> strlen"
  },
  {
    "name": "CWE676",
    "version": "0.1",
    "addresses": [
      "0040924c"
    ],
    "tids": [
      "instr_0040924c_6"
    ],
    "symbols": [
      "table_search_mac_vid"
    ],
    "other": [
      [
        "dangerous_function",
        "strlen"
      ]
    ],
    "description": "(Use of Potentially Dangerous Function) table_search_mac_vid (0040924c) -> strlen"
  },
  {
    "name": "CWE676",
    "version": "0.1",
    "addresses": [
      "004092bc"
    ],
    "tids": [
      "instr_004092bc_6"
    ],
    "symbols": [
      "table_search_mac_vid"
    ],
    "other": [
      [
        "dangerous_function",
        "strncpy"
      ]
    ],
    "description": "(Use of Potentially Dangerous Function) table_search_mac_vid (004092bc) -> strncpy"
  },
  {
    "name": "CWE676",
    "version": "0.1",
    "addresses": [
      "00409344"
    ],
    "tids": [
      "instr_00409344_6"
    ],
    "symbols": [
      "table_search_mac_vid"
    ],
    "other": [
      [
        "dangerous_function",
        "strncpy"
      ]
    ],
    "description": "(Use of Potentially Dangerous Function) table_search_mac_vid (00409344) -> strncpy"
  },
  {
    "name": "CWE676",
    "version": "0.1",
    "addresses": [
      "00409a78"
    ],
    "tids": [
      "instr_00409a78_6"
    ],
    "symbols": [
      "table_search_mac_fid"
    ],
    "other": [
      [
        "dangerous_function",
        "strlen"
      ]
    ],
    "description": "(Use of Potentially Dangerous Function) table_search_mac_fid (00409a78) -> strlen"
  },
  {
    "name": "CWE676",
    "version": "0.1",
    "addresses": [
      "00409ae8"
    ],
    "tids": [
      "instr_00409ae8_6"
    ],
    "symbols": [
      "table_search_mac_fid"
    ],
    "other": [
      [
        "dangerous_function",
        "strncpy"
      ]
    ],
    "description": "(Use of Potentially Dangerous Function) table_search_mac_fid (00409ae8) -> strncpy"
  },
  {
    "name": "CWE676",
    "version": "0.1",
    "addresses": [
      "00409b70"
    ],
    "tids": [
      "instr_00409b70_6"
    ],
    "symbols": [
      "table_search_mac_fid"
    ],
    "other": [
      [
        "dangerous_function",
        "strncpy"
      ]
    ],
    "description": "(Use of Potentially Dangerous Function) table_search_mac_fid (00409b70) -> strncpy"
  },
  {
    "name": "CWE676",
    "version": "0.1",
    "addresses": [
      "0040a2b0"
    ],
    "tids": [
      "instr_0040a2b0_6"
    ],
    "symbols": [
      "table_del_fid"
    ],
    "other": [
      [
        "dangerous_function",
        "strlen"
      ]
    ],
    "description": "(Use of Potentially Dangerous Function) table_del_fid (0040a2b0) -> strlen"
  },
  {
    "name": "CWE676",
    "version": "0.1",
    "addresses": [
      "0040a320"
    ],
    "tids": [
      "instr_0040a320_6"
    ],
    "symbols": [
      "table_del_fid"
    ],
    "other": [
      [
        "dangerous_function",
        "strncpy"
      ]
    ],
    "description": "(Use of Potentially Dangerous Function) table_del_fid (0040a320) -> strncpy"
  },
  {
    "name": "CWE676",
    "version": "0.1",
    "addresses": [
      "0040a3a8"
    ],
    "tids": [
      "instr_0040a3a8_6"
    ],
    "symbols": [
      "table_del_fid"
    ],
    "other": [
      [
        "dangerous_function",
        "strncpy"
      ]
    ],
    "description": "(Use of Potentially Dangerous Function) table_del_fid (0040a3a8) -> strncpy"
  },
  {
    "name": "CWE676",
    "version": "0.1",
    "addresses": [
      "0040a674"
    ],
    "tids": [
      "instr_0040a674_6"
    ],
    "symbols": [
      "table_del_vid"
    ],
    "other": [
      [
        "dangerous_function",
        "strlen"
      ]
    ],
    "description": "(Use of Potentially Dangerous Function) table_del_vid (0040a674) -> strlen"
  },
  {
    "name": "CWE676",
    "version": "0.1",
    "addresses": [
      "0040a6e4"
    ],
    "tids": [
      "instr_0040a6e4_6"
    ],
    "symbols": [
      "table_del_vid"
    ],
    "other": [
      [
        "dangerous_function",
        "strncpy"
      ]
    ],
    "description": "(Use of Potentially Dangerous Function) table_del_vid (0040a6e4) -> strncpy"
  },
  {
    "name": "CWE676",
    "version": "0.1",
    "addresses": [
      "0040a76c"
    ],
    "tids": [
      "instr_0040a76c_6"
    ],
    "symbols": [
      "table_del_vid"
    ],
    "other": [
      [
        "dangerous_function",
        "strncpy"
      ]
    ],
    "description": "(Use of Potentially Dangerous Function) table_del_vid (0040a76c) -> strncpy"
  },
  {
    "name": "CWE676",
    "version": "0.1",
    "addresses": [
      "0040b4d4"
    ],
    "tids": [
      "instr_0040b4d4_6"
    ],
    "symbols": [
      "vlan_set"
    ],
    "other": [
      [
        "dangerous_function",
        "strlen"
      ]
    ],
    "description": "(Use of Potentially Dangerous Function) vlan_set (0040b4d4) -> strlen"
  },
  {
    "name": "CWE782",
    "version": "0.1",
    "addresses": [
      "00401470"
    ],
    "tids": [
      "instr_00401470_6"
    ],
    "symbols": [
      "reg_read"
    ],
    "other": [],
    "description": "(Exposed IOCTL with Insufficient Access Control) Program uses ioctl at reg_read (00401470). Be sure to double check the program and the corresponding driver."
  },
  {
    "name": "CWE782",
    "version": "0.1",
    "addresses": [
      "004015b8"
    ],
    "tids": [
      "instr_004015b8_6"
    ],
    "symbols": [
      "reg_read_tr"
    ],
    "other": [],
    "description": "(Exposed IOCTL with Insufficient Access Control) Program uses ioctl at reg_read_tr (004015b8). Be sure to double check the program and the corresponding driver."
  },
  {
    "name": "CWE782",
    "version": "0.1",
    "addresses": [
      "00401710"
    ],
    "tids": [
      "instr_00401710_6"
    ],
    "symbols": [
      "reg_write"
    ],
    "other": [],
    "description": "(Exposed IOCTL with Insufficient Access Control) Program uses ioctl at reg_write (00401710). Be sure to double check the program and the corresponding driver."
  },
  {
    "name": "CWE782",
    "version": "0.1",
    "addresses": [
      "0040184c"
    ],
    "tids": [
      "instr_0040184c_6"
    ],
    "symbols": [
      "reg_write_tr"
    ],
    "other": [],
    "description": "(Exposed IOCTL with Insufficient Access Control) Program uses ioctl at reg_write_tr (0040184c). Be sure to double check the program and the corresponding driver."
  },
  {
    "name": "CWE782",
    "version": "0.1",
    "addresses": [
      "004019a4"
    ],
    "tids": [
      "instr_004019a4_6"
    ],
    "symbols": [
      "mii_read"
    ],
    "other": [],
    "description": "(Exposed IOCTL with Insufficient Access Control) Program uses ioctl at mii_read (004019a4). Be sure to double check the program and the corresponding driver."
  },
  {
    "name": "CWE782",
    "version": "0.1",
    "addresses": [
      "00401b04"
    ],
    "tids": [
      "instr_00401b04_6"
    ],
    "symbols": [
      "mii_write"
    ],
    "other": [],
    "description": "(Exposed IOCTL with Insufficient Access Control) Program uses ioctl at mii_write (00401b04). Be sure to double check the program and the corresponding driver."
  },
  {
    "name": "CWE782",
    "version": "0.1",
    "addresses": [
      "00401c2c"
    ],
    "tids": [
      "instr_00401c2c_6"
    ],
    "symbols": [
      "phy_dump"
    ],
    "other": [],
    "description": "(Exposed IOCTL with Insufficient Access Control) Program uses ioctl at phy_dump (00401c2c). Be sure to double check the program and the corresponding driver."
  },
  {
    "name": "CWE782",
    "version": "0.1",
    "addresses": [
      "00401d74"
    ],
    "tids": [
      "instr_00401d74_6"
    ],
    "symbols": [
      "ingress_rate_set"
    ],
    "other": [],
    "description": "(Exposed IOCTL with Insufficient Access Control) Program uses ioctl at ingress_rate_set (00401d74). Be sure to double check the program and the corresponding driver."
  },
  {
    "name": "CWE782",
    "version": "0.1",
    "addresses": [
      "00401ebc"
    ],
    "tids": [
      "instr_00401ebc_6"
    ],
    "symbols": [
      "egress_rate_set"
    ],
    "other": [],
    "description": "(Exposed IOCTL with Insufficient Access Control) Program uses ioctl at egress_rate_set (00401ebc). Be sure to double check the program and the corresponding driver."
  },
  {
    "name": "CWE782",
    "version": "0.1",
    "addresses": [
      "0040c4fc"
    ],
    "tids": [
      "instr_0040c4fc_6"
    ],
    "symbols": [
      "mii_mgr_cl45_read"
    ],
    "other": [],
    "description": "(Exposed IOCTL with Insufficient Access Control) Program uses ioctl at mii_mgr_cl45_read (0040c4fc). Be sure to double check the program and the corresponding driver."
  },
  {
    "name": "CWE782",
    "version": "0.1",
    "addresses": [
      "0040c554"
    ],
    "tids": [
      "instr_0040c554_6"
    ],
    "symbols": [
      "mii_mgr_cl45_read"
    ],
    "other": [],
    "description": "(Exposed IOCTL with Insufficient Access Control) Program uses ioctl at mii_mgr_cl45_read (0040c554). Be sure to double check the program and the corresponding driver."
  },
  {
    "name": "CWE782",
    "version": "0.1",
    "addresses": [
      "0040c5b0"
    ],
    "tids": [
      "instr_0040c5b0_6"
    ],
    "symbols": [
      "mii_mgr_cl45_read"
    ],
    "other": [],
    "description": "(Exposed IOCTL with Insufficient Access Control) Program uses ioctl at mii_mgr_cl45_read (0040c5b0). Be sure to double check the program and the corresponding driver."
  },
  {
    "name": "CWE782",
    "version": "0.1",
    "addresses": [
      "0040c618"
    ],
    "tids": [
      "instr_0040c618_6"
    ],
    "symbols": [
      "mii_mgr_cl45_read"
    ],
    "other": [],
    "description": "(Exposed IOCTL with Insufficient Access Control) Program uses ioctl at mii_mgr_cl45_read (0040c618). Be sure to double check the program and the corresponding driver."
  },
  {
    "name": "CWE782",
    "version": "0.1",
    "addresses": [
      "0040c760"
    ],
    "tids": [
      "instr_0040c760_6"
    ],
    "symbols": [
      "mii_mgr_cl45_write"
    ],
    "other": [],
    "description": "(Exposed IOCTL with Insufficient Access Control) Program uses ioctl at mii_mgr_cl45_write (0040c760). Be sure to double check the program and the corresponding driver."
  },
  {
    "name": "CWE782",
    "version": "0.1",
    "addresses": [
      "0040c7b8"
    ],
    "tids": [
      "instr_0040c7b8_6"
    ],
    "symbols": [
      "mii_mgr_cl45_write"
    ],
    "other": [],
    "description": "(Exposed IOCTL with Insufficient Access Control) Program uses ioctl at mii_mgr_cl45_write (0040c7b8). Be sure to double check the program and the corresponding driver."
  },
  {
    "name": "CWE782",
    "version": "0.1",
    "addresses": [
      "0040c814"
    ],
    "tids": [
      "instr_0040c814_6"
    ],
    "symbols": [
      "mii_mgr_cl45_write"
    ],
    "other": [],
    "description": "(Exposed IOCTL with Insufficient Access Control) Program uses ioctl at mii_mgr_cl45_write (0040c814). Be sure to double check the program and the corresponding driver."
  },
  {
    "name": "CWE782",
    "version": "0.1",
    "addresses": [
      "0040c888"
    ],
    "tids": [
      "instr_0040c888_6"
    ],
    "symbols": [
      "mii_mgr_cl45_write"
    ],
    "other": [],
    "description": "(Exposed IOCTL with Insufficient Access Control) Program uses ioctl at mii_mgr_cl45_write (0040c888). Be sure to double check the program and the corresponding driver."
  },
  {
    "name": "CWE782",
    "version": "0.1",
    "addresses": [
      "0040cb18"
    ],
    "tids": [
      "instr_0040cb18_6"
    ],
    "symbols": [
      "dump_gphy"
    ],
    "other": [],
    "description": "(Exposed IOCTL with Insufficient Access Control) Program uses ioctl at dump_gphy (0040cb18). Be sure to double check the program and the corresponding driver."
  },
  {
    "name": "CWE787",
    "version": "0.3",
    "addresses": [
      "00400ab4"
    ],
    "tids": [
      "instr_00400ab4_3"
    ],
    "symbols": [],
    "other": [
      [
        "For the object ID sub_00400a98 @ sp:i32 access to the offset 0 (size 4) may overflow the upper object bound of 0.",
        "Relevant callgraph TIDs: [sub_00400a98]"
      ]
    ],
    "description": "(Out-of-bounds Write) Memory write at 00400ab4 may be out of bounds."
  },
  {
    "name": "CWE787",
    "version": "0.3",
    "addresses": [
      "004013f8"
    ],
    "tids": [
      "instr_004013f8_3"
    ],
    "symbols": [],
    "other": [
      [
        "For the object ID sub_004013dc @ sp:i32 access to the offset 0 (size 4) may overflow the upper object bound of 0.",
        "Relevant callgraph TIDs: [sub_004013dc]"
      ]
    ],
    "description": "(Out-of-bounds Write) Memory write at 004013f8 may be out of bounds."
  },
  {
    "name": "CWE787",
    "version": "0.3",
    "addresses": [
      "00401544"
    ],
    "tids": [
      "instr_00401544_3"
    ],
    "symbols": [],
    "other": [
      [
        "For the object ID sub_00401528 @ sp:i32 access to the offset 0 (size 4) may overflow the upper object bound of 0.",
        "Relevant callgraph TIDs: [sub_00401528]"
      ]
    ],
    "description": "(Out-of-bounds Write) Memory write at 00401544 may be out of bounds."
  },
  {
    "name": "CWE787",
    "version": "0.3",
    "addresses": [
      "0040168c"
    ],
    "tids": [
      "instr_0040168c_3"
    ],
    "symbols": [],
    "other": [
      [
        "For the object ID sub_00401670 @ sp:i32 access to the offset 0 (size 4) may overflow the upper object bound of 0.",
        "Relevant callgraph TIDs: [sub_00401670]"
      ]
    ],
    "description": "(Out-of-bounds Write) Memory write at 0040168c may be out of bounds."
  },
  {
    "name": "CWE787",
    "version": "0.3",
    "addresses": [
      "004017cc"
    ],
    "tids": [
      "instr_004017cc_3"
    ],
    "symbols": [],
    "other": [
      [
        "For the object ID sub_004017b0 @ sp:i32 access to the offset 0 (size 4) may overflow the upper object bound of 0.",
        "Relevant callgraph TIDs: [sub_004017b0]"
      ]
    ],
    "description": "(Out-of-bounds Write) Memory write at 004017cc may be out of bounds."
  },
  {
    "name": "CWE787",
    "version": "0.3",
    "addresses": [
      "00401908"
    ],
    "tids": [
      "instr_00401908_3"
    ],
    "symbols": [],
    "other": [
      [
        "For the object ID sub_004018ec @ sp:i32 access to the offset 0 (size 4) may overflow the upper object bound of 0.",
        "Relevant callgraph TIDs: [sub_004018ec]"
      ]
    ],
    "description": "(Out-of-bounds Write) Memory write at 00401908 may be out of bounds."
  },
  {
    "name": "CWE787",
    "version": "0.3",
    "addresses": [
      "00401a78"
    ],
    "tids": [
      "instr_00401a78_3"
    ],
    "symbols": [],
    "other": [
      [
        "For the object ID sub_00401a5c @ sp:i32 access to the offset 0 (size 4) may overflow the upper object bound of 0.",
        "Relevant callgraph TIDs: [sub_00401a5c]"
      ]
    ],
    "description": "(Out-of-bounds Write) Memory write at 00401a78 may be out of bounds."
  },
  {
    "name": "CWE787",
    "version": "0.3",
    "addresses": [
      "00401bc0"
    ],
    "tids": [
      "instr_00401bc0_3"
    ],
    "symbols": [],
    "other": [
      [
        "For the object ID sub_00401ba4 @ sp:i32 access to the offset 0 (size 4) may overflow the upper object bound of 0.",
        "Relevant callgraph TIDs: [sub_00401ba4]"
      ]
    ],
    "description": "(Out-of-bounds Write) Memory write at 00401bc0 may be out of bounds."
  },
  {
    "name": "CWE787",
    "version": "0.3",
    "addresses": [
      "00401ce8"
    ],
    "tids": [
      "instr_00401ce8_3"
    ],
    "symbols": [],
    "other": [
      [
        "For the object ID sub_00401ccc @ sp:i32 access to the offset 0 (size 4) may overflow the upper object bound of 0.",
        "Relevant callgraph TIDs: [sub_00401ccc]"
      ]
    ],
    "description": "(Out-of-bounds Write) Memory write at 00401ce8 may be out of bounds."
  },
  {
    "name": "CWE787",
    "version": "0.3",
    "addresses": [
      "00401e30"
    ],
    "tids": [
      "instr_00401e30_3"
    ],
    "symbols": [],
    "other": [
      [
        "For the object ID sub_00401e14 @ sp:i32 access to the offset 0 (size 4) may overflow the upper object bound of 0.",
        "Relevant callgraph TIDs: [sub_00401e14]"
      ]
    ],
    "description": "(Out-of-bounds Write) Memory write at 00401e30 may be out of bounds."
  },
  {
    "name": "CWE787",
    "version": "0.3",
    "addresses": [
      "00401f78"
    ],
    "tids": [
      "instr_00401f78_3"
    ],
    "symbols": [],
    "other": [
      [
        "For the object ID sub_00401f5c @ sp:i32 access to the offset 0 (size 4) may overflow the upper object bound of 0.",
        "Relevant callgraph TIDs: [sub_00401f5c]"
      ]
    ],
    "description": "(Out-of-bounds Write) Memory write at 00401f78 may be out of bounds."
  },
  {
    "name": "CWE787",
    "version": "0.3",
    "addresses": [
      "004020a8"
    ],
    "tids": [
      "instr_004020a8_3"
    ],
    "symbols": [],
    "other": [
      [
        "For the object ID sub_0040208c @ sp:i32 access to the offset 0 (size 4) may overflow the upper object bound of 0.",
        "Relevant callgraph TIDs: [sub_0040208c]"
      ]
    ],
    "description": "(Out-of-bounds Write) Memory write at 004020a8 may be out of bounds."
  },
  {
    "name": "CWE787",
    "version": "0.3",
    "addresses": [
      "00402218"
    ],
    "tids": [
      "instr_00402218_3"
    ],
    "symbols": [],
    "other": [
      [
        "For the object ID sub_004021f8 @ sp:i32 access to the offset 4 (size 4) may overflow the upper object bound of 5.",
        "Relevant callgraph TIDs: [sub_004021f8]"
      ]
    ],
    "description": "(Out-of-bounds Write) Memory write at 00402218 may be out of bounds."
  },
  {
    "name": "CWE787",
    "version": "0.3",
    "addresses": [
      "004022fc"
    ],
    "tids": [
      "instr_004022fc_3"
    ],
    "symbols": [],
    "other": [
      [
        "For the object ID sub_004022e0 @ sp:i32 access to the offset 0 (size 4) may overflow the upper object bound of 0.",
        "Relevant callgraph TIDs: [sub_004022e0]"
      ]
    ],
    "description": "(Out-of-bounds Write) Memory write at 004022fc may be out of bounds."
  },
  {
    "name": "CWE787",
    "version": "0.3",
    "addresses": [
      "00402c68"
    ],
    "tids": [
      "instr_00402c68_3"
    ],
    "symbols": [],
    "other": [
      [
        "For the object ID sub_00402c4c @ sp:i32 access to the offset 0 (size 4) may overflow the upper object bound of 0.",
        "Relevant callgraph TIDs: [sub_00402c4c]"
      ]
    ],
    "description": "(Out-of-bounds Write) Memory write at 00402c68 may be out of bounds."
  },
  {
    "name": "CWE787",
    "version": "0.3",
    "addresses": [
      "00403890"
    ],
    "tids": [
      "instr_00403890_3"
    ],
    "symbols": [],
    "other": [
      [
        "For the object ID sub_00403874 @ sp:i32 access to the offset 0 (size 4) may overflow the upper object bound of 0.",
        "Relevant callgraph TIDs: [sub_00403874]"
      ]
    ],
    "description": "(Out-of-bounds Write) Memory write at 00403890 may be out of bounds."
  },
  {
    "name": "CWE787",
    "version": "0.3",
    "addresses": [
      "00404008"
    ],
    "tids": [
      "instr_00404008_3"
    ],
    "symbols": [],
    "other": [
      [
        "For the object ID sub_00403fec @ sp:i32 access to the offset 0 (size 4) may overflow the upper object bound of 0.",
        "Relevant callgraph TIDs: [sub_00403fec]"
      ]
    ],
    "description": "(Out-of-bounds Write) Memory write at 00404008 may be out of bounds."
  },
  {
    "name": "CWE787",
    "version": "0.3",
    "addresses": [
      "0040495c"
    ],
    "tids": [
      "instr_0040495c_3"
    ],
    "symbols": [],
    "other": [
      [
        "For the object ID sub_00404940 @ sp:i32 access to the offset 0 (size 4) may overflow the upper object bound of 0.",
        "Relevant callgraph TIDs: [sub_00404940]"
      ]
    ],
    "description": "(Out-of-bounds Write) Memory write at 0040495c may be out of bounds."
  },
  {
    "name": "CWE787",
    "version": "0.3",
    "addresses": [
      "004052c0"
    ],
    "tids": [
      "instr_004052c0_3"
    ],
    "symbols": [],
    "other": [
      [
        "For the object ID sub_004052a4 @ sp:i32 access to the offset 0 (size 4) may overflow the upper object bound of 0.",
        "Relevant callgraph TIDs: [sub_004052a4]"
      ]
    ],
    "description": "(Out-of-bounds Write) Memory write at 004052c0 may be out of bounds."
  },
  {
    "name": "CWE787",
    "version": "0.3",
    "addresses": [
      "00405c08"
    ],
    "tids": [
      "instr_00405c08_3"
    ],
    "symbols": [],
    "other": [
      [
        "For the object ID sub_00405bec @ sp:i32 access to the offset 0 (size 4) may overflow the upper object bound of 0.",
        "Relevant callgraph TIDs: [sub_00405bec]"
      ]
    ],
    "description": "(Out-of-bounds Write) Memory write at 00405c08 may be out of bounds."
  },
  {
    "name": "CWE787",
    "version": "0.3",
    "addresses": [
      "00406338"
    ],
    "tids": [
      "instr_00406338_3"
    ],
    "symbols": [],
    "other": [
      [
        "For the object ID sub_0040631c @ sp:i32 access to the offset 0 (size 4) may overflow the upper object bound of 0.",
        "Relevant callgraph TIDs: [sub_0040631c]"
      ]
    ],
    "description": "(Out-of-bounds Write) Memory write at 00406338 may be out of bounds."
  },
  {
    "name": "CWE787",
    "version": "0.3",
    "addresses": [
      "00407038"
    ],
    "tids": [
      "instr_00407038_3"
    ],
    "symbols": [],
    "other": [
      [
        "For the object ID sub_0040701c @ sp:i32 access to the offset 0 (size 4) may overflow the upper object bound of 0.",
        "Relevant callgraph TIDs: [sub_0040701c]"
      ]
    ],
    "description": "(Out-of-bounds Write) Memory write at 00407038 may be out of bounds."
  },
  {
    "name": "CWE787",
    "version": "0.3",
    "addresses": [
      "00407404"
    ],
    "tids": [
      "instr_00407404_3"
    ],
    "symbols": [],
    "other": [
      [
        "For the object ID sub_004073e8 @ sp:i32 access to the offset 0 (size 4) may overflow the upper object bound of 0.",
        "Relevant callgraph TIDs: [sub_004073e8]"
      ]
    ],
    "description": "(Out-of-bounds Write) Memory write at 00407404 may be out of bounds."
  },
  {
    "name": "CWE787",
    "version": "0.3",
    "addresses": [
      "00407bf0"
    ],
    "tids": [
      "instr_00407bf0_3"
    ],
    "symbols": [],
    "other": [
      [
        "For the object ID sub_00407bd4 @ sp:i32 access to the offset 0 (size 4) may overflow the upper object bound of 0.",
        "Relevant callgraph TIDs: [sub_00407bd4]"
      ]
    ],
    "description": "(Out-of-bounds Write) Memory write at 00407bf0 may be out of bounds."
  },
  {
    "name": "CWE787",
    "version": "0.3",
    "addresses": [
      "00408028"
    ],
    "tids": [
      "instr_00408028_3"
    ],
    "symbols": [],
    "other": [
      [
        "For the object ID sub_0040800c @ sp:i32 access to the offset 0 (size 4) may overflow the upper object bound of 0.",
        "Relevant callgraph TIDs: [sub_0040800c]"
      ]
    ],
    "description": "(Out-of-bounds Write) Memory write at 00408028 may be out of bounds."
  },
  {
    "name": "CWE787",
    "version": "0.3",
    "addresses": [
      "004089bc"
    ],
    "tids": [
      "instr_004089bc_3"
    ],
    "symbols": [],
    "other": [
      [
        "For the object ID sub_004089a0 @ sp:i32 access to the offset 0 (size 4) may overflow the upper object bound of 0.",
        "Relevant callgraph TIDs: [sub_004089a0]"
      ]
    ],
    "description": "(Out-of-bounds Write) Memory write at 004089bc may be out of bounds."
  },
  {
    "name": "CWE787",
    "version": "0.3",
    "addresses": [
      "00409204"
    ],
    "tids": [
      "instr_00409204_3"
    ],
    "symbols": [],
    "other": [
      [
        "For the object ID sub_004091e8 @ sp:i32 access to the offset 0 (size 4) may overflow the upper object bound of 0.",
        "Relevant callgraph TIDs: [sub_004091e8]"
      ]
    ],
    "description": "(Out-of-bounds Write) Memory write at 00409204 may be out of bounds."
  },
  {
    "name": "CWE787",
    "version": "0.3",
    "addresses": [
      "00409a30"
    ],
    "tids": [
      "instr_00409a30_3"
    ],
    "symbols": [],
    "other": [
      [
        "For the object ID sub_00409a14 @ sp:i32 access to the offset 0 (size 4) may overflow the upper object bound of 0.",
        "Relevant callgraph TIDs: [sub_00409a14]"
      ]
    ],
    "description": "(Out-of-bounds Write) Memory write at 00409a30 may be out of bounds."
  },
  {
    "name": "CWE787",
    "version": "0.3",
    "addresses": [
      "0040a268"
    ],
    "tids": [
      "instr_0040a268_3"
    ],
    "symbols": [],
    "other": [
      [
        "For the object ID sub_0040a24c @ sp:i32 access to the offset 0 (size 4) may overflow the upper object bound of 0.",
        "Relevant callgraph TIDs: [sub_0040a24c]"
      ]
    ],
    "description": "(Out-of-bounds Write) Memory write at 0040a268 may be out of bounds."
  },
  {
    "name": "CWE787",
    "version": "0.3",
    "addresses": [
      "0040a62c"
    ],
    "tids": [
      "instr_0040a62c_3"
    ],
    "symbols": [],
    "other": [
      [
        "For the object ID sub_0040a610 @ sp:i32 access to the offset 0 (size 4) may overflow the upper object bound of 0.",
        "Relevant callgraph TIDs: [sub_0040a610]"
      ]
    ],
    "description": "(Out-of-bounds Write) Memory write at 0040a62c may be out of bounds."
  },
  {
    "name": "CWE787",
    "version": "0.3",
    "addresses": [
      "0040aa8c"
    ],
    "tids": [
      "instr_0040aa8c_3"
    ],
    "symbols": [],
    "other": [
      [
        "For the object ID sub_0040aa70 @ sp:i32 access to the offset 0 (size 4) may overflow the upper object bound of 0.",
        "Relevant callgraph TIDs: [sub_0040aa70]"
      ]
    ],
    "description": "(Out-of-bounds Write) Memory write at 0040aa8c may be out of bounds."
  },
  {
    "name": "CWE787",
    "version": "0.3",
    "addresses": [
      "0040abbc"
    ],
    "tids": [
      "instr_0040abbc_3"
    ],
    "symbols": [],
    "other": [
      [
        "For the object ID sub_0040aba0 @ sp:i32 access to the offset 0 (size 4) may overflow the upper object bound of 0.",
        "Relevant callgraph TIDs: [sub_0040aba0]"
      ]
    ],
    "description": "(Out-of-bounds Write) Memory write at 0040abbc may be out of bounds."
  },
  {
    "name": "CWE787",
    "version": "0.3",
    "addresses": [
      "0040b274"
    ],
    "tids": [
      "instr_0040b274_3"
    ],
    "symbols": [],
    "other": [
      [
        "For the object ID sub_0040b258 @ sp:i32 access to the offset 0 (size 4) may overflow the upper object bound of 0.",
        "Relevant callgraph TIDs: [sub_0040b258]"
      ]
    ],
    "description": "(Out-of-bounds Write) Memory write at 0040b274 may be out of bounds."
  },
  {
    "name": "CWE787",
    "version": "0.3",
    "addresses": [
      "0040b3d8"
    ],
    "tids": [
      "instr_0040b3d8_3"
    ],
    "symbols": [],
    "other": [
      [
        "For the object ID sub_0040b3bc @ sp:i32 access to the offset 0 (size 4) may overflow the upper object bound of 0.",
        "Relevant callgraph TIDs: [sub_0040b3bc]"
      ]
    ],
    "description": "(Out-of-bounds Write) Memory write at 0040b3d8 may be out of bounds."
  },
  {
    "name": "CWE787",
    "version": "0.3",
    "addresses": [
      "0040b8c4"
    ],
    "tids": [
      "instr_0040b8c4_3"
    ],
    "symbols": [],
    "other": [
      [
        "For the object ID sub_0040b8a8 @ sp:i32 access to the offset 0 (size 4) may overflow the upper object bound of 0.",
        "Relevant callgraph TIDs: [sub_0040b8a8]"
      ]
    ],
    "description": "(Out-of-bounds Write) Memory write at 0040b8c4 may be out of bounds."
  },
  {
    "name": "CWE787",
    "version": "0.3",
    "addresses": [
      "0040c18c"
    ],
    "tids": [
      "instr_0040c18c_3"
    ],
    "symbols": [],
    "other": [
      [
        "For the object ID sub_0040c170 @ sp:i32 access to the offset 0 (size 4) may overflow the upper object bound of 0.",
        "Relevant callgraph TIDs: [sub_0040c170]"
      ]
    ],
    "description": "(Out-of-bounds Write) Memory write at 0040c18c may be out of bounds."
  },
  {
    "name": "CWE787",
    "version": "0.3",
    "addresses": [
      "0040c2d4"
    ],
    "tids": [
      "instr_0040c2d4_3"
    ],
    "symbols": [],
    "other": [
      [
        "For the object ID sub_0040c2b8 @ sp:i32 access to the offset 0 (size 4) may overflow the upper object bound of 0.",
        "Relevant callgraph TIDs: [sub_0040c2b8]"
      ]
    ],
    "description": "(Out-of-bounds Write) Memory write at 0040c2d4 may be out of bounds."
  },
  {
    "name": "CWE787",
    "version": "0.3",
    "addresses": [
      "0040c41c"
    ],
    "tids": [
      "instr_0040c41c_3"
    ],
    "symbols": [],
    "other": [
      [
        "For the object ID sub_0040c400 @ sp:i32 access to the offset 0 (size 4) may overflow the upper object bound of 0.",
        "Relevant callgraph TIDs: [sub_0040c400]"
      ]
    ],
    "description": "(Out-of-bounds Write) Memory write at 0040c41c may be out of bounds."
  },
  {
    "name": "CWE787",
    "version": "0.3",
    "addresses": [
      "0040c67c"
    ],
    "tids": [
      "instr_0040c67c_3"
    ],
    "symbols": [],
    "other": [
      [
        "For the object ID sub_0040c660 @ sp:i32 access to the offset 0 (size 4) may overflow the upper object bound of 0.",
        "Relevant callgraph TIDs: [sub_0040c660]"
      ]
    ],
    "description": "(Out-of-bounds Write) Memory write at 0040c67c may be out of bounds."
  },
  {
    "name": "CWE787",
    "version": "0.3",
    "addresses": [
      "0040cbe4"
    ],
    "tids": [
      "instr_0040cbe4_3"
    ],
    "symbols": [],
    "other": [
      [
        "For the object ID sub_0040cbc8 @ sp:i32 access to the offset 0 (size 4) may overflow the upper object bound of 0.",
        "Relevant callgraph TIDs: [sub_0040cbc8]"
      ]
    ],
    "description": "(Out-of-bounds Write) Memory write at 0040cbe4 may be out of bounds."
  }
]