[
  {
    "name": "CWE252",
    "version": "0.1",
    "addresses": [
      "00400d70",
      "00400d80"
    ],
    "tids": [
      "instr_00400d70_7",
      "instr_00400d80_7"
    ],
    "symbols": [
      "write"
    ],
    "other": [
      [
        "reason=empty_state"
      ]
    ],
    "description": "(Unchecked Return Value) There is no check of the return value of 00400d70 (write)."
  },
  {
    "name": "CWE676",
    "version": "0.1",
    "addresses": [
      "00400d48"
    ],
    "tids": [
      "instr_00400d48_7"
    ],
    "symbols": [
      "main"
    ],
    "other": [
      [
        "dangerous_function",
        "sprintf"
      ]
    ],
    "description": "(Use of Potentially Dangerous Function) main (00400d48) -> sprintf"
  },
  {
    "name": "CWE676",
    "version": "0.1",
    "addresses": [
      "00400d58"
    ],
    "tids": [
      "instr_00400d58_7"
    ],
    "symbols": [
      "main"
    ],
    "other": [
      [
        "dangerous_function",
        "strlen"
      ]
    ],
    "description": "(Use of Potentially Dangerous Function) main (00400d58) -> strlen"
  },
  {
    "name": "CWE676",
    "version": "0.1",
    "addresses": [
      "00401290"
    ],
    "tids": [
      "instr_00401290_7"
    ],
    "symbols": [
      "sysfun_init"
    ],
    "other": [
      [
        "dangerous_function",
        "memset"
      ]
    ],
    "description": "(Use of Potentially Dangerous Function) sysfun_init (00401290) -> memset"
  },
  {
    "name": "CWE676",
    "version": "0.1",
    "addresses": [
      "004012b0"
    ],
    "tids": [
      "instr_004012b0_7"
    ],
    "symbols": [
      "sysfun_init"
    ],
    "other": [
      [
        "dangerous_function",
        "memset"
      ]
    ],
    "description": "(Use of Potentially Dangerous Function) sysfun_init (004012b0) -> memset"
  },
  {
    "name": "CWE676",
    "version": "0.1",
    "addresses": [
      "004012d0"
    ],
    "tids": [
      "instr_004012d0_7"
    ],
    "symbols": [
      "sysfun_init"
    ],
    "other": [
      [
        "dangerous_function",
        "memset"
      ]
    ],
    "description": "(Use of Potentially Dangerous Function) sysfun_init (004012d0) -> memset"
  },
  {
    "name": "CWE676",
    "version": "0.1",
    "addresses": [
      "00401354"
    ],
    "tids": [
      "instr_00401354_7"
    ],
    "symbols": [
      "sysfun_init"
    ],
    "other": [
      [
        "dangerous_function",
        "sscanf"
      ]
    ],
    "description": "(Use of Potentially Dangerous Function) sysfun_init (00401354) -> sscanf"
  },
  {
    "name": "CWE676",
    "version": "0.1",
    "addresses": [
      "004013d4"
    ],
    "tids": [
      "instr_004013d4_7"
    ],
    "symbols": [
      "sysfun_init"
    ],
    "other": [
      [
        "dangerous_function",
        "sscanf"
      ]
    ],
    "description": "(Use of Potentially Dangerous Function) sysfun_init (004013d4) -> sscanf"
  },
  {
    "name": "CWE676",
    "version": "0.1",
    "addresses": [
      "0040141c"
    ],
    "tids": [
      "instr_0040141c_7"
    ],
    "symbols": [
      "sysfun_init"
    ],
    "other": [
      [
        "dangerous_function",
        "sscanf"
      ]
    ],
    "description": "(Use of Potentially Dangerous Function) sysfun_init (0040141c) -> sscanf"
  }
]