[
  {
    "name": "CWE252",
    "version": "0.1",
    "addresses": [
      "004011b8",
      "00401668"
    ],
    "tids": [
      "instr_004011b8_7",
      "instr_00401668_3"
    ],
    "symbols": [
      "atoi"
    ],
    "other": [
      [
        "reason=empty_state"
      ]
    ],
    "description": "(Unchecked Return Value) There is no check of the return value of 004011b8 (atoi)."
  },
  {
    "name": "CWE252",
    "version": "0.1",
    "addresses": [
      "00401424",
      "0040143c"
    ],
    "tids": [
      "instr_00401424_7",
      "instr_0040143c_1"
    ],
    "symbols": [
      "strtol"
    ],
    "other": [
      [
        "reason=empty_state"
      ]
    ],
    "description": "(Unchecked Return Value) There is no check of the return value of 00401424 (strtol)."
  },
  {
    "name": "CWE252",
    "version": "0.1",
    "addresses": [
      "00401578",
      "00401688"
    ],
    "tids": [
      "instr_00401578_6",
      "instr_00401688_6"
    ],
    "symbols": [
      "atoi"
    ],
    "other": [
      [
        "reason=isolated_returns_no_reg_taint"
      ]
    ],
    "description": "(Unchecked Return Value) There is no check of the return value of 00401578 (atoi)."
  },
  {
    "name": "CWE476",
    "version": "0.2",
    "addresses": [
      "00401618"
    ],
    "tids": [
      "instr_00401618_3"
    ],
    "symbols": [],
    "other": [],
    "description": "(NULL Pointer Dereference) Memory access at 00401618 may result in a NULL dereference"
  },
  {
    "name": "CWE676",
    "version": "0.1",
    "addresses": [
      "00401460"
    ],
    "tids": [
      "instr_00401460_7"
    ],
    "symbols": [
      "main"
    ],
    "other": [
      [
        "dangerous_function",
        "strcpy"
      ]
    ],
    "description": "(Use of Potentially Dangerous Function) main (00401460) -> strcpy"
  },
  {
    "name": "CWE676",
    "version": "0.1",
    "addresses": [
      "00401474"
    ],
    "tids": [
      "instr_00401474_6"
    ],
    "symbols": [
      "main"
    ],
    "other": [
      [
        "dangerous_function",
        "strlen"
      ]
    ],
    "description": "(Use of Potentially Dangerous Function) main (00401474) -> strlen"
  }
]