[
  {
    "name": "CWE134",
    "version": "0.1",
    "addresses": [
      "004011f8"
    ],
    "tids": [
      "instr_004011f8_7"
    ],
    "symbols": [
      "printf"
    ],
    "other": [],
    "description": "(Externally Controlled Format String) Potential externally controlled format string for call to printf at 004011f8"
  },
  {
    "name": "CWE134",
    "version": "0.1",
    "addresses": [
      "00401cd0"
    ],
    "tids": [
      "instr_00401cd0_7"
    ],
    "symbols": [
      "sprintf"
    ],
    "other": [],
    "description": "(Externally Controlled Format String) Potential externally controlled format string for call to sprintf at 00401cd0"
  },
  {
    "name": "CWE134",
    "version": "0.1",
    "addresses": [
      "00401e68"
    ],
    "tids": [
      "instr_00401e68_7"
    ],
    "symbols": [
      "sprintf"
    ],
    "other": [],
    "description": "(Externally Controlled Format String) Potential externally controlled format string for call to sprintf at 00401e68"
  },
  {
    "name": "CWE134",
    "version": "0.1",
    "addresses": [
      "004021c0"
    ],
    "tids": [
      "instr_004021c0_7"
    ],
    "symbols": [
      "sprintf"
    ],
    "other": [],
    "description": "(Externally Controlled Format String) Potential externally controlled format string for call to sprintf at 004021c0"
  },
  {
    "name": "CWE134",
    "version": "0.1",
    "addresses": [
      "0040225c"
    ],
    "tids": [
      "instr_0040225c_7"
    ],
    "symbols": [
      "sprintf"
    ],
    "other": [],
    "description": "(Externally Controlled Format String) Potential externally controlled format string for call to sprintf at 0040225c"
  },
  {
    "name": "CWE134",
    "version": "0.1",
    "addresses": [
      "00402388"
    ],
    "tids": [
      "instr_00402388_7"
    ],
    "symbols": [
      "sprintf"
    ],
    "other": [],
    "description": "(Externally Controlled Format String) Potential externally controlled format string for call to sprintf at 00402388"
  },
  {
    "name": "CWE134",
    "version": "0.1",
    "addresses": [
      "004027bc"
    ],
    "tids": [
      "instr_004027bc_7"
    ],
    "symbols": [
      "sprintf"
    ],
    "other": [],
    "description": "(Externally Controlled Format String) Potential externally controlled format string for call to sprintf at 004027bc"
  },
  {
    "name": "CWE134",
    "version": "0.1",
    "addresses": [
      "004033bc"
    ],
    "tids": [
      "instr_004033bc_7"
    ],
    "symbols": [
      "sprintf"
    ],
    "other": [],
    "description": "(Externally Controlled Format String) Potential externally controlled format string for call to sprintf at 004033bc"
  },
  {
    "name": "CWE190",
    "version": "0.1",
    "addresses": [
      "00402aac"
    ],
    "tids": [
      "instr_00402aac_7"
    ],
    "symbols": [
      "malloc"
    ],
    "other": [],
    "description": "(Integer Overflow or Wraparound) Potential overflow due to multiplication before call to malloc at 00402aac"
  },
  {
    "name": "CWE215",
    "version": "0.2",
    "addresses": [],
    "tids": [],
    "symbols": [],
    "other": [],
    "description": "(Information Exposure Through Debug Information) The binary contains debug symbols."
  },
  {
    "name": "CWE676",
    "version": "0.1",
    "addresses": [
      "00401ca4"
    ],
    "tids": [
      "instr_00401ca4_7"
    ],
    "symbols": [
      "dev_get_major"
    ],
    "other": [
      [
        "dangerous_function",
        "strlen"
      ]
    ],
    "description": "(Use of Potentially Dangerous Function) dev_get_major (00401ca4) -> strlen"
  },
  {
    "name": "CWE676",
    "version": "0.1",
    "addresses": [
      "00401cd0"
    ],
    "tids": [
      "instr_00401cd0_7"
    ],
    "symbols": [
      "dev_get_major"
    ],
    "other": [
      [
        "dangerous_function",
        "sprintf"
      ]
    ],
    "description": "(Use of Potentially Dangerous Function) dev_get_major (00401cd0) -> sprintf"
  },
  {
    "name": "CWE676",
    "version": "0.1",
    "addresses": [
      "00401d04"
    ],
    "tids": [
      "instr_00401d04_7"
    ],
    "symbols": [
      "dev_get_major"
    ],
    "other": [
      [
        "dangerous_function",
        "sscanf"
      ]
    ],
    "description": "(Use of Potentially Dangerous Function) dev_get_major (00401d04) -> sscanf"
  },
  {
    "name": "CWE676",
    "version": "0.1",
    "addresses": [
      "00401e3c"
    ],
    "tids": [
      "instr_00401e3c_7"
    ],
    "symbols": [
      "dev_read_data"
    ],
    "other": [
      [
        "dangerous_function",
        "strlen"
      ]
    ],
    "description": "(Use of Potentially Dangerous Function) dev_read_data (00401e3c) -> strlen"
  },
  {
    "name": "CWE676",
    "version": "0.1",
    "addresses": [
      "00401e68"
    ],
    "tids": [
      "instr_00401e68_7"
    ],
    "symbols": [
      "dev_read_data"
    ],
    "other": [
      [
        "dangerous_function",
        "sprintf"
      ]
    ],
    "description": "(Use of Potentially Dangerous Function) dev_read_data (00401e68) -> sprintf"
  },
  {
    "name": "CWE676",
    "version": "0.1",
    "addresses": [
      "00401f2c"
    ],
    "tids": [
      "instr_00401f2c_7"
    ],
    "symbols": [
      "read_pos_ll"
    ],
    "other": [
      [
        "dangerous_function",
        "sscanf"
      ]
    ],
    "description": "(Use of Potentially Dangerous Function) read_pos_ll (00401f2c) -> sscanf"
  },
  {
    "name": "CWE676",
    "version": "0.1",
    "addresses": [
      "00402194"
    ],
    "tids": [
      "instr_00402194_7"
    ],
    "symbols": [
      "dev_read_pos_ll"
    ],
    "other": [
      [
        "dangerous_function",
        "strlen"
      ]
    ],
    "description": "(Use of Potentially Dangerous Function) dev_read_pos_ll (00402194) -> strlen"
  },
  {
    "name": "CWE676",
    "version": "0.1",
    "addresses": [
      "004021c0"
    ],
    "tids": [
      "instr_004021c0_7"
    ],
    "symbols": [
      "dev_read_pos_ll"
    ],
    "other": [
      [
        "dangerous_function",
        "sprintf"
      ]
    ],
    "description": "(Use of Potentially Dangerous Function) dev_read_pos_ll (004021c0) -> sprintf"
  },
  {
    "name": "CWE676",
    "version": "0.1",
    "addresses": [
      "00402230"
    ],
    "tids": [
      "instr_00402230_7"
    ],
    "symbols": [
      "dev_read_pos_int"
    ],
    "other": [
      [
        "dangerous_function",
        "strlen"
      ]
    ],
    "description": "(Use of Potentially Dangerous Function) dev_read_pos_int (00402230) -> strlen"
  },
  {
    "name": "CWE676",
    "version": "0.1",
    "addresses": [
      "0040225c"
    ],
    "tids": [
      "instr_0040225c_7"
    ],
    "symbols": [
      "dev_read_pos_int"
    ],
    "other": [
      [
        "dangerous_function",
        "sprintf"
      ]
    ],
    "description": "(Use of Potentially Dangerous Function) dev_read_pos_int (0040225c) -> sprintf"
  },
  {
    "name": "CWE676",
    "version": "0.1",
    "addresses": [
      "0040235c"
    ],
    "tids": [
      "instr_0040235c_7"
    ],
    "symbols": [
      "dev_read_hex_int"
    ],
    "other": [
      [
        "dangerous_function",
        "strlen"
      ]
    ],
    "description": "(Use of Potentially Dangerous Function) dev_read_hex_int (0040235c) -> strlen"
  },
  {
    "name": "CWE676",
    "version": "0.1",
    "addresses": [
      "00402388"
    ],
    "tids": [
      "instr_00402388_7"
    ],
    "symbols": [
      "dev_read_hex_int"
    ],
    "other": [
      [
        "dangerous_function",
        "sprintf"
      ]
    ],
    "description": "(Use of Potentially Dangerous Function) dev_read_hex_int (00402388) -> sprintf"
  },
  {
    "name": "CWE676",
    "version": "0.1",
    "addresses": [
      "004023f8"
    ],
    "tids": [
      "instr_004023f8_7"
    ],
    "symbols": [
      "dev_read_hex_int"
    ],
    "other": [
      [
        "dangerous_function",
        "sscanf"
      ]
    ],
    "description": "(Use of Potentially Dangerous Function) dev_read_hex_int (004023f8) -> sscanf"
  },
  {
    "name": "CWE676",
    "version": "0.1",
    "addresses": [
      "004026e0"
    ],
    "tids": [
      "instr_004026e0_10"
    ],
    "symbols": [
      "sysfs_is_supported"
    ],
    "other": [
      [
        "dangerous_function",
        "strlen"
      ]
    ],
    "description": "(Use of Potentially Dangerous Function) sysfs_is_supported (004026e0) -> strlen"
  },
  {
    "name": "CWE676",
    "version": "0.1",
    "addresses": [
      "00402748"
    ],
    "tids": [
      "instr_00402748_6"
    ],
    "symbols": [
      "sysfs_is_supported"
    ],
    "other": [
      [
        "dangerous_function",
        "strlen"
      ]
    ],
    "description": "(Use of Potentially Dangerous Function) sysfs_is_supported (00402748) -> strlen"
  },
  {
    "name": "CWE676",
    "version": "0.1",
    "addresses": [
      "00402770"
    ],
    "tids": [
      "instr_00402770_6"
    ],
    "symbols": [
      "sysfs_is_supported"
    ],
    "other": [
      [
        "dangerous_function",
        "sscanf"
      ]
    ],
    "description": "(Use of Potentially Dangerous Function) sysfs_is_supported (00402770) -> sscanf"
  },
  {
    "name": "CWE676",
    "version": "0.1",
    "addresses": [
      "004027bc"
    ],
    "tids": [
      "instr_004027bc_7"
    ],
    "symbols": [
      "sysfs_is_supported"
    ],
    "other": [
      [
        "dangerous_function",
        "sprintf"
      ]
    ],
    "description": "(Use of Potentially Dangerous Function) sysfs_is_supported (004027bc) -> sprintf"
  },
  {
    "name": "CWE676",
    "version": "0.1",
    "addresses": [
      "00402b98"
    ],
    "tids": [
      "instr_00402b98_7"
    ],
    "symbols": [
      "mkpath"
    ],
    "other": [
      [
        "dangerous_function",
        "strlen"
      ]
    ],
    "description": "(Use of Potentially Dangerous Function) mkpath (00402b98) -> strlen"
  },
  {
    "name": "CWE676",
    "version": "0.1",
    "addresses": [
      "00402bb0"
    ],
    "tids": [
      "instr_00402bb0_7"
    ],
    "symbols": [
      "mkpath"
    ],
    "other": [
      [
        "dangerous_function",
        "strlen"
      ]
    ],
    "description": "(Use of Potentially Dangerous Function) mkpath (00402bb0) -> strlen"
  },
  {
    "name": "CWE676",
    "version": "0.1",
    "addresses": [
      "00402bdc"
    ],
    "tids": [
      "instr_00402bdc_7"
    ],
    "symbols": [
      "mkpath"
    ],
    "other": [
      [
        "dangerous_function",
        "memcpy"
      ]
    ],
    "description": "(Use of Potentially Dangerous Function) mkpath (00402bdc) -> memcpy"
  },
  {
    "name": "CWE676",
    "version": "0.1",
    "addresses": [
      "00402c0c"
    ],
    "tids": [
      "instr_00402c0c_7"
    ],
    "symbols": [
      "mkpath"
    ],
    "other": [
      [
        "dangerous_function",
        "memcpy"
      ]
    ],
    "description": "(Use of Potentially Dangerous Function) mkpath (00402c0c) -> memcpy"
  },
  {
    "name": "CWE676",
    "version": "0.1",
    "addresses": [
      "00402ce0"
    ],
    "tids": [
      "instr_00402ce0_6"
    ],
    "symbols": [
      "mtd_get_info"
    ],
    "other": [
      [
        "dangerous_function",
        "strlen"
      ]
    ],
    "description": "(Use of Potentially Dangerous Function) mtd_get_info (00402ce0) -> strlen"
  },
  {
    "name": "CWE676",
    "version": "0.1",
    "addresses": [
      "00402d08"
    ],
    "tids": [
      "instr_00402d08_6"
    ],
    "symbols": [
      "mtd_get_info"
    ],
    "other": [
      [
        "dangerous_function",
        "sscanf"
      ]
    ],
    "description": "(Use of Potentially Dangerous Function) mtd_get_info (00402d08) -> sscanf"
  },
  {
    "name": "CWE676",
    "version": "0.1",
    "addresses": [
      "0040338c"
    ],
    "tids": [
      "instr_0040338c_10"
    ],
    "symbols": [
      "mtd_dev_present"
    ],
    "other": [
      [
        "dangerous_function",
        "strlen"
      ]
    ],
    "description": "(Use of Potentially Dangerous Function) mtd_dev_present (0040338c) -> strlen"
  },
  {
    "name": "CWE676",
    "version": "0.1",
    "addresses": [
      "004033bc"
    ],
    "tids": [
      "instr_004033bc_7"
    ],
    "symbols": [
      "mtd_dev_present"
    ],
    "other": [
      [
        "dangerous_function",
        "sprintf"
      ]
    ],
    "description": "(Use of Potentially Dangerous Function) mtd_dev_present (004033bc) -> sprintf"
  },
  {
    "name": "CWE676",
    "version": "0.1",
    "addresses": [
      "00403464"
    ],
    "tids": [
      "instr_00403464_7"
    ],
    "symbols": [
      "mtd_get_info"
    ],
    "other": [
      [
        "dangerous_function",
        "memset"
      ]
    ],
    "description": "(Use of Potentially Dangerous Function) mtd_get_info (00403464) -> memset"
  },
  {
    "name": "CWE676",
    "version": "0.1",
    "addresses": [
      "004034f8"
    ],
    "tids": [
      "instr_004034f8_10"
    ],
    "symbols": [
      "mtd_get_dev_info1"
    ],
    "other": [
      [
        "dangerous_function",
        "memset"
      ]
    ],
    "description": "(Use of Potentially Dangerous Function) mtd_get_dev_info1 (004034f8) -> memset"
  },
  {
    "name": "CWE676",
    "version": "0.1",
    "addresses": [
      "004045c0"
    ],
    "tids": [
      "instr_004045c0_7"
    ],
    "symbols": [
      "proc_parse_start"
    ],
    "other": [
      [
        "dangerous_function",
        "memcmp"
      ]
    ],
    "description": "(Use of Potentially Dangerous Function) proc_parse_start (004045c0) -> memcmp"
  },
  {
    "name": "CWE676",
    "version": "0.1",
    "addresses": [
      "004047f0"
    ],
    "tids": [
      "instr_004047f0_7"
    ],
    "symbols": [
      "proc_parse_next"
    ],
    "other": [
      [
        "dangerous_function",
        "sscanf"
      ]
    ],
    "description": "(Use of Potentially Dangerous Function) proc_parse_next (004047f0) -> sscanf"
  },
  {
    "name": "CWE676",
    "version": "0.1",
    "addresses": [
      "00404888"
    ],
    "tids": [
      "instr_00404888_7"
    ],
    "symbols": [
      "proc_parse_next"
    ],
    "other": [
      [
        "dangerous_function",
        "memcpy"
      ]
    ],
    "description": "(Use of Potentially Dangerous Function) proc_parse_next (00404888) -> memcpy"
  },
  {
    "name": "CWE676",
    "version": "0.1",
    "addresses": [
      "00404b24"
    ],
    "tids": [
      "instr_00404b24_7"
    ],
    "symbols": [
      "legacy_get_dev_info"
    ],
    "other": [
      [
        "dangerous_function",
        "memset"
      ]
    ],
    "description": "(Use of Potentially Dangerous Function) legacy_get_dev_info (00404b24) -> memset"
  },
  {
    "name": "CWE676",
    "version": "0.1",
    "addresses": [
      "00404e58"
    ],
    "tids": [
      "instr_00404e58_7"
    ],
    "symbols": [
      "legacy_get_dev_info"
    ],
    "other": [
      [
        "dangerous_function",
        "strcpy"
      ]
    ],
    "description": "(Use of Potentially Dangerous Function) legacy_get_dev_info (00404e58) -> strcpy"
  },
  {
    "name": "CWE676",
    "version": "0.1",
    "addresses": [
      "00405284"
    ],
    "tids": [
      "instr_00405284_7"
    ],
    "symbols": [
      "legacy_get_dev_info1"
    ],
    "other": [
      [
        "dangerous_function",
        "sprintf"
      ]
    ],
    "description": "(Use of Potentially Dangerous Function) legacy_get_dev_info1 (00405284) -> sprintf"
  },
  {
    "name": "CWE782",
    "version": "0.1",
    "addresses": [
      "0040158c"
    ],
    "tids": [
      "instr_0040158c_7"
    ],
    "symbols": [
      "main"
    ],
    "other": [],
    "description": "(Exposed IOCTL with Insufficient Access Control) Program uses ioctl at main (0040158c). Be sure to double check the program and the corresponding driver."
  },
  {
    "name": "CWE782",
    "version": "0.1",
    "addresses": [
      "00403b64"
    ],
    "tids": [
      "instr_00403b64_10"
    ],
    "symbols": [
      "mtd_unlock"
    ],
    "other": [],
    "description": "(Exposed IOCTL with Insufficient Access Control) Program uses ioctl at mtd_unlock (00403b64). Be sure to double check the program and the corresponding driver."
  },
  {
    "name": "CWE782",
    "version": "0.1",
    "addresses": [
      "00403cac"
    ],
    "tids": [
      "instr_00403cac_7"
    ],
    "symbols": [
      "mtd_erase"
    ],
    "other": [],
    "description": "(Exposed IOCTL with Insufficient Access Control) Program uses ioctl at mtd_erase (00403cac). Be sure to double check the program and the corresponding driver."
  },
  {
    "name": "CWE782",
    "version": "0.1",
    "addresses": [
      "00403d40"
    ],
    "tids": [
      "instr_00403d40_7"
    ],
    "symbols": [
      "mtd_erase"
    ],
    "other": [],
    "description": "(Exposed IOCTL with Insufficient Access Control) Program uses ioctl at mtd_erase (00403d40). Be sure to double check the program and the corresponding driver."
  },
  {
    "name": "CWE782",
    "version": "0.1",
    "addresses": [
      "00403f94"
    ],
    "tids": [
      "instr_00403f94_10"
    ],
    "symbols": [
      "mtd_is_bad"
    ],
    "other": [],
    "description": "(Exposed IOCTL with Insufficient Access Control) Program uses ioctl at mtd_is_bad (00403f94). Be sure to double check the program and the corresponding driver."
  },
  {
    "name": "CWE782",
    "version": "0.1",
    "addresses": [
      "0040415c"
    ],
    "tids": [
      "instr_0040415c_7"
    ],
    "symbols": [
      "do_oob_op"
    ],
    "other": [],
    "description": "(Exposed IOCTL with Insufficient Access Control) Program uses ioctl at do_oob_op (0040415c). Be sure to double check the program and the corresponding driver."
  },
  {
    "name": "CWE782",
    "version": "0.1",
    "addresses": [
      "00404284"
    ],
    "tids": [
      "instr_00404284_7"
    ],
    "symbols": [
      "do_oob_op"
    ],
    "other": [],
    "description": "(Exposed IOCTL with Insufficient Access Control) Program uses ioctl at do_oob_op (00404284). Be sure to double check the program and the corresponding driver."
  },
  {
    "name": "CWE782",
    "version": "0.1",
    "addresses": [
      "00404bb8"
    ],
    "tids": [
      "instr_00404bb8_7"
    ],
    "symbols": [
      "legacy_get_dev_info"
    ],
    "other": [],
    "description": "(Exposed IOCTL with Insufficient Access Control) Program uses ioctl at legacy_get_dev_info (00404bb8). Be sure to double check the program and the corresponding driver."
  },
  {
    "name": "CWE782",
    "version": "0.1",
    "addresses": [
      "00404bd8"
    ],
    "tids": [
      "instr_00404bd8_7"
    ],
    "symbols": [
      "legacy_get_dev_info"
    ],
    "other": [],
    "description": "(Exposed IOCTL with Insufficient Access Control) Program uses ioctl at legacy_get_dev_info (00404bd8). Be sure to double check the program and the corresponding driver."
  }
]