[
  {
    "name": "CWE134",
    "version": "0.1",
    "addresses": [
      "004017a0"
    ],
    "tids": [
      "instr_004017a0_6"
    ],
    "symbols": [
      "sprintf"
    ],
    "other": [],
    "description": "(Externally Controlled Format String) Potential externally controlled format string for call to sprintf at 004017a0"
  },
  {
    "name": "CWE252",
    "version": "0.1",
    "addresses": [
      "00400ecc",
      "00400ee4"
    ],
    "tids": [
      "instr_00400ecc_7",
      "instr_00400ee4_7"
    ],
    "symbols": [
      "system"
    ],
    "other": [
      [
        "reason=empty_state"
      ]
    ],
    "description": "(Unchecked Return Value) There is no check of the return value of 00400ecc (system)."
  },
  {
    "name": "CWE252",
    "version": "0.1",
    "addresses": [
      "00400f20",
      "00400f30"
    ],
    "tids": [
      "instr_00400f20_7",
      "instr_00400f30_7"
    ],
    "symbols": [
      "fread"
    ],
    "other": [
      [
        "reason=empty_state"
      ]
    ],
    "description": "(Unchecked Return Value) There is no check of the return value of 00400f20 (fread)."
  },
  {
    "name": "CWE252",
    "version": "0.1",
    "addresses": [
      "004010fc",
      "00401168"
    ],
    "tids": [
      "instr_004010fc_7",
      "instr_00401168_6"
    ],
    "symbols": [
      "atoi"
    ],
    "other": [
      [
        "reason=isolated_returns_no_reg_taint"
      ]
    ],
    "description": "(Unchecked Return Value) There is no check of the return value of 004010fc (atoi)."
  },
  {
    "name": "CWE252",
    "version": "0.1",
    "addresses": [
      "00401230",
      "004014d4"
    ],
    "tids": [
      "instr_00401230_7",
      "instr_004014d4_6"
    ],
    "symbols": [
      "strtol"
    ],
    "other": [
      [
        "reason=return_no_taint"
      ]
    ],
    "description": "(Unchecked Return Value) There is no check of the return value of 00401230 (strtol)."
  },
  {
    "name": "CWE252",
    "version": "0.1",
    "addresses": [
      "004012e8",
      "004014d4"
    ],
    "tids": [
      "instr_004012e8_7",
      "instr_004014d4_6"
    ],
    "symbols": [
      "strtoul"
    ],
    "other": [
      [
        "reason=return_no_taint"
      ]
    ],
    "description": "(Unchecked Return Value) There is no check of the return value of 004012e8 (strtoul)."
  },
  {
    "name": "CWE252",
    "version": "0.1",
    "addresses": [
      "004017b4",
      "00401694"
    ],
    "tids": [
      "instr_004017b4_6",
      "instr_00401694_7"
    ],
    "symbols": [
      "system"
    ],
    "other": [
      [
        "reason=empty_state"
      ]
    ],
    "description": "(Unchecked Return Value) There is no check of the return value of 004017b4 (system)."
  },
  {
    "name": "CWE252",
    "version": "0.1",
    "addresses": [
      "004017b4",
      "004017d8"
    ],
    "tids": [
      "instr_004017b4_6",
      "instr_004017d8_6"
    ],
    "symbols": [
      "system"
    ],
    "other": [
      [
        "reason=empty_state"
      ]
    ],
    "description": "(Unchecked Return Value) There is no check of the return value of 004017b4 (system)."
  },
  {
    "name": "CWE252",
    "version": "0.1",
    "addresses": [
      "00402118",
      "00402260"
    ],
    "tids": [
      "instr_00402118_7",
      "instr_00402260_7"
    ],
    "symbols": [
      "fputc"
    ],
    "other": [
      [
        "reason=empty_state"
      ]
    ],
    "description": "(Unchecked Return Value) There is no check of the return value of 00402118 (fputc)."
  },
  {
    "name": "CWE476",
    "version": "0.2",
    "addresses": [
      "004017c4"
    ],
    "tids": [
      "instr_004017c4_3"
    ],
    "symbols": [],
    "other": [],
    "description": "(NULL Pointer Dereference) Memory access at 004017c4 may result in a NULL dereference"
  },
  {
    "name": "CWE476",
    "version": "0.2",
    "addresses": [
      "004017ec"
    ],
    "tids": [
      "instr_004017ec_3"
    ],
    "symbols": [],
    "other": [],
    "description": "(NULL Pointer Dereference) Memory access at 004017ec may result in a NULL dereference"
  },
  {
    "name": "CWE476",
    "version": "0.3",
    "addresses": [
      "00400fe8",
      "00401000"
    ],
    "tids": [
      "instr_00400fe8_7",
      "instr_00401000_7"
    ],
    "symbols": [
      "strchr"
    ],
    "other": [],
    "description": "(NULL Pointer Dereference) There is no check if the return value is NULL at 00400fe8 (strchr)."
  },
  {
    "name": "CWE476",
    "version": "0.3",
    "addresses": [
      "004010b0",
      "004010c8"
    ],
    "tids": [
      "instr_004010b0_7",
      "instr_004010c8_7"
    ],
    "symbols": [
      "strchr"
    ],
    "other": [],
    "description": "(NULL Pointer Dereference) There is no check if the return value is NULL at 004010b0 (strchr)."
  },
  {
    "name": "CWE676",
    "version": "0.1",
    "addresses": [
      "00400e50"
    ],
    "tids": [
      "instr_00400e50_7"
    ],
    "symbols": [
      "FUN_00400e00"
    ],
    "other": [
      [
        "dangerous_function",
        "memset"
      ]
    ],
    "description": "(Use of Potentially Dangerous Function) FUN_00400e00 (00400e50) -> memset"
  },
  {
    "name": "CWE676",
    "version": "0.1",
    "addresses": [
      "00400e70"
    ],
    "tids": [
      "instr_00400e70_7"
    ],
    "symbols": [
      "FUN_00400e00"
    ],
    "other": [
      [
        "dangerous_function",
        "memset"
      ]
    ],
    "description": "(Use of Potentially Dangerous Function) FUN_00400e00 (00400e70) -> memset"
  },
  {
    "name": "CWE676",
    "version": "0.1",
    "addresses": [
      "00401000"
    ],
    "tids": [
      "instr_00401000_7"
    ],
    "symbols": [
      "FUN_00400e00"
    ],
    "other": [
      [
        "dangerous_function",
        "memcpy"
      ]
    ],
    "description": "(Use of Potentially Dangerous Function) FUN_00400e00 (00401000) -> memcpy"
  },
  {
    "name": "CWE676",
    "version": "0.1",
    "addresses": [
      "004010c8"
    ],
    "tids": [
      "instr_004010c8_7"
    ],
    "symbols": [
      "FUN_00400e00"
    ],
    "other": [
      [
        "dangerous_function",
        "memcpy"
      ]
    ],
    "description": "(Use of Potentially Dangerous Function) FUN_00400e00 (004010c8) -> memcpy"
  },
  {
    "name": "CWE676",
    "version": "0.1",
    "addresses": [
      "00401394"
    ],
    "tids": [
      "instr_00401394_7"
    ],
    "symbols": [
      "FUN_00401170"
    ],
    "other": [
      [
        "dangerous_function",
        "strcpy"
      ]
    ],
    "description": "(Use of Potentially Dangerous Function) FUN_00401170 (00401394) -> strcpy"
  },
  {
    "name": "CWE676",
    "version": "0.1",
    "addresses": [
      "004013a4"
    ],
    "tids": [
      "instr_004013a4_7"
    ],
    "symbols": [
      "FUN_00401170"
    ],
    "other": [
      [
        "dangerous_function",
        "strlen"
      ]
    ],
    "description": "(Use of Potentially Dangerous Function) FUN_00401170 (004013a4) -> strlen"
  },
  {
    "name": "CWE676",
    "version": "0.1",
    "addresses": [
      "004013f0"
    ],
    "tids": [
      "instr_004013f0_7"
    ],
    "symbols": [
      "FUN_00401170"
    ],
    "other": [
      [
        "dangerous_function",
        "memset"
      ]
    ],
    "description": "(Use of Potentially Dangerous Function) FUN_00401170 (004013f0) -> memset"
  },
  {
    "name": "CWE676",
    "version": "0.1",
    "addresses": [
      "00401550"
    ],
    "tids": [
      "instr_00401550_7"
    ],
    "symbols": [
      "FUN_004014ec"
    ],
    "other": [
      [
        "dangerous_function",
        "memset"
      ]
    ],
    "description": "(Use of Potentially Dangerous Function) FUN_004014ec (00401550) -> memset"
  },
  {
    "name": "CWE676",
    "version": "0.1",
    "addresses": [
      "00401570"
    ],
    "tids": [
      "instr_00401570_7"
    ],
    "symbols": [
      "FUN_004014ec"
    ],
    "other": [
      [
        "dangerous_function",
        "memset"
      ]
    ],
    "description": "(Use of Potentially Dangerous Function) FUN_004014ec (00401570) -> memset"
  },
  {
    "name": "CWE676",
    "version": "0.1",
    "addresses": [
      "004015a4"
    ],
    "tids": [
      "instr_004015a4_7"
    ],
    "symbols": [
      "FUN_004014ec"
    ],
    "other": [
      [
        "dangerous_function",
        "memset"
      ]
    ],
    "description": "(Use of Potentially Dangerous Function) FUN_004014ec (004015a4) -> memset"
  },
  {
    "name": "CWE676",
    "version": "0.1",
    "addresses": [
      "00401694"
    ],
    "tids": [
      "instr_00401694_7"
    ],
    "symbols": [
      "FUN_004014ec"
    ],
    "other": [
      [
        "dangerous_function",
        "memset"
      ]
    ],
    "description": "(Use of Potentially Dangerous Function) FUN_004014ec (00401694) -> memset"
  },
  {
    "name": "CWE676",
    "version": "0.1",
    "addresses": [
      "004016e0"
    ],
    "tids": [
      "instr_004016e0_7"
    ],
    "symbols": [
      "FUN_004014ec"
    ],
    "other": [
      [
        "dangerous_function",
        "memset"
      ]
    ],
    "description": "(Use of Potentially Dangerous Function) FUN_004014ec (004016e0) -> memset"
  },
  {
    "name": "CWE676",
    "version": "0.1",
    "addresses": [
      "0040173c"
    ],
    "tids": [
      "instr_0040173c_7"
    ],
    "symbols": [
      "FUN_004014ec"
    ],
    "other": [
      [
        "dangerous_function",
        "strlen"
      ]
    ],
    "description": "(Use of Potentially Dangerous Function) FUN_004014ec (0040173c) -> strlen"
  },
  {
    "name": "CWE676",
    "version": "0.1",
    "addresses": [
      "004017a0"
    ],
    "tids": [
      "instr_004017a0_6"
    ],
    "symbols": [
      "FUN_004014ec"
    ],
    "other": [
      [
        "dangerous_function",
        "sprintf"
      ]
    ],
    "description": "(Use of Potentially Dangerous Function) FUN_004014ec (004017a0) -> sprintf"
  },
  {
    "name": "CWE787",
    "version": "0.3",
    "addresses": [
      "00401524"
    ],
    "tids": [
      "instr_00401524_3"
    ],
    "symbols": [],
    "other": [
      [
        "For the object ID sub_004014ec @ sp:i32 access to the offset 0 (size 4) may overflow the upper object bound of 0.",
        "Relevant callgraph TIDs: [sub_004014ec]"
      ]
    ],
    "description": "(Out-of-bounds Write) Memory write at 00401524 may be out of bounds."
  }
]