[
  {
    "name": "CWE252",
    "version": "0.1",
    "addresses": [
      "00401024",
      "00401034"
    ],
    "tids": [
      "instr_00401024_7",
      "instr_00401034_7"
    ],
    "symbols": [
      "fputc"
    ],
    "other": [
      [
        "reason=empty_state"
      ]
    ],
    "description": "(Unchecked Return Value) There is no check of the return value of 00401024 (fputc)."
  },
  {
    "name": "CWE252",
    "version": "0.1",
    "addresses": [
      "0040107c",
      "00401090"
    ],
    "tids": [
      "instr_0040107c_7",
      "instr_00401090_7"
    ],
    "symbols": [
      "system"
    ],
    "other": [
      [
        "reason=empty_state"
      ]
    ],
    "description": "(Unchecked Return Value) There is no check of the return value of 0040107c (system)."
  },
  {
    "name": "CWE252",
    "version": "0.1",
    "addresses": [
      "00401090",
      "00401098"
    ],
    "tids": [
      "instr_00401090_7",
      "instr_00401098_1"
    ],
    "symbols": [
      "system"
    ],
    "other": [
      [
        "reason=empty_state"
      ]
    ],
    "description": "(Unchecked Return Value) There is no check of the return value of 00401090 (system)."
  },
  {
    "name": "CWE676",
    "version": "0.1",
    "addresses": [
      "00400980"
    ],
    "tids": [
      "instr_00400980_7"
    ],
    "symbols": [
      "FUN_00400950"
    ],
    "other": [
      [
        "dangerous_function",
        "memset"
      ]
    ],
    "description": "(Use of Potentially Dangerous Function) FUN_00400950 (00400980) -> memset"
  },
  {
    "name": "CWE676",
    "version": "0.1",
    "addresses": [
      "004009a0"
    ],
    "tids": [
      "instr_004009a0_7"
    ],
    "symbols": [
      "FUN_00400950"
    ],
    "other": [
      [
        "dangerous_function",
        "memset"
      ]
    ],
    "description": "(Use of Potentially Dangerous Function) FUN_00400950 (004009a0) -> memset"
  },
  {
    "name": "CWE676",
    "version": "0.1",
    "addresses": [
      "00400b1c"
    ],
    "tids": [
      "instr_00400b1c_7"
    ],
    "symbols": [
      "FUN_00400ad8"
    ],
    "other": [
      [
        "dangerous_function",
        "memset"
      ]
    ],
    "description": "(Use of Potentially Dangerous Function) FUN_00400ad8 (00400b1c) -> memset"
  },
  {
    "name": "CWE676",
    "version": "0.1",
    "addresses": [
      "00400b40"
    ],
    "tids": [
      "instr_00400b40_7"
    ],
    "symbols": [
      "FUN_00400ad8"
    ],
    "other": [
      [
        "dangerous_function",
        "memset"
      ]
    ],
    "description": "(Use of Potentially Dangerous Function) FUN_00400ad8 (00400b40) -> memset"
  },
  {
    "name": "CWE676",
    "version": "0.1",
    "addresses": [
      "00400b60"
    ],
    "tids": [
      "instr_00400b60_7"
    ],
    "symbols": [
      "FUN_00400ad8"
    ],
    "other": [
      [
        "dangerous_function",
        "memset"
      ]
    ],
    "description": "(Use of Potentially Dangerous Function) FUN_00400ad8 (00400b60) -> memset"
  }
]