[
  {
    "name": "CWE782",
    "version": "0.1",
    "addresses": [
      "004009f8"
    ],
    "tids": [
      "instr_004009f8_7"
    ],
    "symbols": [
      "main"
    ],
    "other": [],
    "description": "(Exposed IOCTL with Insufficient Access Control) Program uses ioctl at main (004009f8). Be sure to double check the program and the corresponding driver."
  },
  {
    "name": "CWE782",
    "version": "0.1",
    "addresses": [
      "00400a48"
    ],
    "tids": [
      "instr_00400a48_7"
    ],
    "symbols": [
      "main"
    ],
    "other": [],
    "description": "(Exposed IOCTL with Insufficient Access Control) Program uses ioctl at main (00400a48). Be sure to double check the program and the corresponding driver."
  }
]