[
  {
    "name": "CWE252",
    "version": "0.1",
    "addresses": [
      "00400c24",
      "00400c24"
    ],
    "tids": [
      "instr_00400c24_7",
      "instr_00400c24_7"
    ],
    "symbols": [
      "strtol"
    ],
    "other": [
      [
        "reason=empty_state"
      ]
    ],
    "description": "(Unchecked Return Value) There is no check of the return value of 00400c24 (strtol)."
  },
  {
    "name": "CWE252",
    "version": "0.1",
    "addresses": [
      "00400c24",
      "00400c44"
    ],
    "tids": [
      "instr_00400c24_7",
      "instr_00400c44_7"
    ],
    "symbols": [
      "strtol"
    ],
    "other": [
      [
        "reason=empty_state"
      ]
    ],
    "description": "(Unchecked Return Value) There is no check of the return value of 00400c24 (strtol)."
  },
  {
    "name": "CWE252",
    "version": "0.1",
    "addresses": [
      "00400cc0",
      "00400cd4"
    ],
    "tids": [
      "instr_00400cc0_7",
      "instr_00400cd4_10"
    ],
    "symbols": [
      "sscanf"
    ],
    "other": [
      [
        "reason=empty_state"
      ]
    ],
    "description": "(Unchecked Return Value) There is no check of the return value of 00400cc0 (sscanf)."
  },
  {
    "name": "CWE676",
    "version": "0.1",
    "addresses": [
      "00400b3c"
    ],
    "tids": [
      "instr_00400b3c_7"
    ],
    "symbols": [
      "main"
    ],
    "other": [
      [
        "dangerous_function",
        "strlen"
      ]
    ],
    "description": "(Use of Potentially Dangerous Function) main (00400b3c) -> strlen"
  },
  {
    "name": "CWE676",
    "version": "0.1",
    "addresses": [
      "00400cc0"
    ],
    "tids": [
      "instr_00400cc0_7"
    ],
    "symbols": [
      "main"
    ],
    "other": [
      [
        "dangerous_function",
        "sscanf"
      ]
    ],
    "description": "(Use of Potentially Dangerous Function) main (00400cc0) -> sscanf"
  }
]