[[0;32m+[0m][0;32m Identified source function: [0;33m/logs/s16_ghidra_decompile_checks/haruspex_makeDevUid/main_00400930.c[0m[0m
[REF] /logs/s16_ghidra_decompile_checks/haruspex_makeDevUid/main_00400930.c
        Semgrep rule: [0;33mexternal.semgrep-rules-0xdea.c.raptor-interesting-api-calls[0m
        Issue description:
    Locate all calls to interesting and potentially insecure API functions (candidate points). The auditor can backtrace from these candidate points to find pathways allowing access from untrusted input.

        [0;32m19[0m - [0;33mpFVar2 = fopen("/mnt/flash/device/dev_unique.ini","r");[0m

-----------------------------------------------------------------

[[0;32m+[0m][0;32m Identified source function: [0;33m/logs/s16_ghidra_decompile_checks/haruspex_makeDevUid/main_00400930.c[0m[0m
[REF] /logs/s16_ghidra_decompile_checks/haruspex_makeDevUid/main_00400930.c
        Semgrep rule: [0;33mexternal.semgrep-rules-0xdea.c.raptor-interesting-api-calls[0m
        Issue description:
    Locate all calls to interesting and potentially insecure API functions (candidate points). The auditor can backtrace from these candidate points to find pathways allowing access from untrusted input.

        [0;32m21[0m - [0;33msystem("mkdir -p /mnt/flash/device/ 2 > /dev/null 1 > /dev/null");[0m

-----------------------------------------------------------------

[[0;32m+[0m][0;32m Identified source function: [0;33m/logs/s16_ghidra_decompile_checks/haruspex_makeDevUid/main_00400930.c[0m[0m
[REF] /logs/s16_ghidra_decompile_checks/haruspex_makeDevUid/main_00400930.c
        Semgrep rule: [0;33mexternal.semgrep-rules-0xdea.c.raptor-interesting-api-calls[0m
        Issue description:
    Locate all calls to interesting and potentially insecure API functions (candidate points). The auditor can backtrace from these candidate points to find pathways allowing access from untrusted input.

        [0;32m22[0m - [0;33mpFVar2 = fopen("/mnt/flash/device/dev_unique.ini","w");[0m

-----------------------------------------------------------------

[[0;32m+[0m][0;32m Identified source function: [0;33m/logs/s16_ghidra_decompile_checks/haruspex_makeDevUid/main_00400930.c[0m[0m
[REF] /logs/s16_ghidra_decompile_checks/haruspex_makeDevUid/main_00400930.c
        Semgrep rule: [0;33mexternal.semgrep-rules-0xdea.c.raptor-insecure-api-rand-srand[0m
        Issue description:
    The rand() PRNG should not be used in applications intended to be  portable when good randomness is needed. Instead, the use of random()  is recommended.

        [0;32m36[0m - [0;33mtStack_38.tv_usec << 0xc);[0m

-----------------------------------------------------------------

[[0;32m+[0m][0;32m Identified source function: [0;33m/logs/s16_ghidra_decompile_checks/haruspex_makeDevUid/main_00400930.c[0m[0m
[REF] /logs/s16_ghidra_decompile_checks/haruspex_makeDevUid/main_00400930.c
        Semgrep rule: [0;33mexternal.semgrep-rules-0xdea.c.raptor-interesting-api-calls[0m
        Issue description:
    Locate all calls to interesting and potentially insecure API functions (candidate points). The auditor can backtrace from these candidate points to find pathways allowing access from untrusted input.

        [0;32m36[0m - [0;33mtStack_38.tv_usec << 0xc);[0m

-----------------------------------------------------------------

[[0;32m+[0m][0;32m Identified source function: [0;33m/logs/s16_ghidra_decompile_checks/haruspex_makeDevUid/main_00400930.c[0m[0m
[REF] /logs/s16_ghidra_decompile_checks/haruspex_makeDevUid/main_00400930.c
        Semgrep rule: [0;33mexternal.semgrep-rules-0xdea.c.raptor-insecure-api-rand-srand[0m
        Issue description:
    The rand() PRNG should not be used in applications intended to be  portable when good randomness is needed. Instead, the use of random()  is recommended.

        [0;32m39[0m - [0;33miVar4 = rand();[0m

-----------------------------------------------------------------

[[0;32m+[0m][0;32m Identified source function: [0;33m/logs/s16_ghidra_decompile_checks/haruspex_makeDevUid/main_00400930.c[0m[0m
[REF] /logs/s16_ghidra_decompile_checks/haruspex_makeDevUid/main_00400930.c
        Semgrep rule: [0;33mexternal.semgrep-rules-0xdea.c.raptor-interesting-api-calls[0m
        Issue description:
    Locate all calls to interesting and potentially insecure API functions (candidate points). The auditor can backtrace from these candidate points to find pathways allowing access from untrusted input.

        [0;32m39[0m - [0;33miVar4 = rand();[0m

-----------------------------------------------------------------

[[0;32m+[0m][0;32m Identified source function: [0;33m/logs/s16_ghidra_decompile_checks/haruspex_makeDevUid/main_00400930.c[0m[0m
[REF] /logs/s16_ghidra_decompile_checks/haruspex_makeDevUid/main_00400930.c
        Semgrep rule: [0;33mexternal.semgrep-rules-0xdea.c.raptor-interesting-api-calls[0m
        Issue description:
    Locate all calls to interesting and potentially insecure API functions (candidate points). The auditor can backtrace from these candidate points to find pathways allowing access from untrusted input.

        [0;32m19[0m - [0;33mpFVar2 = fopen("/mnt/flash/device/dev_unique.ini","r");[0m

-----------------------------------------------------------------

[[0;32m+[0m][0;32m Identified source function: [0;33m/logs/s16_ghidra_decompile_checks/haruspex_makeDevUid/main_00400930.c[0m[0m
[REF] /logs/s16_ghidra_decompile_checks/haruspex_makeDevUid/main_00400930.c
        Semgrep rule: [0;33mexternal.semgrep-rules-0xdea.c.raptor-interesting-api-calls[0m
        Issue description:
    Locate all calls to interesting and potentially insecure API functions (candidate points). The auditor can backtrace from these candidate points to find pathways allowing access from untrusted input.

        [0;32m21[0m - [0;33msystem("mkdir -p /mnt/flash/device/ 2 > /dev/null 1 > /dev/null");[0m

-----------------------------------------------------------------

[[0;32m+[0m][0;32m Identified source function: [0;33m/logs/s16_ghidra_decompile_checks/haruspex_makeDevUid/main_00400930.c[0m[0m
[REF] /logs/s16_ghidra_decompile_checks/haruspex_makeDevUid/main_00400930.c
        Semgrep rule: [0;33mexternal.semgrep-rules-0xdea.c.raptor-interesting-api-calls[0m
        Issue description:
    Locate all calls to interesting and potentially insecure API functions (candidate points). The auditor can backtrace from these candidate points to find pathways allowing access from untrusted input.

        [0;32m22[0m - [0;33mpFVar2 = fopen("/mnt/flash/device/dev_unique.ini","w");[0m

-----------------------------------------------------------------

[[0;32m+[0m][0;32m Identified source function: [0;33m/logs/s16_ghidra_decompile_checks/haruspex_makeDevUid/main_00400930.c[0m[0m
[REF] /logs/s16_ghidra_decompile_checks/haruspex_makeDevUid/main_00400930.c
        Semgrep rule: [0;33mexternal.semgrep-rules-0xdea.c.raptor-insecure-api-rand-srand[0m
        Issue description:
    The rand() PRNG should not be used in applications intended to be  portable when good randomness is needed. Instead, the use of random()  is recommended.

        [0;32m36[0m - [0;33mtStack_38.tv_usec << 0xc);[0m

-----------------------------------------------------------------

[[0;32m+[0m][0;32m Identified source function: [0;33m/logs/s16_ghidra_decompile_checks/haruspex_makeDevUid/main_00400930.c[0m[0m
[REF] /logs/s16_ghidra_decompile_checks/haruspex_makeDevUid/main_00400930.c
        Semgrep rule: [0;33mexternal.semgrep-rules-0xdea.c.raptor-interesting-api-calls[0m
        Issue description:
    Locate all calls to interesting and potentially insecure API functions (candidate points). The auditor can backtrace from these candidate points to find pathways allowing access from untrusted input.

        [0;32m36[0m - [0;33mtStack_38.tv_usec << 0xc);[0m

-----------------------------------------------------------------

[[0;32m+[0m][0;32m Identified source function: [0;33m/logs/s16_ghidra_decompile_checks/haruspex_makeDevUid/main_00400930.c[0m[0m
[REF] /logs/s16_ghidra_decompile_checks/haruspex_makeDevUid/main_00400930.c
        Semgrep rule: [0;33mexternal.semgrep-rules-0xdea.c.raptor-insecure-api-rand-srand[0m
        Issue description:
    The rand() PRNG should not be used in applications intended to be  portable when good randomness is needed. Instead, the use of random()  is recommended.

        [0;32m39[0m - [0;33miVar4 = rand();[0m

-----------------------------------------------------------------

[[0;32m+[0m][0;32m Identified source function: [0;33m/logs/s16_ghidra_decompile_checks/haruspex_makeDevUid/main_00400930.c[0m[0m
[REF] /logs/s16_ghidra_decompile_checks/haruspex_makeDevUid/main_00400930.c
        Semgrep rule: [0;33mexternal.semgrep-rules-0xdea.c.raptor-interesting-api-calls[0m
        Issue description:
    Locate all calls to interesting and potentially insecure API functions (candidate points). The auditor can backtrace from these candidate points to find pathways allowing access from untrusted input.

        [0;32m39[0m - [0;33miVar4 = rand();[0m

-----------------------------------------------------------------

