[[0;32m+[0m][0;32m Identified source function: [0;33m/logs/s16_ghidra_decompile_checks/haruspex_twinkling/main_004008cc.c[0m[0m
[REF] /logs/s16_ghidra_decompile_checks/haruspex_twinkling/main_004008cc.c
        Semgrep rule: [0;33mexternal.semgrep-rules-0xdea.c.raptor-insecure-api-signal[0m
        Issue description:
    The signal() API should be regarded as deprecated. When possible, sigaction() should be used instead, because it allows to precisely specify the desired behavior in case two signals arrive shortly after each other thus preventing many race conditions.

        [0;32m10[0m - [0;33msignal(2,FUN_00400880);[0m

-----------------------------------------------------------------

[[0;32m+[0m][0;32m Identified source function: [0;33m/logs/s16_ghidra_decompile_checks/haruspex_twinkling/main_004008cc.c[0m[0m
[REF] /logs/s16_ghidra_decompile_checks/haruspex_twinkling/main_004008cc.c
        Semgrep rule: [0;33mexternal.semgrep-rules-0xdea.c.raptor-insecure-api-signal[0m
        Issue description:
    The signal() API should be regarded as deprecated. When possible, sigaction() should be used instead, because it allows to precisely specify the desired behavior in case two signals arrive shortly after each other thus preventing many race conditions.

        [0;32m11[0m - [0;33msignal(0xf,FUN_00400880);[0m

-----------------------------------------------------------------

[[0;32m+[0m][0;32m Identified source function: [0;33m/logs/s16_ghidra_decompile_checks/haruspex_twinkling/main_004008cc.c[0m[0m
[REF] /logs/s16_ghidra_decompile_checks/haruspex_twinkling/main_004008cc.c
        Semgrep rule: [0;33mexternal.semgrep-rules-0xdea.c.raptor-insecure-api-signal[0m
        Issue description:
    The signal() API should be regarded as deprecated. When possible, sigaction() should be used instead, because it allows to precisely specify the desired behavior in case two signals arrive shortly after each other thus preventing many race conditions.

        [0;32m12[0m - [0;33msignal(3,FUN_00400880);[0m

-----------------------------------------------------------------

[[0;32m+[0m][0;32m Identified source function: [0;33m/logs/s16_ghidra_decompile_checks/haruspex_twinkling/main_004008cc.c[0m[0m
[REF] /logs/s16_ghidra_decompile_checks/haruspex_twinkling/main_004008cc.c
        Semgrep rule: [0;33mexternal.semgrep-rules-0xdea.c.raptor-insecure-api-signal[0m
        Issue description:
    The signal() API should be regarded as deprecated. When possible, sigaction() should be used instead, because it allows to precisely specify the desired behavior in case two signals arrive shortly after each other thus preventing many race conditions.

        [0;32m13[0m - [0;33msignal(0xd,(__sighandler_t)0x1);[0m

-----------------------------------------------------------------

[[0;32m+[0m][0;32m Identified source function: [0;33m/logs/s16_ghidra_decompile_checks/haruspex_twinkling/main_004008cc.c[0m[0m
[REF] /logs/s16_ghidra_decompile_checks/haruspex_twinkling/main_004008cc.c
        Semgrep rule: [0;33mexternal.semgrep-rules-0xdea.c.raptor-insecure-api-signal[0m
        Issue description:
    The signal() API should be regarded as deprecated. When possible, sigaction() should be used instead, because it allows to precisely specify the desired behavior in case two signals arrive shortly after each other thus preventing many race conditions.

        [0;32m14[0m - [0;33msignal(0xb,FUN_00400ab0);[0m

-----------------------------------------------------------------

[[0;32m+[0m][0;32m Identified source function: [0;33m/logs/s16_ghidra_decompile_checks/haruspex_twinkling/main_004008cc.c[0m[0m
[REF] /logs/s16_ghidra_decompile_checks/haruspex_twinkling/main_004008cc.c
        Semgrep rule: [0;33mexternal.semgrep-rules-0xdea.c.raptor-interesting-api-calls[0m
        Issue description:
    Locate all calls to interesting and potentially insecure API functions (candidate points). The auditor can backtrace from these candidate points to find pathways allowing access from untrusted input.

        [0;32m15[0m - [0;33mDAT_00410cf0 = open("/dev/hwmon",2);[0m

-----------------------------------------------------------------

[[0;32m+[0m][0;32m Identified source function: [0;33m/logs/s16_ghidra_decompile_checks/haruspex_twinkling/main_004008cc.c[0m[0m
[REF] /logs/s16_ghidra_decompile_checks/haruspex_twinkling/main_004008cc.c
        Semgrep rule: [0;33mexternal.semgrep-rules-0xdea.c.raptor-insecure-api-signal[0m
        Issue description:
    The signal() API should be regarded as deprecated. When possible, sigaction() should be used instead, because it allows to precisely specify the desired behavior in case two signals arrive shortly after each other thus preventing many race conditions.

        [0;32m10[0m - [0;33msignal(2,FUN_00400880);[0m

-----------------------------------------------------------------

[[0;32m+[0m][0;32m Identified source function: [0;33m/logs/s16_ghidra_decompile_checks/haruspex_twinkling/main_004008cc.c[0m[0m
[REF] /logs/s16_ghidra_decompile_checks/haruspex_twinkling/main_004008cc.c
        Semgrep rule: [0;33mexternal.semgrep-rules-0xdea.c.raptor-insecure-api-signal[0m
        Issue description:
    The signal() API should be regarded as deprecated. When possible, sigaction() should be used instead, because it allows to precisely specify the desired behavior in case two signals arrive shortly after each other thus preventing many race conditions.

        [0;32m11[0m - [0;33msignal(0xf,FUN_00400880);[0m

-----------------------------------------------------------------

[[0;32m+[0m][0;32m Identified source function: [0;33m/logs/s16_ghidra_decompile_checks/haruspex_twinkling/main_004008cc.c[0m[0m
[REF] /logs/s16_ghidra_decompile_checks/haruspex_twinkling/main_004008cc.c
        Semgrep rule: [0;33mexternal.semgrep-rules-0xdea.c.raptor-insecure-api-signal[0m
        Issue description:
    The signal() API should be regarded as deprecated. When possible, sigaction() should be used instead, because it allows to precisely specify the desired behavior in case two signals arrive shortly after each other thus preventing many race conditions.

        [0;32m12[0m - [0;33msignal(3,FUN_00400880);[0m

-----------------------------------------------------------------

[[0;32m+[0m][0;32m Identified source function: [0;33m/logs/s16_ghidra_decompile_checks/haruspex_twinkling/main_004008cc.c[0m[0m
[REF] /logs/s16_ghidra_decompile_checks/haruspex_twinkling/main_004008cc.c
        Semgrep rule: [0;33mexternal.semgrep-rules-0xdea.c.raptor-insecure-api-signal[0m
        Issue description:
    The signal() API should be regarded as deprecated. When possible, sigaction() should be used instead, because it allows to precisely specify the desired behavior in case two signals arrive shortly after each other thus preventing many race conditions.

        [0;32m13[0m - [0;33msignal(0xd,(__sighandler_t)0x1);[0m

-----------------------------------------------------------------

[[0;32m+[0m][0;32m Identified source function: [0;33m/logs/s16_ghidra_decompile_checks/haruspex_twinkling/main_004008cc.c[0m[0m
[REF] /logs/s16_ghidra_decompile_checks/haruspex_twinkling/main_004008cc.c
        Semgrep rule: [0;33mexternal.semgrep-rules-0xdea.c.raptor-insecure-api-signal[0m
        Issue description:
    The signal() API should be regarded as deprecated. When possible, sigaction() should be used instead, because it allows to precisely specify the desired behavior in case two signals arrive shortly after each other thus preventing many race conditions.

        [0;32m14[0m - [0;33msignal(0xb,FUN_00400ab0);[0m

-----------------------------------------------------------------

[[0;32m+[0m][0;32m Identified source function: [0;33m/logs/s16_ghidra_decompile_checks/haruspex_twinkling/main_004008cc.c[0m[0m
[REF] /logs/s16_ghidra_decompile_checks/haruspex_twinkling/main_004008cc.c
        Semgrep rule: [0;33mexternal.semgrep-rules-0xdea.c.raptor-interesting-api-calls[0m
        Issue description:
    Locate all calls to interesting and potentially insecure API functions (candidate points). The auditor can backtrace from these candidate points to find pathways allowing access from untrusted input.

        [0;32m15[0m - [0;33mDAT_00410cf0 = open("/dev/hwmon",2);[0m

-----------------------------------------------------------------

