[[0;32m+[0m][0;32m Identified source function: [0;33m/logs/s16_ghidra_decompile_checks/haruspex_rtkmib/main_00400a4c.c[0m[0m
[REF] /logs/s16_ghidra_decompile_checks/haruspex_rtkmib/main_00400a4c.c
        Semgrep rule: [0;33mexternal.semgrep-rules-0xdea.c.raptor-interesting-api-calls[0m
        Issue description:
    Locate all calls to interesting and potentially insecure API functions (candidate points). The auditor can backtrace from these candidate points to find pathways allowing access from untrusted input.

        [0;32m79[0m - [0;33msscanf(param_2[2],"%d",auStack_24);[0m

-----------------------------------------------------------------

[[0;32m+[0m][0;32m Identified source function: [0;33m/logs/s16_ghidra_decompile_checks/haruspex_rtkmib/main_00400a4c.c[0m[0m
[REF] /logs/s16_ghidra_decompile_checks/haruspex_rtkmib/main_00400a4c.c
        Semgrep rule: [0;33mexternal.semgrep-rules-0xdea.c.raptor-unchecked-ret-scanf-etc[0m
        Issue description:
    The software does not check the return value from a method or function, which can prevent it from detecting unexpected states and conditions.

        [0;32m79[0m - [0;33msscanf(param_2[2],"%d",auStack_24);[0m

-----------------------------------------------------------------

[[0;32m+[0m][0;32m Identified source function: [0;33m/logs/s16_ghidra_decompile_checks/haruspex_rtkmib/main_00400a4c.c[0m[0m
[REF] /logs/s16_ghidra_decompile_checks/haruspex_rtkmib/main_00400a4c.c
        Semgrep rule: [0;33mexternal.semgrep-rules-0xdea.c.raptor-interesting-api-calls[0m
        Issue description:
    Locate all calls to interesting and potentially insecure API functions (candidate points). The auditor can backtrace from these candidate points to find pathways allowing access from untrusted input.

        [0;32m79[0m - [0;33msscanf(param_2[2],"%d",auStack_24);[0m

-----------------------------------------------------------------

[[0;32m+[0m][0;32m Identified source function: [0;33m/logs/s16_ghidra_decompile_checks/haruspex_rtkmib/main_00400a4c.c[0m[0m
[REF] /logs/s16_ghidra_decompile_checks/haruspex_rtkmib/main_00400a4c.c
        Semgrep rule: [0;33mexternal.semgrep-rules-0xdea.c.raptor-unchecked-ret-scanf-etc[0m
        Issue description:
    The software does not check the return value from a method or function, which can prevent it from detecting unexpected states and conditions.

        [0;32m79[0m - [0;33msscanf(param_2[2],"%d",auStack_24);[0m

-----------------------------------------------------------------

