[[0;32m+[0m][0;32m Identified source function: [0;33m/logs/s16_ghidra_decompile_checks/haruspex_ntpclient/contemplate_data_00402ed0.c[0m[0m
[REF] /logs/s16_ghidra_decompile_checks/haruspex_ntpclient/contemplate_data_00402ed0.c
        Semgrep rule: [0;33mexternal.semgrep-rules-0xdea.c.raptor-format-string-bugs[0m
        Issue description:
    The software uses a function that accepts a format string as an argument, but the format string originates from an external source. This can lead  to buffer overflows, denial of service, or data representation problems.

        [0;32m103[0m - [0;33m*(undefined4 *)(&DAT_004156e4 + iVar18));[0m

-----------------------------------------------------------------

[[0;32m+[0m][0;32m Identified source function: [0;33m/logs/s16_ghidra_decompile_checks/haruspex_ntpclient/FUN_004010e8_004010e8.c[0m[0m
[REF] /logs/s16_ghidra_decompile_checks/haruspex_ntpclient/FUN_004010e8_004010e8.c
        Semgrep rule: [0;33mexternal.semgrep-rules-0xdea.c.raptor-interesting-api-calls[0m
        Issue description:
    Locate all calls to interesting and potentially insecure API functions (candidate points). The auditor can backtrace from these candidate points to find pathways allowing access from untrusted input.

        [0;32m134[0m - [0;33msVar6 = recvfrom(param_1,&DAT_00415194,0x514,0,psVar8,&local_150);[0m

-----------------------------------------------------------------

[[0;32m+[0m][0;32m Identified source function: [0;33m/logs/s16_ghidra_decompile_checks/haruspex_ntpclient/FUN_004010e8_004010e8.c[0m[0m
[REF] /logs/s16_ghidra_decompile_checks/haruspex_ntpclient/FUN_004010e8_004010e8.c
        Semgrep rule: [0;33mexternal.semgrep-rules-0xdea.c.raptor-signed-unsigned-conversion[0m
        Issue description:
    The software uses a signed primitive and performs a cast to an unsigned primitive, or uses an unsigned primitive and performs a cast to a signed primitive, which can produce an unexpected value. When the result of a function is to be used as a size parameter, using negative return values can have unexpected results. Although less frequent an issue, unsigned-to-signed conversion can be  the precursor to buffer underwrite conditions. Buffer underwrites  occur frequently when large unsigned values are cast to signed values,  and then used as indexes into a buffer or for pointer arithmetic.

        [0;32m134[0m - [0;33msVar6 = recvfrom(param_1,&DAT_00415194,0x514,0,psVar8,&local_150);[0m

-----------------------------------------------------------------

[[0;32m+[0m][0;32m Identified source function: [0;33m/logs/s16_ghidra_decompile_checks/haruspex_ntpclient/main_00401e3c.c[0m[0m
[REF] /logs/s16_ghidra_decompile_checks/haruspex_ntpclient/main_00401e3c.c
        Semgrep rule: [0;33mexternal.semgrep-rules-0xdea.c.raptor-interesting-api-calls[0m
        Issue description:
    Locate all calls to interesting and potentially insecure API functions (candidate points). The auditor can backtrace from these candidate points to find pathways allowing access from untrusted input.

        [0;32m76[0m - [0;33miVar1 = getopt(param_1,param_2,"c:df:g:h:i:lp:q:rst6");[0m

-----------------------------------------------------------------

[[0;32m+[0m][0;32m Identified source function: [0;33m/logs/s16_ghidra_decompile_checks/haruspex_ntpclient/main_00401e3c.c[0m[0m
[REF] /logs/s16_ghidra_decompile_checks/haruspex_ntpclient/main_00401e3c.c
        Semgrep rule: [0;33mexternal.semgrep-rules-0xdea.c.raptor-format-string-bugs[0m
        Issue description:
    The software uses a function that accepts a format string as an argument, but the format string originates from an external source. This can lead  to buffer overflows, denial of service, or data representation problems.

        [0;32m96[0m - [0;33mprintf(local_60,iVar1);[0m

-----------------------------------------------------------------

[[0;32m+[0m][0;32m Identified source function: [0;33m/logs/s16_ghidra_decompile_checks/haruspex_ntpclient/main_00401e3c.c[0m[0m
[REF] /logs/s16_ghidra_decompile_checks/haruspex_ntpclient/main_00401e3c.c
        Semgrep rule: [0;33mexternal.semgrep-rules-0xdea.c.raptor-interesting-api-calls[0m
        Issue description:
    Locate all calls to interesting and potentially insecure API functions (candidate points). The auditor can backtrace from these candidate points to find pathways allowing access from untrusted input.

        [0;32m139[0m - [0;33mpcVar9 = fgets((char *)&local_cc,100,stdin);[0m

-----------------------------------------------------------------

[[0;32m+[0m][0;32m Identified source function: [0;33m/logs/s16_ghidra_decompile_checks/haruspex_ntpclient/main_00401e3c.c[0m[0m
[REF] /logs/s16_ghidra_decompile_checks/haruspex_ntpclient/main_00401e3c.c
        Semgrep rule: [0;33mexternal.semgrep-rules-0xdea.c.raptor-format-string-bugs[0m
        Issue description:
    The software uses a function that accepts a format string as an argument, but the format string originates from an external source. This can lead  to buffer overflows, denial of service, or data representation problems.

        [0;32m146[0m - [0;33mlocal_4c,local_48);[0m

-----------------------------------------------------------------

[[0;32m+[0m][0;32m Identified source function: [0;33m/logs/s16_ghidra_decompile_checks/haruspex_ntpclient/main_00401e3c.c[0m[0m
[REF] /logs/s16_ghidra_decompile_checks/haruspex_ntpclient/main_00401e3c.c
        Semgrep rule: [0;33mexternal.semgrep-rules-0xdea.c.raptor-insecure-api-scanf-etc[0m
        Issue description:
    A buffer overflow condition exists when a program attempts to put more data in a buffer than it can hold, or when a program attempts to put data in a memory area outside of the boundaries of a buffer.

        [0;32m146[0m - [0;33mlocal_4c,local_48);[0m

-----------------------------------------------------------------

[[0;32m+[0m][0;32m Identified source function: [0;33m/logs/s16_ghidra_decompile_checks/haruspex_ntpclient/main_00401e3c.c[0m[0m
[REF] /logs/s16_ghidra_decompile_checks/haruspex_ntpclient/main_00401e3c.c
        Semgrep rule: [0;33mexternal.semgrep-rules-0xdea.c.raptor-interesting-api-calls[0m
        Issue description:
    Locate all calls to interesting and potentially insecure API functions (candidate points). The auditor can backtrace from these candidate points to find pathways allowing access from untrusted input.

        [0;32m146[0m - [0;33mlocal_4c,local_48);[0m

-----------------------------------------------------------------

[[0;32m+[0m][0;32m Identified source function: [0;33m/logs/s16_ghidra_decompile_checks/haruspex_ntpclient/main_00401e3c.c[0m[0m
[REF] /logs/s16_ghidra_decompile_checks/haruspex_ntpclient/main_00401e3c.c
        Semgrep rule: [0;33mexternal.semgrep-rules-0xdea.c.raptor-format-string-bugs[0m
        Issue description:
    The software uses a function that accepts a format string as an argument, but the format string originates from an external source. This can lead  to buffer overflows, denial of service, or data representation problems.

        [0;32m155[0m - [0;33mprintf(local_30,iVar5,local_f0._0_4_,local_f0._4_4_,puVar13,(int)uVar10,local_108);[0m

-----------------------------------------------------------------

[[0;32m+[0m][0;32m Identified source function: [0;33m/logs/s16_ghidra_decompile_checks/haruspex_ntpclient/main_00401e3c.c[0m[0m
[REF] /logs/s16_ghidra_decompile_checks/haruspex_ntpclient/main_00401e3c.c
        Semgrep rule: [0;33mexternal.semgrep-rules-0xdea.c.raptor-format-string-bugs[0m
        Issue description:
    The software uses a function that accepts a format string as an argument, but the format string originates from an external source. This can lead  to buffer overflows, denial of service, or data representation problems.

        [0;32m171[0m - [0;33mprintf(local_2c);[0m

-----------------------------------------------------------------

[[0;32m+[0m][0;32m Identified source function: [0;33m/logs/s16_ghidra_decompile_checks/haruspex_ntpclient/main_00401e3c.c[0m[0m
[REF] /logs/s16_ghidra_decompile_checks/haruspex_ntpclient/main_00401e3c.c
        Semgrep rule: [0;33mexternal.semgrep-rules-0xdea.c.raptor-interesting-api-calls[0m
        Issue description:
    Locate all calls to interesting and potentially insecure API functions (candidate points). The auditor can backtrace from these candidate points to find pathways allowing access from untrusted input.

        [0;32m242[0m - [0;33mmemcpy(&local_128,*phVar3->h_addr_list,phVar3->h_length);[0m

-----------------------------------------------------------------

[[0;32m+[0m][0;32m Identified source function: [0;33m/logs/s16_ghidra_decompile_checks/haruspex_ntpclient/FUN_004010e8_004010e8.c[0m[0m
[REF] /logs/s16_ghidra_decompile_checks/haruspex_ntpclient/FUN_004010e8_004010e8.c
        Semgrep rule: [0;33mexternal.semgrep-rules-0xdea.c.raptor-interesting-api-calls[0m
        Issue description:
    Locate all calls to interesting and potentially insecure API functions (candidate points). The auditor can backtrace from these candidate points to find pathways allowing access from untrusted input.

        [0;32m134[0m - [0;33msVar6 = recvfrom(param_1,&DAT_00415194,0x514,0,psVar8,&local_150);[0m

-----------------------------------------------------------------

[[0;32m+[0m][0;32m Identified source function: [0;33m/logs/s16_ghidra_decompile_checks/haruspex_ntpclient/FUN_004010e8_004010e8.c[0m[0m
[REF] /logs/s16_ghidra_decompile_checks/haruspex_ntpclient/FUN_004010e8_004010e8.c
        Semgrep rule: [0;33mexternal.semgrep-rules-0xdea.c.raptor-signed-unsigned-conversion[0m
        Issue description:
    The software uses a signed primitive and performs a cast to an unsigned primitive, or uses an unsigned primitive and performs a cast to a signed primitive, which can produce an unexpected value. When the result of a function is to be used as a size parameter, using negative return values can have unexpected results. Although less frequent an issue, unsigned-to-signed conversion can be  the precursor to buffer underwrite conditions. Buffer underwrites  occur frequently when large unsigned values are cast to signed values,  and then used as indexes into a buffer or for pointer arithmetic.

        [0;32m134[0m - [0;33msVar6 = recvfrom(param_1,&DAT_00415194,0x514,0,psVar8,&local_150);[0m

-----------------------------------------------------------------

[[0;32m+[0m][0;32m Identified source function: [0;33m/logs/s16_ghidra_decompile_checks/haruspex_ntpclient/contemplate_data_00402ed0.c[0m[0m
[REF] /logs/s16_ghidra_decompile_checks/haruspex_ntpclient/contemplate_data_00402ed0.c
        Semgrep rule: [0;33mexternal.semgrep-rules-0xdea.c.raptor-format-string-bugs[0m
        Issue description:
    The software uses a function that accepts a format string as an argument, but the format string originates from an external source. This can lead  to buffer overflows, denial of service, or data representation problems.

        [0;32m103[0m - [0;33m*(undefined4 *)(&DAT_004156e4 + iVar18));[0m

-----------------------------------------------------------------

[[0;32m+[0m][0;32m Identified source function: [0;33m/logs/s16_ghidra_decompile_checks/haruspex_ntpclient/main_00401e3c.c[0m[0m
[REF] /logs/s16_ghidra_decompile_checks/haruspex_ntpclient/main_00401e3c.c
        Semgrep rule: [0;33mexternal.semgrep-rules-0xdea.c.raptor-interesting-api-calls[0m
        Issue description:
    Locate all calls to interesting and potentially insecure API functions (candidate points). The auditor can backtrace from these candidate points to find pathways allowing access from untrusted input.

        [0;32m76[0m - [0;33miVar1 = getopt(param_1,param_2,"c:df:g:h:i:lp:q:rst6");[0m

-----------------------------------------------------------------

[[0;32m+[0m][0;32m Identified source function: [0;33m/logs/s16_ghidra_decompile_checks/haruspex_ntpclient/main_00401e3c.c[0m[0m
[REF] /logs/s16_ghidra_decompile_checks/haruspex_ntpclient/main_00401e3c.c
        Semgrep rule: [0;33mexternal.semgrep-rules-0xdea.c.raptor-format-string-bugs[0m
        Issue description:
    The software uses a function that accepts a format string as an argument, but the format string originates from an external source. This can lead  to buffer overflows, denial of service, or data representation problems.

        [0;32m96[0m - [0;33mprintf(local_60,iVar1);[0m

-----------------------------------------------------------------

[[0;32m+[0m][0;32m Identified source function: [0;33m/logs/s16_ghidra_decompile_checks/haruspex_ntpclient/main_00401e3c.c[0m[0m
[REF] /logs/s16_ghidra_decompile_checks/haruspex_ntpclient/main_00401e3c.c
        Semgrep rule: [0;33mexternal.semgrep-rules-0xdea.c.raptor-interesting-api-calls[0m
        Issue description:
    Locate all calls to interesting and potentially insecure API functions (candidate points). The auditor can backtrace from these candidate points to find pathways allowing access from untrusted input.

        [0;32m139[0m - [0;33mpcVar9 = fgets((char *)&local_cc,100,stdin);[0m

-----------------------------------------------------------------

[[0;32m+[0m][0;32m Identified source function: [0;33m/logs/s16_ghidra_decompile_checks/haruspex_ntpclient/main_00401e3c.c[0m[0m
[REF] /logs/s16_ghidra_decompile_checks/haruspex_ntpclient/main_00401e3c.c
        Semgrep rule: [0;33mexternal.semgrep-rules-0xdea.c.raptor-format-string-bugs[0m
        Issue description:
    The software uses a function that accepts a format string as an argument, but the format string originates from an external source. This can lead  to buffer overflows, denial of service, or data representation problems.

        [0;32m146[0m - [0;33mlocal_4c,local_48);[0m

-----------------------------------------------------------------

[[0;32m+[0m][0;32m Identified source function: [0;33m/logs/s16_ghidra_decompile_checks/haruspex_ntpclient/main_00401e3c.c[0m[0m
[REF] /logs/s16_ghidra_decompile_checks/haruspex_ntpclient/main_00401e3c.c
        Semgrep rule: [0;33mexternal.semgrep-rules-0xdea.c.raptor-insecure-api-scanf-etc[0m
        Issue description:
    A buffer overflow condition exists when a program attempts to put more data in a buffer than it can hold, or when a program attempts to put data in a memory area outside of the boundaries of a buffer.

        [0;32m146[0m - [0;33mlocal_4c,local_48);[0m

-----------------------------------------------------------------

[[0;32m+[0m][0;32m Identified source function: [0;33m/logs/s16_ghidra_decompile_checks/haruspex_ntpclient/main_00401e3c.c[0m[0m
[REF] /logs/s16_ghidra_decompile_checks/haruspex_ntpclient/main_00401e3c.c
        Semgrep rule: [0;33mexternal.semgrep-rules-0xdea.c.raptor-interesting-api-calls[0m
        Issue description:
    Locate all calls to interesting and potentially insecure API functions (candidate points). The auditor can backtrace from these candidate points to find pathways allowing access from untrusted input.

        [0;32m146[0m - [0;33mlocal_4c,local_48);[0m

-----------------------------------------------------------------

[[0;32m+[0m][0;32m Identified source function: [0;33m/logs/s16_ghidra_decompile_checks/haruspex_ntpclient/main_00401e3c.c[0m[0m
[REF] /logs/s16_ghidra_decompile_checks/haruspex_ntpclient/main_00401e3c.c
        Semgrep rule: [0;33mexternal.semgrep-rules-0xdea.c.raptor-format-string-bugs[0m
        Issue description:
    The software uses a function that accepts a format string as an argument, but the format string originates from an external source. This can lead  to buffer overflows, denial of service, or data representation problems.

        [0;32m155[0m - [0;33mprintf(local_30,iVar5,local_f0._0_4_,local_f0._4_4_,puVar13,(int)uVar10,local_108);[0m

-----------------------------------------------------------------

[[0;32m+[0m][0;32m Identified source function: [0;33m/logs/s16_ghidra_decompile_checks/haruspex_ntpclient/main_00401e3c.c[0m[0m
[REF] /logs/s16_ghidra_decompile_checks/haruspex_ntpclient/main_00401e3c.c
        Semgrep rule: [0;33mexternal.semgrep-rules-0xdea.c.raptor-format-string-bugs[0m
        Issue description:
    The software uses a function that accepts a format string as an argument, but the format string originates from an external source. This can lead  to buffer overflows, denial of service, or data representation problems.

        [0;32m171[0m - [0;33mprintf(local_2c);[0m

-----------------------------------------------------------------

[[0;32m+[0m][0;32m Identified source function: [0;33m/logs/s16_ghidra_decompile_checks/haruspex_ntpclient/main_00401e3c.c[0m[0m
[REF] /logs/s16_ghidra_decompile_checks/haruspex_ntpclient/main_00401e3c.c
        Semgrep rule: [0;33mexternal.semgrep-rules-0xdea.c.raptor-interesting-api-calls[0m
        Issue description:
    Locate all calls to interesting and potentially insecure API functions (candidate points). The auditor can backtrace from these candidate points to find pathways allowing access from untrusted input.

        [0;32m242[0m - [0;33mmemcpy(&local_128,*phVar3->h_addr_list,phVar3->h_length);[0m

-----------------------------------------------------------------

