

[[0;33m*[0m] Binary protection state of [0;33mhw_nat[0m

  	RELRO          CANARY            NX           PIE          RPATH        RUNPATH      SYMBOLS      
  	[31mNo RELRO[0m       [31mNo Canary found[0m   [31mNX disabled[0m  [31mNo PIE[0m       [32mNo RPATH[0m     [32mNo RUNPATH[0m   [31mSymbols[0m


-----------------------------------------------------------------

[[0;32m+[0m][0;32m Identified source function: [0;33m/logs/s16_ghidra_decompile_checks/haruspex_hw_nat/HwNatAddEntry_00405ef8.c[0m[0m
[REF] /logs/s16_ghidra_decompile_checks/haruspex_hw_nat/HwNatAddEntry_00405ef8.c
        Semgrep rule: [0;33mexternal.semgrep-rules-0xdea.c.raptor-interesting-api-calls[0m
        Issue description:
    Locate all calls to interesting and potentially insecure API functions (candidate points). The auditor can backtrace from these candidate points to find pathways allowing access from untrusted input.

        [0;32m10[0m - [0;33m__fd = open("/dev/hwnat0",0,param_3,param_4,&_gp);[0m

-----------------------------------------------------------------

[[0;32m+[0m][0;32m Identified source function: [0;33m/logs/s16_ghidra_decompile_checks/haruspex_hw_nat/HwNatDelEntry_00405dbc.c[0m[0m
[REF] /logs/s16_ghidra_decompile_checks/haruspex_hw_nat/HwNatDelEntry_00405dbc.c
        Semgrep rule: [0;33mexternal.semgrep-rules-0xdea.c.raptor-interesting-api-calls[0m
        Issue description:
    Locate all calls to interesting and potentially insecure API functions (candidate points). The auditor can backtrace from these candidate points to find pathways allowing access from untrusted input.

        [0;32m10[0m - [0;33m__fd = open("/dev/hwnat0",0,param_3,param_4,&_gp);[0m

-----------------------------------------------------------------

[[0;32m+[0m][0;32m Identified source function: [0;33m/logs/s16_ghidra_decompile_checks/haruspex_hw_nat/HwNatDumpDport_00405c80.c[0m[0m
[REF] /logs/s16_ghidra_decompile_checks/haruspex_hw_nat/HwNatDumpDport_00405c80.c
        Semgrep rule: [0;33mexternal.semgrep-rules-0xdea.c.raptor-interesting-api-calls[0m
        Issue description:
    Locate all calls to interesting and potentially insecure API functions (candidate points). The auditor can backtrace from these candidate points to find pathways allowing access from untrusted input.

        [0;32m11[0m - [0;33m__fd = open("/dev/hwnat0",0,param_3,param_4,&_gp);[0m

-----------------------------------------------------------------

[[0;32m+[0m][0;32m Identified source function: [0;33m/logs/s16_ghidra_decompile_checks/haruspex_hw_nat/HwNatTblClear_00406034.c[0m[0m
[REF] /logs/s16_ghidra_decompile_checks/haruspex_hw_nat/HwNatTblClear_00406034.c
        Semgrep rule: [0;33mexternal.semgrep-rules-0xdea.c.raptor-interesting-api-calls[0m
        Issue description:
    Locate all calls to interesting and potentially insecure API functions (candidate points). The auditor can backtrace from these candidate points to find pathways allowing access from untrusted input.

        [0;32m11[0m - [0;33m__fd = open("/dev/hwnat0",0,param_3,param_4,&_gp);[0m

-----------------------------------------------------------------

[[0;32m+[0m][0;32m Identified source function: [0;33m/logs/s16_ghidra_decompile_checks/haruspex_hw_nat/HwNatDumpEntry_00406170.c[0m[0m
[REF] /logs/s16_ghidra_decompile_checks/haruspex_hw_nat/HwNatDumpEntry_00406170.c
        Semgrep rule: [0;33mexternal.semgrep-rules-0xdea.c.raptor-interesting-api-calls[0m
        Issue description:
    Locate all calls to interesting and potentially insecure API functions (candidate points). The auditor can backtrace from these candidate points to find pathways allowing access from untrusted input.

        [0;32m13[0m - [0;33m__fd = open("/dev/hwnat0",0,param_3,param_4,&_gp);[0m

-----------------------------------------------------------------

[[0;32m+[0m][0;32m Identified source function: [0;33m/logs/s16_ghidra_decompile_checks/haruspex_hw_nat/HwNatBindEntry_004062c0.c[0m[0m
[REF] /logs/s16_ghidra_decompile_checks/haruspex_hw_nat/HwNatBindEntry_004062c0.c
        Semgrep rule: [0;33mexternal.semgrep-rules-0xdea.c.raptor-interesting-api-calls[0m
        Issue description:
    Locate all calls to interesting and potentially insecure API functions (candidate points). The auditor can backtrace from these candidate points to find pathways allowing access from untrusted input.

        [0;32m13[0m - [0;33m__fd = open("/dev/hwnat0",0,param_3,param_4,&_gp);[0m

-----------------------------------------------------------------

[[0;32m+[0m][0;32m Identified source function: [0;33m/logs/s16_ghidra_decompile_checks/haruspex_hw_nat/HwNatUnBindEntry_00406410.c[0m[0m
[REF] /logs/s16_ghidra_decompile_checks/haruspex_hw_nat/HwNatUnBindEntry_00406410.c
        Semgrep rule: [0;33mexternal.semgrep-rules-0xdea.c.raptor-interesting-api-calls[0m
        Issue description:
    Locate all calls to interesting and potentially insecure API functions (candidate points). The auditor can backtrace from these candidate points to find pathways allowing access from untrusted input.

        [0;32m13[0m - [0;33m__fd = open("/dev/hwnat0",0,param_3,param_4,&_gp);[0m

-----------------------------------------------------------------

[[0;32m+[0m][0;32m Identified source function: [0;33m/logs/s16_ghidra_decompile_checks/haruspex_hw_nat/HwNatDropEntry_00406560.c[0m[0m
[REF] /logs/s16_ghidra_decompile_checks/haruspex_hw_nat/HwNatDropEntry_00406560.c
        Semgrep rule: [0;33mexternal.semgrep-rules-0xdea.c.raptor-interesting-api-calls[0m
        Issue description:
    Locate all calls to interesting and potentially insecure API functions (candidate points). The auditor can backtrace from these candidate points to find pathways allowing access from untrusted input.

        [0;32m13[0m - [0;33m__fd = open("/dev/hwnat0",0,param_3,param_4,&_gp);[0m

-----------------------------------------------------------------

[[0;32m+[0m][0;32m Identified source function: [0;33m/logs/s16_ghidra_decompile_checks/haruspex_hw_nat/HwNatInvalidEntry_004066b0.c[0m[0m
[REF] /logs/s16_ghidra_decompile_checks/haruspex_hw_nat/HwNatInvalidEntry_004066b0.c
        Semgrep rule: [0;33mexternal.semgrep-rules-0xdea.c.raptor-interesting-api-calls[0m
        Issue description:
    Locate all calls to interesting and potentially insecure API functions (candidate points). The auditor can backtrace from these candidate points to find pathways allowing access from untrusted input.

        [0;32m13[0m - [0;33m__fd = open("/dev/hwnat0",0,param_3,param_4,&_gp);[0m

-----------------------------------------------------------------

[[0;32m+[0m][0;32m Identified source function: [0;33m/logs/s16_ghidra_decompile_checks/haruspex_hw_nat/HwNatCacheDumpEntry_00406800.c[0m[0m
[REF] /logs/s16_ghidra_decompile_checks/haruspex_hw_nat/HwNatCacheDumpEntry_00406800.c
        Semgrep rule: [0;33mexternal.semgrep-rules-0xdea.c.raptor-interesting-api-calls[0m
        Issue description:
    Locate all calls to interesting and potentially insecure API functions (candidate points). The auditor can backtrace from these candidate points to find pathways allowing access from untrusted input.

        [0;32m11[0m - [0;33m__fd = open("/dev/hwnat0",0,param_3,param_4,&_gp);[0m

-----------------------------------------------------------------

[[0;32m+[0m][0;32m Identified source function: [0;33m/logs/s16_ghidra_decompile_checks/haruspex_hw_nat/TFStats_get_00406a78.c[0m[0m
[REF] /logs/s16_ghidra_decompile_checks/haruspex_hw_nat/TFStats_get_00406a78.c
        Semgrep rule: [0;33mexternal.semgrep-rules-0xdea.c.raptor-interesting-api-calls[0m
        Issue description:
    Locate all calls to interesting and potentially insecure API functions (candidate points). The auditor can backtrace from these candidate points to find pathways allowing access from untrusted input.

        [0;32m9[0m - [0;33m__fd = open("/dev/hwnat0",0,param_3,param_4,&_gp);[0m

-----------------------------------------------------------------

[[0;32m+[0m][0;32m Identified source function: [0;33m/logs/s16_ghidra_decompile_checks/haruspex_hw_nat/HwNatGetAGCnt_0040693c.c[0m[0m
[REF] /logs/s16_ghidra_decompile_checks/haruspex_hw_nat/HwNatGetAGCnt_0040693c.c
        Semgrep rule: [0;33mexternal.semgrep-rules-0xdea.c.raptor-interesting-api-calls[0m
        Issue description:
    Locate all calls to interesting and potentially insecure API functions (candidate points). The auditor can backtrace from these candidate points to find pathways allowing access from untrusted input.

        [0;32m10[0m - [0;33m__fd = open("/dev/hwnat0",0,param_3,param_4,&_gp);[0m

-----------------------------------------------------------------

[[0;32m+[0m][0;32m Identified source function: [0;33m/logs/s16_ghidra_decompile_checks/haruspex_hw_nat/TFStats_clear_all_00406c28.c[0m[0m
[REF] /logs/s16_ghidra_decompile_checks/haruspex_hw_nat/TFStats_clear_all_00406c28.c
        Semgrep rule: [0;33mexternal.semgrep-rules-0xdea.c.raptor-interesting-api-calls[0m
        Issue description:
    Locate all calls to interesting and potentially insecure API functions (candidate points). The auditor can backtrace from these candidate points to find pathways allowing access from untrusted input.

        [0;32m9[0m - [0;33m__fd = open("/dev/hwnat0",0,param_3,param_4,&_gp);[0m

-----------------------------------------------------------------

[[0;32m+[0m][0;32m Identified source function: [0;33m/logs/s16_ghidra_decompile_checks/haruspex_hw_nat/TFStats_get_all_00406dd8.c[0m[0m
[REF] /logs/s16_ghidra_decompile_checks/haruspex_hw_nat/TFStats_get_all_00406dd8.c
        Semgrep rule: [0;33mexternal.semgrep-rules-0xdea.c.raptor-interesting-api-calls[0m
        Issue description:
    Locate all calls to interesting and potentially insecure API functions (candidate points). The auditor can backtrace from these candidate points to find pathways allowing access from untrusted input.

        [0;32m11[0m - [0;33m__fd = open("/dev/hwnat0",0);[0m

-----------------------------------------------------------------

[[0;32m+[0m][0;32m Identified source function: [0;33m/logs/s16_ghidra_decompile_checks/haruspex_hw_nat/HwNatSetBindThreshold_0040734c.c[0m[0m
[REF] /logs/s16_ghidra_decompile_checks/haruspex_hw_nat/HwNatSetBindThreshold_0040734c.c
        Semgrep rule: [0;33mexternal.semgrep-rules-0xdea.c.raptor-interesting-api-calls[0m
        Issue description:
    Locate all calls to interesting and potentially insecure API functions (candidate points). The auditor can backtrace from these candidate points to find pathways allowing access from untrusted input.

        [0;32m10[0m - [0;33m__fd = open("/dev/hwnat0",0,param_3,param_4,&_gp);[0m

-----------------------------------------------------------------

[[0;32m+[0m][0;32m Identified source function: [0;33m/logs/s16_ghidra_decompile_checks/haruspex_hw_nat/HwNatSetMaxEntryRateLimit_00407488.c[0m[0m
[REF] /logs/s16_ghidra_decompile_checks/haruspex_hw_nat/HwNatSetMaxEntryRateLimit_00407488.c
        Semgrep rule: [0;33mexternal.semgrep-rules-0xdea.c.raptor-interesting-api-calls[0m
        Issue description:
    Locate all calls to interesting and potentially insecure API functions (candidate points). The auditor can backtrace from these candidate points to find pathways allowing access from untrusted input.

        [0;32m11[0m - [0;33m__fd = open("/dev/hwnat0",0,param_3,param_4,&_gp);[0m

-----------------------------------------------------------------

[[0;32m+[0m][0;32m Identified source function: [0;33m/logs/s16_ghidra_decompile_checks/haruspex_hw_nat/HwNatSetRuleSize_004075c4.c[0m[0m
[REF] /logs/s16_ghidra_decompile_checks/haruspex_hw_nat/HwNatSetRuleSize_004075c4.c
        Semgrep rule: [0;33mexternal.semgrep-rules-0xdea.c.raptor-interesting-api-calls[0m
        Issue description:
    Locate all calls to interesting and potentially insecure API functions (candidate points). The auditor can backtrace from these candidate points to find pathways allowing access from untrusted input.

        [0;32m10[0m - [0;33m__fd = open("/dev/hwnat0",0,param_3,param_4,&_gp);[0m

-----------------------------------------------------------------

[[0;32m+[0m][0;32m Identified source function: [0;33m/logs/s16_ghidra_decompile_checks/haruspex_hw_nat/HwNatSetKaInterval_00407700.c[0m[0m
[REF] /logs/s16_ghidra_decompile_checks/haruspex_hw_nat/HwNatSetKaInterval_00407700.c
        Semgrep rule: [0;33mexternal.semgrep-rules-0xdea.c.raptor-interesting-api-calls[0m
        Issue description:
    Locate all calls to interesting and potentially insecure API functions (candidate points). The auditor can backtrace from these candidate points to find pathways allowing access from untrusted input.

        [0;32m10[0m - [0;33m__fd = open("/dev/hwnat0",0,param_3,param_4,&_gp);[0m

-----------------------------------------------------------------

[[0;32m+[0m][0;32m Identified source function: [0;33m/logs/s16_ghidra_decompile_checks/haruspex_hw_nat/HwNatSetUnbindLifeTime_0040783c.c[0m[0m
[REF] /logs/s16_ghidra_decompile_checks/haruspex_hw_nat/HwNatSetUnbindLifeTime_0040783c.c
        Semgrep rule: [0;33mexternal.semgrep-rules-0xdea.c.raptor-interesting-api-calls[0m
        Issue description:
    Locate all calls to interesting and potentially insecure API functions (candidate points). The auditor can backtrace from these candidate points to find pathways allowing access from untrusted input.

        [0;32m10[0m - [0;33m__fd = open("/dev/hwnat0",0,param_3,param_4,&_gp);[0m

-----------------------------------------------------------------

[[0;32m+[0m][0;32m Identified source function: [0;33m/logs/s16_ghidra_decompile_checks/haruspex_hw_nat/HwNatSetBindLifeTime_00407978.c[0m[0m
[REF] /logs/s16_ghidra_decompile_checks/haruspex_hw_nat/HwNatSetBindLifeTime_00407978.c
        Semgrep rule: [0;33mexternal.semgrep-rules-0xdea.c.raptor-interesting-api-calls[0m
        Issue description:
    Locate all calls to interesting and potentially insecure API functions (candidate points). The auditor can backtrace from these candidate points to find pathways allowing access from untrusted input.

        [0;32m10[0m - [0;33m__fd = open("/dev/hwnat0",0,param_3,param_4,&_gp);[0m

-----------------------------------------------------------------

[[0;32m+[0m][0;32m Identified source function: [0;33m/logs/s16_ghidra_decompile_checks/haruspex_hw_nat/HwNatSetVID_00407ab4.c[0m[0m
[REF] /logs/s16_ghidra_decompile_checks/haruspex_hw_nat/HwNatSetVID_00407ab4.c
        Semgrep rule: [0;33mexternal.semgrep-rules-0xdea.c.raptor-interesting-api-calls[0m
        Issue description:
    Locate all calls to interesting and potentially insecure API functions (candidate points). The auditor can backtrace from these candidate points to find pathways allowing access from untrusted input.

        [0;32m9[0m - [0;33m__fd = open("/dev/hwnat0",0,param_3,param_4,&_gp);[0m

-----------------------------------------------------------------

[[0;32m+[0m][0;32m Identified source function: [0;33m/logs/s16_ghidra_decompile_checks/haruspex_hw_nat/HwNatSetBindDir_00407bf0.c[0m[0m
[REF] /logs/s16_ghidra_decompile_checks/haruspex_hw_nat/HwNatSetBindDir_00407bf0.c
        Semgrep rule: [0;33mexternal.semgrep-rules-0xdea.c.raptor-interesting-api-calls[0m
        Issue description:
    Locate all calls to interesting and potentially insecure API functions (candidate points). The auditor can backtrace from these candidate points to find pathways allowing access from untrusted input.

        [0;32m10[0m - [0;33m__fd = open("/dev/hwnat0",0,param_3,param_4,&_gp);[0m

-----------------------------------------------------------------

[[0;32m+[0m][0;32m Identified source function: [0;33m/logs/s16_ghidra_decompile_checks/haruspex_hw_nat/HwNatGetAllEntries_00407d2c.c[0m[0m
[REF] /logs/s16_ghidra_decompile_checks/haruspex_hw_nat/HwNatGetAllEntries_00407d2c.c
        Semgrep rule: [0;33mexternal.semgrep-rules-0xdea.c.raptor-interesting-api-calls[0m
        Issue description:
    Locate all calls to interesting and potentially insecure API functions (candidate points). The auditor can backtrace from these candidate points to find pathways allowing access from untrusted input.

        [0;32m10[0m - [0;33m__fd = open("/dev/hwnat0",0,param_3,param_4,&_gp);[0m

-----------------------------------------------------------------

[[0;32m+[0m][0;32m Identified source function: [0;33m/logs/s16_ghidra_decompile_checks/haruspex_hw_nat/HwNatDebug_00407e6c.c[0m[0m
[REF] /logs/s16_ghidra_decompile_checks/haruspex_hw_nat/HwNatDebug_00407e6c.c
        Semgrep rule: [0;33mexternal.semgrep-rules-0xdea.c.raptor-interesting-api-calls[0m
        Issue description:
    Locate all calls to interesting and potentially insecure API functions (candidate points). The auditor can backtrace from these candidate points to find pathways allowing access from untrusted input.

        [0;32m11[0m - [0;33m__fd = open("/dev/hwnat0",0,param_3,param_4,&_gp);[0m

-----------------------------------------------------------------

[[0;32m+[0m][0;32m Identified source function: [0;33m/logs/s16_ghidra_decompile_checks/haruspex_hw_nat/HwNatSwitchDsliteMape_00407fd8.c[0m[0m
[REF] /logs/s16_ghidra_decompile_checks/haruspex_hw_nat/HwNatSwitchDsliteMape_00407fd8.c
        Semgrep rule: [0;33mexternal.semgrep-rules-0xdea.c.raptor-interesting-api-calls[0m
        Issue description:
    Locate all calls to interesting and potentially insecure API functions (candidate points). The auditor can backtrace from these candidate points to find pathways allowing access from untrusted input.

        [0;32m11[0m - [0;33m__fd = open("/dev/hwnat0",0,param_3,param_4,&_gp);[0m

-----------------------------------------------------------------

[[0;32m+[0m][0;32m Identified source function: [0;33m/logs/s16_ghidra_decompile_checks/haruspex_hw_nat/getnext_00408180.c[0m[0m
[REF] /logs/s16_ghidra_decompile_checks/haruspex_hw_nat/getnext_00408180.c
        Semgrep rule: [0;33mexternal.semgrep-rules-0xdea.c.raptor-insecure-api-strcpy-stpcpy-strcat[0m
        Issue description:
    A buffer overflow condition exists when a program attempts to put more data in a buffer than it can hold, or when a program attempts to put data in a memory area outside of the boundaries of a buffer.

        [0;32m15[0m - [0;33mstrcpy(param_3,param_1);[0m

-----------------------------------------------------------------

[[0;32m+[0m][0;32m Identified source function: [0;33m/logs/s16_ghidra_decompile_checks/haruspex_hw_nat/getnext_00408180.c[0m[0m
[REF] /logs/s16_ghidra_decompile_checks/haruspex_hw_nat/getnext_00408180.c
        Semgrep rule: [0;33mexternal.semgrep-rules-0xdea.c.raptor-interesting-api-calls[0m
        Issue description:
    Locate all calls to interesting and potentially insecure API functions (candidate points). The auditor can backtrace from these candidate points to find pathways allowing access from untrusted input.

        [0;32m15[0m - [0;33mstrcpy(param_3,param_1);[0m

-----------------------------------------------------------------

[[0;32m+[0m][0;32m Identified source function: [0;33m/logs/s16_ghidra_decompile_checks/haruspex_hw_nat/getnext_00408180.c[0m[0m
[REF] /logs/s16_ghidra_decompile_checks/haruspex_hw_nat/getnext_00408180.c
        Semgrep rule: [0;33mexternal.semgrep-rules-0xdea.c.raptor-signed-unsigned-conversion[0m
        Issue description:
    The software uses a signed primitive and performs a cast to an unsigned primitive, or uses an unsigned primitive and performs a cast to a signed primitive, which can produce an unexpected value. When the result of a function is to be used as a size parameter, using negative return values can have unexpected results. Although less frequent an issue, unsigned-to-signed conversion can be  the precursor to buffer underwrite conditions. Buffer underwrites  occur frequently when large unsigned values are cast to signed values,  and then used as indexes into a buffer or for pointer arithmetic.

        [0;32m19[0m - [0;33m__n = (int)pcVar2 - (int)param_1;[0m

-----------------------------------------------------------------

[[0;32m+[0m][0;32m Identified source function: [0;33m/logs/s16_ghidra_decompile_checks/haruspex_hw_nat/getnext_00408180.c[0m[0m
[REF] /logs/s16_ghidra_decompile_checks/haruspex_hw_nat/getnext_00408180.c
        Semgrep rule: [0;33mexternal.semgrep-rules-0xdea.c.raptor-pointer-subtraction[0m
        Issue description:
    The software subtracts one pointer from another in order to determine size, but this calculation can be incorrect if the pointers do not exist in the same memory chunk.

        [0;32m19[0m - [0;33m__n = (int)pcVar2 - (int)param_1;[0m

-----------------------------------------------------------------

[[0;32m+[0m][0;32m Identified source function: [0;33m/logs/s16_ghidra_decompile_checks/haruspex_hw_nat/getnext_00408180.c[0m[0m
[REF] /logs/s16_ghidra_decompile_checks/haruspex_hw_nat/getnext_00408180.c
        Semgrep rule: [0;33mexternal.semgrep-rules-0xdea.c.raptor-interesting-api-calls[0m
        Issue description:
    Locate all calls to interesting and potentially insecure API functions (candidate points). The auditor can backtrace from these candidate points to find pathways allowing access from untrusted input.

        [0;32m20[0m - [0;33mstrncpy(param_3,param_1,__n);[0m

-----------------------------------------------------------------

[[0;32m+[0m][0;32m Identified source function: [0;33m/logs/s16_ghidra_decompile_checks/haruspex_hw_nat/getnext_00408180.c[0m[0m
[REF] /logs/s16_ghidra_decompile_checks/haruspex_hw_nat/getnext_00408180.c
        Semgrep rule: [0;33mexternal.semgrep-rules-0xdea.c.raptor-signed-unsigned-conversion[0m
        Issue description:
    The software uses a signed primitive and performs a cast to an unsigned primitive, or uses an unsigned primitive and performs a cast to a signed primitive, which can produce an unexpected value. When the result of a function is to be used as a size parameter, using negative return values can have unexpected results. Although less frequent an issue, unsigned-to-signed conversion can be  the precursor to buffer underwrite conditions. Buffer underwrites  occur frequently when large unsigned values are cast to signed values,  and then used as indexes into a buffer or for pointer arithmetic.

        [0;32m22[0m - [0;33miVar1 = __n + 1;[0m

-----------------------------------------------------------------

[[0;32m+[0m][0;32m Identified source function: [0;33m/logs/s16_ghidra_decompile_checks/haruspex_hw_nat/main_00401234.c[0m[0m
[REF] /logs/s16_ghidra_decompile_checks/haruspex_hw_nat/main_00401234.c
        Semgrep rule: [0;33mexternal.semgrep-rules-0xdea.c.raptor-interesting-api-calls[0m
        Issue description:
    Locate all calls to interesting and potentially insecure API functions (candidate points). The auditor can backtrace from these candidate points to find pathways allowing access from untrusted input.

        [0;32m78[0m - [0;33m,0x6a);[0m

-----------------------------------------------------------------

[[0;32m+[0m][0;32m Identified source function: [0;33m/logs/s16_ghidra_decompile_checks/haruspex_hw_nat/main_00401234.c[0m[0m
[REF] /logs/s16_ghidra_decompile_checks/haruspex_hw_nat/main_00401234.c
        Semgrep rule: [0;33mexternal.semgrep-rules-0xdea.c.raptor-signed-unsigned-conversion[0m
        Issue description:
    The software uses a signed primitive and performs a cast to an unsigned primitive, or uses an unsigned primitive and performs a cast to a signed primitive, which can produce an unexpected value. When the result of a function is to be used as a size parameter, using negative return values can have unexpected results. Although less frequent an issue, unsigned-to-signed conversion can be  the precursor to buffer underwrite conditions. Buffer underwrites  occur frequently when large unsigned values are cast to signed values,  and then used as indexes into a buffer or for pointer arithmetic.

        [0;32m78[0m - [0;33m,0x6a);[0m

-----------------------------------------------------------------

[[0;32m+[0m][0;32m Identified source function: [0;33m/logs/s16_ghidra_decompile_checks/haruspex_hw_nat/main_00401234.c[0m[0m
[REF] /logs/s16_ghidra_decompile_checks/haruspex_hw_nat/main_00401234.c
        Semgrep rule: [0;33mexternal.semgrep-rules-0xdea.c.raptor-interesting-api-calls[0m
        Issue description:
    Locate all calls to interesting and potentially insecure API functions (candidate points). The auditor can backtrace from these candidate points to find pathways allowing access from untrusted input.

        [0;32m82[0m - [0;33m__fd = open("/dev/hwnat0",0);[0m

-----------------------------------------------------------------

[[0;32m+[0m][0;32m Identified source function: [0;33m/logs/s16_ghidra_decompile_checks/haruspex_hw_nat/main_00401234.c[0m[0m
[REF] /logs/s16_ghidra_decompile_checks/haruspex_hw_nat/main_00401234.c
        Semgrep rule: [0;33mexternal.semgrep-rules-0xdea.c.raptor-interesting-api-calls[0m
        Issue description:
    Locate all calls to interesting and potentially insecure API functions (candidate points). The auditor can backtrace from these candidate points to find pathways allowing access from untrusted input.

        [0;32m91[0m - [0;33m__ptr = (uint *)malloc(0x28000c);[0m

-----------------------------------------------------------------

[[0;32m+[0m][0;32m Identified source function: [0;33m/logs/s16_ghidra_decompile_checks/haruspex_hw_nat/main_00401234.c[0m[0m
[REF] /logs/s16_ghidra_decompile_checks/haruspex_hw_nat/main_00401234.c
        Semgrep rule: [0;33mexternal.semgrep-rules-0xdea.c.raptor-signed-unsigned-conversion[0m
        Issue description:
    The software uses a signed primitive and performs a cast to an unsigned primitive, or uses an unsigned primitive and performs a cast to a signed primitive, which can produce an unexpected value. When the result of a function is to be used as a size parameter, using negative return values can have unexpected results. Although less frequent an issue, unsigned-to-signed conversion can be  the precursor to buffer underwrite conditions. Buffer underwrites  occur frequently when large unsigned values are cast to signed values,  and then used as indexes into a buffer or for pointer arithmetic.

        [0;32m91[0m - [0;33m__ptr = (uint *)malloc(0x28000c);[0m

-----------------------------------------------------------------

[[0;32m+[0m][0;32m Identified source function: [0;33m/logs/s16_ghidra_decompile_checks/haruspex_hw_nat/main_00401234.c[0m[0m
[REF] /logs/s16_ghidra_decompile_checks/haruspex_hw_nat/main_00401234.c
        Semgrep rule: [0;33mexternal.semgrep-rules-0xdea.c.raptor-interesting-api-calls[0m
        Issue description:
    Locate all calls to interesting and potentially insecure API functions (candidate points). The auditor can backtrace from these candidate points to find pathways allowing access from untrusted input.

        [0;32m97[0m - [0;33mwhile (iVar1 = getopt(param_1,param_2,acStack_1c0), iVar1 != -1) {[0m

-----------------------------------------------------------------

[[0;32m+[0m][0;32m Identified source function: [0;33m/logs/s16_ghidra_decompile_checks/haruspex_hw_nat/main_00401234.c[0m[0m
[REF] /logs/s16_ghidra_decompile_checks/haruspex_hw_nat/main_00401234.c
        Semgrep rule: [0;33mexternal.semgrep-rules-0xdea.c.raptor-interesting-api-calls[0m
        Issue description:
    Locate all calls to interesting and potentially insecure API functions (candidate points). The auditor can backtrace from these candidate points to find pathways allowing access from untrusted input.

        [0;32m142[0m - [0;33mlocal_1d4 = malloc(0x7058);[0m

-----------------------------------------------------------------

[[0;32m+[0m][0;32m Identified source function: [0;33m/logs/s16_ghidra_decompile_checks/haruspex_hw_nat/main_00401234.c[0m[0m
[REF] /logs/s16_ghidra_decompile_checks/haruspex_hw_nat/main_00401234.c
        Semgrep rule: [0;33mexternal.semgrep-rules-0xdea.c.raptor-signed-unsigned-conversion[0m
        Issue description:
    The software uses a signed primitive and performs a cast to an unsigned primitive, or uses an unsigned primitive and performs a cast to a signed primitive, which can produce an unexpected value. When the result of a function is to be used as a size parameter, using negative return values can have unexpected results. Although less frequent an issue, unsigned-to-signed conversion can be  the precursor to buffer underwrite conditions. Buffer underwrites  occur frequently when large unsigned values are cast to signed values,  and then used as indexes into a buffer or for pointer arithmetic.

        [0;32m142[0m - [0;33mlocal_1d4 = malloc(0x7058);[0m

-----------------------------------------------------------------

[[0;32m+[0m][0;32m Identified source function: [0;33m/logs/s16_ghidra_decompile_checks/haruspex_hw_nat/main_00401234.c[0m[0m
[REF] /logs/s16_ghidra_decompile_checks/haruspex_hw_nat/main_00401234.c
        Semgrep rule: [0;33mexternal.semgrep-rules-0xdea.c.raptor-interesting-api-calls[0m
        Issue description:
    Locate all calls to interesting and potentially insecure API functions (candidate points). The auditor can backtrace from these candidate points to find pathways allowing access from untrusted input.

        [0;32m149[0m - [0;33mlocal_1d4 = malloc(0x58);[0m

-----------------------------------------------------------------

[[0;32m+[0m][0;32m Identified source function: [0;33m/logs/s16_ghidra_decompile_checks/haruspex_hw_nat/main_00401234.c[0m[0m
[REF] /logs/s16_ghidra_decompile_checks/haruspex_hw_nat/main_00401234.c
        Semgrep rule: [0;33mexternal.semgrep-rules-0xdea.c.raptor-signed-unsigned-conversion[0m
        Issue description:
    The software uses a signed primitive and performs a cast to an unsigned primitive, or uses an unsigned primitive and performs a cast to a signed primitive, which can produce an unexpected value. When the result of a function is to be used as a size parameter, using negative return values can have unexpected results. Although less frequent an issue, unsigned-to-signed conversion can be  the precursor to buffer underwrite conditions. Buffer underwrites  occur frequently when large unsigned values are cast to signed values,  and then used as indexes into a buffer or for pointer arithmetic.

        [0;32m149[0m - [0;33mlocal_1d4 = malloc(0x58);[0m

-----------------------------------------------------------------

[[0;32m+[0m][0;32m Identified source function: [0;33m/logs/s16_ghidra_decompile_checks/haruspex_hw_nat/main_00401234.c[0m[0m
[REF] /logs/s16_ghidra_decompile_checks/haruspex_hw_nat/main_00401234.c
        Semgrep rule: [0;33mexternal.semgrep-rules-0xdea.c.raptor-interesting-api-calls[0m
        Issue description:
    Locate all calls to interesting and potentially insecure API functions (candidate points). The auditor can backtrace from these candidate points to find pathways allowing access from untrusted input.

        [0;32m161[0m - [0;33mlocal_1d4 = malloc(0x90);[0m

-----------------------------------------------------------------

[[0;32m+[0m][0;32m Identified source function: [0;33m/logs/s16_ghidra_decompile_checks/haruspex_hw_nat/main_00401234.c[0m[0m
[REF] /logs/s16_ghidra_decompile_checks/haruspex_hw_nat/main_00401234.c
        Semgrep rule: [0;33mexternal.semgrep-rules-0xdea.c.raptor-signed-unsigned-conversion[0m
        Issue description:
    The software uses a signed primitive and performs a cast to an unsigned primitive, or uses an unsigned primitive and performs a cast to a signed primitive, which can produce an unexpected value. When the result of a function is to be used as a size parameter, using negative return values can have unexpected results. Although less frequent an issue, unsigned-to-signed conversion can be  the precursor to buffer underwrite conditions. Buffer underwrites  occur frequently when large unsigned values are cast to signed values,  and then used as indexes into a buffer or for pointer arithmetic.

        [0;32m161[0m - [0;33mlocal_1d4 = malloc(0x90);[0m

-----------------------------------------------------------------

[[0;32m+[0m][0;32m Identified source function: [0;33m/logs/s16_ghidra_decompile_checks/haruspex_hw_nat/main_00401234.c[0m[0m
[REF] /logs/s16_ghidra_decompile_checks/haruspex_hw_nat/main_00401234.c
        Semgrep rule: [0;33mexternal.semgrep-rules-0xdea.c.raptor-interesting-api-calls[0m
        Issue description:
    Locate all calls to interesting and potentially insecure API functions (candidate points). The auditor can backtrace from these candidate points to find pathways allowing access from untrusted input.

        [0;32m245[0m - [0;33miVar1 = sscanf(optarg,"%d_%d",&local_154,local_150);[0m

-----------------------------------------------------------------

[[0;32m+[0m][0;32m Identified source function: [0;33m/logs/s16_ghidra_decompile_checks/haruspex_hw_nat/HwNatAddEntry_00405ef8.c[0m[0m
[REF] /logs/s16_ghidra_decompile_checks/haruspex_hw_nat/HwNatAddEntry_00405ef8.c
        Semgrep rule: [0;33mexternal.semgrep-rules-0xdea.c.raptor-interesting-api-calls[0m
        Issue description:
    Locate all calls to interesting and potentially insecure API functions (candidate points). The auditor can backtrace from these candidate points to find pathways allowing access from untrusted input.

        [0;32m10[0m - [0;33m__fd = open("/dev/hwnat0",0,param_3,param_4,&_gp);[0m

-----------------------------------------------------------------

[[0;32m+[0m][0;32m Identified source function: [0;33m/logs/s16_ghidra_decompile_checks/haruspex_hw_nat/HwNatBindEntry_004062c0.c[0m[0m
[REF] /logs/s16_ghidra_decompile_checks/haruspex_hw_nat/HwNatBindEntry_004062c0.c
        Semgrep rule: [0;33mexternal.semgrep-rules-0xdea.c.raptor-interesting-api-calls[0m
        Issue description:
    Locate all calls to interesting and potentially insecure API functions (candidate points). The auditor can backtrace from these candidate points to find pathways allowing access from untrusted input.

        [0;32m13[0m - [0;33m__fd = open("/dev/hwnat0",0,param_3,param_4,&_gp);[0m

-----------------------------------------------------------------

[[0;32m+[0m][0;32m Identified source function: [0;33m/logs/s16_ghidra_decompile_checks/haruspex_hw_nat/HwNatCacheDumpEntry_00406800.c[0m[0m
[REF] /logs/s16_ghidra_decompile_checks/haruspex_hw_nat/HwNatCacheDumpEntry_00406800.c
        Semgrep rule: [0;33mexternal.semgrep-rules-0xdea.c.raptor-interesting-api-calls[0m
        Issue description:
    Locate all calls to interesting and potentially insecure API functions (candidate points). The auditor can backtrace from these candidate points to find pathways allowing access from untrusted input.

        [0;32m11[0m - [0;33m__fd = open("/dev/hwnat0",0,param_3,param_4,&_gp);[0m

-----------------------------------------------------------------

[[0;32m+[0m][0;32m Identified source function: [0;33m/logs/s16_ghidra_decompile_checks/haruspex_hw_nat/HwNatDebug_00407e6c.c[0m[0m
[REF] /logs/s16_ghidra_decompile_checks/haruspex_hw_nat/HwNatDebug_00407e6c.c
        Semgrep rule: [0;33mexternal.semgrep-rules-0xdea.c.raptor-interesting-api-calls[0m
        Issue description:
    Locate all calls to interesting and potentially insecure API functions (candidate points). The auditor can backtrace from these candidate points to find pathways allowing access from untrusted input.

        [0;32m11[0m - [0;33m__fd = open("/dev/hwnat0",0,param_3,param_4,&_gp);[0m

-----------------------------------------------------------------

[[0;32m+[0m][0;32m Identified source function: [0;33m/logs/s16_ghidra_decompile_checks/haruspex_hw_nat/HwNatDelEntry_00405dbc.c[0m[0m
[REF] /logs/s16_ghidra_decompile_checks/haruspex_hw_nat/HwNatDelEntry_00405dbc.c
        Semgrep rule: [0;33mexternal.semgrep-rules-0xdea.c.raptor-interesting-api-calls[0m
        Issue description:
    Locate all calls to interesting and potentially insecure API functions (candidate points). The auditor can backtrace from these candidate points to find pathways allowing access from untrusted input.

        [0;32m10[0m - [0;33m__fd = open("/dev/hwnat0",0,param_3,param_4,&_gp);[0m

-----------------------------------------------------------------

[[0;32m+[0m][0;32m Identified source function: [0;33m/logs/s16_ghidra_decompile_checks/haruspex_hw_nat/HwNatDropEntry_00406560.c[0m[0m
[REF] /logs/s16_ghidra_decompile_checks/haruspex_hw_nat/HwNatDropEntry_00406560.c
        Semgrep rule: [0;33mexternal.semgrep-rules-0xdea.c.raptor-interesting-api-calls[0m
        Issue description:
    Locate all calls to interesting and potentially insecure API functions (candidate points). The auditor can backtrace from these candidate points to find pathways allowing access from untrusted input.

        [0;32m13[0m - [0;33m__fd = open("/dev/hwnat0",0,param_3,param_4,&_gp);[0m

-----------------------------------------------------------------

[[0;32m+[0m][0;32m Identified source function: [0;33m/logs/s16_ghidra_decompile_checks/haruspex_hw_nat/HwNatDumpDport_00405c80.c[0m[0m
[REF] /logs/s16_ghidra_decompile_checks/haruspex_hw_nat/HwNatDumpDport_00405c80.c
        Semgrep rule: [0;33mexternal.semgrep-rules-0xdea.c.raptor-interesting-api-calls[0m
        Issue description:
    Locate all calls to interesting and potentially insecure API functions (candidate points). The auditor can backtrace from these candidate points to find pathways allowing access from untrusted input.

        [0;32m11[0m - [0;33m__fd = open("/dev/hwnat0",0,param_3,param_4,&_gp);[0m

-----------------------------------------------------------------

[[0;32m+[0m][0;32m Identified source function: [0;33m/logs/s16_ghidra_decompile_checks/haruspex_hw_nat/HwNatDumpEntry_00406170.c[0m[0m
[REF] /logs/s16_ghidra_decompile_checks/haruspex_hw_nat/HwNatDumpEntry_00406170.c
        Semgrep rule: [0;33mexternal.semgrep-rules-0xdea.c.raptor-interesting-api-calls[0m
        Issue description:
    Locate all calls to interesting and potentially insecure API functions (candidate points). The auditor can backtrace from these candidate points to find pathways allowing access from untrusted input.

        [0;32m13[0m - [0;33m__fd = open("/dev/hwnat0",0,param_3,param_4,&_gp);[0m

-----------------------------------------------------------------

[[0;32m+[0m][0;32m Identified source function: [0;33m/logs/s16_ghidra_decompile_checks/haruspex_hw_nat/HwNatGetAGCnt_0040693c.c[0m[0m
[REF] /logs/s16_ghidra_decompile_checks/haruspex_hw_nat/HwNatGetAGCnt_0040693c.c
        Semgrep rule: [0;33mexternal.semgrep-rules-0xdea.c.raptor-interesting-api-calls[0m
        Issue description:
    Locate all calls to interesting and potentially insecure API functions (candidate points). The auditor can backtrace from these candidate points to find pathways allowing access from untrusted input.

        [0;32m10[0m - [0;33m__fd = open("/dev/hwnat0",0,param_3,param_4,&_gp);[0m

-----------------------------------------------------------------

[[0;32m+[0m][0;32m Identified source function: [0;33m/logs/s16_ghidra_decompile_checks/haruspex_hw_nat/HwNatGetAllEntries_00407d2c.c[0m[0m
[REF] /logs/s16_ghidra_decompile_checks/haruspex_hw_nat/HwNatGetAllEntries_00407d2c.c
        Semgrep rule: [0;33mexternal.semgrep-rules-0xdea.c.raptor-interesting-api-calls[0m
        Issue description:
    Locate all calls to interesting and potentially insecure API functions (candidate points). The auditor can backtrace from these candidate points to find pathways allowing access from untrusted input.

        [0;32m10[0m - [0;33m__fd = open("/dev/hwnat0",0,param_3,param_4,&_gp);[0m

-----------------------------------------------------------------

[[0;32m+[0m][0;32m Identified source function: [0;33m/logs/s16_ghidra_decompile_checks/haruspex_hw_nat/HwNatInvalidEntry_004066b0.c[0m[0m
[REF] /logs/s16_ghidra_decompile_checks/haruspex_hw_nat/HwNatInvalidEntry_004066b0.c
        Semgrep rule: [0;33mexternal.semgrep-rules-0xdea.c.raptor-interesting-api-calls[0m
        Issue description:
    Locate all calls to interesting and potentially insecure API functions (candidate points). The auditor can backtrace from these candidate points to find pathways allowing access from untrusted input.

        [0;32m13[0m - [0;33m__fd = open("/dev/hwnat0",0,param_3,param_4,&_gp);[0m

-----------------------------------------------------------------

[[0;32m+[0m][0;32m Identified source function: [0;33m/logs/s16_ghidra_decompile_checks/haruspex_hw_nat/HwNatSetBindDir_00407bf0.c[0m[0m
[REF] /logs/s16_ghidra_decompile_checks/haruspex_hw_nat/HwNatSetBindDir_00407bf0.c
        Semgrep rule: [0;33mexternal.semgrep-rules-0xdea.c.raptor-interesting-api-calls[0m
        Issue description:
    Locate all calls to interesting and potentially insecure API functions (candidate points). The auditor can backtrace from these candidate points to find pathways allowing access from untrusted input.

        [0;32m10[0m - [0;33m__fd = open("/dev/hwnat0",0,param_3,param_4,&_gp);[0m

-----------------------------------------------------------------

[[0;32m+[0m][0;32m Identified source function: [0;33m/logs/s16_ghidra_decompile_checks/haruspex_hw_nat/HwNatSetBindLifeTime_00407978.c[0m[0m
[REF] /logs/s16_ghidra_decompile_checks/haruspex_hw_nat/HwNatSetBindLifeTime_00407978.c
        Semgrep rule: [0;33mexternal.semgrep-rules-0xdea.c.raptor-interesting-api-calls[0m
        Issue description:
    Locate all calls to interesting and potentially insecure API functions (candidate points). The auditor can backtrace from these candidate points to find pathways allowing access from untrusted input.

        [0;32m10[0m - [0;33m__fd = open("/dev/hwnat0",0,param_3,param_4,&_gp);[0m

-----------------------------------------------------------------

[[0;32m+[0m][0;32m Identified source function: [0;33m/logs/s16_ghidra_decompile_checks/haruspex_hw_nat/HwNatSetBindThreshold_0040734c.c[0m[0m
[REF] /logs/s16_ghidra_decompile_checks/haruspex_hw_nat/HwNatSetBindThreshold_0040734c.c
        Semgrep rule: [0;33mexternal.semgrep-rules-0xdea.c.raptor-interesting-api-calls[0m
        Issue description:
    Locate all calls to interesting and potentially insecure API functions (candidate points). The auditor can backtrace from these candidate points to find pathways allowing access from untrusted input.

        [0;32m10[0m - [0;33m__fd = open("/dev/hwnat0",0,param_3,param_4,&_gp);[0m

-----------------------------------------------------------------

[[0;32m+[0m][0;32m Identified source function: [0;33m/logs/s16_ghidra_decompile_checks/haruspex_hw_nat/HwNatSetKaInterval_00407700.c[0m[0m
[REF] /logs/s16_ghidra_decompile_checks/haruspex_hw_nat/HwNatSetKaInterval_00407700.c
        Semgrep rule: [0;33mexternal.semgrep-rules-0xdea.c.raptor-interesting-api-calls[0m
        Issue description:
    Locate all calls to interesting and potentially insecure API functions (candidate points). The auditor can backtrace from these candidate points to find pathways allowing access from untrusted input.

        [0;32m10[0m - [0;33m__fd = open("/dev/hwnat0",0,param_3,param_4,&_gp);[0m

-----------------------------------------------------------------

[[0;32m+[0m][0;32m Identified source function: [0;33m/logs/s16_ghidra_decompile_checks/haruspex_hw_nat/HwNatSetMaxEntryRateLimit_00407488.c[0m[0m
[REF] /logs/s16_ghidra_decompile_checks/haruspex_hw_nat/HwNatSetMaxEntryRateLimit_00407488.c
        Semgrep rule: [0;33mexternal.semgrep-rules-0xdea.c.raptor-interesting-api-calls[0m
        Issue description:
    Locate all calls to interesting and potentially insecure API functions (candidate points). The auditor can backtrace from these candidate points to find pathways allowing access from untrusted input.

        [0;32m11[0m - [0;33m__fd = open("/dev/hwnat0",0,param_3,param_4,&_gp);[0m

-----------------------------------------------------------------

[[0;32m+[0m][0;32m Identified source function: [0;33m/logs/s16_ghidra_decompile_checks/haruspex_hw_nat/HwNatSetRuleSize_004075c4.c[0m[0m
[REF] /logs/s16_ghidra_decompile_checks/haruspex_hw_nat/HwNatSetRuleSize_004075c4.c
        Semgrep rule: [0;33mexternal.semgrep-rules-0xdea.c.raptor-interesting-api-calls[0m
        Issue description:
    Locate all calls to interesting and potentially insecure API functions (candidate points). The auditor can backtrace from these candidate points to find pathways allowing access from untrusted input.

        [0;32m10[0m - [0;33m__fd = open("/dev/hwnat0",0,param_3,param_4,&_gp);[0m

-----------------------------------------------------------------

[[0;32m+[0m][0;32m Identified source function: [0;33m/logs/s16_ghidra_decompile_checks/haruspex_hw_nat/HwNatSetUnbindLifeTime_0040783c.c[0m[0m
[REF] /logs/s16_ghidra_decompile_checks/haruspex_hw_nat/HwNatSetUnbindLifeTime_0040783c.c
        Semgrep rule: [0;33mexternal.semgrep-rules-0xdea.c.raptor-interesting-api-calls[0m
        Issue description:
    Locate all calls to interesting and potentially insecure API functions (candidate points). The auditor can backtrace from these candidate points to find pathways allowing access from untrusted input.

        [0;32m10[0m - [0;33m__fd = open("/dev/hwnat0",0,param_3,param_4,&_gp);[0m

-----------------------------------------------------------------

[[0;32m+[0m][0;32m Identified source function: [0;33m/logs/s16_ghidra_decompile_checks/haruspex_hw_nat/HwNatSetVID_00407ab4.c[0m[0m
[REF] /logs/s16_ghidra_decompile_checks/haruspex_hw_nat/HwNatSetVID_00407ab4.c
        Semgrep rule: [0;33mexternal.semgrep-rules-0xdea.c.raptor-interesting-api-calls[0m
        Issue description:
    Locate all calls to interesting and potentially insecure API functions (candidate points). The auditor can backtrace from these candidate points to find pathways allowing access from untrusted input.

        [0;32m9[0m - [0;33m__fd = open("/dev/hwnat0",0,param_3,param_4,&_gp);[0m

-----------------------------------------------------------------

[[0;32m+[0m][0;32m Identified source function: [0;33m/logs/s16_ghidra_decompile_checks/haruspex_hw_nat/HwNatSwitchDsliteMape_00407fd8.c[0m[0m
[REF] /logs/s16_ghidra_decompile_checks/haruspex_hw_nat/HwNatSwitchDsliteMape_00407fd8.c
        Semgrep rule: [0;33mexternal.semgrep-rules-0xdea.c.raptor-interesting-api-calls[0m
        Issue description:
    Locate all calls to interesting and potentially insecure API functions (candidate points). The auditor can backtrace from these candidate points to find pathways allowing access from untrusted input.

        [0;32m11[0m - [0;33m__fd = open("/dev/hwnat0",0,param_3,param_4,&_gp);[0m

-----------------------------------------------------------------

[[0;32m+[0m][0;32m Identified source function: [0;33m/logs/s16_ghidra_decompile_checks/haruspex_hw_nat/HwNatTblClear_00406034.c[0m[0m
[REF] /logs/s16_ghidra_decompile_checks/haruspex_hw_nat/HwNatTblClear_00406034.c
        Semgrep rule: [0;33mexternal.semgrep-rules-0xdea.c.raptor-interesting-api-calls[0m
        Issue description:
    Locate all calls to interesting and potentially insecure API functions (candidate points). The auditor can backtrace from these candidate points to find pathways allowing access from untrusted input.

        [0;32m11[0m - [0;33m__fd = open("/dev/hwnat0",0,param_3,param_4,&_gp);[0m

-----------------------------------------------------------------

[[0;32m+[0m][0;32m Identified source function: [0;33m/logs/s16_ghidra_decompile_checks/haruspex_hw_nat/HwNatUnBindEntry_00406410.c[0m[0m
[REF] /logs/s16_ghidra_decompile_checks/haruspex_hw_nat/HwNatUnBindEntry_00406410.c
        Semgrep rule: [0;33mexternal.semgrep-rules-0xdea.c.raptor-interesting-api-calls[0m
        Issue description:
    Locate all calls to interesting and potentially insecure API functions (candidate points). The auditor can backtrace from these candidate points to find pathways allowing access from untrusted input.

        [0;32m13[0m - [0;33m__fd = open("/dev/hwnat0",0,param_3,param_4,&_gp);[0m

-----------------------------------------------------------------

[[0;32m+[0m][0;32m Identified source function: [0;33m/logs/s16_ghidra_decompile_checks/haruspex_hw_nat/TFStats_clear_all_00406c28.c[0m[0m
[REF] /logs/s16_ghidra_decompile_checks/haruspex_hw_nat/TFStats_clear_all_00406c28.c
        Semgrep rule: [0;33mexternal.semgrep-rules-0xdea.c.raptor-interesting-api-calls[0m
        Issue description:
    Locate all calls to interesting and potentially insecure API functions (candidate points). The auditor can backtrace from these candidate points to find pathways allowing access from untrusted input.

        [0;32m9[0m - [0;33m__fd = open("/dev/hwnat0",0,param_3,param_4,&_gp);[0m

-----------------------------------------------------------------

[[0;32m+[0m][0;32m Identified source function: [0;33m/logs/s16_ghidra_decompile_checks/haruspex_hw_nat/TFStats_get_00406a78.c[0m[0m
[REF] /logs/s16_ghidra_decompile_checks/haruspex_hw_nat/TFStats_get_00406a78.c
        Semgrep rule: [0;33mexternal.semgrep-rules-0xdea.c.raptor-interesting-api-calls[0m
        Issue description:
    Locate all calls to interesting and potentially insecure API functions (candidate points). The auditor can backtrace from these candidate points to find pathways allowing access from untrusted input.

        [0;32m9[0m - [0;33m__fd = open("/dev/hwnat0",0,param_3,param_4,&_gp);[0m

-----------------------------------------------------------------

[[0;32m+[0m][0;32m Identified source function: [0;33m/logs/s16_ghidra_decompile_checks/haruspex_hw_nat/TFStats_get_all_00406dd8.c[0m[0m
[REF] /logs/s16_ghidra_decompile_checks/haruspex_hw_nat/TFStats_get_all_00406dd8.c
        Semgrep rule: [0;33mexternal.semgrep-rules-0xdea.c.raptor-interesting-api-calls[0m
        Issue description:
    Locate all calls to interesting and potentially insecure API functions (candidate points). The auditor can backtrace from these candidate points to find pathways allowing access from untrusted input.

        [0;32m11[0m - [0;33m__fd = open("/dev/hwnat0",0);[0m

-----------------------------------------------------------------

[[0;32m+[0m][0;32m Identified source function: [0;33m/logs/s16_ghidra_decompile_checks/haruspex_hw_nat/getnext_00408180.c[0m[0m
[REF] /logs/s16_ghidra_decompile_checks/haruspex_hw_nat/getnext_00408180.c
        Semgrep rule: [0;33mexternal.semgrep-rules-0xdea.c.raptor-insecure-api-strcpy-stpcpy-strcat[0m
        Issue description:
    A buffer overflow condition exists when a program attempts to put more data in a buffer than it can hold, or when a program attempts to put data in a memory area outside of the boundaries of a buffer.

        [0;32m15[0m - [0;33mstrcpy(param_3,param_1);[0m

-----------------------------------------------------------------

[[0;32m+[0m][0;32m Identified source function: [0;33m/logs/s16_ghidra_decompile_checks/haruspex_hw_nat/getnext_00408180.c[0m[0m
[REF] /logs/s16_ghidra_decompile_checks/haruspex_hw_nat/getnext_00408180.c
        Semgrep rule: [0;33mexternal.semgrep-rules-0xdea.c.raptor-interesting-api-calls[0m
        Issue description:
    Locate all calls to interesting and potentially insecure API functions (candidate points). The auditor can backtrace from these candidate points to find pathways allowing access from untrusted input.

        [0;32m15[0m - [0;33mstrcpy(param_3,param_1);[0m

-----------------------------------------------------------------

[[0;32m+[0m][0;32m Identified source function: [0;33m/logs/s16_ghidra_decompile_checks/haruspex_hw_nat/getnext_00408180.c[0m[0m
[REF] /logs/s16_ghidra_decompile_checks/haruspex_hw_nat/getnext_00408180.c
        Semgrep rule: [0;33mexternal.semgrep-rules-0xdea.c.raptor-signed-unsigned-conversion[0m
        Issue description:
    The software uses a signed primitive and performs a cast to an unsigned primitive, or uses an unsigned primitive and performs a cast to a signed primitive, which can produce an unexpected value. When the result of a function is to be used as a size parameter, using negative return values can have unexpected results. Although less frequent an issue, unsigned-to-signed conversion can be  the precursor to buffer underwrite conditions. Buffer underwrites  occur frequently when large unsigned values are cast to signed values,  and then used as indexes into a buffer or for pointer arithmetic.

        [0;32m19[0m - [0;33m__n = (int)pcVar2 - (int)param_1;[0m

-----------------------------------------------------------------

[[0;32m+[0m][0;32m Identified source function: [0;33m/logs/s16_ghidra_decompile_checks/haruspex_hw_nat/getnext_00408180.c[0m[0m
[REF] /logs/s16_ghidra_decompile_checks/haruspex_hw_nat/getnext_00408180.c
        Semgrep rule: [0;33mexternal.semgrep-rules-0xdea.c.raptor-pointer-subtraction[0m
        Issue description:
    The software subtracts one pointer from another in order to determine size, but this calculation can be incorrect if the pointers do not exist in the same memory chunk.

        [0;32m19[0m - [0;33m__n = (int)pcVar2 - (int)param_1;[0m

-----------------------------------------------------------------

[[0;32m+[0m][0;32m Identified source function: [0;33m/logs/s16_ghidra_decompile_checks/haruspex_hw_nat/getnext_00408180.c[0m[0m
[REF] /logs/s16_ghidra_decompile_checks/haruspex_hw_nat/getnext_00408180.c
        Semgrep rule: [0;33mexternal.semgrep-rules-0xdea.c.raptor-interesting-api-calls[0m
        Issue description:
    Locate all calls to interesting and potentially insecure API functions (candidate points). The auditor can backtrace from these candidate points to find pathways allowing access from untrusted input.

        [0;32m20[0m - [0;33mstrncpy(param_3,param_1,__n);[0m

-----------------------------------------------------------------

[[0;32m+[0m][0;32m Identified source function: [0;33m/logs/s16_ghidra_decompile_checks/haruspex_hw_nat/getnext_00408180.c[0m[0m
[REF] /logs/s16_ghidra_decompile_checks/haruspex_hw_nat/getnext_00408180.c
        Semgrep rule: [0;33mexternal.semgrep-rules-0xdea.c.raptor-signed-unsigned-conversion[0m
        Issue description:
    The software uses a signed primitive and performs a cast to an unsigned primitive, or uses an unsigned primitive and performs a cast to a signed primitive, which can produce an unexpected value. When the result of a function is to be used as a size parameter, using negative return values can have unexpected results. Although less frequent an issue, unsigned-to-signed conversion can be  the precursor to buffer underwrite conditions. Buffer underwrites  occur frequently when large unsigned values are cast to signed values,  and then used as indexes into a buffer or for pointer arithmetic.

        [0;32m22[0m - [0;33miVar1 = __n + 1;[0m

-----------------------------------------------------------------

[[0;32m+[0m][0;32m Identified source function: [0;33m/logs/s16_ghidra_decompile_checks/haruspex_hw_nat/main_00401234.c[0m[0m
[REF] /logs/s16_ghidra_decompile_checks/haruspex_hw_nat/main_00401234.c
        Semgrep rule: [0;33mexternal.semgrep-rules-0xdea.c.raptor-interesting-api-calls[0m
        Issue description:
    Locate all calls to interesting and potentially insecure API functions (candidate points). The auditor can backtrace from these candidate points to find pathways allowing access from untrusted input.

        [0;32m78[0m - [0;33m,0x6a);[0m

-----------------------------------------------------------------

[[0;32m+[0m][0;32m Identified source function: [0;33m/logs/s16_ghidra_decompile_checks/haruspex_hw_nat/main_00401234.c[0m[0m
[REF] /logs/s16_ghidra_decompile_checks/haruspex_hw_nat/main_00401234.c
        Semgrep rule: [0;33mexternal.semgrep-rules-0xdea.c.raptor-signed-unsigned-conversion[0m
        Issue description:
    The software uses a signed primitive and performs a cast to an unsigned primitive, or uses an unsigned primitive and performs a cast to a signed primitive, which can produce an unexpected value. When the result of a function is to be used as a size parameter, using negative return values can have unexpected results. Although less frequent an issue, unsigned-to-signed conversion can be  the precursor to buffer underwrite conditions. Buffer underwrites  occur frequently when large unsigned values are cast to signed values,  and then used as indexes into a buffer or for pointer arithmetic.

        [0;32m78[0m - [0;33m,0x6a);[0m

-----------------------------------------------------------------

[[0;32m+[0m][0;32m Identified source function: [0;33m/logs/s16_ghidra_decompile_checks/haruspex_hw_nat/main_00401234.c[0m[0m
[REF] /logs/s16_ghidra_decompile_checks/haruspex_hw_nat/main_00401234.c
        Semgrep rule: [0;33mexternal.semgrep-rules-0xdea.c.raptor-interesting-api-calls[0m
        Issue description:
    Locate all calls to interesting and potentially insecure API functions (candidate points). The auditor can backtrace from these candidate points to find pathways allowing access from untrusted input.

        [0;32m82[0m - [0;33m__fd = open("/dev/hwnat0",0);[0m

-----------------------------------------------------------------

[[0;32m+[0m][0;32m Identified source function: [0;33m/logs/s16_ghidra_decompile_checks/haruspex_hw_nat/main_00401234.c[0m[0m
[REF] /logs/s16_ghidra_decompile_checks/haruspex_hw_nat/main_00401234.c
        Semgrep rule: [0;33mexternal.semgrep-rules-0xdea.c.raptor-interesting-api-calls[0m
        Issue description:
    Locate all calls to interesting and potentially insecure API functions (candidate points). The auditor can backtrace from these candidate points to find pathways allowing access from untrusted input.

        [0;32m91[0m - [0;33m__ptr = (uint *)malloc(0x28000c);[0m

-----------------------------------------------------------------

[[0;32m+[0m][0;32m Identified source function: [0;33m/logs/s16_ghidra_decompile_checks/haruspex_hw_nat/main_00401234.c[0m[0m
[REF] /logs/s16_ghidra_decompile_checks/haruspex_hw_nat/main_00401234.c
        Semgrep rule: [0;33mexternal.semgrep-rules-0xdea.c.raptor-signed-unsigned-conversion[0m
        Issue description:
    The software uses a signed primitive and performs a cast to an unsigned primitive, or uses an unsigned primitive and performs a cast to a signed primitive, which can produce an unexpected value. When the result of a function is to be used as a size parameter, using negative return values can have unexpected results. Although less frequent an issue, unsigned-to-signed conversion can be  the precursor to buffer underwrite conditions. Buffer underwrites  occur frequently when large unsigned values are cast to signed values,  and then used as indexes into a buffer or for pointer arithmetic.

        [0;32m91[0m - [0;33m__ptr = (uint *)malloc(0x28000c);[0m

-----------------------------------------------------------------

[[0;32m+[0m][0;32m Identified source function: [0;33m/logs/s16_ghidra_decompile_checks/haruspex_hw_nat/main_00401234.c[0m[0m
[REF] /logs/s16_ghidra_decompile_checks/haruspex_hw_nat/main_00401234.c
        Semgrep rule: [0;33mexternal.semgrep-rules-0xdea.c.raptor-interesting-api-calls[0m
        Issue description:
    Locate all calls to interesting and potentially insecure API functions (candidate points). The auditor can backtrace from these candidate points to find pathways allowing access from untrusted input.

        [0;32m97[0m - [0;33mwhile (iVar1 = getopt(param_1,param_2,acStack_1c0), iVar1 != -1) {[0m

-----------------------------------------------------------------

[[0;32m+[0m][0;32m Identified source function: [0;33m/logs/s16_ghidra_decompile_checks/haruspex_hw_nat/main_00401234.c[0m[0m
[REF] /logs/s16_ghidra_decompile_checks/haruspex_hw_nat/main_00401234.c
        Semgrep rule: [0;33mexternal.semgrep-rules-0xdea.c.raptor-interesting-api-calls[0m
        Issue description:
    Locate all calls to interesting and potentially insecure API functions (candidate points). The auditor can backtrace from these candidate points to find pathways allowing access from untrusted input.

        [0;32m142[0m - [0;33mlocal_1d4 = malloc(0x7058);[0m

-----------------------------------------------------------------

[[0;32m+[0m][0;32m Identified source function: [0;33m/logs/s16_ghidra_decompile_checks/haruspex_hw_nat/main_00401234.c[0m[0m
[REF] /logs/s16_ghidra_decompile_checks/haruspex_hw_nat/main_00401234.c
        Semgrep rule: [0;33mexternal.semgrep-rules-0xdea.c.raptor-signed-unsigned-conversion[0m
        Issue description:
    The software uses a signed primitive and performs a cast to an unsigned primitive, or uses an unsigned primitive and performs a cast to a signed primitive, which can produce an unexpected value. When the result of a function is to be used as a size parameter, using negative return values can have unexpected results. Although less frequent an issue, unsigned-to-signed conversion can be  the precursor to buffer underwrite conditions. Buffer underwrites  occur frequently when large unsigned values are cast to signed values,  and then used as indexes into a buffer or for pointer arithmetic.

        [0;32m142[0m - [0;33mlocal_1d4 = malloc(0x7058);[0m

-----------------------------------------------------------------

[[0;32m+[0m][0;32m Identified source function: [0;33m/logs/s16_ghidra_decompile_checks/haruspex_hw_nat/main_00401234.c[0m[0m
[REF] /logs/s16_ghidra_decompile_checks/haruspex_hw_nat/main_00401234.c
        Semgrep rule: [0;33mexternal.semgrep-rules-0xdea.c.raptor-interesting-api-calls[0m
        Issue description:
    Locate all calls to interesting and potentially insecure API functions (candidate points). The auditor can backtrace from these candidate points to find pathways allowing access from untrusted input.

        [0;32m149[0m - [0;33mlocal_1d4 = malloc(0x58);[0m

-----------------------------------------------------------------

[[0;32m+[0m][0;32m Identified source function: [0;33m/logs/s16_ghidra_decompile_checks/haruspex_hw_nat/main_00401234.c[0m[0m
[REF] /logs/s16_ghidra_decompile_checks/haruspex_hw_nat/main_00401234.c
        Semgrep rule: [0;33mexternal.semgrep-rules-0xdea.c.raptor-signed-unsigned-conversion[0m
        Issue description:
    The software uses a signed primitive and performs a cast to an unsigned primitive, or uses an unsigned primitive and performs a cast to a signed primitive, which can produce an unexpected value. When the result of a function is to be used as a size parameter, using negative return values can have unexpected results. Although less frequent an issue, unsigned-to-signed conversion can be  the precursor to buffer underwrite conditions. Buffer underwrites  occur frequently when large unsigned values are cast to signed values,  and then used as indexes into a buffer or for pointer arithmetic.

        [0;32m149[0m - [0;33mlocal_1d4 = malloc(0x58);[0m

-----------------------------------------------------------------

[[0;32m+[0m][0;32m Identified source function: [0;33m/logs/s16_ghidra_decompile_checks/haruspex_hw_nat/main_00401234.c[0m[0m
[REF] /logs/s16_ghidra_decompile_checks/haruspex_hw_nat/main_00401234.c
        Semgrep rule: [0;33mexternal.semgrep-rules-0xdea.c.raptor-interesting-api-calls[0m
        Issue description:
    Locate all calls to interesting and potentially insecure API functions (candidate points). The auditor can backtrace from these candidate points to find pathways allowing access from untrusted input.

        [0;32m161[0m - [0;33mlocal_1d4 = malloc(0x90);[0m

-----------------------------------------------------------------

[[0;32m+[0m][0;32m Identified source function: [0;33m/logs/s16_ghidra_decompile_checks/haruspex_hw_nat/main_00401234.c[0m[0m
[REF] /logs/s16_ghidra_decompile_checks/haruspex_hw_nat/main_00401234.c
        Semgrep rule: [0;33mexternal.semgrep-rules-0xdea.c.raptor-signed-unsigned-conversion[0m
        Issue description:
    The software uses a signed primitive and performs a cast to an unsigned primitive, or uses an unsigned primitive and performs a cast to a signed primitive, which can produce an unexpected value. When the result of a function is to be used as a size parameter, using negative return values can have unexpected results. Although less frequent an issue, unsigned-to-signed conversion can be  the precursor to buffer underwrite conditions. Buffer underwrites  occur frequently when large unsigned values are cast to signed values,  and then used as indexes into a buffer or for pointer arithmetic.

        [0;32m161[0m - [0;33mlocal_1d4 = malloc(0x90);[0m

-----------------------------------------------------------------

[[0;32m+[0m][0;32m Identified source function: [0;33m/logs/s16_ghidra_decompile_checks/haruspex_hw_nat/main_00401234.c[0m[0m
[REF] /logs/s16_ghidra_decompile_checks/haruspex_hw_nat/main_00401234.c
        Semgrep rule: [0;33mexternal.semgrep-rules-0xdea.c.raptor-interesting-api-calls[0m
        Issue description:
    Locate all calls to interesting and potentially insecure API functions (candidate points). The auditor can backtrace from these candidate points to find pathways allowing access from untrusted input.

        [0;32m245[0m - [0;33miVar1 = sscanf(optarg,"%d_%d",&local_154,local_150);[0m

-----------------------------------------------------------------

