[[0;32m+[0m][0;32m Identified source function: [0;33m/logs/s16_ghidra_decompile_checks/haruspex_netmgr/FUN_004018a4_004018a4.c[0m[0m
[REF] /logs/s16_ghidra_decompile_checks/haruspex_netmgr/FUN_004018a4_004018a4.c
        Semgrep rule: [0;33mexternal.semgrep-rules-0xdea.c.raptor-interesting-api-calls[0m
        Issue description:
    Locate all calls to interesting and potentially insecure API functions (candidate points). The auditor can backtrace from these candidate points to find pathways allowing access from untrusted input.

        [0;32m12[0m - [0;33m__fd = open("/dev/hwmon",2,param_3,param_4,&_gp);[0m

-----------------------------------------------------------------

[[0;32m+[0m][0;32m Identified source function: [0;33m/logs/s16_ghidra_decompile_checks/haruspex_netmgr/IPReset_00401de8.c[0m[0m
[REF] /logs/s16_ghidra_decompile_checks/haruspex_netmgr/IPReset_00401de8.c
        Semgrep rule: [0;33mexternal.semgrep-rules-0xdea.c.raptor-interesting-api-calls[0m
        Issue description:
    Locate all calls to interesting and potentially insecure API functions (candidate points). The auditor can backtrace from these candidate points to find pathways allowing access from untrusted input.

        [0;32m5[0m - [0;33msystem("/etc/init.d/ipv4 restart");[0m

-----------------------------------------------------------------

[[0;32m+[0m][0;32m Identified source function: [0;33m/logs/s16_ghidra_decompile_checks/haruspex_netmgr/FUN_00401ed0_00401ed0.c[0m[0m
[REF] /logs/s16_ghidra_decompile_checks/haruspex_netmgr/FUN_00401ed0_00401ed0.c
        Semgrep rule: [0;33mexternal.semgrep-rules-0xdea.c.raptor-interesting-api-calls[0m
        Issue description:
    Locate all calls to interesting and potentially insecure API functions (candidate points). The auditor can backtrace from these candidate points to find pathways allowing access from untrusted input.

        [0;32m11[0m - [0;33msystem("msger hwmon 0 datatransfer 0 1 0 0 2>/dev/null 1>/dev/null");[0m

-----------------------------------------------------------------

[[0;32m+[0m][0;32m Identified source function: [0;33m/logs/s16_ghidra_decompile_checks/haruspex_netmgr/wiredOff_004029a0.c[0m[0m
[REF] /logs/s16_ghidra_decompile_checks/haruspex_netmgr/wiredOff_004029a0.c
        Semgrep rule: [0;33mexternal.semgrep-rules-0xdea.c.raptor-interesting-api-calls[0m
        Issue description:
    Locate all calls to interesting and potentially insecure API functions (candidate points). The auditor can backtrace from these candidate points to find pathways allowing access from untrusted input.

        [0;32m25[0m - [0;33msystem("msger netmgr 0 wifi.adhoc 0 1 2>/dev/null 1>/dev/null");[0m

-----------------------------------------------------------------

[[0;32m+[0m][0;32m Identified source function: [0;33m/logs/s16_ghidra_decompile_checks/haruspex_netmgr/setWlanDrv_004030a4.c[0m[0m
[REF] /logs/s16_ghidra_decompile_checks/haruspex_netmgr/setWlanDrv_004030a4.c
        Semgrep rule: [0;33mexternal.semgrep-rules-0xdea.c.raptor-signed-unsigned-conversion[0m
        Issue description:
    The software uses a signed primitive and performs a cast to an unsigned primitive, or uses an unsigned primitive and performs a cast to a signed primitive, which can produce an unexpected value. When the result of a function is to be used as a size parameter, using negative return values can have unexpected results. Although less frequent an issue, unsigned-to-signed conversion can be  the precursor to buffer underwrite conditions. Buffer underwrites  occur frequently when large unsigned values are cast to signed values,  and then used as indexes into a buffer or for pointer arithmetic.

        [0;32m48[0m - [0;33msVar2 = strlen((char *)((int)param_1 + param_1[0x11] * 0x41 + 0x48));[0m

-----------------------------------------------------------------

[[0;32m+[0m][0;32m Identified source function: [0;33m/logs/s16_ghidra_decompile_checks/haruspex_netmgr/LEDcontrol_00401e18.c[0m[0m
[REF] /logs/s16_ghidra_decompile_checks/haruspex_netmgr/LEDcontrol_00401e18.c
        Semgrep rule: [0;33mexternal.semgrep-rules-0xdea.c.raptor-insecure-api-sprintf-vsprintf[0m
        Issue description:
    A buffer overflow condition exists when a program attempts to put more data in a buffer than it can hold, or when a program attempts to put data in a memory area outside of the boundaries of a buffer.

        [0;32m7[0m - [0;33msprintf(acStack_108,"%s %s","/etc/init.d/led.sh",param_1,&_gp);[0m

-----------------------------------------------------------------

[[0;32m+[0m][0;32m Identified source function: [0;33m/logs/s16_ghidra_decompile_checks/haruspex_netmgr/LEDcontrol_00401e18.c[0m[0m
[REF] /logs/s16_ghidra_decompile_checks/haruspex_netmgr/LEDcontrol_00401e18.c
        Semgrep rule: [0;33mexternal.semgrep-rules-0xdea.c.raptor-interesting-api-calls[0m
        Issue description:
    Locate all calls to interesting and potentially insecure API functions (candidate points). The auditor can backtrace from these candidate points to find pathways allowing access from untrusted input.

        [0;32m7[0m - [0;33msprintf(acStack_108,"%s %s","/etc/init.d/led.sh",param_1,&_gp);[0m

-----------------------------------------------------------------

[[0;32m+[0m][0;32m Identified source function: [0;33m/logs/s16_ghidra_decompile_checks/haruspex_netmgr/LEDcontrol_00401e18.c[0m[0m
[REF] /logs/s16_ghidra_decompile_checks/haruspex_netmgr/LEDcontrol_00401e18.c
        Semgrep rule: [0;33mexternal.semgrep-rules-0xdea.c.raptor-command-injection[0m
        Issue description:
    The software constructs an OS command using externally-influenced input,  but it does not neutralize or incorrectly neutralizes special elements  that could modify the intended OS command.

        [0;32m8[0m - [0;33msystem(acStack_108);[0m

-----------------------------------------------------------------

[[0;32m+[0m][0;32m Identified source function: [0;33m/logs/s16_ghidra_decompile_checks/haruspex_netmgr/LEDcontrol_00401e18.c[0m[0m
[REF] /logs/s16_ghidra_decompile_checks/haruspex_netmgr/LEDcontrol_00401e18.c
        Semgrep rule: [0;33mexternal.semgrep-rules-0xdea.c.raptor-interesting-api-calls[0m
        Issue description:
    Locate all calls to interesting and potentially insecure API functions (candidate points). The auditor can backtrace from these candidate points to find pathways allowing access from untrusted input.

        [0;32m8[0m - [0;33msystem(acStack_108);[0m

-----------------------------------------------------------------

[[0;32m+[0m][0;32m Identified source function: [0;33m/logs/s16_ghidra_decompile_checks/haruspex_netmgr/startWPS_00404070.c[0m[0m
[REF] /logs/s16_ghidra_decompile_checks/haruspex_netmgr/startWPS_00404070.c
        Semgrep rule: [0;33mexternal.semgrep-rules-0xdea.c.raptor-interesting-api-calls[0m
        Issue description:
    Locate all calls to interesting and potentially insecure API functions (candidate points). The auditor can backtrace from these candidate points to find pathways allowing access from untrusted input.

        [0;32m7[0m - [0;33msystem("rm -rf /tmp/wscd_status");[0m

-----------------------------------------------------------------

[[0;32m+[0m][0;32m Identified source function: [0;33m/logs/s16_ghidra_decompile_checks/haruspex_netmgr/MsgManager_00401f34.c[0m[0m
[REF] /logs/s16_ghidra_decompile_checks/haruspex_netmgr/MsgManager_00401f34.c
        Semgrep rule: [0;33mexternal.semgrep-rules-0xdea.c.raptor-interesting-api-calls[0m
        Issue description:
    Locate all calls to interesting and potentially insecure API functions (candidate points). The auditor can backtrace from these candidate points to find pathways allowing access from untrusted input.

        [0;32m51[0m - [0;33msystem("msger netmgr 0 wifi.adhoc 0 1 2>/dev/null 1>/dev/null");[0m

-----------------------------------------------------------------

[[0;32m+[0m][0;32m Identified source function: [0;33m/logs/s16_ghidra_decompile_checks/haruspex_netmgr/MsgManager_00401f34.c[0m[0m
[REF] /logs/s16_ghidra_decompile_checks/haruspex_netmgr/MsgManager_00401f34.c
        Semgrep rule: [0;33mexternal.semgrep-rules-0xdea.c.raptor-interesting-api-calls[0m
        Issue description:
    Locate all calls to interesting and potentially insecure API functions (candidate points). The auditor can backtrace from these candidate points to find pathways allowing access from untrusted input.

        [0;32m70[0m - [0;33msystem("/usr/sbin/userconfig -write WIRELESS Mode 0");[0m

-----------------------------------------------------------------

[[0;32m+[0m][0;32m Identified source function: [0;33m/logs/s16_ghidra_decompile_checks/haruspex_netmgr/MsgManager_00401f34.c[0m[0m
[REF] /logs/s16_ghidra_decompile_checks/haruspex_netmgr/MsgManager_00401f34.c
        Semgrep rule: [0;33mexternal.semgrep-rules-0xdea.c.raptor-interesting-api-calls[0m
        Issue description:
    Locate all calls to interesting and potentially insecure API functions (candidate points). The auditor can backtrace from these candidate points to find pathways allowing access from untrusted input.

        [0;32m95[0m - [0;33msystem("/usr/sbin/userconfig -write WIRELESS Mode 0");[0m

-----------------------------------------------------------------

[[0;32m+[0m][0;32m Identified source function: [0;33m/logs/s16_ghidra_decompile_checks/haruspex_netmgr/MsgManager_00401f34.c[0m[0m
[REF] /logs/s16_ghidra_decompile_checks/haruspex_netmgr/MsgManager_00401f34.c
        Semgrep rule: [0;33mexternal.semgrep-rules-0xdea.c.raptor-interesting-api-calls[0m
        Issue description:
    Locate all calls to interesting and potentially insecure API functions (candidate points). The auditor can backtrace from these candidate points to find pathways allowing access from untrusted input.

        [0;32m141[0m - [0;33msystem("/usr/sbin/userconfig -write WIRELESS Mode 1");[0m

-----------------------------------------------------------------

[[0;32m+[0m][0;32m Identified source function: [0;33m/logs/s16_ghidra_decompile_checks/haruspex_netmgr/UpdateWPSStatus_00403d90.c[0m[0m
[REF] /logs/s16_ghidra_decompile_checks/haruspex_netmgr/UpdateWPSStatus_00403d90.c
        Semgrep rule: [0;33mexternal.semgrep-rules-0xdea.c.raptor-interesting-api-calls[0m
        Issue description:
    Locate all calls to interesting and potentially insecure API functions (candidate points). The auditor can backtrace from these candidate points to find pathways allowing access from untrusted input.

        [0;32m22[0m - [0;33msystem("msger camsvr 0 csmodlazy 0 0");[0m

-----------------------------------------------------------------

[[0;32m+[0m][0;32m Identified source function: [0;33m/logs/s16_ghidra_decompile_checks/haruspex_netmgr/UpdateWPSStatus_00403d90.c[0m[0m
[REF] /logs/s16_ghidra_decompile_checks/haruspex_netmgr/UpdateWPSStatus_00403d90.c
        Semgrep rule: [0;33mexternal.semgrep-rules-0xdea.c.raptor-interesting-api-calls[0m
        Issue description:
    Locate all calls to interesting and potentially insecure API functions (candidate points). The auditor can backtrace from these candidate points to find pathways allowing access from untrusted input.

        [0;32m33[0m - [0;33msystem("msger camsvr 0 csmodlazy 0 0");[0m

-----------------------------------------------------------------

[[0;32m+[0m][0;32m Identified source function: [0;33m/logs/s16_ghidra_decompile_checks/haruspex_netmgr/UpdateWPSStatus_00403d90.c[0m[0m
[REF] /logs/s16_ghidra_decompile_checks/haruspex_netmgr/UpdateWPSStatus_00403d90.c
        Semgrep rule: [0;33mexternal.semgrep-rules-0xdea.c.raptor-interesting-api-calls[0m
        Issue description:
    Locate all calls to interesting and potentially insecure API functions (candidate points). The auditor can backtrace from these candidate points to find pathways allowing access from untrusted input.

        [0;32m47[0m - [0;33msystem("/usr/sbin/userconfig -write WIRELESS Mode 1");[0m

-----------------------------------------------------------------

[[0;32m+[0m][0;32m Identified source function: [0;33m/logs/s16_ghidra_decompile_checks/haruspex_netmgr/DaulBandSiteScan_00402f90.c[0m[0m
[REF] /logs/s16_ghidra_decompile_checks/haruspex_netmgr/DaulBandSiteScan_00402f90.c
        Semgrep rule: [0;33mexternal.semgrep-rules-0xdea.c.raptor-interesting-api-calls[0m
        Issue description:
    Locate all calls to interesting and potentially insecure API functions (candidate points). The auditor can backtrace from these candidate points to find pathways allowing access from untrusted input.

        [0;32m8[0m - [0;33m__src = (char *)malloc(0x5554);[0m

-----------------------------------------------------------------

[[0;32m+[0m][0;32m Identified source function: [0;33m/logs/s16_ghidra_decompile_checks/haruspex_netmgr/DaulBandSiteScan_00402f90.c[0m[0m
[REF] /logs/s16_ghidra_decompile_checks/haruspex_netmgr/DaulBandSiteScan_00402f90.c
        Semgrep rule: [0;33mexternal.semgrep-rules-0xdea.c.raptor-signed-unsigned-conversion[0m
        Issue description:
    The software uses a signed primitive and performs a cast to an unsigned primitive, or uses an unsigned primitive and performs a cast to a signed primitive, which can produce an unexpected value. When the result of a function is to be used as a size parameter, using negative return values can have unexpected results. Although less frequent an issue, unsigned-to-signed conversion can be  the precursor to buffer underwrite conditions. Buffer underwrites  occur frequently when large unsigned values are cast to signed values,  and then used as indexes into a buffer or for pointer arithmetic.

        [0;32m8[0m - [0;33m__src = (char *)malloc(0x5554);[0m

-----------------------------------------------------------------

[[0;32m+[0m][0;32m Identified source function: [0;33m/logs/s16_ghidra_decompile_checks/haruspex_netmgr/DaulBandSiteScan_00402f90.c[0m[0m
[REF] /logs/s16_ghidra_decompile_checks/haruspex_netmgr/DaulBandSiteScan_00402f90.c
        Semgrep rule: [0;33mexternal.semgrep-rules-0xdea.c.raptor-signed-unsigned-conversion[0m
        Issue description:
    The software uses a signed primitive and performs a cast to an unsigned primitive, or uses an unsigned primitive and performs a cast to a signed primitive, which can produce an unexpected value. When the result of a function is to be used as a size parameter, using negative return values can have unexpected results. Although less frequent an issue, unsigned-to-signed conversion can be  the precursor to buffer underwrite conditions. Buffer underwrites  occur frequently when large unsigned values are cast to signed values,  and then used as indexes into a buffer or for pointer arithmetic.

        [0;32m13[0m - [0;33mmemset(__src,0,0x5554);[0m

-----------------------------------------------------------------

[[0;32m+[0m][0;32m Identified source function: [0;33m/logs/s16_ghidra_decompile_checks/haruspex_netmgr/DaulBandSiteScan_00402f90.c[0m[0m
[REF] /logs/s16_ghidra_decompile_checks/haruspex_netmgr/DaulBandSiteScan_00402f90.c
        Semgrep rule: [0;33mexternal.semgrep-rules-0xdea.c.raptor-insecure-api-strcpy-stpcpy-strcat[0m
        Issue description:
    A buffer overflow condition exists when a program attempts to put more data in a buffer than it can hold, or when a program attempts to put data in a memory area outside of the boundaries of a buffer.

        [0;32m21[0m - [0;33mstrcpy((char *)(iVar1 + 8),__src);[0m

-----------------------------------------------------------------

[[0;32m+[0m][0;32m Identified source function: [0;33m/logs/s16_ghidra_decompile_checks/haruspex_netmgr/DaulBandSiteScan_00402f90.c[0m[0m
[REF] /logs/s16_ghidra_decompile_checks/haruspex_netmgr/DaulBandSiteScan_00402f90.c
        Semgrep rule: [0;33mexternal.semgrep-rules-0xdea.c.raptor-interesting-api-calls[0m
        Issue description:
    Locate all calls to interesting and potentially insecure API functions (candidate points). The auditor can backtrace from these candidate points to find pathways allowing access from untrusted input.

        [0;32m21[0m - [0;33mstrcpy((char *)(iVar1 + 8),__src);[0m

-----------------------------------------------------------------

[[0;32m+[0m][0;32m Identified source function: [0;33m/logs/s16_ghidra_decompile_checks/haruspex_netmgr/main_0040195c.c[0m[0m
[REF] /logs/s16_ghidra_decompile_checks/haruspex_netmgr/main_0040195c.c
        Semgrep rule: [0;33mexternal.semgrep-rules-0xdea.c.raptor-interesting-api-calls[0m
        Issue description:
    Locate all calls to interesting and potentially insecure API functions (candidate points). The auditor can backtrace from these candidate points to find pathways allowing access from untrusted input.

        [0;32m62[0m - [0;33m_Var4 = fork();[0m

-----------------------------------------------------------------

[[0;32m+[0m][0;32m Identified source function: [0;33m/logs/s16_ghidra_decompile_checks/haruspex_netmgr/main_0040195c.c[0m[0m
[REF] /logs/s16_ghidra_decompile_checks/haruspex_netmgr/main_0040195c.c
        Semgrep rule: [0;33mexternal.semgrep-rules-0xdea.c.raptor-insecure-api-signal[0m
        Issue description:
    The signal() API should be regarded as deprecated. When possible, sigaction() should be used instead, because it allows to precisely specify the desired behavior in case two signals arrive shortly after each other thus preventing many race conditions.

        [0;32m71[0m - [0;33msignal(2,FUN_00401854);[0m

-----------------------------------------------------------------

[[0;32m+[0m][0;32m Identified source function: [0;33m/logs/s16_ghidra_decompile_checks/haruspex_netmgr/main_0040195c.c[0m[0m
[REF] /logs/s16_ghidra_decompile_checks/haruspex_netmgr/main_0040195c.c
        Semgrep rule: [0;33mexternal.semgrep-rules-0xdea.c.raptor-insecure-api-signal[0m
        Issue description:
    The signal() API should be regarded as deprecated. When possible, sigaction() should be used instead, because it allows to precisely specify the desired behavior in case two signals arrive shortly after each other thus preventing many race conditions.

        [0;32m72[0m - [0;33msignal(0xf,FUN_00401854);[0m

-----------------------------------------------------------------

[[0;32m+[0m][0;32m Identified source function: [0;33m/logs/s16_ghidra_decompile_checks/haruspex_netmgr/main_0040195c.c[0m[0m
[REF] /logs/s16_ghidra_decompile_checks/haruspex_netmgr/main_0040195c.c
        Semgrep rule: [0;33mexternal.semgrep-rules-0xdea.c.raptor-insecure-api-signal[0m
        Issue description:
    The signal() API should be regarded as deprecated. When possible, sigaction() should be used instead, because it allows to precisely specify the desired behavior in case two signals arrive shortly after each other thus preventing many race conditions.

        [0;32m73[0m - [0;33msignal(3,FUN_00401854);[0m

-----------------------------------------------------------------

[[0;32m+[0m][0;32m Identified source function: [0;33m/logs/s16_ghidra_decompile_checks/haruspex_netmgr/main_0040195c.c[0m[0m
[REF] /logs/s16_ghidra_decompile_checks/haruspex_netmgr/main_0040195c.c
        Semgrep rule: [0;33mexternal.semgrep-rules-0xdea.c.raptor-interesting-api-calls[0m
        Issue description:
    Locate all calls to interesting and potentially insecure API functions (candidate points). The auditor can backtrace from these candidate points to find pathways allowing access from untrusted input.

        [0;32m74[0m - [0;33miVar1 = open("/var/run/netmgr.pid",0x501,0x284);[0m

-----------------------------------------------------------------

[[0;32m+[0m][0;32m Identified source function: [0;33m/logs/s16_ghidra_decompile_checks/haruspex_netmgr/main_0040195c.c[0m[0m
[REF] /logs/s16_ghidra_decompile_checks/haruspex_netmgr/main_0040195c.c
        Semgrep rule: [0;33mexternal.semgrep-rules-0xdea.c.raptor-interesting-api-calls[0m
        Issue description:
    Locate all calls to interesting and potentially insecure API functions (candidate points). The auditor can backtrace from these candidate points to find pathways allowing access from untrusted input.

        [0;32m84[0m - [0;33msprintf((char *)&local_20,"%d",_Var4);[0m

-----------------------------------------------------------------

[[0;32m+[0m][0;32m Identified source function: [0;33m/logs/s16_ghidra_decompile_checks/haruspex_netmgr/main_0040195c.c[0m[0m
[REF] /logs/s16_ghidra_decompile_checks/haruspex_netmgr/main_0040195c.c
        Semgrep rule: [0;33mexternal.semgrep-rules-0xdea.c.raptor-insecure-api-signal[0m
        Issue description:
    The signal() API should be regarded as deprecated. When possible, sigaction() should be used instead, because it allows to precisely specify the desired behavior in case two signals arrive shortly after each other thus preventing many race conditions.

        [0;32m91[0m - [0;33msignal(0xe,FUN_00401700);[0m

-----------------------------------------------------------------

[[0;32m+[0m][0;32m Identified source function: [0;33m/logs/s16_ghidra_decompile_checks/haruspex_netmgr/main_0040195c.c[0m[0m
[REF] /logs/s16_ghidra_decompile_checks/haruspex_netmgr/main_0040195c.c
        Semgrep rule: [0;33mexternal.semgrep-rules-0xdea.c.raptor-interesting-api-calls[0m
        Issue description:
    Locate all calls to interesting and potentially insecure API functions (candidate points). The auditor can backtrace from these candidate points to find pathways allowing access from untrusted input.

        [0;32m99[0m - [0;33munlink("/var/run/netmgr.pid");[0m

-----------------------------------------------------------------

[[0;32m+[0m][0;32m Identified source function: [0;33m/logs/s16_ghidra_decompile_checks/haruspex_netmgr/APMode_00403550.c[0m[0m
[REF] /logs/s16_ghidra_decompile_checks/haruspex_netmgr/APMode_00403550.c
        Semgrep rule: [0;33mexternal.semgrep-rules-0xdea.c.raptor-interesting-api-calls[0m
        Issue description:
    Locate all calls to interesting and potentially insecure API functions (candidate points). The auditor can backtrace from these candidate points to find pathways allowing access from untrusted input.

        [0;32m28[0m - [0;33msystem("iwpriv wlan0 set_mib antdiv_select=0");[0m

-----------------------------------------------------------------

[[0;32m+[0m][0;32m Identified source function: [0;33m/logs/s16_ghidra_decompile_checks/haruspex_netmgr/APMode_00403550.c[0m[0m
[REF] /logs/s16_ghidra_decompile_checks/haruspex_netmgr/APMode_00403550.c
        Semgrep rule: [0;33mexternal.semgrep-rules-0xdea.c.raptor-interesting-api-calls[0m
        Issue description:
    Locate all calls to interesting and potentially insecure API functions (candidate points). The auditor can backtrace from these candidate points to find pathways allowing access from untrusted input.

        [0;32m55[0m - [0;33msystem("/usr/sbin/userconfig -write DHCPD Enable 1");[0m

-----------------------------------------------------------------

[[0;32m+[0m][0;32m Identified source function: [0;33m/logs/s16_ghidra_decompile_checks/haruspex_netmgr/APMode_00403550.c[0m[0m
[REF] /logs/s16_ghidra_decompile_checks/haruspex_netmgr/APMode_00403550.c
        Semgrep rule: [0;33mexternal.semgrep-rules-0xdea.c.raptor-interesting-api-calls[0m
        Issue description:
    Locate all calls to interesting and potentially insecure API functions (candidate points). The auditor can backtrace from these candidate points to find pathways allowing access from untrusted input.

        [0;32m59[0m - [0;33msystem("iwpriv wlan0 set_mib antdiv_select=2");[0m

-----------------------------------------------------------------

[[0;32m+[0m][0;32m Identified source function: [0;33m/logs/s16_ghidra_decompile_checks/haruspex_netmgr/APMode_00403550.c[0m[0m
[REF] /logs/s16_ghidra_decompile_checks/haruspex_netmgr/APMode_00403550.c
        Semgrep rule: [0;33mexternal.semgrep-rules-0xdea.c.raptor-interesting-api-calls[0m
        Issue description:
    Locate all calls to interesting and potentially insecure API functions (candidate points). The auditor can backtrace from these candidate points to find pathways allowing access from untrusted input.

        [0;32m75[0m - [0;33msystem("/usr/sbin/userconfig -write DHCPD Enable 0");[0m

-----------------------------------------------------------------

[[0;32m+[0m][0;32m Identified source function: [0;33m/logs/s16_ghidra_decompile_checks/haruspex_netmgr/APMode_00403550.c[0m[0m
[REF] /logs/s16_ghidra_decompile_checks/haruspex_netmgr/APMode_00403550.c
        Semgrep rule: [0;33mexternal.semgrep-rules-0xdea.c.raptor-interesting-api-calls[0m
        Issue description:
    Locate all calls to interesting and potentially insecure API functions (candidate points). The auditor can backtrace from these candidate points to find pathways allowing access from untrusted input.

        [0;32m86[0m - [0;33msystem("ifconfig br0 192.168.0.20 netmask 255.255.255.0 up");[0m

-----------------------------------------------------------------

[[0;32m+[0m][0;32m Identified source function: [0;33m/logs/s16_ghidra_decompile_checks/haruspex_netmgr/APMode_00403550.c[0m[0m
[REF] /logs/s16_ghidra_decompile_checks/haruspex_netmgr/APMode_00403550.c
        Semgrep rule: [0;33mexternal.semgrep-rules-0xdea.c.raptor-interesting-api-calls[0m
        Issue description:
    Locate all calls to interesting and potentially insecure API functions (candidate points). The auditor can backtrace from these candidate points to find pathways allowing access from untrusted input.

        [0;32m87[0m - [0;33msystem("route add default gw 192.168.0.1 metric 10");[0m

-----------------------------------------------------------------

[[0;32m+[0m][0;32m Identified source function: [0;33m/logs/s16_ghidra_decompile_checks/haruspex_netmgr/APMode_00403550.c[0m[0m
[REF] /logs/s16_ghidra_decompile_checks/haruspex_netmgr/APMode_00403550.c
        Semgrep rule: [0;33mexternal.semgrep-rules-0xdea.c.raptor-interesting-api-calls[0m
        Issue description:
    Locate all calls to interesting and potentially insecure API functions (candidate points). The auditor can backtrace from these candidate points to find pathways allowing access from untrusted input.

        [0;32m103[0m - [0;33msystem("/usr/sbin/userconfig -write DHCPD Enable 1");[0m

-----------------------------------------------------------------

[[0;32m+[0m][0;32m Identified source function: [0;33m/logs/s16_ghidra_decompile_checks/haruspex_netmgr/APMode_00403550.c[0m[0m
[REF] /logs/s16_ghidra_decompile_checks/haruspex_netmgr/APMode_00403550.c
        Semgrep rule: [0;33mexternal.semgrep-rules-0xdea.c.raptor-interesting-api-calls[0m
        Issue description:
    Locate all calls to interesting and potentially insecure API functions (candidate points). The auditor can backtrace from these candidate points to find pathways allowing access from untrusted input.

        [0;32m28[0m - [0;33msystem("iwpriv wlan0 set_mib antdiv_select=0");[0m

-----------------------------------------------------------------

[[0;32m+[0m][0;32m Identified source function: [0;33m/logs/s16_ghidra_decompile_checks/haruspex_netmgr/APMode_00403550.c[0m[0m
[REF] /logs/s16_ghidra_decompile_checks/haruspex_netmgr/APMode_00403550.c
        Semgrep rule: [0;33mexternal.semgrep-rules-0xdea.c.raptor-interesting-api-calls[0m
        Issue description:
    Locate all calls to interesting and potentially insecure API functions (candidate points). The auditor can backtrace from these candidate points to find pathways allowing access from untrusted input.

        [0;32m55[0m - [0;33msystem("/usr/sbin/userconfig -write DHCPD Enable 1");[0m

-----------------------------------------------------------------

[[0;32m+[0m][0;32m Identified source function: [0;33m/logs/s16_ghidra_decompile_checks/haruspex_netmgr/APMode_00403550.c[0m[0m
[REF] /logs/s16_ghidra_decompile_checks/haruspex_netmgr/APMode_00403550.c
        Semgrep rule: [0;33mexternal.semgrep-rules-0xdea.c.raptor-interesting-api-calls[0m
        Issue description:
    Locate all calls to interesting and potentially insecure API functions (candidate points). The auditor can backtrace from these candidate points to find pathways allowing access from untrusted input.

        [0;32m59[0m - [0;33msystem("iwpriv wlan0 set_mib antdiv_select=2");[0m

-----------------------------------------------------------------

[[0;32m+[0m][0;32m Identified source function: [0;33m/logs/s16_ghidra_decompile_checks/haruspex_netmgr/APMode_00403550.c[0m[0m
[REF] /logs/s16_ghidra_decompile_checks/haruspex_netmgr/APMode_00403550.c
        Semgrep rule: [0;33mexternal.semgrep-rules-0xdea.c.raptor-interesting-api-calls[0m
        Issue description:
    Locate all calls to interesting and potentially insecure API functions (candidate points). The auditor can backtrace from these candidate points to find pathways allowing access from untrusted input.

        [0;32m75[0m - [0;33msystem("/usr/sbin/userconfig -write DHCPD Enable 0");[0m

-----------------------------------------------------------------

[[0;32m+[0m][0;32m Identified source function: [0;33m/logs/s16_ghidra_decompile_checks/haruspex_netmgr/APMode_00403550.c[0m[0m
[REF] /logs/s16_ghidra_decompile_checks/haruspex_netmgr/APMode_00403550.c
        Semgrep rule: [0;33mexternal.semgrep-rules-0xdea.c.raptor-interesting-api-calls[0m
        Issue description:
    Locate all calls to interesting and potentially insecure API functions (candidate points). The auditor can backtrace from these candidate points to find pathways allowing access from untrusted input.

        [0;32m86[0m - [0;33msystem("ifconfig br0 192.168.0.20 netmask 255.255.255.0 up");[0m

-----------------------------------------------------------------

[[0;32m+[0m][0;32m Identified source function: [0;33m/logs/s16_ghidra_decompile_checks/haruspex_netmgr/APMode_00403550.c[0m[0m
[REF] /logs/s16_ghidra_decompile_checks/haruspex_netmgr/APMode_00403550.c
        Semgrep rule: [0;33mexternal.semgrep-rules-0xdea.c.raptor-interesting-api-calls[0m
        Issue description:
    Locate all calls to interesting and potentially insecure API functions (candidate points). The auditor can backtrace from these candidate points to find pathways allowing access from untrusted input.

        [0;32m87[0m - [0;33msystem("route add default gw 192.168.0.1 metric 10");[0m

-----------------------------------------------------------------

[[0;32m+[0m][0;32m Identified source function: [0;33m/logs/s16_ghidra_decompile_checks/haruspex_netmgr/APMode_00403550.c[0m[0m
[REF] /logs/s16_ghidra_decompile_checks/haruspex_netmgr/APMode_00403550.c
        Semgrep rule: [0;33mexternal.semgrep-rules-0xdea.c.raptor-interesting-api-calls[0m
        Issue description:
    Locate all calls to interesting and potentially insecure API functions (candidate points). The auditor can backtrace from these candidate points to find pathways allowing access from untrusted input.

        [0;32m103[0m - [0;33msystem("/usr/sbin/userconfig -write DHCPD Enable 1");[0m

-----------------------------------------------------------------

[[0;32m+[0m][0;32m Identified source function: [0;33m/logs/s16_ghidra_decompile_checks/haruspex_netmgr/DaulBandSiteScan_00402f90.c[0m[0m
[REF] /logs/s16_ghidra_decompile_checks/haruspex_netmgr/DaulBandSiteScan_00402f90.c
        Semgrep rule: [0;33mexternal.semgrep-rules-0xdea.c.raptor-interesting-api-calls[0m
        Issue description:
    Locate all calls to interesting and potentially insecure API functions (candidate points). The auditor can backtrace from these candidate points to find pathways allowing access from untrusted input.

        [0;32m8[0m - [0;33m__src = (char *)malloc(0x5554);[0m

-----------------------------------------------------------------

[[0;32m+[0m][0;32m Identified source function: [0;33m/logs/s16_ghidra_decompile_checks/haruspex_netmgr/DaulBandSiteScan_00402f90.c[0m[0m
[REF] /logs/s16_ghidra_decompile_checks/haruspex_netmgr/DaulBandSiteScan_00402f90.c
        Semgrep rule: [0;33mexternal.semgrep-rules-0xdea.c.raptor-signed-unsigned-conversion[0m
        Issue description:
    The software uses a signed primitive and performs a cast to an unsigned primitive, or uses an unsigned primitive and performs a cast to a signed primitive, which can produce an unexpected value. When the result of a function is to be used as a size parameter, using negative return values can have unexpected results. Although less frequent an issue, unsigned-to-signed conversion can be  the precursor to buffer underwrite conditions. Buffer underwrites  occur frequently when large unsigned values are cast to signed values,  and then used as indexes into a buffer or for pointer arithmetic.

        [0;32m8[0m - [0;33m__src = (char *)malloc(0x5554);[0m

-----------------------------------------------------------------

[[0;32m+[0m][0;32m Identified source function: [0;33m/logs/s16_ghidra_decompile_checks/haruspex_netmgr/DaulBandSiteScan_00402f90.c[0m[0m
[REF] /logs/s16_ghidra_decompile_checks/haruspex_netmgr/DaulBandSiteScan_00402f90.c
        Semgrep rule: [0;33mexternal.semgrep-rules-0xdea.c.raptor-signed-unsigned-conversion[0m
        Issue description:
    The software uses a signed primitive and performs a cast to an unsigned primitive, or uses an unsigned primitive and performs a cast to a signed primitive, which can produce an unexpected value. When the result of a function is to be used as a size parameter, using negative return values can have unexpected results. Although less frequent an issue, unsigned-to-signed conversion can be  the precursor to buffer underwrite conditions. Buffer underwrites  occur frequently when large unsigned values are cast to signed values,  and then used as indexes into a buffer or for pointer arithmetic.

        [0;32m13[0m - [0;33mmemset(__src,0,0x5554);[0m

-----------------------------------------------------------------

[[0;32m+[0m][0;32m Identified source function: [0;33m/logs/s16_ghidra_decompile_checks/haruspex_netmgr/DaulBandSiteScan_00402f90.c[0m[0m
[REF] /logs/s16_ghidra_decompile_checks/haruspex_netmgr/DaulBandSiteScan_00402f90.c
        Semgrep rule: [0;33mexternal.semgrep-rules-0xdea.c.raptor-insecure-api-strcpy-stpcpy-strcat[0m
        Issue description:
    A buffer overflow condition exists when a program attempts to put more data in a buffer than it can hold, or when a program attempts to put data in a memory area outside of the boundaries of a buffer.

        [0;32m21[0m - [0;33mstrcpy((char *)(iVar1 + 8),__src);[0m

-----------------------------------------------------------------

[[0;32m+[0m][0;32m Identified source function: [0;33m/logs/s16_ghidra_decompile_checks/haruspex_netmgr/DaulBandSiteScan_00402f90.c[0m[0m
[REF] /logs/s16_ghidra_decompile_checks/haruspex_netmgr/DaulBandSiteScan_00402f90.c
        Semgrep rule: [0;33mexternal.semgrep-rules-0xdea.c.raptor-interesting-api-calls[0m
        Issue description:
    Locate all calls to interesting and potentially insecure API functions (candidate points). The auditor can backtrace from these candidate points to find pathways allowing access from untrusted input.

        [0;32m21[0m - [0;33mstrcpy((char *)(iVar1 + 8),__src);[0m

-----------------------------------------------------------------

[[0;32m+[0m][0;32m Identified source function: [0;33m/logs/s16_ghidra_decompile_checks/haruspex_netmgr/FUN_004018a4_004018a4.c[0m[0m
[REF] /logs/s16_ghidra_decompile_checks/haruspex_netmgr/FUN_004018a4_004018a4.c
        Semgrep rule: [0;33mexternal.semgrep-rules-0xdea.c.raptor-interesting-api-calls[0m
        Issue description:
    Locate all calls to interesting and potentially insecure API functions (candidate points). The auditor can backtrace from these candidate points to find pathways allowing access from untrusted input.

        [0;32m12[0m - [0;33m__fd = open("/dev/hwmon",2,param_3,param_4,&_gp);[0m

-----------------------------------------------------------------

[[0;32m+[0m][0;32m Identified source function: [0;33m/logs/s16_ghidra_decompile_checks/haruspex_netmgr/FUN_00401ed0_00401ed0.c[0m[0m
[REF] /logs/s16_ghidra_decompile_checks/haruspex_netmgr/FUN_00401ed0_00401ed0.c
        Semgrep rule: [0;33mexternal.semgrep-rules-0xdea.c.raptor-interesting-api-calls[0m
        Issue description:
    Locate all calls to interesting and potentially insecure API functions (candidate points). The auditor can backtrace from these candidate points to find pathways allowing access from untrusted input.

        [0;32m11[0m - [0;33msystem("msger hwmon 0 datatransfer 0 1 0 0 2>/dev/null 1>/dev/null");[0m

-----------------------------------------------------------------

[[0;32m+[0m][0;32m Identified source function: [0;33m/logs/s16_ghidra_decompile_checks/haruspex_netmgr/IPReset_00401de8.c[0m[0m
[REF] /logs/s16_ghidra_decompile_checks/haruspex_netmgr/IPReset_00401de8.c
        Semgrep rule: [0;33mexternal.semgrep-rules-0xdea.c.raptor-interesting-api-calls[0m
        Issue description:
    Locate all calls to interesting and potentially insecure API functions (candidate points). The auditor can backtrace from these candidate points to find pathways allowing access from untrusted input.

        [0;32m5[0m - [0;33msystem("/etc/init.d/ipv4 restart");[0m

-----------------------------------------------------------------

[[0;32m+[0m][0;32m Identified source function: [0;33m/logs/s16_ghidra_decompile_checks/haruspex_netmgr/LEDcontrol_00401e18.c[0m[0m
[REF] /logs/s16_ghidra_decompile_checks/haruspex_netmgr/LEDcontrol_00401e18.c
        Semgrep rule: [0;33mexternal.semgrep-rules-0xdea.c.raptor-insecure-api-sprintf-vsprintf[0m
        Issue description:
    A buffer overflow condition exists when a program attempts to put more data in a buffer than it can hold, or when a program attempts to put data in a memory area outside of the boundaries of a buffer.

        [0;32m7[0m - [0;33msprintf(acStack_108,"%s %s","/etc/init.d/led.sh",param_1,&_gp);[0m

-----------------------------------------------------------------

[[0;32m+[0m][0;32m Identified source function: [0;33m/logs/s16_ghidra_decompile_checks/haruspex_netmgr/LEDcontrol_00401e18.c[0m[0m
[REF] /logs/s16_ghidra_decompile_checks/haruspex_netmgr/LEDcontrol_00401e18.c
        Semgrep rule: [0;33mexternal.semgrep-rules-0xdea.c.raptor-interesting-api-calls[0m
        Issue description:
    Locate all calls to interesting and potentially insecure API functions (candidate points). The auditor can backtrace from these candidate points to find pathways allowing access from untrusted input.

        [0;32m7[0m - [0;33msprintf(acStack_108,"%s %s","/etc/init.d/led.sh",param_1,&_gp);[0m

-----------------------------------------------------------------

[[0;32m+[0m][0;32m Identified source function: [0;33m/logs/s16_ghidra_decompile_checks/haruspex_netmgr/LEDcontrol_00401e18.c[0m[0m
[REF] /logs/s16_ghidra_decompile_checks/haruspex_netmgr/LEDcontrol_00401e18.c
        Semgrep rule: [0;33mexternal.semgrep-rules-0xdea.c.raptor-command-injection[0m
        Issue description:
    The software constructs an OS command using externally-influenced input,  but it does not neutralize or incorrectly neutralizes special elements  that could modify the intended OS command.

        [0;32m8[0m - [0;33msystem(acStack_108);[0m

-----------------------------------------------------------------

[[0;32m+[0m][0;32m Identified source function: [0;33m/logs/s16_ghidra_decompile_checks/haruspex_netmgr/LEDcontrol_00401e18.c[0m[0m
[REF] /logs/s16_ghidra_decompile_checks/haruspex_netmgr/LEDcontrol_00401e18.c
        Semgrep rule: [0;33mexternal.semgrep-rules-0xdea.c.raptor-interesting-api-calls[0m
        Issue description:
    Locate all calls to interesting and potentially insecure API functions (candidate points). The auditor can backtrace from these candidate points to find pathways allowing access from untrusted input.

        [0;32m8[0m - [0;33msystem(acStack_108);[0m

-----------------------------------------------------------------

[[0;32m+[0m][0;32m Identified source function: [0;33m/logs/s16_ghidra_decompile_checks/haruspex_netmgr/MsgManager_00401f34.c[0m[0m
[REF] /logs/s16_ghidra_decompile_checks/haruspex_netmgr/MsgManager_00401f34.c
        Semgrep rule: [0;33mexternal.semgrep-rules-0xdea.c.raptor-interesting-api-calls[0m
        Issue description:
    Locate all calls to interesting and potentially insecure API functions (candidate points). The auditor can backtrace from these candidate points to find pathways allowing access from untrusted input.

        [0;32m51[0m - [0;33msystem("msger netmgr 0 wifi.adhoc 0 1 2>/dev/null 1>/dev/null");[0m

-----------------------------------------------------------------

[[0;32m+[0m][0;32m Identified source function: [0;33m/logs/s16_ghidra_decompile_checks/haruspex_netmgr/MsgManager_00401f34.c[0m[0m
[REF] /logs/s16_ghidra_decompile_checks/haruspex_netmgr/MsgManager_00401f34.c
        Semgrep rule: [0;33mexternal.semgrep-rules-0xdea.c.raptor-interesting-api-calls[0m
        Issue description:
    Locate all calls to interesting and potentially insecure API functions (candidate points). The auditor can backtrace from these candidate points to find pathways allowing access from untrusted input.

        [0;32m70[0m - [0;33msystem("/usr/sbin/userconfig -write WIRELESS Mode 0");[0m

-----------------------------------------------------------------

[[0;32m+[0m][0;32m Identified source function: [0;33m/logs/s16_ghidra_decompile_checks/haruspex_netmgr/MsgManager_00401f34.c[0m[0m
[REF] /logs/s16_ghidra_decompile_checks/haruspex_netmgr/MsgManager_00401f34.c
        Semgrep rule: [0;33mexternal.semgrep-rules-0xdea.c.raptor-interesting-api-calls[0m
        Issue description:
    Locate all calls to interesting and potentially insecure API functions (candidate points). The auditor can backtrace from these candidate points to find pathways allowing access from untrusted input.

        [0;32m95[0m - [0;33msystem("/usr/sbin/userconfig -write WIRELESS Mode 0");[0m

-----------------------------------------------------------------

[[0;32m+[0m][0;32m Identified source function: [0;33m/logs/s16_ghidra_decompile_checks/haruspex_netmgr/MsgManager_00401f34.c[0m[0m
[REF] /logs/s16_ghidra_decompile_checks/haruspex_netmgr/MsgManager_00401f34.c
        Semgrep rule: [0;33mexternal.semgrep-rules-0xdea.c.raptor-interesting-api-calls[0m
        Issue description:
    Locate all calls to interesting and potentially insecure API functions (candidate points). The auditor can backtrace from these candidate points to find pathways allowing access from untrusted input.

        [0;32m141[0m - [0;33msystem("/usr/sbin/userconfig -write WIRELESS Mode 1");[0m

-----------------------------------------------------------------

[[0;32m+[0m][0;32m Identified source function: [0;33m/logs/s16_ghidra_decompile_checks/haruspex_netmgr/UpdateWPSStatus_00403d90.c[0m[0m
[REF] /logs/s16_ghidra_decompile_checks/haruspex_netmgr/UpdateWPSStatus_00403d90.c
        Semgrep rule: [0;33mexternal.semgrep-rules-0xdea.c.raptor-interesting-api-calls[0m
        Issue description:
    Locate all calls to interesting and potentially insecure API functions (candidate points). The auditor can backtrace from these candidate points to find pathways allowing access from untrusted input.

        [0;32m22[0m - [0;33msystem("msger camsvr 0 csmodlazy 0 0");[0m

-----------------------------------------------------------------

[[0;32m+[0m][0;32m Identified source function: [0;33m/logs/s16_ghidra_decompile_checks/haruspex_netmgr/UpdateWPSStatus_00403d90.c[0m[0m
[REF] /logs/s16_ghidra_decompile_checks/haruspex_netmgr/UpdateWPSStatus_00403d90.c
        Semgrep rule: [0;33mexternal.semgrep-rules-0xdea.c.raptor-interesting-api-calls[0m
        Issue description:
    Locate all calls to interesting and potentially insecure API functions (candidate points). The auditor can backtrace from these candidate points to find pathways allowing access from untrusted input.

        [0;32m33[0m - [0;33msystem("msger camsvr 0 csmodlazy 0 0");[0m

-----------------------------------------------------------------

[[0;32m+[0m][0;32m Identified source function: [0;33m/logs/s16_ghidra_decompile_checks/haruspex_netmgr/UpdateWPSStatus_00403d90.c[0m[0m
[REF] /logs/s16_ghidra_decompile_checks/haruspex_netmgr/UpdateWPSStatus_00403d90.c
        Semgrep rule: [0;33mexternal.semgrep-rules-0xdea.c.raptor-interesting-api-calls[0m
        Issue description:
    Locate all calls to interesting and potentially insecure API functions (candidate points). The auditor can backtrace from these candidate points to find pathways allowing access from untrusted input.

        [0;32m47[0m - [0;33msystem("/usr/sbin/userconfig -write WIRELESS Mode 1");[0m

-----------------------------------------------------------------

[[0;32m+[0m][0;32m Identified source function: [0;33m/logs/s16_ghidra_decompile_checks/haruspex_netmgr/main_0040195c.c[0m[0m
[REF] /logs/s16_ghidra_decompile_checks/haruspex_netmgr/main_0040195c.c
        Semgrep rule: [0;33mexternal.semgrep-rules-0xdea.c.raptor-interesting-api-calls[0m
        Issue description:
    Locate all calls to interesting and potentially insecure API functions (candidate points). The auditor can backtrace from these candidate points to find pathways allowing access from untrusted input.

        [0;32m62[0m - [0;33m_Var4 = fork();[0m

-----------------------------------------------------------------

[[0;32m+[0m][0;32m Identified source function: [0;33m/logs/s16_ghidra_decompile_checks/haruspex_netmgr/main_0040195c.c[0m[0m
[REF] /logs/s16_ghidra_decompile_checks/haruspex_netmgr/main_0040195c.c
        Semgrep rule: [0;33mexternal.semgrep-rules-0xdea.c.raptor-insecure-api-signal[0m
        Issue description:
    The signal() API should be regarded as deprecated. When possible, sigaction() should be used instead, because it allows to precisely specify the desired behavior in case two signals arrive shortly after each other thus preventing many race conditions.

        [0;32m71[0m - [0;33msignal(2,FUN_00401854);[0m

-----------------------------------------------------------------

[[0;32m+[0m][0;32m Identified source function: [0;33m/logs/s16_ghidra_decompile_checks/haruspex_netmgr/main_0040195c.c[0m[0m
[REF] /logs/s16_ghidra_decompile_checks/haruspex_netmgr/main_0040195c.c
        Semgrep rule: [0;33mexternal.semgrep-rules-0xdea.c.raptor-insecure-api-signal[0m
        Issue description:
    The signal() API should be regarded as deprecated. When possible, sigaction() should be used instead, because it allows to precisely specify the desired behavior in case two signals arrive shortly after each other thus preventing many race conditions.

        [0;32m72[0m - [0;33msignal(0xf,FUN_00401854);[0m

-----------------------------------------------------------------

[[0;32m+[0m][0;32m Identified source function: [0;33m/logs/s16_ghidra_decompile_checks/haruspex_netmgr/main_0040195c.c[0m[0m
[REF] /logs/s16_ghidra_decompile_checks/haruspex_netmgr/main_0040195c.c
        Semgrep rule: [0;33mexternal.semgrep-rules-0xdea.c.raptor-insecure-api-signal[0m
        Issue description:
    The signal() API should be regarded as deprecated. When possible, sigaction() should be used instead, because it allows to precisely specify the desired behavior in case two signals arrive shortly after each other thus preventing many race conditions.

        [0;32m73[0m - [0;33msignal(3,FUN_00401854);[0m

-----------------------------------------------------------------

[[0;32m+[0m][0;32m Identified source function: [0;33m/logs/s16_ghidra_decompile_checks/haruspex_netmgr/main_0040195c.c[0m[0m
[REF] /logs/s16_ghidra_decompile_checks/haruspex_netmgr/main_0040195c.c
        Semgrep rule: [0;33mexternal.semgrep-rules-0xdea.c.raptor-interesting-api-calls[0m
        Issue description:
    Locate all calls to interesting and potentially insecure API functions (candidate points). The auditor can backtrace from these candidate points to find pathways allowing access from untrusted input.

        [0;32m74[0m - [0;33miVar1 = open("/var/run/netmgr.pid",0x501,0x284);[0m

-----------------------------------------------------------------

[[0;32m+[0m][0;32m Identified source function: [0;33m/logs/s16_ghidra_decompile_checks/haruspex_netmgr/main_0040195c.c[0m[0m
[REF] /logs/s16_ghidra_decompile_checks/haruspex_netmgr/main_0040195c.c
        Semgrep rule: [0;33mexternal.semgrep-rules-0xdea.c.raptor-interesting-api-calls[0m
        Issue description:
    Locate all calls to interesting and potentially insecure API functions (candidate points). The auditor can backtrace from these candidate points to find pathways allowing access from untrusted input.

        [0;32m84[0m - [0;33msprintf((char *)&local_20,"%d",_Var4);[0m

-----------------------------------------------------------------

[[0;32m+[0m][0;32m Identified source function: [0;33m/logs/s16_ghidra_decompile_checks/haruspex_netmgr/main_0040195c.c[0m[0m
[REF] /logs/s16_ghidra_decompile_checks/haruspex_netmgr/main_0040195c.c
        Semgrep rule: [0;33mexternal.semgrep-rules-0xdea.c.raptor-insecure-api-signal[0m
        Issue description:
    The signal() API should be regarded as deprecated. When possible, sigaction() should be used instead, because it allows to precisely specify the desired behavior in case two signals arrive shortly after each other thus preventing many race conditions.

        [0;32m91[0m - [0;33msignal(0xe,FUN_00401700);[0m

-----------------------------------------------------------------

[[0;32m+[0m][0;32m Identified source function: [0;33m/logs/s16_ghidra_decompile_checks/haruspex_netmgr/main_0040195c.c[0m[0m
[REF] /logs/s16_ghidra_decompile_checks/haruspex_netmgr/main_0040195c.c
        Semgrep rule: [0;33mexternal.semgrep-rules-0xdea.c.raptor-interesting-api-calls[0m
        Issue description:
    Locate all calls to interesting and potentially insecure API functions (candidate points). The auditor can backtrace from these candidate points to find pathways allowing access from untrusted input.

        [0;32m99[0m - [0;33munlink("/var/run/netmgr.pid");[0m

-----------------------------------------------------------------

[[0;32m+[0m][0;32m Identified source function: [0;33m/logs/s16_ghidra_decompile_checks/haruspex_netmgr/setWlanDrv_004030a4.c[0m[0m
[REF] /logs/s16_ghidra_decompile_checks/haruspex_netmgr/setWlanDrv_004030a4.c
        Semgrep rule: [0;33mexternal.semgrep-rules-0xdea.c.raptor-signed-unsigned-conversion[0m
        Issue description:
    The software uses a signed primitive and performs a cast to an unsigned primitive, or uses an unsigned primitive and performs a cast to a signed primitive, which can produce an unexpected value. When the result of a function is to be used as a size parameter, using negative return values can have unexpected results. Although less frequent an issue, unsigned-to-signed conversion can be  the precursor to buffer underwrite conditions. Buffer underwrites  occur frequently when large unsigned values are cast to signed values,  and then used as indexes into a buffer or for pointer arithmetic.

        [0;32m48[0m - [0;33msVar2 = strlen((char *)((int)param_1 + param_1[0x11] * 0x41 + 0x48));[0m

-----------------------------------------------------------------

[[0;32m+[0m][0;32m Identified source function: [0;33m/logs/s16_ghidra_decompile_checks/haruspex_netmgr/startWPS_00404070.c[0m[0m
[REF] /logs/s16_ghidra_decompile_checks/haruspex_netmgr/startWPS_00404070.c
        Semgrep rule: [0;33mexternal.semgrep-rules-0xdea.c.raptor-interesting-api-calls[0m
        Issue description:
    Locate all calls to interesting and potentially insecure API functions (candidate points). The auditor can backtrace from these candidate points to find pathways allowing access from untrusted input.

        [0;32m7[0m - [0;33msystem("rm -rf /tmp/wscd_status");[0m

-----------------------------------------------------------------

[[0;32m+[0m][0;32m Identified source function: [0;33m/logs/s16_ghidra_decompile_checks/haruspex_netmgr/wiredOff_004029a0.c[0m[0m
[REF] /logs/s16_ghidra_decompile_checks/haruspex_netmgr/wiredOff_004029a0.c
        Semgrep rule: [0;33mexternal.semgrep-rules-0xdea.c.raptor-interesting-api-calls[0m
        Issue description:
    Locate all calls to interesting and potentially insecure API functions (candidate points). The auditor can backtrace from these candidate points to find pathways allowing access from untrusted input.

        [0;32m25[0m - [0;33msystem("msger netmgr 0 wifi.adhoc 0 1 2>/dev/null 1>/dev/null");[0m

-----------------------------------------------------------------

